      "[I 2024-10-04 17:13:32,180] Trial 679 finished with value: 0.6901515151515151 and parameters: {'lr': 2.6740692194774584e-05, 'weight_decay': 0.0005882983608968323}. Best is trial 483 with value: 0.8469945355191256.\n",
      "WARNING: Maximum number of iterations 32 reached. The mean may be inaccurate\n"
     ]
    },
    {
     "name": "stdout",
     "output_type": "stream",
     "text": [
      "SVD 수렴 문제 발생: SVD did not converge. 계속 진행합니다.\n"
     ]
    },
    {
     "name": "stderr",
     "output_type": "stream",
     "text": [
      "[I 2024-10-04 17:18:24,828] Trial 680 finished with value: 0.6371527777777777 and parameters: {'lr': 7.870154115625736e-05, 'weight_decay': 0.0012493351258166777}. Best is trial 483 with value: 0.8469945355191256.\n",
      "WARNING: Maximum number of iterations 32 reached. The mean may be inaccurate\n"
     ]
    },
    {
     "name": "stdout",
     "output_type": "stream",
     "text": [
      "SVD 수렴 문제 발생: SVD did not converge. 계속 진행합니다.\n"
     ]
    },
    {
     "name": "stderr",
     "output_type": "stream",
     "text": [
      "[I 2024-10-04 17:23:17,694] Trial 681 finished with value: 0.6362217017954722 and parameters: {'lr': 2.7758086955171933e-06, 'weight_decay': 0.001479925904807626}. Best is trial 483 with value: 0.8469945355191256.\n",
      "WARNING: Maximum number of iterations 32 reached. The mean may be inaccurate\n",
      "[I 2024-10-04 17:28:12,598] Trial 682 finished with value: 0.5565964090554254 and parameters: {'lr': 5.976787882068863e-06, 'weight_decay': 0.002255644533732405}. Best is trial 483 with value: 0.8469945355191256.\n"
     ]
    },
    {
     "name": "stdout",
     "output_type": "stream",
     "text": [
      "SVD 수렴 문제 발생: SVD did not converge. 계속 진행합니다.\n"
     ]
    },
    {
     "name": "stderr",
     "output_type": "stream",
     "text": [
      "WARNING: Maximum number of iterations 32 reached. The mean may be inaccurate\n"
     ]
    },
    {
     "name": "stdout",
     "output_type": "stream",
     "text": [
      "SVD 수렴 문제 발생: SVD did not converge. 계속 진행합니다.\n"
     ]
    },
    {
     "name": "stderr",
     "output_type": "stream",
     "text": [
      "[I 2024-10-04 17:33:04,603] Trial 683 finished with value: 0.6274193548387097 and parameters: {'lr': 3.918817983714177e-05, 'weight_decay': 0.0010528533972145604}. Best is trial 483 with value: 0.8469945355191256.\n",
      "WARNING: Maximum number of iterations 32 reached. The mean may be inaccurate\n"
     ]
    },
    {
     "name": "stdout",
     "output_type": "stream",
     "text": [
      "SVD 수렴 문제 발생: SVD did not converge. 계속 진행합니다.\n"
     ]
    },
    {
     "name": "stderr",
     "output_type": "stream",
     "text": [
      "[I 2024-10-04 17:37:56,854] Trial 684 finished with value: 0.646969696969697 and parameters: {'lr': 5.279737387456728e-05, 'weight_decay': 8.531828566222886e-05}. Best is trial 483 with value: 0.8469945355191256.\n",
      "WARNING: Maximum number of iterations 32 reached. The mean may be inaccurate\n"
     ]
    },
    {
     "name": "stdout",
     "output_type": "stream",
     "text": [
      "SVD 수렴 문제 발생: SVD did not converge. 계속 진행합니다.\n"
     ]
    },
    {
     "name": "stderr",
     "output_type": "stream",
     "text": [
      "[I 2024-10-04 17:42:48,978] Trial 685 finished with value: 0.46136363636363636 and parameters: {'lr': 3.0278979119071177e-05, 'weight_decay': 0.0006836121576148875}. Best is trial 483 with value: 0.8469945355191256.\n",
      "WARNING: Maximum number of iterations 32 reached. The mean may be inaccurate\n",
      "[I 2024-10-04 17:47:41,358] Trial 686 finished with value: 0.6674242424242425 and parameters: {'lr': 1.9012266720539477e-05, 'weight_decay': 0.0017664525560671985}. Best is trial 483 with value: 0.8469945355191256.\n"
     ]
    },
    {
     "name": "stdout",
     "output_type": "stream",
     "text": [
      "SVD 수렴 문제 발생: SVD did not converge. 계속 진행합니다.\n"
     ]
    },
    {
     "name": "stderr",
     "output_type": "stream",
     "text": [
      "WARNING: Maximum number of iterations 32 reached. The mean may be inaccurate\n"
     ]
    },
    {
     "name": "stdout",
     "output_type": "stream",
     "text": [
      "SVD 수렴 문제 발생: SVD did not converge. 계속 진행합니다.\n"
     ]
    },
    {
     "name": "stderr",
     "output_type": "stream",
     "text": [
      "[I 2024-10-04 17:52:31,976] Trial 687 finished with value: 0.6299765807962528 and parameters: {'lr': 0.00033023545657701113, 'weight_decay': 0.0008679712067839277}. Best is trial 483 with value: 0.8469945355191256.\n",
      "WARNING: Maximum number of iterations 32 reached. The mean may be inaccurate\n"
     ]
    },
    {
     "name": "stdout",
     "output_type": "stream",
     "text": [
      "SVD 수렴 문제 발생: SVD did not converge. 계속 진행합니다.\n"
     ]
    },
    {
     "name": "stderr",
     "output_type": "stream",
     "text": [
      "[I 2024-10-04 17:57:23,573] Trial 688 finished with value: 0.6908665105386417 and parameters: {'lr': 4.381310287326412e-05, 'weight_decay': 0.0005279484719293844}. Best is trial 483 with value: 0.8469945355191256.\n",
      "WARNING: Maximum number of iterations 32 reached. The mean may be inaccurate\n"
     ]
    },
    {
     "name": "stdout",
     "output_type": "stream",
     "text": [
      "SVD 수렴 문제 발생: SVD did not converge. 계속 진행합니다.\n"
     ]
    },
    {
     "name": "stderr",
     "output_type": "stream",
     "text": [
      "[I 2024-10-04 18:02:16,299] Trial 689 finished with value: 0.6325757575757576 and parameters: {'lr': 3.5706110284220185e-05, 'weight_decay': 0.0010376939642659782}. Best is trial 483 with value: 0.8469945355191256.\n",
      "WARNING: Maximum number of iterations 32 reached. The mean may be inaccurate\n"
     ]
    },
    {
     "name": "stdout",
     "output_type": "stream",
     "text": [
      "SVD 수렴 문제 발생: SVD did not converge. 계속 진행합니다.\n"
     ]
    },
    {
     "name": "stderr",
     "output_type": "stream",
     "text": [
      "[I 2024-10-04 18:07:08,161] Trial 690 finished with value: 0.5357406042741341 and parameters: {'lr': 5.9296733599517934e-05, 'weight_decay': 0.0007501812605317824}. Best is trial 483 with value: 0.8469945355191256.\n",
      "WARNING: Maximum number of iterations 32 reached. The mean may be inaccurate\n"
     ]
    },
    {
     "name": "stdout",
     "output_type": "stream",
     "text": [
      "SVD 수렴 문제 발생: SVD did not converge. 계속 진행합니다.\n"
     ]
    },
    {
     "name": "stderr",
     "output_type": "stream",
     "text": [
      "[I 2024-10-04 18:12:01,371] Trial 691 finished with value: 0.6777777777777777 and parameters: {'lr': 4.300954387823151e-06, 'weight_decay': 0.0013640135011745314}. Best is trial 483 with value: 0.8469945355191256.\n",
      "WARNING: Maximum number of iterations 32 reached. The mean may be inaccurate\n"
     ]
    },
    {
     "name": "stdout",
     "output_type": "stream",
     "text": [
      "SVD 수렴 문제 발생: SVD did not converge. 계속 진행합니다.\n"
     ]
    },
    {
     "name": "stderr",
     "output_type": "stream",
     "text": [
      "[I 2024-10-04 18:16:52,999] Trial 692 finished with value: 0.6120967741935484 and parameters: {'lr': 2.7434368512331438e-05, 'weight_decay': 0.00011188023227201757}. Best is trial 483 with value: 0.8469945355191256.\n",
      "WARNING: Maximum number of iterations 32 reached. The mean may be inaccurate\n"
     ]
    },
    {
     "name": "stdout",
     "output_type": "stream",
     "text": [
      "SVD 수렴 문제 발생: SVD did not converge. 계속 진행합니다.\n"
     ]
    },
    {
     "name": "stderr",
     "output_type": "stream",
     "text": [
      "[I 2024-10-04 18:21:44,694] Trial 693 finished with value: 0.5932864949258392 and parameters: {'lr': 2.2673847031125915e-05, 'weight_decay': 0.0006154733123168841}. Best is trial 483 with value: 0.8469945355191256.\n",
      "WARNING: Maximum number of iterations 32 reached. The mean may be inaccurate\n",
      "[I 2024-10-04 18:26:37,320] Trial 694 finished with value: 0.7117794486215538 and parameters: {'lr': 1.4488001023610376e-05, 'weight_decay': 0.0004738180541376361}. Best is trial 483 with value: 0.8469945355191256.\n"
     ]
    },
    {
     "name": "stdout",
     "output_type": "stream",
     "text": [
      "SVD 수렴 문제 발생: SVD did not converge. 계속 진행합니다.\n"
     ]
    },
    {
     "name": "stderr",
     "output_type": "stream",
     "text": [
      "WARNING: Maximum number of iterations 32 reached. The mean may be inaccurate\n"
     ]
    },
    {
     "name": "stdout",
     "output_type": "stream",
     "text": [
      "SVD 수렴 문제 발생: SVD did not converge. 계속 진행합니다.\n"
     ]
    },
    {
     "name": "stderr",
     "output_type": "stream",
     "text": [
      "[I 2024-10-04 18:31:28,830] Trial 695 finished with value: 0.668939393939394 and parameters: {'lr': 7.494090095104564e-06, 'weight_decay': 0.0009062758831854756}. Best is trial 483 with value: 0.8469945355191256.\n",
      "WARNING: Maximum number of iterations 32 reached. The mean may be inaccurate\n"
     ]
    },
    {
     "name": "stdout",
     "output_type": "stream",
     "text": [
      "SVD 수렴 문제 발생: SVD did not converge. 계속 진행합니다.\n"
     ]
    },
    {
     "name": "stderr",
     "output_type": "stream",
     "text": [
      "[I 2024-10-04 18:36:20,999] Trial 696 finished with value: 0.6984848484848485 and parameters: {'lr': 4.278319735222458e-05, 'weight_decay': 0.0011565411430108682}. Best is trial 483 with value: 0.8469945355191256.\n",
      "WARNING: Maximum number of iterations 32 reached. The mean may be inaccurate\n"
     ]
    },
    {
     "name": "stdout",
     "output_type": "stream",
     "text": [
      "SVD 수렴 문제 발생: SVD did not converge. 계속 진행합니다.\n"
     ]
    },
    {
     "name": "stderr",
     "output_type": "stream",
     "text": [
      "[I 2024-10-04 18:41:11,035] Trial 697 finished with value: 0.5730994152046784 and parameters: {'lr': 3.329170514085717e-05, 'weight_decay': 0.0019822878169976402}. Best is trial 483 with value: 0.8469945355191256.\n",
      "WARNING: Maximum number of iterations 32 reached. The mean may be inaccurate\n"
     ]
    },
    {
     "name": "stdout",
     "output_type": "stream",
     "text": [
      "SVD 수렴 문제 발생: SVD did not converge. 계속 진행합니다.\n"
     ]
    },
    {
     "name": "stderr",
     "output_type": "stream",
     "text": [
      "[I 2024-10-04 18:46:01,948] Trial 698 finished with value: 0.5838709677419356 and parameters: {'lr': 7.885801352810843e-05, 'weight_decay': 0.001466926778123485}. Best is trial 483 with value: 0.8469945355191256.\n",
      "WARNING: Maximum number of iterations 32 reached. The mean may be inaccurate\n"
     ]
    },
    {
     "name": "stdout",
     "output_type": "stream",
     "text": [
      "SVD 수렴 문제 발생: SVD did not converge. 계속 진행합니다.\n"
     ]
    },
    {
     "name": "stderr",
     "output_type": "stream",
     "text": [
      "[I 2024-10-04 18:50:52,012] Trial 699 finished with value: 0.6482873851294904 and parameters: {'lr': 5.120607362768879e-05, 'weight_decay': 0.0007136101156527114}. Best is trial 483 with value: 0.8469945355191256.\n",
      "WARNING: Maximum number of iterations 32 reached. The mean may be inaccurate\n"
     ]
    },
    {
     "name": "stdout",
     "output_type": "stream",
     "text": [
      "SVD 수렴 문제 발생: SVD did not converge. 계속 진행합니다.\n"
     ]
    },
    {
     "name": "stderr",
     "output_type": "stream",
     "text": [
      "[I 2024-10-04 18:55:42,238] Trial 700 finished with value: 0.6431818181818182 and parameters: {'lr': 2.809348116552638e-05, 'weight_decay': 0.0010161542389108206}. Best is trial 483 with value: 0.8469945355191256.\n",
      "WARNING: Maximum number of iterations 32 reached. The mean may be inaccurate\n"
     ]
    },
    {
     "name": "stdout",
     "output_type": "stream",
     "text": [
      "SVD 수렴 문제 발생: SVD did not converge. 계속 진행합니다.\n"
     ]
    },
    {
     "name": "stderr",
     "output_type": "stream",
     "text": [
      "[I 2024-10-04 19:00:28,504] Trial 701 finished with value: 0.6381724392041267 and parameters: {'lr': 0.0019573905566426276, 'weight_decay': 0.0016733744346151313}. Best is trial 483 with value: 0.8469945355191256.\n",
      "WARNING: Maximum number of iterations 32 reached. The mean may be inaccurate\n"
     ]
    },
    {
     "name": "stdout",
     "output_type": "stream",
     "text": [
      "SVD 수렴 문제 발생: SVD did not converge. 계속 진행합니다.\n"
     ]
    },
    {
     "name": "stderr",
     "output_type": "stream",
     "text": [
      "[I 2024-10-04 19:05:17,362] Trial 702 finished with value: 0.6212121212121212 and parameters: {'lr': 1.9734229725939556e-05, 'weight_decay': 1.5867262273577665e-06}. Best is trial 483 with value: 0.8469945355191256.\n",
      "WARNING: Maximum number of iterations 32 reached. The mean may be inaccurate\n"
     ]
    },
    {
     "name": "stdout",
     "output_type": "stream",
     "text": [
      "SVD 수렴 문제 발생: SVD did not converge. 계속 진행합니다.\n"
     ]
    },
    {
     "name": "stderr",
     "output_type": "stream",
     "text": [
      "[I 2024-10-04 19:10:06,135] Trial 703 finished with value: 0.5581576893052304 and parameters: {'lr': 6.270264139857414e-05, 'weight_decay': 6.364008182336569e-05}. Best is trial 483 with value: 0.8469945355191256.\n",
      "WARNING: Maximum number of iterations 32 reached. The mean may be inaccurate\n"
     ]
    },
    {
     "name": "stdout",
     "output_type": "stream",
     "text": [
      "SVD 수렴 문제 발생: SVD did not converge. 계속 진행합니다.\n"
     ]
    },
    {
     "name": "stderr",
     "output_type": "stream",
     "text": [
      "[I 2024-10-04 19:14:54,865] Trial 704 finished with value: 0.7572209211553473 and parameters: {'lr': 3.9172211234741616e-05, 'weight_decay': 0.0007938945828181406}. Best is trial 483 with value: 0.8469945355191256.\n",
      "WARNING: Maximum number of iterations 32 reached. The mean may be inaccurate\n"
     ]
    },
    {
     "name": "stdout",
     "output_type": "stream",
     "text": [
      "SVD 수렴 문제 발생: SVD did not converge. 계속 진행합니다.\n"
     ]
    },
    {
     "name": "stderr",
     "output_type": "stream",
     "text": [
      "[I 2024-10-04 19:19:44,295] Trial 705 finished with value: 0.5840909090909091 and parameters: {'lr': 0.00026557087604698535, 'weight_decay': 0.0006208479041419065}. Best is trial 483 with value: 0.8469945355191256.\n",
      "WARNING: Maximum number of iterations 32 reached. The mean may be inaccurate\n"
     ]
    },
    {
     "name": "stdout",
     "output_type": "stream",
     "text": [
      "SVD 수렴 문제 발생: SVD did not converge. 계속 진행합니다.\n"
     ]
    },
    {
     "name": "stderr",
     "output_type": "stream",
     "text": [
      "[I 2024-10-04 19:24:33,041] Trial 706 finished with value: 0.7418546365914787 and parameters: {'lr': 1.081821605159174e-05, 'weight_decay': 0.0008153630068561192}. Best is trial 483 with value: 0.8469945355191256.\n",
      "WARNING: Maximum number of iterations 32 reached. The mean may be inaccurate\n"
     ]
    },
    {
     "name": "stdout",
     "output_type": "stream",
     "text": [
      "SVD 수렴 문제 발생: SVD did not converge. 계속 진행합니다.\n"
     ]
    },
    {
     "name": "stderr",
     "output_type": "stream",
     "text": [
      "[I 2024-10-04 19:29:21,667] Trial 707 finished with value: 0.7852965747702589 and parameters: {'lr': 2.5005091436722108e-05, 'weight_decay': 0.0006834865896239831}. Best is trial 483 with value: 0.8469945355191256.\n",
      "WARNING: Maximum number of iterations 32 reached. The mean may be inaccurate\n"
     ]
    },
    {
     "name": "stdout",
     "output_type": "stream",
     "text": [
      "SVD 수렴 문제 발생: SVD did not converge. 계속 진행합니다.\n"
     ]
    },
    {
     "name": "stderr",
     "output_type": "stream",
     "text": [
      "[I 2024-10-04 19:34:09,456] Trial 708 finished with value: 0.7525370804059328 and parameters: {'lr': 1.6923013442714515e-05, 'weight_decay': 0.0004699913215894521}. Best is trial 483 with value: 0.8469945355191256.\n",
      "[I 2024-10-04 19:38:58,627] Trial 709 finished with value: 0.7575534266764923 and parameters: {'lr': 2.1560820520979422e-05, 'weight_decay': 0.0005613923974297528}. Best is trial 483 with value: 0.8469945355191256.\n",
      "WARNING: Maximum number of iterations 32 reached. The mean may be inaccurate\n"
     ]
    },
    {
     "name": "stdout",
     "output_type": "stream",
     "text": [
      "SVD 수렴 문제 발생: SVD did not converge. 계속 진행합니다.\n"
     ]
    },
    {
     "name": "stderr",
     "output_type": "stream",
     "text": [
      "[I 2024-10-04 19:43:47,461] Trial 710 finished with value: 0.7016129032258065 and parameters: {'lr': 1.9071894577329037e-05, 'weight_decay': 0.0004323827102258971}. Best is trial 483 with value: 0.8469945355191256.\n",
      "WARNING: Maximum number of iterations 32 reached. The mean may be inaccurate\n",
      "[I 2024-10-04 19:48:36,893] Trial 711 finished with value: 0.6 and parameters: {'lr': 2.068448783343727e-05, 'weight_decay': 0.000573979750401949}. Best is trial 483 with value: 0.8469945355191256.\n"
     ]
    },
    {
     "name": "stdout",
     "output_type": "stream",
     "text": [
      "SVD 수렴 문제 발생: SVD did not converge. 계속 진행합니다.\n"
     ]
    },
    {
     "name": "stderr",
     "output_type": "stream",
     "text": [
      "WARNING: Maximum number of iterations 32 reached. The mean may be inaccurate\n"
     ]
    },
    {
     "name": "stdout",
     "output_type": "stream",
     "text": [
      "SVD 수렴 문제 발생: SVD did not converge. 계속 진행합니다.\n"
     ]
    },
    {
     "name": "stderr",
     "output_type": "stream",
     "text": [
      "[I 2024-10-04 19:53:24,253] Trial 712 finished with value: 0.6879815100154083 and parameters: {'lr': 1.4297631934760251e-05, 'weight_decay': 0.0006036029174983506}. Best is trial 483 with value: 0.8469945355191256.\n",
      "WARNING: Maximum number of iterations 32 reached. The mean may be inaccurate\n"
     ]
    },
    {
     "name": "stdout",
     "output_type": "stream",
     "text": [
      "SVD 수렴 문제 발생: SVD did not converge. 계속 진행합니다.\n"
     ]
    },
    {
     "name": "stderr",
     "output_type": "stream",
     "text": [
      "[I 2024-10-04 19:58:12,380] Trial 713 finished with value: 0.6128024980483997 and parameters: {'lr': 2.3383919229774757e-05, 'weight_decay': 0.000522192270672746}. Best is trial 483 with value: 0.8469945355191256.\n",
      "WARNING: Maximum number of iterations 32 reached. The mean may be inaccurate\n"
     ]
    },
    {
     "name": "stdout",
     "output_type": "stream",
     "text": [
      "SVD 수렴 문제 발생: SVD did not converge. 계속 진행합니다.\n"
     ]
    },
    {
     "name": "stderr",
     "output_type": "stream",
     "text": [
      "[I 2024-10-04 20:03:01,323] Trial 714 finished with value: 0.6768149882903981 and parameters: {'lr': 1.5638666388920325e-05, 'weight_decay': 0.00048668279278516206}. Best is trial 483 with value: 0.8469945355191256.\n",
      "WARNING: Maximum number of iterations 32 reached. The mean may be inaccurate\n",
      "[I 2024-10-04 20:07:51,307] Trial 715 finished with value: 0.6545454545454545 and parameters: {'lr': 2.2754153060256326e-05, 'weight_decay': 0.0006462967489701502}. Best is trial 483 with value: 0.8469945355191256.\n"
     ]
    },
    {
     "name": "stdout",
     "output_type": "stream",
     "text": [
      "SVD 수렴 문제 발생: SVD did not converge. 계속 진행합니다.\n"
     ]
    },
    {
     "name": "stderr",
     "output_type": "stream",
     "text": [
      "WARNING: Maximum number of iterations 32 reached. The mean may be inaccurate\n"
     ]
    },
    {
     "name": "stdout",
     "output_type": "stream",
     "text": [
      "SVD 수렴 문제 발생: SVD did not converge. 계속 진행합니다.\n"
     ]
    },
    {
     "name": "stderr",
     "output_type": "stream",
     "text": [
      "[I 2024-10-04 20:12:39,834] Trial 716 finished with value: 0.6346604215456674 and parameters: {'lr': 2.5141522848619257e-05, 'weight_decay': 0.00041253242898039045}. Best is trial 483 with value: 0.8469945355191256.\n",
      "WARNING: Maximum number of iterations 32 reached. The mean may be inaccurate\n"
     ]
    },
    {
     "name": "stdout",
     "output_type": "stream",
     "text": [
      "SVD 수렴 문제 발생: SVD did not converge. 계속 진행합니다.\n"
     ]
    },
    {
     "name": "stderr",
     "output_type": "stream",
     "text": [
      "[I 2024-10-04 20:17:28,831] Trial 717 finished with value: 0.7621212121212121 and parameters: {'lr': 2.0694033366727044e-05, 'weight_decay': 0.0006944540102166517}. Best is trial 483 with value: 0.8469945355191256.\n",
      "WARNING: Maximum number of iterations 32 reached. The mean may be inaccurate\n"
     ]
    },
    {
     "name": "stdout",
     "output_type": "stream",
     "text": [
      "SVD 수렴 문제 발생: SVD did not converge. 계속 진행합니다.\n"
     ]
    },
    {
     "name": "stderr",
     "output_type": "stream",
     "text": [
      "[I 2024-10-04 20:22:18,414] Trial 718 finished with value: 0.6869633099141296 and parameters: {'lr': 1.8116257260058787e-05, 'weight_decay': 0.0006838247358612888}. Best is trial 483 with value: 0.8469945355191256.\n",
      "WARNING: Maximum number of iterations 32 reached. The mean may be inaccurate\n"
     ]
    },
    {
     "name": "stdout",
     "output_type": "stream",
     "text": [
      "SVD 수렴 문제 발생: SVD did not converge. 계속 진행합니다.\n"
     ]
    },
    {
     "name": "stderr",
     "output_type": "stream",
     "text": [
      "[I 2024-10-04 20:27:06,755] Trial 719 finished with value: 0.6287878787878788 and parameters: {'lr': 1.7278424262150317e-05, 'weight_decay': 0.0005207331723835348}. Best is trial 483 with value: 0.8469945355191256.\n",
      "WARNING: Maximum number of iterations 32 reached. The mean may be inaccurate\n"
     ]
    },
    {
     "name": "stdout",
     "output_type": "stream",
     "text": [
      "SVD 수렴 문제 발생: SVD did not converge. 계속 진행합니다.\n"
     ]
    },
    {
     "name": "stderr",
     "output_type": "stream",
     "text": [
