      "[I 2024-10-05 16:30:03,176] Trial 970 finished with value: 0.6073517126148705 and parameters: {'lr': 3.1576300028798316e-06, 'weight_decay': 0.0008618096193197099}. Best is trial 483 with value: 0.8469945355191256.\n"
     ]
    },
    {
     "name": "stdout",
     "output_type": "stream",
     "text": [
      "SVD 수렴 문제 발생: SVD did not converge. 계속 진행합니다.\n"
     ]
    },
    {
     "name": "stderr",
     "output_type": "stream",
     "text": [
      "WARNING: Maximum number of iterations 32 reached. The mean may be inaccurate\n"
     ]
    },
    {
     "name": "stdout",
     "output_type": "stream",
     "text": [
      "SVD 수렴 문제 발생: SVD did not converge. 계속 진행합니다.\n"
     ]
    },
    {
     "name": "stderr",
     "output_type": "stream",
     "text": [
      "[I 2024-10-05 16:34:54,289] Trial 971 finished with value: 0.6174863387978142 and parameters: {'lr': 3.272966430995297e-05, 'weight_decay': 0.005104456396983599}. Best is trial 483 with value: 0.8469945355191256.\n",
      "WARNING: Maximum number of iterations 32 reached. The mean may be inaccurate\n"
     ]
    },
    {
     "name": "stdout",
     "output_type": "stream",
     "text": [
      "SVD 수렴 문제 발생: SVD did not converge. 계속 진행합니다.\n"
     ]
    },
    {
     "name": "stderr",
     "output_type": "stream",
     "text": [
      "[I 2024-10-05 16:39:45,239] Trial 972 finished with value: 0.6449456975772765 and parameters: {'lr': 8.767740997024634e-06, 'weight_decay': 0.0001558219350936979}. Best is trial 483 with value: 0.8469945355191256.\n",
      "WARNING: Maximum number of iterations 32 reached. The mean may be inaccurate\n"
     ]
    },
    {
     "name": "stdout",
     "output_type": "stream",
     "text": [
      "SVD 수렴 문제 발생: SVD did not converge. 계속 진행합니다.\n"
     ]
    },
    {
     "name": "stderr",
     "output_type": "stream",
     "text": [
      "[I 2024-10-05 16:44:37,066] Trial 973 finished with value: 0.5959677419354839 and parameters: {'lr': 2.2418273179119846e-05, 'weight_decay': 0.0001245186083734052}. Best is trial 483 with value: 0.8469945355191256.\n",
      "WARNING: Maximum number of iterations 32 reached. The mean may be inaccurate\n"
     ]
    },
    {
     "name": "stdout",
     "output_type": "stream",
     "text": [
      "SVD 수렴 문제 발생: SVD did not converge. 계속 진행합니다.\n"
     ]
    },
    {
     "name": "stderr",
     "output_type": "stream",
     "text": [
      "[I 2024-10-05 16:49:28,169] Trial 974 finished with value: 0.636698599852616 and parameters: {'lr': 1.6510894509123575e-05, 'weight_decay': 0.0005899355176705308}. Best is trial 483 with value: 0.8469945355191256.\n",
      "WARNING: Maximum number of iterations 32 reached. The mean may be inaccurate\n"
     ]
    },
    {
     "name": "stdout",
     "output_type": "stream",
     "text": [
      "SVD 수렴 문제 발생: SVD did not converge. 계속 진행합니다.\n"
     ]
    },
    {
     "name": "stderr",
     "output_type": "stream",
     "text": [
      "[I 2024-10-05 16:54:17,750] Trial 975 finished with value: 0.6986729117876659 and parameters: {'lr': 3.907241870094784e-05, 'weight_decay': 0.0010110914202614116}. Best is trial 483 with value: 0.8469945355191256.\n",
      "WARNING: Maximum number of iterations 32 reached. The mean may be inaccurate\n",
      "[I 2024-10-05 16:59:07,822] Trial 976 finished with value: 0.6042154566744731 and parameters: {'lr': 0.00038224594879669857, 'weight_decay': 0.0012712862436659656}. Best is trial 483 with value: 0.8469945355191256.\n"
     ]
    },
    {
     "name": "stdout",
     "output_type": "stream",
     "text": [
      "SVD 수렴 문제 발생: SVD did not converge. 계속 진행합니다.\n"
     ]
    },
    {
     "name": "stderr",
     "output_type": "stream",
     "text": [
      "WARNING: Maximum number of iterations 32 reached. The mean may be inaccurate\n"
     ]
    },
    {
     "name": "stdout",
     "output_type": "stream",
     "text": [
      "SVD 수렴 문제 발생: SVD did not converge. 계속 진행합니다.\n"
     ]
    },
    {
     "name": "stderr",
     "output_type": "stream",
     "text": [
      "[I 2024-10-05 17:03:56,967] Trial 977 finished with value: 0.671664167916042 and parameters: {'lr': 2.6508829102081116e-05, 'weight_decay': 0.00046513289057801486}. Best is trial 483 with value: 0.8469945355191256.\n",
      "WARNING: Maximum number of iterations 32 reached. The mean may be inaccurate\n"
     ]
    },
    {
     "name": "stdout",
     "output_type": "stream",
     "text": [
      "SVD 수렴 문제 발생: SVD did not converge. 계속 진행합니다.\n"
     ]
    },
    {
     "name": "stderr",
     "output_type": "stream",
     "text": [
      "[I 2024-10-05 17:08:47,596] Trial 978 finished with value: 0.5940671350507416 and parameters: {'lr': 4.260739978348289e-06, 'weight_decay': 0.000680264323563763}. Best is trial 483 with value: 0.8469945355191256.\n",
      "WARNING: Maximum number of iterations 32 reached. The mean may be inaccurate\n"
     ]
    },
    {
     "name": "stdout",
     "output_type": "stream",
     "text": [
      "SVD 수렴 문제 발생: SVD did not converge. 계속 진행합니다.\n"
     ]
    },
    {
     "name": "stderr",
     "output_type": "stream",
     "text": [
      "[I 2024-10-05 17:13:39,410] Trial 979 finished with value: 0.6204545454545455 and parameters: {'lr': 1.2328919374626152e-05, 'weight_decay': 0.000336208825253492}. Best is trial 483 with value: 0.8469945355191256.\n",
      "WARNING: Maximum number of iterations 32 reached. The mean may be inaccurate\n"
     ]
    },
    {
     "name": "stdout",
     "output_type": "stream",
     "text": [
      "SVD 수렴 문제 발생: SVD did not converge. 계속 진행합니다.\n"
     ]
    },
    {
     "name": "stderr",
     "output_type": "stream",
     "text": [
      "[I 2024-10-05 17:18:31,420] Trial 980 finished with value: 0.6007936507936509 and parameters: {'lr': 3.0839903107980286e-05, 'weight_decay': 0.0008311801097018106}. Best is trial 483 with value: 0.8469945355191256.\n",
      "WARNING: Maximum number of iterations 32 reached. The mean may be inaccurate\n"
     ]
    },
    {
     "name": "stdout",
     "output_type": "stream",
     "text": [
      "SVD 수렴 문제 발생: SVD did not converge. 계속 진행합니다.\n"
     ]
    },
    {
     "name": "stderr",
     "output_type": "stream",
     "text": [
      "[I 2024-10-05 17:23:23,730] Trial 981 finished with value: 0.5798387096774194 and parameters: {'lr': 0.0001773963536793405, 'weight_decay': 0.0017185124864016257}. Best is trial 483 with value: 0.8469945355191256.\n",
      "WARNING: Maximum number of iterations 32 reached. The mean may be inaccurate\n"
     ]
    },
    {
     "name": "stdout",
     "output_type": "stream",
     "text": [
      "SVD 수렴 문제 발생: SVD did not converge. 계속 진행합니다.\n"
     ]
    },
    {
     "name": "stderr",
     "output_type": "stream",
     "text": [
      "[I 2024-10-05 17:28:15,662] Trial 982 finished with value: 0.6274193548387097 and parameters: {'lr': 7.215506256075575e-06, 'weight_decay': 5.376834838701949e-05}. Best is trial 483 with value: 0.8469945355191256.\n",
      "WARNING: Maximum number of iterations 32 reached. The mean may be inaccurate\n"
     ]
    },
    {
     "name": "stdout",
     "output_type": "stream",
     "text": [
      "SVD 수렴 문제 발생: SVD did not converge. 계속 진행합니다.\n"
     ]
    },
    {
     "name": "stderr",
     "output_type": "stream",
     "text": [
      "[I 2024-10-05 17:33:08,306] Trial 983 finished with value: 0.6659090909090908 and parameters: {'lr': 2.0688769473694024e-05, 'weight_decay': 0.0005437507713619079}. Best is trial 483 with value: 0.8469945355191256.\n",
      "WARNING: Maximum number of iterations 32 reached. The mean may be inaccurate\n"
     ]
    },
    {
     "name": "stdout",
     "output_type": "stream",
     "text": [
      "SVD 수렴 문제 발생: SVD did not converge. 계속 진행합니다.\n"
     ]
    },
    {
     "name": "stderr",
     "output_type": "stream",
     "text": [
      "[I 2024-10-05 17:37:59,685] Trial 984 finished with value: 0.5460574797347089 and parameters: {'lr': 0.0006040014825530673, 'weight_decay': 0.0010021747308153867}. Best is trial 483 with value: 0.8469945355191256.\n",
      "WARNING: Maximum number of iterations 32 reached. The mean may be inaccurate\n"
     ]
    },
    {
     "name": "stdout",
     "output_type": "stream",
     "text": [
      "SVD 수렴 문제 발생: SVD did not converge. 계속 진행합니다.\n"
     ]
    },
    {
     "name": "stderr",
     "output_type": "stream",
     "text": [
      "[I 2024-10-05 17:42:51,135] Trial 985 finished with value: 0.7000000000000001 and parameters: {'lr': 1.1908524780057027e-06, 'weight_decay': 0.0006549575041092087}. Best is trial 483 with value: 0.8469945355191256.\n",
      "WARNING: Maximum number of iterations 32 reached. The mean may be inaccurate\n",
      "[I 2024-10-05 17:47:44,140] Trial 986 finished with value: 0.5661290322580645 and parameters: {'lr': 4.949757211722582e-05, 'weight_decay': 0.00019144084705925455}. Best is trial 483 with value: 0.8469945355191256.\n"
     ]
    },
    {
     "name": "stdout",
     "output_type": "stream",
     "text": [
      "SVD 수렴 문제 발생: SVD did not converge. 계속 진행합니다.\n"
     ]
    },
    {
     "name": "stderr",
     "output_type": "stream",
     "text": [
      "WARNING: Maximum number of iterations 32 reached. The mean may be inaccurate\n",
      "[I 2024-10-05 17:57:08,130] Trial 987 finished with value: 0.5333333333333333 and parameters: {'lr': 2.445169599346797e-06, 'weight_decay': 0.0007872628409428696}. Best is trial 483 with value: 0.8469945355191256.\n"
     ]
    },
    {
     "name": "stdout",
     "output_type": "stream",
     "text": [
      "SVD 수렴 문제 발생: SVD did not converge. 계속 진행합니다.\n"
     ]
    },
    {
     "name": "stderr",
     "output_type": "stream",
     "text": [
      "WARNING: Maximum number of iterations 32 reached. The mean may be inaccurate\n"
     ]
    },
    {
     "name": "stdout",
     "output_type": "stream",
     "text": [
      "SVD 수렴 문제 발생: SVD did not converge. 계속 진행합니다.\n"
     ]
    },
    {
     "name": "stderr",
     "output_type": "stream",
     "text": [
      "[I 2024-10-05 18:06:54,310] Trial 988 finished with value: 0.6380208333333333 and parameters: {'lr': 2.519569696097969e-05, 'weight_decay': 0.0012949292617658774}. Best is trial 483 with value: 0.8469945355191256.\n",
      "WARNING: Maximum number of iterations 32 reached. The mean may be inaccurate\n"
     ]
    },
    {
     "name": "stdout",
     "output_type": "stream",
     "text": [
      "SVD 수렴 문제 발생: SVD did not converge. 계속 진행합니다.\n"
     ]
    },
    {
     "name": "stderr",
     "output_type": "stream",
     "text": [
      "[I 2024-10-05 18:16:41,938] Trial 989 finished with value: 0.6393939393939394 and parameters: {'lr': 3.952564110743519e-05, 'weight_decay': 0.00043822661972333195}. Best is trial 483 with value: 0.8469945355191256.\n",
      "WARNING: Maximum number of iterations 32 reached. The mean may be inaccurate\n"
     ]
    },
    {
     "name": "stdout",
     "output_type": "stream",
     "text": [
      "SVD 수렴 문제 발생: SVD did not converge. 계속 진행합니다.\n"
     ]
    },
    {
     "name": "stderr",
     "output_type": "stream",
     "text": [
      "[I 2024-10-05 18:26:29,411] Trial 990 finished with value: 0.6992481203007519 and parameters: {'lr': 1.9282019235767658e-05, 'weight_decay': 0.000115283856435823}. Best is trial 483 with value: 0.8469945355191256.\n",
      "WARNING: Maximum number of iterations 32 reached. The mean may be inaccurate\n"
     ]
    },
    {
     "name": "stdout",
     "output_type": "stream",
     "text": [
      "SVD 수렴 문제 발생: SVD did not converge. 계속 진행합니다.\n"
     ]
    },
    {
     "name": "stderr",
     "output_type": "stream",
     "text": [
      "[I 2024-10-05 18:36:18,362] Trial 991 finished with value: 0.6240601503759399 and parameters: {'lr': 3.185431899670676e-05, 'weight_decay': 0.0005739587887483613}. Best is trial 483 with value: 0.8469945355191256.\n",
      "WARNING: Maximum number of iterations 32 reached. The mean may be inaccurate\n"
     ]
    },
    {
     "name": "stdout",
     "output_type": "stream",
     "text": [
      "SVD 수렴 문제 발생: SVD did not converge. 계속 진행합니다.\n"
     ]
    },
    {
     "name": "stderr",
     "output_type": "stream",
     "text": [
      "[I 2024-10-05 18:46:09,549] Trial 992 finished with value: 0.6916471506635441 and parameters: {'lr': 1.7649876414680076e-05, 'weight_decay': 0.0009427163963672381}. Best is trial 483 with value: 0.8469945355191256.\n",
      "WARNING: Maximum number of iterations 32 reached. The mean may be inaccurate\n"
     ]
    },
    {
     "name": "stdout",
     "output_type": "stream",
     "text": [
      "SVD 수렴 문제 발생: SVD did not converge. 계속 진행합니다.\n"
     ]
    },
    {
     "name": "stderr",
     "output_type": "stream",
     "text": [
      "[I 2024-10-05 18:55:58,762] Trial 993 finished with value: 0.7308998302207131 and parameters: {'lr': 1.3469134577790578e-05, 'weight_decay': 0.0007404533097580765}. Best is trial 483 with value: 0.8469945355191256.\n",
      "WARNING: Maximum number of iterations 32 reached. The mean may be inaccurate\n"
     ]
    },
    {
     "name": "stdout",
     "output_type": "stream",
     "text": [
      "SVD 수렴 문제 발생: SVD did not converge. 계속 진행합니다.\n"
     ]
    },
    {
     "name": "stderr",
     "output_type": "stream",
     "text": [
      "[I 2024-10-05 19:05:45,546] Trial 994 finished with value: 0.6116433308769343 and parameters: {'lr': 2.8365971255023738e-05, 'weight_decay': 0.0014434440898598525}. Best is trial 483 with value: 0.8469945355191256.\n",
      "WARNING: Maximum number of iterations 32 reached. The mean may be inaccurate\n"
     ]
    },
    {
     "name": "stdout",
     "output_type": "stream",
     "text": [
      "SVD 수렴 문제 발생: SVD did not converge. 계속 진행합니다.\n"
     ]
    },
    {
     "name": "stderr",
     "output_type": "stream",
     "text": [
      "[I 2024-10-05 19:15:32,220] Trial 995 finished with value: 0.6403225806451613 and parameters: {'lr': 5.823492840838819e-06, 'weight_decay': 0.0011458426590808045}. Best is trial 483 with value: 0.8469945355191256.\n",
      "WARNING: Maximum number of iterations 32 reached. The mean may be inaccurate\n"
     ]
    },
    {
     "name": "stdout",
     "output_type": "stream",
     "text": [
      "SVD 수렴 문제 발생: SVD did not converge. 계속 진행합니다.\n"
     ]
    },
    {
     "name": "stderr",
     "output_type": "stream",
     "text": [
      "[I 2024-10-05 19:25:17,340] Trial 996 finished with value: 0.6636363636363637 and parameters: {'lr': 0.000511486941909485, 'weight_decay': 0.0019349751711734058}. Best is trial 483 with value: 0.8469945355191256.\n",
      "WARNING: Maximum number of iterations 32 reached. The mean may be inaccurate\n"
     ]
    },
    {
     "name": "stdout",
     "output_type": "stream",
     "text": [
      "SVD 수렴 문제 발생: SVD did not converge. 계속 진행합니다.\n"
     ]
    },
    {
     "name": "stderr",
     "output_type": "stream",
     "text": [
      "[I 2024-10-05 19:35:00,628] Trial 997 finished with value: 0.5975806451612904 and parameters: {'lr': 1.8994388076829839e-06, 'weight_decay': 0.0006945109389568442}. Best is trial 483 with value: 0.8469945355191256.\n",
      "WARNING: Maximum number of iterations 32 reached. The mean may be inaccurate\n"
     ]
    },
    {
     "name": "stdout",
     "output_type": "stream",
     "text": [
      "SVD 수렴 문제 발생: SVD did not converge. 계속 진행합니다.\n"
     ]
    },
    {
     "name": "stderr",
     "output_type": "stream",
     "text": [
      "[I 2024-10-05 19:44:46,723] Trial 998 finished with value: 0.6983870967741935 and parameters: {'lr': 2.276271849974255e-05, 'weight_decay': 0.0005036870292967698}. Best is trial 483 with value: 0.8469945355191256.\n",
      "WARNING: Maximum number of iterations 32 reached. The mean may be inaccurate\n"
     ]
    },
    {
     "name": "stdout",
     "output_type": "stream",
     "text": [
      "SVD 수렴 문제 발생: SVD did not converge. 계속 진행합니다.\n"
     ]
    },
    {
     "name": "stderr",
     "output_type": "stream",
     "text": [
