      "[I 2024-10-05 19:54:32,954] Trial 999 finished with value: 0.5280303030303031 and parameters: {'lr': 0.0008374075362027547, 'weight_decay': 0.0008938366362920961}. Best is trial 483 with value: 0.8469945355191256.\n"
     ]
    },
    {
     "name": "stdout",
     "output_type": "stream",
     "text": [
      "Best trial AUC: 0.8469945355191256\n",
      "Best hyperparameters: {'lr': 2.7954302132304642e-05, 'weight_decay': 0.000786097250513217}\n"
     ]
    }
   ],
   "source": [
    "import numpy as np\n",
    "import torch\n",
    "import torch.optim as optim\n",
    "import torch.nn as nn\n",
    "import torchvision.transforms as transforms\n",
    "import torchvision.models as models\n",
    "from torch.utils.data import TensorDataset, DataLoader\n",
    "from sklearn.model_selection import KFold\n",
    "from sklearn.preprocessing import LabelEncoder\n",
    "from sklearn.metrics import accuracy_score, roc_curve, roc_auc_score\n",
    "from sklearn.utils import shuffle\n",
    "import optuna\n",
    "\n",
    "# 5-Fold Cross-Validation 적용\n",
    "kf = KFold(n_splits=10, shuffle=True)\n",
    "\n",
    "# 정확도 및 AUC 저장 리스트\n",
    "accuracies = []\n",
    "aucs = []\n",
    "\n",
    "le = LabelEncoder()  # 라벨 인코더\n",
    "\n",
    "pixel_size = (224, 224)\n",
    "sphere = Hypersphere(dim=36348)  # Tangent PCA 적용을 위해 실제 차원보다 한 차원 낮은 Hypersphere 선언\n",
    "it = ImageTransformer(\n",
    "    feature_extractor=TangentPCA(sphere, n_components=2),\n",
    "    pixels=pixel_size)  # TangentPCA의 기본 중심점은 frechet mean\n",
    "\n",
    "# Optuna Study 생성\n",
    "study = optuna.create_study(direction='maximize')\n",
    "\n",
    "# Optuna에서 lr과 weight_decay를 최적화하기 위해 트라이얼 생성\n",
    "def optimize_trial(trial):\n",
    "    # 학습률과 weight_decay를 Optuna에서 최적화할 하이퍼파라미터로 설정\n",
    "    lr = trial.suggest_float('lr', 1e-6, 1e-2, log=True)\n",
    "    weight_decay = trial.suggest_float('weight_decay', 1e-6, 1e-2, log=True)\n",
    "    \n",
    "    actual_labels_list = []\n",
    "    probs_list = []\n",
    "    \n",
    "    for train_index, test_index in kf.split(X):\n",
    "        # Train/Test Split\n",
    "        X_train, X_test = X[train_index], X[test_index]\n",
    "        y_train, y_test = y[train_index], y[test_index]\n",
    "\n",
    "        # ImageTransformer 적용 (예외 처리 추가)\n",
    "        try:\n",
    "            it.fit(X_train, y=y_train, plot=False)\n",
    "        except Exception as e:\n",
    "            print(f\"SVD 수렴 문제 발생: {e}. 계속 진행합니다.\")\n",
    "            continue  # 수렴 문제 발생 시 다음 루프로 넘어감\n",
    "\n",
    "        X_train_img = it.transform(X_train)\n",
    "        X_test_img = it.transform(X_test)\n",
    "\n",
    "        fdm = it.feature_density_matrix()\n",
    "        fdm_nonzero_indices = np.nonzero(fdm)\n",
    "        X_train_img = it.transform(X_train)\n",
    "        X_test_img = it.transform(X_test)\n",
    "        epsilon = 1e-8\n",
    "        for i in range(len(X_train_img)):\n",
    "            for channel in range(3):\n",
    "                X_train_img[i][fdm_nonzero_indices[0], fdm_nonzero_indices[1], channel] += epsilon\n",
    "\n",
    "        preprocess = transforms.Compose([\n",
    "            transforms.ToTensor()\n",
    "        ])\n",
    "\n",
    "        # Tensor로 변환\n",
    "        X_train_tensor = torch.stack([preprocess(img) for img in X_train_img]).float()\n",
    "        y_train_tensor = torch.from_numpy(le.fit_transform(y_train))\n",
    "\n",
    "        X_test_tensor = torch.stack([preprocess(img) for img in X_test_img]).float()\n",
    "        y_test_tensor = torch.from_numpy(le.transform(y_test))\n",
    "\n",
    "        # DataLoader 설정\n",
    "        batch_size = 32\n",
    "        trainset = TensorDataset(X_train_tensor, y_train_tensor)\n",
    "        trainloader = DataLoader(trainset, batch_size=batch_size, shuffle=True)\n",
    "\n",
    "        testset = TensorDataset(X_test_tensor, y_test_tensor)\n",
    "        testloader = DataLoader(testset, batch_size=1, shuffle=False)\n",
    "\n",
    "        # EfficientNet B0 모델을 로드하고 이진 분류를 위한 구조로 수정\n",
    "        #model = models.efficientnet_b0(weights='DEFAULT')\n",
    "        # 마지막 fully connected layer를 이진 분류용으로 수정\n",
    "        #num_ftrs = model.classifier[1].in_features\n",
    "        #model.classifier[1] = nn.Linear(num_ftrs, 1)  # 이진 분류용 출력층\n",
    "        model = models.resnet50(weights='DEFAULT')\n",
    "        \n",
    "        # 마지막 fully connected layer를 이진 분류용으로 수정\n",
    "        num_ftrs = model.fc.in_features\n",
    "        model.fc = nn.Linear(num_ftrs, 1)  # 이진 분류용 출력층\n",
    "        \n",
    "        # 손실 함수 및 옵티마이저 설정\n",
    "        criterion = nn.BCEWithLogitsLoss()\n",
    "        optimizer = optim.AdamW(model.parameters(), lr=lr, weight_decay=weight_decay)\n",
    "\n",
    "        # 모델을 GPU로 이동\n",
    "        device = torch.device('cuda' if torch.cuda.is_available() else 'cpu')\n",
    "        model.to(device)\n",
    "\n",
    "        # 학습 시작\n",
    "        epochs = 100  # 최적화 탐색을 위해 에포크 수를 적게 설정\n",
    "        for epoch in range(epochs):\n",
    "            model.train()\n",
    "            running_loss = 0.0\n",
    "\n",
    "            for i, data in enumerate(trainloader, 0):\n",
    "                inputs, labels = data\n",
    "                inputs = inputs.to(device)\n",
    "                labels = labels.to(device).float()\n",
    "\n",
    "                optimizer.zero_grad()\n",
    "                outputs = model(inputs)\n",
    "                loss = criterion(outputs, labels.unsqueeze(1))\n",
    "                loss.backward()\n",
    "                optimizer.step()\n",
    "\n",
    "                running_loss += loss.item()\n",
    "        \n",
    "        # 평가 모드로 전환\n",
    "        model.eval()\n",
    "\n",
    "        with torch.no_grad():\n",
    "            for data in testloader:\n",
    "                inputs, labels = data\n",
    "                inputs = inputs.to(device)\n",
    "                labels = labels.to(device).float()\n",
    "\n",
    "                outputs = model(inputs)\n",
    "                probs = torch.sigmoid(outputs).cpu().numpy()\n",
    "\n",
    "                # 실제 레이블 및 확률 값 저장 (AUC 계산용)\n",
    "                actual_labels_list.append(labels.cpu().numpy()[0])\n",
    "                probs_list.append(probs[0])\n",
    "\n",
    "    # AUC 계산\n",
    "    try:\n",
    "        auc = roc_auc_score(actual_labels_list, probs_list)\n",
    "    except ValueError:\n",
    "        # AUC 계산이 실패하는 경우 예외 처리\n",
    "        print(\"AUC 계산에 실패했습니다.\")\n",
    "        auc = 0.0\n",
    "\n",
    "    # Optuna는 목적 함수를 최대화해야 하므로 AUC 반환\n",
    "    return auc\n",
    "\n",
    "# Optuna 최적화 실행\n",
    "study.optimize(optimize_trial, n_trials=1000)\n",
    "\n",
    "# 최적화 결과 출력\n",
    "print(f'Best trial AUC: {study.best_trial.value}')\n",
    "print(f'Best hyperparameters: {study.best_trial.params}')"
   ]
  },
  {
   "cell_type": "code",
   "execution_count": 4,
   "id": "c110cdc9-1f3a-480f-9fc1-3989288a38f9",
   "metadata": {},
   "outputs": [
    {
     "name": "stderr",
     "output_type": "stream",
     "text": [
      "[I 2024-10-07 11:39:22,334] A new study created in memory with name: no-name-338bd297-62e6-4ed7-8160-83d7534833ae\n",
      "WARNING: Maximum number of iterations 32 reached. The mean may be inaccurate\n"
     ]
    },
    {
     "name": "stdout",
     "output_type": "stream",
     "text": [
      "SVD 수렴 문제 발생: SVD did not converge. 계속 진행합니다.\n"
     ]
    },
    {
     "name": "stderr",
     "output_type": "stream",
     "text": [
      "[I 2024-10-07 11:49:07,038] Trial 0 finished with value: 0.5467741935483872 and parameters: {'lr': 0.006339499481811607, 'weight_decay': 0.0008474218179204329}. Best is trial 0 with value: 0.5467741935483872.\n",
      "WARNING: Maximum number of iterations 32 reached. The mean may be inaccurate\n"
     ]
    },
    {
     "name": "stdout",
     "output_type": "stream",
     "text": [
      "SVD 수렴 문제 발생: SVD did not converge. 계속 진행합니다.\n"
     ]
    },
    {
     "name": "stderr",
     "output_type": "stream",
     "text": [
      "[I 2024-10-07 11:59:00,931] Trial 1 finished with value: 0.6840909090909091 and parameters: {'lr': 1.4011233658159895e-05, 'weight_decay': 1.9083282725174168e-05}. Best is trial 1 with value: 0.6840909090909091.\n",
      "WARNING: Maximum number of iterations 32 reached. The mean may be inaccurate\n",
      "[I 2024-10-07 12:08:54,616] Trial 2 finished with value: 0.6385636221701796 and parameters: {'lr': 3.27355953011768e-06, 'weight_decay': 0.0029202988810084784}. Best is trial 1 with value: 0.6840909090909091.\n"
     ]
    },
    {
     "name": "stdout",
     "output_type": "stream",
     "text": [
      "SVD 수렴 문제 발생: SVD did not converge. 계속 진행합니다.\n"
     ]
    },
    {
     "name": "stderr",
     "output_type": "stream",
     "text": [
      "WARNING: Maximum number of iterations 32 reached. The mean may be inaccurate\n",
      "[I 2024-10-07 12:18:44,441] Trial 3 finished with value: 0.6354410616705698 and parameters: {'lr': 0.003403584023828272, 'weight_decay': 1.0096940374663288e-06}. Best is trial 1 with value: 0.6840909090909091.\n"
     ]
    },
    {
     "name": "stdout",
     "output_type": "stream",
     "text": [
      "SVD 수렴 문제 발생: SVD did not converge. 계속 진행합니다.\n"
     ]
    },
    {
     "name": "stderr",
     "output_type": "stream",
     "text": [
      "WARNING: Maximum number of iterations 32 reached. The mean may be inaccurate\n"
     ]
    },
    {
     "name": "stdout",
     "output_type": "stream",
     "text": [
      "SVD 수렴 문제 발생: SVD did not converge. 계속 진행합니다.\n"
     ]
    },
    {
     "name": "stderr",
     "output_type": "stream",
     "text": [
      "[I 2024-10-07 12:28:38,833] Trial 4 finished with value: 0.7015151515151515 and parameters: {'lr': 0.001974985570316826, 'weight_decay': 8.95933116686979e-06}. Best is trial 4 with value: 0.7015151515151515.\n",
      "WARNING: Maximum number of iterations 32 reached. The mean may be inaccurate\n"
     ]
    },
    {
     "name": "stdout",
     "output_type": "stream",
     "text": [
      "SVD 수렴 문제 발생: SVD did not converge. 계속 진행합니다.\n"
     ]
    },
    {
     "name": "stderr",
     "output_type": "stream",
     "text": [
      "[I 2024-10-07 12:38:28,319] Trial 5 finished with value: 0.6446969696969698 and parameters: {'lr': 1.2356594121786408e-06, 'weight_decay': 0.0009085936038786788}. Best is trial 4 with value: 0.7015151515151515.\n",
      "WARNING: Maximum number of iterations 32 reached. The mean may be inaccurate\n"
     ]
    },
    {
     "name": "stdout",
     "output_type": "stream",
     "text": [
      "SVD 수렴 문제 발생: SVD did not converge. 계속 진행합니다.\n"
     ]
    },
    {
     "name": "stderr",
     "output_type": "stream",
     "text": [
      "[I 2024-10-07 12:48:24,305] Trial 6 finished with value: 0.6649175412293853 and parameters: {'lr': 8.64105138230899e-06, 'weight_decay': 4.516096891561729e-05}. Best is trial 4 with value: 0.7015151515151515.\n",
      "WARNING: Maximum number of iterations 32 reached. The mean may be inaccurate\n"
     ]
    },
    {
     "name": "stdout",
     "output_type": "stream",
     "text": [
      "SVD 수렴 문제 발생: SVD did not converge. 계속 진행합니다.\n"
     ]
    },
    {
     "name": "stderr",
     "output_type": "stream",
     "text": [
      "[I 2024-10-07 12:58:17,557] Trial 7 finished with value: 0.697577276524645 and parameters: {'lr': 0.00010917821630290635, 'weight_decay': 1.9367671659122857e-05}. Best is trial 4 with value: 0.7015151515151515.\n",
      "WARNING: Maximum number of iterations 32 reached. The mean may be inaccurate\n"
     ]
    },
    {
     "name": "stdout",
     "output_type": "stream",
     "text": [
      "SVD 수렴 문제 발생: SVD did not converge. 계속 진행합니다.\n"
     ]
    },
    {
     "name": "stderr",
     "output_type": "stream",
     "text": [
      "[I 2024-10-07 13:08:14,174] Trial 8 finished with value: 0.555815768930523 and parameters: {'lr': 0.00024561212593948516, 'weight_decay': 0.0007794790549867176}. Best is trial 4 with value: 0.7015151515151515.\n",
      "WARNING: Maximum number of iterations 32 reached. The mean may be inaccurate\n",
      "[I 2024-10-07 13:18:08,441] Trial 9 finished with value: 0.6462121212121212 and parameters: {'lr': 8.934586645752272e-06, 'weight_decay': 0.0004964793100765198}. Best is trial 4 with value: 0.7015151515151515.\n"
     ]
    },
    {
     "name": "stdout",
     "output_type": "stream",
     "text": [
      "SVD 수렴 문제 발생: SVD did not converge. 계속 진행합니다.\n"
     ]
    },
    {
     "name": "stderr",
     "output_type": "stream",
     "text": [
      "WARNING: Maximum number of iterations 32 reached. The mean may be inaccurate\n"
     ]
    },
    {
     "name": "stdout",
     "output_type": "stream",
     "text": [
      "SVD 수렴 문제 발생: SVD did not converge. 계속 진행합니다.\n"
     ]
    },
    {
     "name": "stderr",
     "output_type": "stream",
     "text": [
      "[I 2024-10-07 13:28:04,441] Trial 10 finished with value: 0.5408320493066255 and parameters: {'lr': 0.0010100002034032368, 'weight_decay': 2.053578871181271e-06}. Best is trial 4 with value: 0.7015151515151515.\n",
      "WARNING: Maximum number of iterations 32 reached. The mean may be inaccurate\n"
     ]
    },
    {
     "name": "stdout",
     "output_type": "stream",
     "text": [
      "SVD 수렴 문제 발생: SVD did not converge. 계속 진행합니다.\n"
     ]
    },
    {
     "name": "stderr",
     "output_type": "stream",
     "text": [
      "[I 2024-10-07 13:38:05,165] Trial 11 finished with value: 0.8016129032258064 and parameters: {'lr': 0.00013781102267405266, 'weight_decay': 9.342711286544419e-06}. Best is trial 11 with value: 0.8016129032258064.\n",
      "WARNING: Maximum number of iterations 32 reached. The mean may be inaccurate\n"
     ]
    },
    {
     "name": "stdout",
     "output_type": "stream",
     "text": [
      "SVD 수렴 문제 발생: SVD did not converge. 계속 진행합니다.\n"
     ]
    },
    {
     "name": "stderr",
     "output_type": "stream",
     "text": [
      "[I 2024-10-07 13:48:04,965] Trial 12 finished with value: 0.6780303030303031 and parameters: {'lr': 0.0009689355377446902, 'weight_decay': 7.432155195386217e-06}. Best is trial 11 with value: 0.8016129032258064.\n",
      "WARNING: Maximum number of iterations 32 reached. The mean may be inaccurate\n"
     ]
    },
    {
     "name": "stdout",
     "output_type": "stream",
     "text": [
      "SVD 수렴 문제 발생: SVD did not converge. 계속 진행합니다.\n"
     ]
    },
    {
     "name": "stderr",
     "output_type": "stream",
     "text": [
      "[I 2024-10-07 13:58:03,077] Trial 13 finished with value: 0.7150663544106167 and parameters: {'lr': 4.5835172813991955e-05, 'weight_decay': 0.00011945317233898382}. Best is trial 11 with value: 0.8016129032258064.\n",
      "WARNING: Maximum number of iterations 32 reached. The mean may be inaccurate\n"
     ]
    },
    {
     "name": "stdout",
     "output_type": "stream",
     "text": [
      "SVD 수렴 문제 발생: SVD did not converge. 계속 진행합니다.\n"
     ]
    },
    {
     "name": "stderr",
     "output_type": "stream",
     "text": [
      "[I 2024-10-07 14:08:04,948] Trial 14 finished with value: 0.5338709677419354 and parameters: {'lr': 3.4899526311389496e-05, 'weight_decay': 0.0001617913594119973}. Best is trial 11 with value: 0.8016129032258064.\n",
      "WARNING: Maximum number of iterations 32 reached. The mean may be inaccurate\n"
     ]
    },
    {
     "name": "stdout",
     "output_type": "stream",
     "text": [
      "SVD 수렴 문제 발생: SVD did not converge. 계속 진행합니다.\n"
     ]
    },
    {
     "name": "stderr",
     "output_type": "stream",
     "text": [
      "[I 2024-10-07 14:18:05,390] Trial 15 finished with value: 0.6306451612903226 and parameters: {'lr': 0.00023407809391870317, 'weight_decay': 0.00013087270554583012}. Best is trial 11 with value: 0.8016129032258064.\n",
      "WARNING: Maximum number of iterations 32 reached. The mean may be inaccurate\n"
     ]
    },
    {
     "name": "stdout",
     "output_type": "stream",
     "text": [
      "SVD 수렴 문제 발생: SVD did not converge. 계속 진행합니다.\n"
     ]
    },
    {
     "name": "stderr",
     "output_type": "stream",
     "text": [
      "[I 2024-10-07 14:28:04,772] Trial 16 finished with value: 0.6268540202966432 and parameters: {'lr': 4.176784275549365e-05, 'weight_decay': 0.009071617165861431}. Best is trial 11 with value: 0.8016129032258064.\n",
      "WARNING: Maximum number of iterations 32 reached. The mean may be inaccurate\n",
      "[I 2024-10-07 14:38:01,169] Trial 17 finished with value: 0.7127244340359095 and parameters: {'lr': 0.0003810760656651769, 'weight_decay': 6.542592598175359e-05}. Best is trial 11 with value: 0.8016129032258064.\n"
     ]
    },
    {
     "name": "stdout",
     "output_type": "stream",
     "text": [
      "SVD 수렴 문제 발생: SVD did not converge. 계속 진행합니다.\n"
     ]
    },
    {
     "name": "stderr",
     "output_type": "stream",
     "text": [
      "WARNING: Maximum number of iterations 32 reached. The mean may be inaccurate\n"
     ]
    },
    {
     "name": "stdout",
     "output_type": "stream",
     "text": [
      "SVD 수렴 문제 발생: SVD did not converge. 계속 진행합니다.\n"
     ]
    },
    {
     "name": "stderr",
     "output_type": "stream",
     "text": [
      "[I 2024-10-07 14:48:00,446] Trial 18 finished with value: 0.6885245901639344 and parameters: {'lr': 7.190007494354989e-05, 'weight_decay': 5.82439701664924e-06}. Best is trial 11 with value: 0.8016129032258064.\n",
      "[I 2024-10-07 14:57:58,943] Trial 19 finished with value: 0.6123802505526897 and parameters: {'lr': 2.2613836971998034e-05, 'weight_decay': 0.0002597509622471385}. Best is trial 11 with value: 0.8016129032258064.\n",
      "[I 2024-10-07 15:07:51,834] Trial 20 finished with value: 0.6057767369242779 and parameters: {'lr': 0.00012938880437788914, 'weight_decay': 2.831823853120341e-05}. Best is trial 11 with value: 0.8016129032258064.\n",
      "WARNING: Maximum number of iterations 32 reached. The mean may be inaccurate\n"
     ]
    },
    {
     "name": "stdout",
     "output_type": "stream",
     "text": [
      "SVD 수렴 문제 발생: SVD did not converge. 계속 진행합니다.\n"
     ]
    },
    {
     "name": "stderr",
     "output_type": "stream",
     "text": [
      "[I 2024-10-07 15:17:49,423] Trial 21 finished with value: 0.5798387096774194 and parameters: {'lr': 0.00041292881109450207, 'weight_decay': 5.2197067707550804e-05}. Best is trial 11 with value: 0.8016129032258064.\n",
      "WARNING: Maximum number of iterations 32 reached. The mean may be inaccurate\n"
     ]
    },
    {
     "name": "stdout",
     "output_type": "stream",
     "text": [
      "SVD 수렴 문제 발생: SVD did not converge. 계속 진행합니다.\n"
     ]
    },
    {
     "name": "stderr",
     "output_type": "stream",
     "text": [
      "[I 2024-10-07 15:27:44,780] Trial 22 finished with value: 0.5556374355195284 and parameters: {'lr': 0.0005049721601069539, 'weight_decay': 8.038949927061478e-05}. Best is trial 11 with value: 0.8016129032258064.\n",
      "WARNING: Maximum number of iterations 32 reached. The mean may be inaccurate\n"
     ]
    },
    {
     "name": "stdout",
     "output_type": "stream",
     "text": [
      "SVD 수렴 문제 발생: SVD did not converge. 계속 진행합니다.\n"
     ]
    },
    {
     "name": "stderr",
     "output_type": "stream",
     "text": [
      "[I 2024-10-07 15:37:42,731] Trial 23 finished with value: 0.6303278688524591 and parameters: {'lr': 8.042477341217773e-05, 'weight_decay': 1.2418106000648314e-05}. Best is trial 11 with value: 0.8016129032258064.\n",
      "WARNING: Maximum number of iterations 32 reached. The mean may be inaccurate\n"
     ]
    },
    {
     "name": "stdout",
     "output_type": "stream",
     "text": [
      "SVD 수렴 문제 발생: SVD did not converge. 계속 진행합니다.\n"
     ]
    },
    {
     "name": "stderr",
     "output_type": "stream",
     "text": [
      "[I 2024-10-07 15:47:40,662] Trial 24 finished with value: 0.6641604010025063 and parameters: {'lr': 0.0002069271507953419, 'weight_decay': 4.590529953542043e-06}. Best is trial 11 with value: 0.8016129032258064.\n",
      "WARNING: Maximum number of iterations 32 reached. The mean may be inaccurate\n"
     ]
    },
    {
     "name": "stdout",
     "output_type": "stream",
     "text": [
      "SVD 수렴 문제 발생: SVD did not converge. 계속 진행합니다.\n"
     ]
    },
    {
     "name": "stderr",
     "output_type": "stream",
     "text": [
      "[I 2024-10-07 15:57:41,132] Trial 25 finished with value: 0.6760343481654957 and parameters: {'lr': 0.0009930314577043843, 'weight_decay': 0.0003273314477769031}. Best is trial 11 with value: 0.8016129032258064.\n",
      "WARNING: Maximum number of iterations 32 reached. The mean may be inaccurate\n"
     ]
    },
    {
     "name": "stdout",
     "output_type": "stream",
     "text": [
      "SVD 수렴 문제 발생: SVD did not converge. 계속 진행합니다.\n"
     ]
    },
    {
     "name": "stderr",
     "output_type": "stream",
     "text": [
      "[I 2024-10-07 16:07:37,535] Trial 26 finished with value: 0.6395161290322581 and parameters: {'lr': 4.7880141737100466e-05, 'weight_decay': 6.276099168576701e-05}. Best is trial 11 with value: 0.8016129032258064.\n",
      "WARNING: Maximum number of iterations 32 reached. The mean may be inaccurate\n"
     ]
    },
    {
     "name": "stdout",
     "output_type": "stream",
     "text": [
      "SVD 수렴 문제 발생: SVD did not converge. 계속 진행합니다.\n"
     ]
    },
    {
     "name": "stderr",
     "output_type": "stream",
     "text": [
