      "[I 2024-10-03 12:18:32,740] Trial 435 finished with value: 0.7730287398673544 and parameters: {'lr': 4.73136322033185e-05, 'weight_decay': 0.0001059780052458442}. Best is trial 397 with value: 0.8241935483870967.\n",
      "WARNING: Maximum number of iterations 32 reached. The mean may be inaccurate\n"
     ]
    },
    {
     "name": "stdout",
     "output_type": "stream",
     "text": [
      "SVD 수렴 문제 발생: SVD did not converge. 계속 진행합니다.\n"
     ]
    },
    {
     "name": "stderr",
     "output_type": "stream",
     "text": [
      "[I 2024-10-03 12:43:26,603] Trial 436 finished with value: 0.6462121212121211 and parameters: {'lr': 5.24148324006334e-05, 'weight_decay': 7.14867447879181e-05}. Best is trial 397 with value: 0.8241935483870967.\n",
      "WARNING: Maximum number of iterations 32 reached. The mean may be inaccurate\n"
     ]
    },
    {
     "name": "stdout",
     "output_type": "stream",
     "text": [
      "SVD 수렴 문제 발생: SVD did not converge. 계속 진행합니다.\n"
     ]
    },
    {
     "name": "stderr",
     "output_type": "stream",
     "text": [
      "[I 2024-10-03 13:08:30,271] Trial 437 finished with value: 0.6901515151515152 and parameters: {'lr': 4.043410753151479e-05, 'weight_decay': 9.240773561888499e-05}. Best is trial 397 with value: 0.8241935483870967.\n",
      "WARNING: Maximum number of iterations 32 reached. The mean may be inaccurate\n"
     ]
    },
    {
     "name": "stdout",
     "output_type": "stream",
     "text": [
      "SVD 수렴 문제 발생: SVD did not converge. 계속 진행합니다.\n"
     ]
    },
    {
     "name": "stderr",
     "output_type": "stream",
     "text": [
      "[I 2024-10-03 13:33:36,071] Trial 438 finished with value: 0.6553030303030303 and parameters: {'lr': 4.1751927216491616e-05, 'weight_decay': 0.0001330083027333515}. Best is trial 397 with value: 0.8241935483870967.\n",
      "WARNING: Maximum number of iterations 32 reached. The mean may be inaccurate\n"
     ]
    },
    {
     "name": "stdout",
     "output_type": "stream",
     "text": [
      "SVD 수렴 문제 발생: SVD did not converge. 계속 진행합니다.\n"
     ]
    },
    {
     "name": "stderr",
     "output_type": "stream",
     "text": [
      "[I 2024-10-03 13:58:45,406] Trial 439 finished with value: 0.5622697126013265 and parameters: {'lr': 4.3729670332563736e-05, 'weight_decay': 6.625494546815314e-05}. Best is trial 397 with value: 0.8241935483870967.\n",
      "WARNING: Maximum number of iterations 32 reached. The mean may be inaccurate\n"
     ]
    },
    {
     "name": "stdout",
     "output_type": "stream",
     "text": [
      "SVD 수렴 문제 발생: SVD did not converge. 계속 진행합니다.\n"
     ]
    },
    {
     "name": "stderr",
     "output_type": "stream",
     "text": [
      "[I 2024-10-03 14:23:49,777] Trial 440 finished with value: 0.7435483870967742 and parameters: {'lr': 3.261775493223331e-05, 'weight_decay': 0.00020271467240295102}. Best is trial 397 with value: 0.8241935483870967.\n",
      "WARNING: Maximum number of iterations 32 reached. The mean may be inaccurate\n"
     ]
    },
    {
     "name": "stdout",
     "output_type": "stream",
     "text": [
      "SVD 수렴 문제 발생: SVD did not converge. 계속 진행합니다.\n"
     ]
    },
    {
     "name": "stderr",
     "output_type": "stream",
     "text": [
      "[I 2024-10-03 14:49:00,463] Trial 441 finished with value: 0.7096018735362998 and parameters: {'lr': 3.0480609536841207e-05, 'weight_decay': 0.00022062842012784262}. Best is trial 397 with value: 0.8241935483870967.\n",
      "WARNING: Maximum number of iterations 32 reached. The mean may be inaccurate\n"
     ]
    },
    {
     "name": "stdout",
     "output_type": "stream",
     "text": [
      "SVD 수렴 문제 발생: SVD did not converge. 계속 진행합니다.\n"
     ]
    },
    {
     "name": "stderr",
     "output_type": "stream",
     "text": [
      "[I 2024-10-03 15:14:00,741] Trial 442 finished with value: 0.6612903225806451 and parameters: {'lr': 4.678680383602194e-05, 'weight_decay': 0.00017664617712333426}. Best is trial 397 with value: 0.8241935483870967.\n",
      "WARNING: Maximum number of iterations 32 reached. The mean may be inaccurate\n"
     ]
    },
    {
     "name": "stdout",
     "output_type": "stream",
     "text": [
      "SVD 수렴 문제 발생: SVD did not converge. 계속 진행합니다.\n"
     ]
    },
    {
     "name": "stderr",
     "output_type": "stream",
     "text": [
      "[I 2024-10-03 15:39:04,676] Trial 443 finished with value: 0.5917252146760343 and parameters: {'lr': 1.916934217910607e-06, 'weight_decay': 0.00021508913191399444}. Best is trial 397 with value: 0.8241935483870967.\n",
      "WARNING: Maximum number of iterations 32 reached. The mean may be inaccurate\n"
     ]
    },
    {
     "name": "stdout",
     "output_type": "stream",
     "text": [
      "SVD 수렴 문제 발생: SVD did not converge. 계속 진행합니다.\n"
     ]
    },
    {
     "name": "stderr",
     "output_type": "stream",
     "text": [
      "[I 2024-10-03 16:04:03,266] Trial 444 finished with value: 0.5725865880619012 and parameters: {'lr': 6.379780676898705e-05, 'weight_decay': 0.0002009312425046382}. Best is trial 397 with value: 0.8241935483870967.\n",
      "WARNING: Maximum number of iterations 32 reached. The mean may be inaccurate\n"
     ]
    },
    {
     "name": "stdout",
     "output_type": "stream",
     "text": [
      "SVD 수렴 문제 발생: SVD did not converge. 계속 진행합니다.\n"
     ]
    },
    {
     "name": "stderr",
     "output_type": "stream",
     "text": [
      "[I 2024-10-03 16:29:14,267] Trial 445 finished with value: 0.7742424242424242 and parameters: {'lr': 2.5441686343766777e-06, 'weight_decay': 0.0001309927123466269}. Best is trial 397 with value: 0.8241935483870967.\n",
      "WARNING: Maximum number of iterations 32 reached. The mean may be inaccurate\n"
     ]
    },
    {
     "name": "stdout",
     "output_type": "stream",
     "text": [
      "SVD 수렴 문제 발생: SVD did not converge. 계속 진행합니다.\n"
     ]
    },
    {
     "name": "stderr",
     "output_type": "stream",
     "text": [
      "[I 2024-10-03 16:54:23,795] Trial 446 finished with value: 0.7270491803278689 and parameters: {'lr': 2.4154059771070054e-06, 'weight_decay': 0.00014669872727512544}. Best is trial 397 with value: 0.8241935483870967.\n",
      "WARNING: Maximum number of iterations 32 reached. The mean may be inaccurate\n"
     ]
    },
    {
     "name": "stdout",
     "output_type": "stream",
     "text": [
      "SVD 수렴 문제 발생: SVD did not converge. 계속 진행합니다.\n"
     ]
    },
    {
     "name": "stderr",
     "output_type": "stream",
     "text": [
      "[I 2024-10-03 17:19:19,809] Trial 447 finished with value: 0.582258064516129 and parameters: {'lr': 2.4764726570024388e-06, 'weight_decay': 0.0001461781548153526}. Best is trial 397 with value: 0.8241935483870967.\n",
      "WARNING: Maximum number of iterations 32 reached. The mean may be inaccurate\n"
     ]
    },
    {
     "name": "stdout",
     "output_type": "stream",
     "text": [
      "SVD 수렴 문제 발생: SVD did not converge. 계속 진행합니다.\n"
     ]
    },
    {
     "name": "stderr",
     "output_type": "stream",
     "text": [
      "[I 2024-10-03 17:43:59,901] Trial 448 finished with value: 0.7244340359094458 and parameters: {'lr': 2.9708378713446525e-06, 'weight_decay': 0.00012010873967811617}. Best is trial 397 with value: 0.8241935483870967.\n",
      "WARNING: Maximum number of iterations 32 reached. The mean may be inaccurate\n"
     ]
    },
    {
     "name": "stdout",
     "output_type": "stream",
     "text": [
      "SVD 수렴 문제 발생: SVD did not converge. 계속 진행합니다.\n"
     ]
    },
    {
     "name": "stderr",
     "output_type": "stream",
     "text": [
      "[I 2024-10-03 18:07:46,630] Trial 449 finished with value: 0.6479313036690086 and parameters: {'lr': 2.1872064799254113e-06, 'weight_decay': 0.00014350922397924913}. Best is trial 397 with value: 0.8241935483870967.\n",
      "WARNING: Maximum number of iterations 32 reached. The mean may be inaccurate\n",
      "[I 2024-10-03 18:27:02,458] Trial 450 finished with value: 0.6252927400468383 and parameters: {'lr': 1.4597979449270906e-06, 'weight_decay': 0.00012906448748854855}. Best is trial 397 with value: 0.8241935483870967.\n"
     ]
    },
    {
     "name": "stdout",
     "output_type": "stream",
     "text": [
      "SVD 수렴 문제 발생: SVD did not converge. 계속 진행합니다.\n"
     ]
    },
    {
     "name": "stderr",
     "output_type": "stream",
     "text": [
      "WARNING: Maximum number of iterations 32 reached. The mean may be inaccurate\n"
     ]
    },
    {
     "name": "stdout",
     "output_type": "stream",
     "text": [
      "SVD 수렴 문제 발생: SVD did not converge. 계속 진행합니다.\n"
     ]
    },
    {
     "name": "stderr",
     "output_type": "stream",
     "text": [
      "[I 2024-10-03 18:46:13,093] Trial 451 finished with value: 0.6545454545454545 and parameters: {'lr': 0.0013908805751761206, 'weight_decay': 9.773142537157632e-05}. Best is trial 397 with value: 0.8241935483870967.\n",
      "WARNING: Maximum number of iterations 32 reached. The mean may be inaccurate\n"
     ]
    },
    {
     "name": "stdout",
     "output_type": "stream",
     "text": [
      "SVD 수렴 문제 발생: SVD did not converge. 계속 진행합니다.\n"
     ]
    },
    {
     "name": "stderr",
     "output_type": "stream",
     "text": [
      "[I 2024-10-03 19:05:22,918] Trial 452 finished with value: 0.5840909090909091 and parameters: {'lr': 3.6694940012439755e-06, 'weight_decay': 0.00029150068469690235}. Best is trial 397 with value: 0.8241935483870967.\n",
      "WARNING: Maximum number of iterations 32 reached. The mean may be inaccurate\n"
     ]
    },
    {
     "name": "stdout",
     "output_type": "stream",
     "text": [
      "SVD 수렴 문제 발생: SVD did not converge. 계속 진행합니다.\n"
     ]
    },
    {
     "name": "stderr",
     "output_type": "stream",
     "text": [
      "[I 2024-10-03 19:24:40,875] Trial 453 finished with value: 0.6744730679156908 and parameters: {'lr': 1.8797361522304322e-06, 'weight_decay': 0.00015726002963908163}. Best is trial 397 with value: 0.8241935483870967.\n",
      "WARNING: Maximum number of iterations 32 reached. The mean may be inaccurate\n"
     ]
    },
    {
     "name": "stdout",
     "output_type": "stream",
     "text": [
      "SVD 수렴 문제 발생: SVD did not converge. 계속 진행합니다.\n"
     ]
    },
    {
     "name": "stderr",
     "output_type": "stream",
     "text": [
      "[I 2024-10-03 19:44:07,542] Trial 454 finished with value: 0.6222410865874363 and parameters: {'lr': 3.1205811156978946e-06, 'weight_decay': 0.00020280423447067644}. Best is trial 397 with value: 0.8241935483870967.\n",
      "WARNING: Maximum number of iterations 32 reached. The mean may be inaccurate\n"
     ]
    },
    {
     "name": "stdout",
     "output_type": "stream",
     "text": [
      "SVD 수렴 문제 발생: SVD did not converge. 계속 진행합니다.\n"
     ]
    },
    {
     "name": "stderr",
     "output_type": "stream",
     "text": [
      "[I 2024-10-03 20:03:30,591] Trial 455 finished with value: 0.6249078850405305 and parameters: {'lr': 1.7418680260476095e-06, 'weight_decay': 0.0002556166310253741}. Best is trial 397 with value: 0.8241935483870967.\n",
      "WARNING: Maximum number of iterations 32 reached. The mean may be inaccurate\n"
     ]
    },
    {
     "name": "stdout",
     "output_type": "stream",
     "text": [
      "SVD 수렴 문제 발생: SVD did not converge. 계속 진행합니다.\n"
     ]
    },
    {
     "name": "stderr",
     "output_type": "stream",
     "text": [
      "[I 2024-10-03 20:22:53,544] Trial 456 finished with value: 0.5902726602800294 and parameters: {'lr': 1.2234291688480093e-06, 'weight_decay': 0.00017636055533421636}. Best is trial 397 with value: 0.8241935483870967.\n",
      "WARNING: Maximum number of iterations 32 reached. The mean may be inaccurate\n"
     ]
    },
    {
     "name": "stdout",
     "output_type": "stream",
     "text": [
      "SVD 수렴 문제 발생: SVD did not converge. 계속 진행합니다.\n"
     ]
    },
    {
     "name": "stderr",
     "output_type": "stream",
     "text": [
      "[I 2024-10-03 20:42:22,724] Trial 457 finished with value: 0.7354458364038321 and parameters: {'lr': 5.846375715786528e-06, 'weight_decay': 0.0015641198190085278}. Best is trial 397 with value: 0.8241935483870967.\n",
      "WARNING: Maximum number of iterations 32 reached. The mean may be inaccurate\n"
     ]
    },
    {
     "name": "stdout",
     "output_type": "stream",
     "text": [
      "SVD 수렴 문제 발생: SVD did not converge. 계속 진행합니다.\n"
     ]
    },
    {
     "name": "stderr",
     "output_type": "stream",
     "text": [
      "[I 2024-10-03 21:01:57,676] Trial 458 finished with value: 0.6825396825396826 and parameters: {'lr': 4.904998489222112e-06, 'weight_decay': 0.001983911588565825}. Best is trial 397 with value: 0.8241935483870967.\n",
      "WARNING: Maximum number of iterations 32 reached. The mean may be inaccurate\n"
     ]
    },
    {
     "name": "stdout",
     "output_type": "stream",
     "text": [
      "SVD 수렴 문제 발생: SVD did not converge. 계속 진행합니다.\n"
     ]
    },
    {
     "name": "stderr",
     "output_type": "stream",
     "text": [
      "[I 2024-10-03 21:21:41,793] Trial 459 finished with value: 0.6285714285714286 and parameters: {'lr': 8.773620584700967e-06, 'weight_decay': 0.0017041236990182704}. Best is trial 397 with value: 0.8241935483870967.\n",
      "WARNING: Maximum number of iterations 32 reached. The mean may be inaccurate\n"
     ]
    },
    {
     "name": "stdout",
     "output_type": "stream",
     "text": [
      "SVD 수렴 문제 발생: SVD did not converge. 계속 진행합니다.\n"
     ]
    },
    {
     "name": "stderr",
     "output_type": "stream",
     "text": [
      "[I 2024-10-03 21:41:32,164] Trial 460 finished with value: 0.5709677419354839 and parameters: {'lr': 4.285449142446863e-06, 'weight_decay': 0.0015355970625430366}. Best is trial 397 with value: 0.8241935483870967.\n",
      "WARNING: Maximum number of iterations 32 reached. The mean may be inaccurate\n"
     ]
    },
    {
     "name": "stdout",
     "output_type": "stream",
     "text": [
      "SVD 수렴 문제 발생: SVD did not converge. 계속 진행합니다.\n"
     ]
    },
    {
     "name": "stderr",
     "output_type": "stream",
     "text": [
      "[I 2024-10-03 21:56:21,501] Trial 461 finished with value: 0.6537878787878788 and parameters: {'lr': 0.0010663584827011025, 'weight_decay': 0.0012052868353995283}. Best is trial 397 with value: 0.8241935483870967.\n",
      "WARNING: Maximum number of iterations 32 reached. The mean may be inaccurate\n",
      "[I 2024-10-03 22:06:10,488] Trial 462 finished with value: 0.672911787665886 and parameters: {'lr': 5.449214166537272e-06, 'weight_decay': 0.0018953715957412637}. Best is trial 397 with value: 0.8241935483870967.\n"
     ]
    },
    {
     "name": "stdout",
     "output_type": "stream",
     "text": [
      "SVD 수렴 문제 발생: SVD did not converge. 계속 진행합니다.\n"
     ]
    },
    {
     "name": "stderr",
     "output_type": "stream",
     "text": [
      "WARNING: Maximum number of iterations 32 reached. The mean may be inaccurate\n"
     ]
    },
    {
     "name": "stdout",
     "output_type": "stream",
     "text": [
      "SVD 수렴 문제 발생: SVD did not converge. 계속 진행합니다.\n"
     ]
    },
    {
     "name": "stderr",
     "output_type": "stream",
     "text": [
      "[I 2024-10-03 22:15:59,220] Trial 463 finished with value: 0.7663964627855564 and parameters: {'lr': 6.014380225793183e-06, 'weight_decay': 0.0014728884777028086}. Best is trial 397 with value: 0.8241935483870967.\n",
      "WARNING: Maximum number of iterations 32 reached. The mean may be inaccurate\n"
     ]
    },
    {
     "name": "stdout",
     "output_type": "stream",
     "text": [
      "SVD 수렴 문제 발생: SVD did not converge. 계속 진행합니다.\n"
     ]
    },
    {
     "name": "stderr",
     "output_type": "stream",
     "text": [
      "[I 2024-10-03 22:25:54,244] Trial 464 finished with value: 0.5636363636363636 and parameters: {'lr': 2.1155031817716434e-05, 'weight_decay': 0.00010822611653127114}. Best is trial 397 with value: 0.8241935483870967.\n",
      "WARNING: Maximum number of iterations 32 reached. The mean may be inaccurate\n"
     ]
    },
    {
     "name": "stdout",
     "output_type": "stream",
     "text": [
      "SVD 수렴 문제 발생: SVD did not converge. 계속 진행합니다.\n"
     ]
    },
    {
     "name": "stderr",
     "output_type": "stream",
     "text": [
      "[I 2024-10-03 22:35:42,648] Trial 465 finished with value: 0.5386416861826697 and parameters: {'lr': 3.5040875977088646e-05, 'weight_decay': 0.0012808103767205433}. Best is trial 397 with value: 0.8241935483870967.\n",
      "WARNING: Maximum number of iterations 32 reached. The mean may be inaccurate\n"
     ]
    },
    {
     "name": "stdout",
     "output_type": "stream",
     "text": [
      "SVD 수렴 문제 발생: SVD did not converge. 계속 진행합니다.\n"
     ]
    },
    {
     "name": "stderr",
     "output_type": "stream",
     "text": [
      "[I 2024-10-03 22:45:37,527] Trial 466 finished with value: 0.7022727272727273 and parameters: {'lr': 1.0490063971409554e-06, 'weight_decay': 0.0009962705676802904}. Best is trial 397 with value: 0.8241935483870967.\n",
      "WARNING: Maximum number of iterations 32 reached. The mean may be inaccurate\n"
     ]
    },
    {
     "name": "stdout",
     "output_type": "stream",
     "text": [
      "SVD 수렴 문제 발생: SVD did not converge. 계속 진행합니다.\n"
     ]
    },
    {
     "name": "stderr",
     "output_type": "stream",
     "text": [
      "[I 2024-10-03 22:55:28,049] Trial 467 finished with value: 0.6807181889149102 and parameters: {'lr': 1.778288228241942e-05, 'weight_decay': 0.0022205667882414576}. Best is trial 397 with value: 0.8241935483870967.\n",
      "WARNING: Maximum number of iterations 32 reached. The mean may be inaccurate\n"
     ]
    },
    {
     "name": "stdout",
     "output_type": "stream",
     "text": [
      "SVD 수렴 문제 발생: SVD did not converge. 계속 진행합니다.\n"
     ]
    },
    {
     "name": "stderr",
     "output_type": "stream",
     "text": [
      "[I 2024-10-03 23:05:26,473] Trial 468 finished with value: 0.7096018735362998 and parameters: {'lr': 2.4610600306409203e-05, 'weight_decay': 0.0013406998576247248}. Best is trial 397 with value: 0.8241935483870967.\n",
      "WARNING: Maximum number of iterations 32 reached. The mean may be inaccurate\n"
     ]
    },
    {
     "name": "stdout",
     "output_type": "stream",
     "text": [
      "SVD 수렴 문제 발생: SVD did not converge. 계속 진행합니다.\n"
     ]
    },
    {
     "name": "stderr",
     "output_type": "stream",
     "text": [
      "[I 2024-10-03 23:15:20,503] Trial 469 finished with value: 0.6916471506635441 and parameters: {'lr': 2.9291459431731965e-05, 'weight_decay': 0.00013015913806218576}. Best is trial 397 with value: 0.8241935483870967.\n",
      "WARNING: Maximum number of iterations 32 reached. The mean may be inaccurate\n"
     ]
    },
    {
     "name": "stdout",
     "output_type": "stream",
     "text": [
      "SVD 수렴 문제 발생: SVD did not converge. 계속 진행합니다.\n"
     ]
    },
    {
     "name": "stderr",
     "output_type": "stream",
     "text": [
      "[I 2024-10-03 23:25:15,360] Trial 470 finished with value: 0.7045454545454546 and parameters: {'lr': 6.711631774202776e-06, 'weight_decay': 0.00016177829068958312}. Best is trial 397 with value: 0.8241935483870967.\n",
      "WARNING: Maximum number of iterations 32 reached. The mean may be inaccurate\n"
     ]
    },
    {
     "name": "stdout",
     "output_type": "stream",
     "text": [
      "SVD 수렴 문제 발생: SVD did not converge. 계속 진행합니다.\n"
     ]
    },
    {
     "name": "stderr",
     "output_type": "stream",
     "text": [
      "[I 2024-10-03 23:35:15,456] Trial 471 finished with value: 0.6774193548387097 and parameters: {'lr': 7.836879001753489e-06, 'weight_decay': 0.0008613050472691951}. Best is trial 397 with value: 0.8241935483870967.\n",
      "WARNING: Maximum number of iterations 32 reached. The mean may be inaccurate\n"
     ]
    },
    {
     "name": "stdout",
     "output_type": "stream",
     "text": [
      "SVD 수렴 문제 발생: SVD did not converge. 계속 진행합니다.\n"
     ]
    },
    {
     "name": "stderr",
     "output_type": "stream",
     "text": [
      "[I 2024-10-03 23:45:10,808] Trial 472 finished with value: 0.5862903225806452 and parameters: {'lr': 0.0008709886063923186, 'weight_decay': 0.0010667145101623534}. Best is trial 397 with value: 0.8241935483870967.\n",
      "WARNING: Maximum number of iterations 32 reached. The mean may be inaccurate\n",
      "[I 2024-10-03 23:55:04,201] Trial 473 finished with value: 0.6298387096774194 and parameters: {'lr': 1.3128087982730128e-06, 'weight_decay': 0.0010823716063243572}. Best is trial 397 with value: 0.8241935483870967.\n"
     ]
    },
    {
     "name": "stdout",
     "output_type": "stream",
     "text": [
      "SVD 수렴 문제 발생: SVD did not converge. 계속 진행합니다.\n"
     ]
    },
    {
     "name": "stderr",
     "output_type": "stream",
     "text": [
      "WARNING: Maximum number of iterations 32 reached. The mean may be inaccurate\n"
     ]
    },
    {
     "name": "stdout",
     "output_type": "stream",
     "text": [
      "SVD 수렴 문제 발생: SVD did not converge. 계속 진행합니다.\n"
     ]
    },
    {
     "name": "stderr",
     "output_type": "stream",
     "text": [
      "[I 2024-10-04 00:04:59,594] Trial 474 finished with value: 0.6174863387978141 and parameters: {'lr': 3.385549809876467e-06, 'weight_decay': 0.00011471342521343815}. Best is trial 397 with value: 0.8241935483870967.\n",
      "WARNING: Maximum number of iterations 32 reached. The mean may be inaccurate\n"
     ]
    },
    {
     "name": "stdout",
     "output_type": "stream",
     "text": [
      "SVD 수렴 문제 발생: SVD did not converge. 계속 진행합니다.\n"
     ]
    },
    {
     "name": "stderr",
     "output_type": "stream",
     "text": [
