      "[I 2024-10-08 11:51:41,429] Trial 147 finished with value: 0.6419354838709678 and parameters: {'lr': 6.557802577941898e-05, 'weight_decay': 0.00939904507762864}. Best is trial 11 with value: 0.8016129032258064.\n",
      "WARNING: Maximum number of iterations 32 reached. The mean may be inaccurate\n"
     ]
    },
    {
     "name": "stdout",
     "output_type": "stream",
     "text": [
      "SVD 수렴 문제 발생: SVD did not converge. 계속 진행합니다.\n"
     ]
    },
    {
     "name": "stderr",
     "output_type": "stream",
     "text": [
      "[I 2024-10-08 12:01:27,863] Trial 148 finished with value: 0.6174603174603175 and parameters: {'lr': 2.188853170479365e-06, 'weight_decay': 1.743934986702343e-05}. Best is trial 11 with value: 0.8016129032258064.\n",
      "WARNING: Maximum number of iterations 32 reached. The mean may be inaccurate\n"
     ]
    },
    {
     "name": "stdout",
     "output_type": "stream",
     "text": [
      "SVD 수렴 문제 발생: SVD did not converge. 계속 진행합니다.\n"
     ]
    },
    {
     "name": "stderr",
     "output_type": "stream",
     "text": [
      "[I 2024-10-08 12:11:12,600] Trial 149 finished with value: 0.682258064516129 and parameters: {'lr': 0.00037024453709813364, 'weight_decay': 0.0004698753277864713}. Best is trial 11 with value: 0.8016129032258064.\n",
      "WARNING: Maximum number of iterations 32 reached. The mean may be inaccurate\n"
     ]
    },
    {
     "name": "stdout",
     "output_type": "stream",
     "text": [
      "SVD 수렴 문제 발생: SVD did not converge. 계속 진행합니다.\n"
     ]
    },
    {
     "name": "stderr",
     "output_type": "stream",
     "text": [
      "[I 2024-10-08 12:20:55,620] Trial 150 finished with value: 0.6302083333333333 and parameters: {'lr': 9.238965142179114e-06, 'weight_decay': 0.0001116315114741192}. Best is trial 11 with value: 0.8016129032258064.\n",
      "WARNING: Maximum number of iterations 32 reached. The mean may be inaccurate\n"
     ]
    },
    {
     "name": "stdout",
     "output_type": "stream",
     "text": [
      "SVD 수렴 문제 발생: SVD did not converge. 계속 진행합니다.\n"
     ]
    },
    {
     "name": "stderr",
     "output_type": "stream",
     "text": [
      "[I 2024-10-08 12:30:41,308] Trial 151 finished with value: 0.6409090909090909 and parameters: {'lr': 9.678892247268363e-06, 'weight_decay': 7.599700547048864e-05}. Best is trial 11 with value: 0.8016129032258064.\n",
      "WARNING: Maximum number of iterations 32 reached. The mean may be inaccurate\n"
     ]
    },
    {
     "name": "stdout",
     "output_type": "stream",
     "text": [
      "SVD 수렴 문제 발생: SVD did not converge. 계속 진행합니다.\n"
     ]
    },
    {
     "name": "stderr",
     "output_type": "stream",
     "text": [
      "[I 2024-10-08 12:40:31,415] Trial 152 finished with value: 0.6943548387096774 and parameters: {'lr': 1.375426225555864e-05, 'weight_decay': 0.0001466733326514033}. Best is trial 11 with value: 0.8016129032258064.\n",
      "WARNING: Maximum number of iterations 32 reached. The mean may be inaccurate\n"
     ]
    },
    {
     "name": "stdout",
     "output_type": "stream",
     "text": [
      "SVD 수렴 문제 발생: SVD did not converge. 계속 진행합니다.\n"
     ]
    },
    {
     "name": "stderr",
     "output_type": "stream",
     "text": [
      "[I 2024-10-08 12:50:20,634] Trial 153 finished with value: 0.5113636363636364 and parameters: {'lr': 0.00011931255496778726, 'weight_decay': 0.0002452258997447758}. Best is trial 11 with value: 0.8016129032258064.\n",
      "WARNING: Maximum number of iterations 32 reached. The mean may be inaccurate\n"
     ]
    },
    {
     "name": "stdout",
     "output_type": "stream",
     "text": [
      "SVD 수렴 문제 발생: SVD did not converge. 계속 진행합니다.\n"
     ]
    },
    {
     "name": "stderr",
     "output_type": "stream",
     "text": [
      "[I 2024-10-08 13:00:09,617] Trial 154 finished with value: 0.7222222222222222 and parameters: {'lr': 2.244509781553951e-05, 'weight_decay': 0.00010494412904363609}. Best is trial 11 with value: 0.8016129032258064.\n",
      "WARNING: Maximum number of iterations 32 reached. The mean may be inaccurate\n"
     ]
    },
    {
     "name": "stdout",
     "output_type": "stream",
     "text": [
      "SVD 수렴 문제 발생: SVD did not converge. 계속 진행합니다.\n"
     ]
    },
    {
     "name": "stderr",
     "output_type": "stream",
     "text": [
      "[I 2024-10-08 13:09:59,607] Trial 155 finished with value: 0.7317487266553481 and parameters: {'lr': 2.134792472952529e-05, 'weight_decay': 5.136512698810789e-05}. Best is trial 11 with value: 0.8016129032258064.\n",
      "WARNING: Maximum number of iterations 32 reached. The mean may be inaccurate\n"
     ]
    },
    {
     "name": "stdout",
     "output_type": "stream",
     "text": [
      "SVD 수렴 문제 발생: SVD did not converge. 계속 진행합니다.\n"
     ]
    },
    {
     "name": "stderr",
     "output_type": "stream",
     "text": [
      "[I 2024-10-08 13:19:47,141] Trial 156 finished with value: 0.6628787878787878 and parameters: {'lr': 2.3230261422703322e-05, 'weight_decay': 5.5347373808950316e-05}. Best is trial 11 with value: 0.8016129032258064.\n",
      "WARNING: Maximum number of iterations 32 reached. The mean may be inaccurate\n"
     ]
    },
    {
     "name": "stdout",
     "output_type": "stream",
     "text": [
      "SVD 수렴 문제 발생: SVD did not converge. 계속 진행합니다.\n"
     ]
    },
    {
     "name": "stderr",
     "output_type": "stream",
     "text": [
      "[I 2024-10-08 13:29:41,219] Trial 157 finished with value: 0.687211093990755 and parameters: {'lr': 1.680075657651976e-05, 'weight_decay': 4.420457208842313e-05}. Best is trial 11 with value: 0.8016129032258064.\n",
      "WARNING: Maximum number of iterations 32 reached. The mean may be inaccurate\n"
     ]
    },
    {
     "name": "stdout",
     "output_type": "stream",
     "text": [
      "SVD 수렴 문제 발생: SVD did not converge. 계속 진행합니다.\n"
     ]
    },
    {
     "name": "stderr",
     "output_type": "stream",
     "text": [
      "[I 2024-10-08 13:39:30,529] Trial 158 finished with value: 0.6892230576441103 and parameters: {'lr': 3.435064433988854e-05, 'weight_decay': 2.554753058487089e-05}. Best is trial 11 with value: 0.8016129032258064.\n",
      "WARNING: Maximum number of iterations 32 reached. The mean may be inaccurate\n"
     ]
    },
    {
     "name": "stdout",
     "output_type": "stream",
     "text": [
      "SVD 수렴 문제 발생: SVD did not converge. 계속 진행합니다.\n"
     ]
    },
    {
     "name": "stderr",
     "output_type": "stream",
     "text": [
      "[I 2024-10-08 13:49:21,543] Trial 159 finished with value: 0.6357560568086884 and parameters: {'lr': 2.197493685845991e-05, 'weight_decay': 6.275573263432542e-05}. Best is trial 11 with value: 0.8016129032258064.\n",
      "WARNING: Maximum number of iterations 32 reached. The mean may be inaccurate\n"
     ]
    },
    {
     "name": "stdout",
     "output_type": "stream",
     "text": [
      "SVD 수렴 문제 발생: SVD did not converge. 계속 진행합니다.\n"
     ]
    },
    {
     "name": "stderr",
     "output_type": "stream",
     "text": [
      "[I 2024-10-08 13:59:14,709] Trial 160 finished with value: 0.5685483870967741 and parameters: {'lr': 4.087000389908047e-05, 'weight_decay': 4.659560860452088e-05}. Best is trial 11 with value: 0.8016129032258064.\n",
      "WARNING: Maximum number of iterations 32 reached. The mean may be inaccurate\n"
     ]
    },
    {
     "name": "stdout",
     "output_type": "stream",
     "text": [
      "SVD 수렴 문제 발생: SVD did not converge. 계속 진행합니다.\n"
     ]
    },
    {
     "name": "stderr",
     "output_type": "stream",
     "text": [
      "[I 2024-10-08 14:09:06,538] Trial 161 finished with value: 0.6337509211495946 and parameters: {'lr': 1.4552678983241885e-05, 'weight_decay': 1.1734930059821577e-05}. Best is trial 11 with value: 0.8016129032258064.\n",
      "WARNING: Maximum number of iterations 32 reached. The mean may be inaccurate\n"
     ]
    },
    {
     "name": "stdout",
     "output_type": "stream",
     "text": [
      "SVD 수렴 문제 발생: SVD did not converge. 계속 진행합니다.\n"
     ]
    },
    {
     "name": "stderr",
     "output_type": "stream",
     "text": [
      "[I 2024-10-08 14:19:03,932] Trial 162 finished with value: 0.6947697111631538 and parameters: {'lr': 1.7205892247912651e-06, 'weight_decay': 8.971292328766637e-05}. Best is trial 11 with value: 0.8016129032258064.\n",
      "WARNING: Maximum number of iterations 32 reached. The mean may be inaccurate\n"
     ]
    },
    {
     "name": "stdout",
     "output_type": "stream",
     "text": [
      "SVD 수렴 문제 발생: SVD did not converge. 계속 진행합니다.\n"
     ]
    },
    {
     "name": "stderr",
     "output_type": "stream",
     "text": [
      "[I 2024-10-08 14:28:58,886] Trial 163 finished with value: 0.6241935483870968 and parameters: {'lr': 7.66468956995128e-05, 'weight_decay': 3.669456173417844e-05}. Best is trial 11 with value: 0.8016129032258064.\n",
      "WARNING: Maximum number of iterations 32 reached. The mean may be inaccurate\n"
     ]
    },
    {
     "name": "stdout",
     "output_type": "stream",
     "text": [
      "SVD 수렴 문제 발생: SVD did not converge. 계속 진행합니다.\n"
     ]
    },
    {
     "name": "stderr",
     "output_type": "stream",
     "text": [
      "[I 2024-10-08 14:38:55,008] Trial 164 finished with value: 0.7603434816549571 and parameters: {'lr': 2.593583807168214e-05, 'weight_decay': 0.00011237661197988204}. Best is trial 11 with value: 0.8016129032258064.\n",
      "WARNING: Maximum number of iterations 32 reached. The mean may be inaccurate\n"
     ]
    },
    {
     "name": "stdout",
     "output_type": "stream",
     "text": [
      "SVD 수렴 문제 발생: SVD did not converge. 계속 진행합니다.\n"
     ]
    },
    {
     "name": "stderr",
     "output_type": "stream",
     "text": [
      "[I 2024-10-08 14:48:47,795] Trial 165 finished with value: 0.5836403831982314 and parameters: {'lr': 2.8317178164719716e-05, 'weight_decay': 6.759845641911191e-05}. Best is trial 11 with value: 0.8016129032258064.\n",
      "WARNING: Maximum number of iterations 32 reached. The mean may be inaccurate\n"
     ]
    },
    {
     "name": "stdout",
     "output_type": "stream",
     "text": [
      "SVD 수렴 문제 발생: SVD did not converge. 계속 진행합니다.\n"
     ]
    },
    {
     "name": "stderr",
     "output_type": "stream",
     "text": [
      "[I 2024-10-08 14:58:43,986] Trial 166 finished with value: 0.6323185011709601 and parameters: {'lr': 1.9599573123288973e-05, 'weight_decay': 0.005091863446521524}. Best is trial 11 with value: 0.8016129032258064.\n",
      "WARNING: Maximum number of iterations 32 reached. The mean may be inaccurate\n"
     ]
    },
    {
     "name": "stdout",
     "output_type": "stream",
     "text": [
      "SVD 수렴 문제 발생: SVD did not converge. 계속 진행합니다.\n"
     ]
    },
    {
     "name": "stderr",
     "output_type": "stream",
     "text": [
      "[I 2024-10-08 15:08:47,244] Trial 167 finished with value: 0.6214285714285713 and parameters: {'lr': 3.0491608914352087e-05, 'weight_decay': 0.00010095184386068428}. Best is trial 11 with value: 0.8016129032258064.\n",
      "WARNING: Maximum number of iterations 32 reached. The mean may be inaccurate\n",
      "[I 2024-10-08 15:18:46,703] Trial 168 finished with value: 0.6081186572989852 and parameters: {'lr': 4.713011030622545e-05, 'weight_decay': 0.0019498166328433305}. Best is trial 11 with value: 0.8016129032258064.\n"
     ]
    },
    {
     "name": "stdout",
     "output_type": "stream",
     "text": [
      "SVD 수렴 문제 발생: SVD did not converge. 계속 진행합니다.\n"
     ]
    },
    {
     "name": "stderr",
     "output_type": "stream",
     "text": [
      "WARNING: Maximum number of iterations 32 reached. The mean may be inaccurate\n",
      "[I 2024-10-08 15:28:45,374] Trial 169 finished with value: 0.6750208855472013 and parameters: {'lr': 2.3578631550475955e-05, 'weight_decay': 0.00016971896021089473}. Best is trial 11 with value: 0.8016129032258064.\n"
     ]
    },
    {
     "name": "stdout",
     "output_type": "stream",
     "text": [
      "SVD 수렴 문제 발생: SVD did not converge. 계속 진행합니다.\n"
     ]
    },
    {
     "name": "stderr",
     "output_type": "stream",
     "text": [
      "WARNING: Maximum number of iterations 32 reached. The mean may be inaccurate\n",
      "[I 2024-10-08 15:38:37,410] Trial 170 finished with value: 0.6257575757575757 and parameters: {'lr': 1.3797926497678638e-06, 'weight_decay': 0.0003792229071783815}. Best is trial 11 with value: 0.8016129032258064.\n"
     ]
    },
    {
     "name": "stdout",
     "output_type": "stream",
     "text": [
      "SVD 수렴 문제 발생: SVD did not converge. 계속 진행합니다.\n"
     ]
    },
    {
     "name": "stderr",
     "output_type": "stream",
     "text": [
      "WARNING: Maximum number of iterations 32 reached. The mean may be inaccurate\n"
     ]
    },
    {
     "name": "stdout",
     "output_type": "stream",
     "text": [
      "SVD 수렴 문제 발생: SVD did not converge. 계속 진행합니다.\n"
     ]
    },
    {
     "name": "stderr",
     "output_type": "stream",
     "text": [
      "[I 2024-10-08 15:48:28,156] Trial 171 finished with value: 0.5472287275565965 and parameters: {'lr': 0.000608725184421358, 'weight_decay': 0.0002141254457461213}. Best is trial 11 with value: 0.8016129032258064.\n",
      "WARNING: Maximum number of iterations 32 reached. The mean may be inaccurate\n"
     ]
    },
    {
     "name": "stdout",
     "output_type": "stream",
     "text": [
      "SVD 수렴 문제 발생: SVD did not converge. 계속 진행합니다.\n"
     ]
    },
    {
     "name": "stderr",
     "output_type": "stream",
     "text": [
      "[I 2024-10-08 15:58:26,558] Trial 172 finished with value: 0.7209677419354839 and parameters: {'lr': 1.1798527608529177e-05, 'weight_decay': 0.00013522982089216864}. Best is trial 11 with value: 0.8016129032258064.\n",
      "WARNING: Maximum number of iterations 32 reached. The mean may be inaccurate\n"
     ]
    },
    {
     "name": "stdout",
     "output_type": "stream",
     "text": [
      "SVD 수렴 문제 발생: SVD did not converge. 계속 진행합니다.\n"
     ]
    },
    {
     "name": "stderr",
     "output_type": "stream",
     "text": [
      "[I 2024-10-08 16:08:19,807] Trial 173 finished with value: 0.6612021857923497 and parameters: {'lr': 1.577735761427326e-05, 'weight_decay': 0.00011098619556850762}. Best is trial 11 with value: 0.8016129032258064.\n",
      "WARNING: Maximum number of iterations 32 reached. The mean may be inaccurate\n"
     ]
    },
    {
     "name": "stdout",
     "output_type": "stream",
     "text": [
      "SVD 수렴 문제 발생: SVD did not converge. 계속 진행합니다.\n"
     ]
    },
    {
     "name": "stderr",
     "output_type": "stream",
     "text": [
      "[I 2024-10-08 16:18:08,082] Trial 174 finished with value: 0.6795081967213116 and parameters: {'lr': 7.2666634319600376e-06, 'weight_decay': 0.00014380411830967432}. Best is trial 11 with value: 0.8016129032258064.\n",
      "WARNING: Maximum number of iterations 32 reached. The mean may be inaccurate\n"
     ]
    },
    {
     "name": "stdout",
     "output_type": "stream",
     "text": [
      "SVD 수렴 문제 발생: SVD did not converge. 계속 진행합니다.\n"
     ]
    },
    {
     "name": "stderr",
     "output_type": "stream",
     "text": [
      "[I 2024-10-08 16:28:07,978] Trial 175 finished with value: 0.6463700234192038 and parameters: {'lr': 1.0407251427274932e-05, 'weight_decay': 1.4851538633520206e-05}. Best is trial 11 with value: 0.8016129032258064.\n",
      "WARNING: Maximum number of iterations 32 reached. The mean may be inaccurate\n"
     ]
    },
    {
     "name": "stdout",
     "output_type": "stream",
     "text": [
      "SVD 수렴 문제 발생: SVD did not converge. 계속 진행합니다.\n"
     ]
    },
    {
     "name": "stderr",
     "output_type": "stream",
     "text": [
      "[I 2024-10-08 16:38:03,626] Trial 176 finished with value: 0.6073380171740828 and parameters: {'lr': 1.3051160017561807e-05, 'weight_decay': 2.2676416263257466e-05}. Best is trial 11 with value: 0.8016129032258064.\n",
      "WARNING: Maximum number of iterations 32 reached. The mean may be inaccurate\n"
     ]
    },
    {
     "name": "stdout",
     "output_type": "stream",
     "text": [
      "SVD 수렴 문제 발생: SVD did not converge. 계속 진행합니다.\n"
     ]
    },
    {
     "name": "stderr",
     "output_type": "stream",
     "text": [
      "[I 2024-10-08 16:48:02,013] Trial 177 finished with value: 0.6459677419354839 and parameters: {'lr': 5.612994819719003e-06, 'weight_decay': 8.007332761741748e-05}. Best is trial 11 with value: 0.8016129032258064.\n",
      "WARNING: Maximum number of iterations 32 reached. The mean may be inaccurate\n"
     ]
    },
    {
     "name": "stdout",
     "output_type": "stream",
     "text": [
      "SVD 수렴 문제 발생: SVD did not converge. 계속 진행합니다.\n"
     ]
    },
    {
     "name": "stderr",
     "output_type": "stream",
     "text": [
      "[I 2024-10-08 16:57:55,700] Trial 178 finished with value: 0.5798387096774194 and parameters: {'lr': 5.6385826016996444e-05, 'weight_decay': 9.157161789186824e-06}. Best is trial 11 with value: 0.8016129032258064.\n",
      "WARNING: Maximum number of iterations 32 reached. The mean may be inaccurate\n"
     ]
    },
    {
     "name": "stdout",
     "output_type": "stream",
     "text": [
      "SVD 수렴 문제 발생: SVD did not converge. 계속 진행합니다.\n"
     ]
    },
    {
     "name": "stderr",
     "output_type": "stream",
     "text": [
      "[I 2024-10-08 17:07:47,319] Trial 179 finished with value: 0.6651053864168618 and parameters: {'lr': 0.0009035375116877308, 'weight_decay': 0.0009764441801832635}. Best is trial 11 with value: 0.8016129032258064.\n",
      "WARNING: Maximum number of iterations 32 reached. The mean may be inaccurate\n"
     ]
    },
    {
     "name": "stdout",
     "output_type": "stream",
     "text": [
      "SVD 수렴 문제 발생: SVD did not converge. 계속 진행합니다.\n"
     ]
    },
    {
     "name": "stderr",
     "output_type": "stream",
     "text": [
      "[I 2024-10-08 17:17:38,718] Trial 180 finished with value: 0.7181889149102264 and parameters: {'lr': 0.001966996825754353, 'weight_decay': 0.00011959507675962655}. Best is trial 11 with value: 0.8016129032258064.\n",
      "WARNING: Maximum number of iterations 32 reached. The mean may be inaccurate\n"
     ]
    },
    {
     "name": "stdout",
     "output_type": "stream",
     "text": [
      "SVD 수렴 문제 발생: SVD did not converge. 계속 진행합니다.\n"
     ]
    },
    {
     "name": "stderr",
     "output_type": "stream",
     "text": [
      "[I 2024-10-08 17:27:26,699] Trial 181 finished with value: 0.6830601092896175 and parameters: {'lr': 0.0015199712484669902, 'weight_decay': 0.00017393696851259323}. Best is trial 11 with value: 0.8016129032258064.\n",
      "WARNING: Maximum number of iterations 32 reached. The mean may be inaccurate\n",
      "[I 2024-10-08 17:37:18,689] Trial 182 finished with value: 0.49832915622389307 and parameters: {'lr': 0.002405176808537169, 'weight_decay': 0.00010671337589173003}. Best is trial 11 with value: 0.8016129032258064.\n"
     ]
    },
    {
     "name": "stdout",
     "output_type": "stream",
     "text": [
      "SVD 수렴 문제 발생: SVD did not converge. 계속 진행합니다.\n"
     ]
    },
    {
     "name": "stderr",
     "output_type": "stream",
     "text": [
      "WARNING: Maximum number of iterations 32 reached. The mean may be inaccurate\n"
     ]
    },
    {
     "name": "stdout",
     "output_type": "stream",
     "text": [
      "SVD 수렴 문제 발생: SVD did not converge. 계속 진행합니다.\n"
     ]
    },
    {
     "name": "stderr",
     "output_type": "stream",
     "text": [
      "[I 2024-10-08 17:47:02,533] Trial 183 finished with value: 0.5182539682539683 and parameters: {'lr': 0.004646192169744575, 'weight_decay': 0.0001363582942990065}. Best is trial 11 with value: 0.8016129032258064.\n",
      "WARNING: Maximum number of iterations 32 reached. The mean may be inaccurate\n"
     ]
    },
    {
     "name": "stdout",
     "output_type": "stream",
     "text": [
      "SVD 수렴 문제 발생: SVD did not converge. 계속 진행합니다.\n"
     ]
    },
    {
     "name": "stderr",
     "output_type": "stream",
     "text": [
      "[I 2024-10-08 17:56:55,222] Trial 184 finished with value: 0.7008106116433309 and parameters: {'lr': 0.0019342635849797821, 'weight_decay': 3.1638474707818747e-05}. Best is trial 11 with value: 0.8016129032258064.\n",
      "WARNING: Maximum number of iterations 32 reached. The mean may be inaccurate\n",
      "[I 2024-10-08 18:06:44,864] Trial 185 finished with value: 0.6440281030444965 and parameters: {'lr': 2.5997720455374265e-05, 'weight_decay': 0.00024103986168769198}. Best is trial 11 with value: 0.8016129032258064.\n"
     ]
    },
    {
     "name": "stdout",
     "output_type": "stream",
     "text": [
      "SVD 수렴 문제 발생: SVD did not converge. 계속 진행합니다.\n"
     ]
    },
    {
     "name": "stderr",
     "output_type": "stream",
     "text": [
      "WARNING: Maximum number of iterations 32 reached. The mean may be inaccurate\n",
      "[I 2024-10-08 18:16:32,189] Trial 186 finished with value: 0.6725806451612903 and parameters: {'lr': 1.8816916593167513e-05, 'weight_decay': 0.00018866041007448877}. Best is trial 11 with value: 0.8016129032258064.\n"
     ]
    },
    {
     "name": "stdout",
     "output_type": "stream",
     "text": [
      "SVD 수렴 문제 발생: SVD did not converge. 계속 진행합니다.\n"
     ]
    },
    {
     "name": "stderr",
     "output_type": "stream",
     "text": [
      "WARNING: Maximum number of iterations 32 reached. The mean may be inaccurate\n"
     ]
    },
    {
     "name": "stdout",
     "output_type": "stream",
     "text": [
      "SVD 수렴 문제 발생: SVD did not converge. 계속 진행합니다.\n"
     ]
    },
    {
     "name": "stderr",
     "output_type": "stream",
     "text": [
