      "[I 2024-10-09 07:30:55,586] Trial 267 finished with value: 0.6393442622950819 and parameters: {'lr': 2.4789909977052833e-05, 'weight_decay': 0.000279536675878641}. Best is trial 222 with value: 0.8110850897736144.\n"
     ]
    },
    {
     "name": "stdout",
     "output_type": "stream",
     "text": [
      "SVD 수렴 문제 발생: SVD did not converge. 계속 진행합니다.\n"
     ]
    },
    {
     "name": "stderr",
     "output_type": "stream",
     "text": [
      "WARNING: Maximum number of iterations 32 reached. The mean may be inaccurate\n"
     ]
    },
    {
     "name": "stdout",
     "output_type": "stream",
     "text": [
      "SVD 수렴 문제 발생: SVD did not converge. 계속 진행합니다.\n"
     ]
    },
    {
     "name": "stderr",
     "output_type": "stream",
     "text": [
      "[I 2024-10-09 07:40:41,958] Trial 268 finished with value: 0.5697577276524645 and parameters: {'lr': 2.0297945647017434e-05, 'weight_decay': 2.1745103353150253e-05}. Best is trial 222 with value: 0.8110850897736144.\n",
      "WARNING: Maximum number of iterations 32 reached. The mean may be inaccurate\n"
     ]
    },
    {
     "name": "stdout",
     "output_type": "stream",
     "text": [
      "SVD 수렴 문제 발생: SVD did not converge. 계속 진행합니다.\n"
     ]
    },
    {
     "name": "stderr",
     "output_type": "stream",
     "text": [
      "[I 2024-10-09 07:50:25,971] Trial 269 finished with value: 0.5644028103044496 and parameters: {'lr': 7.762481582242031e-05, 'weight_decay': 0.00022812254103203258}. Best is trial 222 with value: 0.8110850897736144.\n",
      "WARNING: Maximum number of iterations 32 reached. The mean may be inaccurate\n"
     ]
    },
    {
     "name": "stdout",
     "output_type": "stream",
     "text": [
      "SVD 수렴 문제 발생: SVD did not converge. 계속 진행합니다.\n"
     ]
    },
    {
     "name": "stderr",
     "output_type": "stream",
     "text": [
      "[I 2024-10-09 08:00:16,045] Trial 270 finished with value: 0.6096774193548387 and parameters: {'lr': 2.573993587217588e-05, 'weight_decay': 4.019158105862541e-05}. Best is trial 222 with value: 0.8110850897736144.\n",
      "WARNING: Maximum number of iterations 32 reached. The mean may be inaccurate\n"
     ]
    },
    {
     "name": "stdout",
     "output_type": "stream",
     "text": [
      "SVD 수렴 문제 발생: SVD did not converge. 계속 진행합니다.\n"
     ]
    },
    {
     "name": "stderr",
     "output_type": "stream",
     "text": [
      "[I 2024-10-09 08:09:58,652] Trial 271 finished with value: 0.5878220140515222 and parameters: {'lr': 0.00032570200620280913, 'weight_decay': 0.00015146781533924113}. Best is trial 222 with value: 0.8110850897736144.\n",
      "WARNING: Maximum number of iterations 32 reached. The mean may be inaccurate\n"
     ]
    },
    {
     "name": "stdout",
     "output_type": "stream",
     "text": [
      "SVD 수렴 문제 발생: SVD did not converge. 계속 진행합니다.\n"
     ]
    },
    {
     "name": "stderr",
     "output_type": "stream",
     "text": [
      "[I 2024-10-09 08:19:48,347] Trial 272 finished with value: 0.6131996658312449 and parameters: {'lr': 3.614688403730658e-05, 'weight_decay': 2.882579581744788e-05}. Best is trial 222 with value: 0.8110850897736144.\n",
      "WARNING: Maximum number of iterations 32 reached. The mean may be inaccurate\n"
     ]
    },
    {
     "name": "stdout",
     "output_type": "stream",
     "text": [
      "SVD 수렴 문제 발생: SVD did not converge. 계속 진행합니다.\n"
     ]
    },
    {
     "name": "stderr",
     "output_type": "stream",
     "text": [
      "[I 2024-10-09 08:29:34,835] Trial 273 finished with value: 0.6359616801768607 and parameters: {'lr': 0.00010188258028414514, 'weight_decay': 0.00020595488020155658}. Best is trial 222 with value: 0.8110850897736144.\n",
      "WARNING: Maximum number of iterations 32 reached. The mean may be inaccurate\n"
     ]
    },
    {
     "name": "stdout",
     "output_type": "stream",
     "text": [
      "SVD 수렴 문제 발생: SVD did not converge. 계속 진행합니다.\n"
     ]
    },
    {
     "name": "stderr",
     "output_type": "stream",
     "text": [
      "[I 2024-10-09 08:39:21,881] Trial 274 finished with value: 0.6522727272727271 and parameters: {'lr': 1.5526405329887723e-05, 'weight_decay': 0.0025267562995132742}. Best is trial 222 with value: 0.8110850897736144.\n",
      "WARNING: Maximum number of iterations 32 reached. The mean may be inaccurate\n"
     ]
    },
    {
     "name": "stdout",
     "output_type": "stream",
     "text": [
      "SVD 수렴 문제 발생: SVD did not converge. 계속 진행합니다.\n"
     ]
    },
    {
     "name": "stderr",
     "output_type": "stream",
     "text": [
      "[I 2024-10-09 08:49:08,940] Trial 275 finished with value: 0.5833333333333334 and parameters: {'lr': 0.001197855233920588, 'weight_decay': 0.00018224381459018107}. Best is trial 222 with value: 0.8110850897736144.\n",
      "WARNING: Maximum number of iterations 32 reached. The mean may be inaccurate\n"
     ]
    },
    {
     "name": "stdout",
     "output_type": "stream",
     "text": [
      "SVD 수렴 문제 발생: SVD did not converge. 계속 진행합니다.\n"
     ]
    },
    {
     "name": "stderr",
     "output_type": "stream",
     "text": [
      "[I 2024-10-09 08:58:54,163] Trial 276 finished with value: 0.6165413533834586 and parameters: {'lr': 0.0001438392756544985, 'weight_decay': 0.00026180113118917696}. Best is trial 222 with value: 0.8110850897736144.\n",
      "WARNING: Maximum number of iterations 32 reached. The mean may be inaccurate\n"
     ]
    },
    {
     "name": "stdout",
     "output_type": "stream",
     "text": [
      "SVD 수렴 문제 발생: SVD did not converge. 계속 진행합니다.\n"
     ]
    },
    {
     "name": "stderr",
     "output_type": "stream",
     "text": [
      "[I 2024-10-09 09:08:44,443] Trial 277 finished with value: 0.678030303030303 and parameters: {'lr': 1.947969201243875e-05, 'weight_decay': 3.5674957488695776e-05}. Best is trial 222 with value: 0.8110850897736144.\n",
      "WARNING: Maximum number of iterations 32 reached. The mean may be inaccurate\n"
     ]
    },
    {
     "name": "stdout",
     "output_type": "stream",
     "text": [
      "SVD 수렴 문제 발생: SVD did not converge. 계속 진행합니다.\n"
     ]
    },
    {
     "name": "stderr",
     "output_type": "stream",
     "text": [
      "[I 2024-10-09 09:18:33,342] Trial 278 finished with value: 0.6129032258064516 and parameters: {'lr': 1.2083068334865294e-05, 'weight_decay': 0.00013292048916600213}. Best is trial 222 with value: 0.8110850897736144.\n",
      "WARNING: Maximum number of iterations 32 reached. The mean may be inaccurate\n",
      "[I 2024-10-09 09:28:21,277] Trial 279 finished with value: 0.6080645161290323 and parameters: {'lr': 2.9702867424723092e-05, 'weight_decay': 1.5777129301134468e-05}. Best is trial 222 with value: 0.8110850897736144.\n"
     ]
    },
    {
     "name": "stdout",
     "output_type": "stream",
     "text": [
      "SVD 수렴 문제 발생: SVD did not converge. 계속 진행합니다.\n"
     ]
    },
    {
     "name": "stderr",
     "output_type": "stream",
     "text": [
      "WARNING: Maximum number of iterations 32 reached. The mean may be inaccurate\n"
     ]
    },
    {
     "name": "stdout",
     "output_type": "stream",
     "text": [
      "SVD 수렴 문제 발생: SVD did not converge. 계속 진행합니다.\n"
     ]
    },
    {
     "name": "stderr",
     "output_type": "stream",
     "text": [
      "[I 2024-10-09 09:38:06,880] Trial 280 finished with value: 0.6309523809523809 and parameters: {'lr': 2.212099902316743e-05, 'weight_decay': 4.899911382902762e-05}. Best is trial 222 with value: 0.8110850897736144.\n",
      "WARNING: Maximum number of iterations 32 reached. The mean may be inaccurate\n",
      "[I 2024-10-09 09:47:54,262] Trial 281 finished with value: 0.6742424242424242 and parameters: {'lr': 6.600802447322753e-05, 'weight_decay': 0.00018187328965523297}. Best is trial 222 with value: 0.8110850897736144.\n"
     ]
    },
    {
     "name": "stdout",
     "output_type": "stream",
     "text": [
      "SVD 수렴 문제 발생: SVD did not converge. 계속 진행합니다.\n"
     ]
    },
    {
     "name": "stderr",
     "output_type": "stream",
     "text": [
      "WARNING: Maximum number of iterations 32 reached. The mean may be inaccurate\n",
      "[I 2024-10-09 09:57:38,500] Trial 282 finished with value: 0.6798387096774193 and parameters: {'lr': 4.747235506640057e-05, 'weight_decay': 0.00036090963759261664}. Best is trial 222 with value: 0.8110850897736144.\n"
     ]
    },
    {
     "name": "stdout",
     "output_type": "stream",
     "text": [
      "SVD 수렴 문제 발생: SVD did not converge. 계속 진행합니다.\n"
     ]
    },
    {
     "name": "stderr",
     "output_type": "stream",
     "text": [
      "WARNING: Maximum number of iterations 32 reached. The mean may be inaccurate\n"
     ]
    },
    {
     "name": "stdout",
     "output_type": "stream",
     "text": [
      "SVD 수렴 문제 발생: SVD did not converge. 계속 진행합니다.\n"
     ]
    },
    {
     "name": "stderr",
     "output_type": "stream",
     "text": [
      "[I 2024-10-09 10:07:25,063] Trial 283 finished with value: 0.7104838709677419 and parameters: {'lr': 1.7315471692599523e-05, 'weight_decay': 2.431295402796892e-05}. Best is trial 222 with value: 0.8110850897736144.\n",
      "WARNING: Maximum number of iterations 32 reached. The mean may be inaccurate\n"
     ]
    },
    {
     "name": "stdout",
     "output_type": "stream",
     "text": [
      "SVD 수렴 문제 발생: SVD did not converge. 계속 진행합니다.\n"
     ]
    },
    {
     "name": "stderr",
     "output_type": "stream",
     "text": [
      "[I 2024-10-09 10:17:09,687] Trial 284 finished with value: 0.6088709677419355 and parameters: {'lr': 0.0001987521173629844, 'weight_decay': 0.000234941650593864}. Best is trial 222 with value: 0.8110850897736144.\n",
      "WARNING: Maximum number of iterations 32 reached. The mean may be inaccurate\n",
      "[I 2024-10-09 10:27:00,643] Trial 285 finished with value: 0.6712121212121211 and parameters: {'lr': 8.276238277505902e-05, 'weight_decay': 4.0390533556670394e-05}. Best is trial 222 with value: 0.8110850897736144.\n"
     ]
    },
    {
     "name": "stdout",
     "output_type": "stream",
     "text": [
      "SVD 수렴 문제 발생: SVD did not converge. 계속 진행합니다.\n"
     ]
    },
    {
     "name": "stderr",
     "output_type": "stream",
     "text": [
      "WARNING: Maximum number of iterations 32 reached. The mean may be inaccurate\n"
     ]
    },
    {
     "name": "stdout",
     "output_type": "stream",
     "text": [
      "SVD 수렴 문제 발생: SVD did not converge. 계속 진행합니다.\n"
     ]
    },
    {
     "name": "stderr",
     "output_type": "stream",
     "text": [
      "[I 2024-10-09 10:36:47,679] Trial 286 finished with value: 0.6713505074160812 and parameters: {'lr': 1.3964896803351788e-05, 'weight_decay': 9.17005875551671e-06}. Best is trial 222 with value: 0.8110850897736144.\n",
      "WARNING: Maximum number of iterations 32 reached. The mean may be inaccurate\n"
     ]
    },
    {
     "name": "stdout",
     "output_type": "stream",
     "text": [
      "SVD 수렴 문제 발생: SVD did not converge. 계속 진행합니다.\n"
     ]
    },
    {
     "name": "stderr",
     "output_type": "stream",
     "text": [
      "[I 2024-10-09 10:46:32,111] Trial 287 finished with value: 0.5495706479313036 and parameters: {'lr': 0.0001307711271199157, 'weight_decay': 3.363807750874558e-05}. Best is trial 222 with value: 0.8110850897736144.\n",
      "WARNING: Maximum number of iterations 32 reached. The mean may be inaccurate\n"
     ]
    },
    {
     "name": "stdout",
     "output_type": "stream",
     "text": [
      "SVD 수렴 문제 발생: SVD did not converge. 계속 진행합니다.\n"
     ]
    },
    {
     "name": "stderr",
     "output_type": "stream",
     "text": [
      "[I 2024-10-09 10:56:14,940] Trial 288 finished with value: 0.6411201179071482 and parameters: {'lr': 0.0009084396230444031, 'weight_decay': 1.3832668215640705e-05}. Best is trial 222 with value: 0.8110850897736144.\n",
      "WARNING: Maximum number of iterations 32 reached. The mean may be inaccurate\n"
     ]
    },
    {
     "name": "stdout",
     "output_type": "stream",
     "text": [
      "SVD 수렴 문제 발생: SVD did not converge. 계속 진행합니다.\n"
     ]
    },
    {
     "name": "stderr",
     "output_type": "stream",
     "text": [
      "[I 2024-10-09 11:06:03,279] Trial 289 finished with value: 0.6483870967741935 and parameters: {'lr': 2.4049396738078628e-05, 'weight_decay': 1.8263161483957548e-05}. Best is trial 222 with value: 0.8110850897736144.\n",
      "WARNING: Maximum number of iterations 32 reached. The mean may be inaccurate\n"
     ]
    },
    {
     "name": "stdout",
     "output_type": "stream",
     "text": [
      "SVD 수렴 문제 발생: SVD did not converge. 계속 진행합니다.\n"
     ]
    },
    {
     "name": "stderr",
     "output_type": "stream",
     "text": [
      "[I 2024-10-09 11:15:50,648] Trial 290 finished with value: 0.6557377049180328 and parameters: {'lr': 0.00043321305722135445, 'weight_decay': 0.0008404970389950455}. Best is trial 222 with value: 0.8110850897736144.\n",
      "WARNING: Maximum number of iterations 32 reached. The mean may be inaccurate\n"
     ]
    },
    {
     "name": "stdout",
     "output_type": "stream",
     "text": [
      "SVD 수렴 문제 발생: SVD did not converge. 계속 진행합니다.\n"
     ]
    },
    {
     "name": "stderr",
     "output_type": "stream",
     "text": [
      "[I 2024-10-09 11:25:38,301] Trial 291 finished with value: 0.6385636221701795 and parameters: {'lr': 3.208313342837363e-05, 'weight_decay': 0.00015615382782542027}. Best is trial 222 with value: 0.8110850897736144.\n",
      "WARNING: Maximum number of iterations 32 reached. The mean may be inaccurate\n"
     ]
    },
    {
     "name": "stdout",
     "output_type": "stream",
     "text": [
      "SVD 수렴 문제 발생: SVD did not converge. 계속 진행합니다.\n"
     ]
    },
    {
     "name": "stderr",
     "output_type": "stream",
     "text": [
      "[I 2024-10-09 11:35:25,247] Trial 292 finished with value: 0.7050960735171261 and parameters: {'lr': 9.71135850707767e-06, 'weight_decay': 2.7621742960678523e-05}. Best is trial 222 with value: 0.8110850897736144.\n",
      "WARNING: Maximum number of iterations 32 reached. The mean may be inaccurate\n"
     ]
    },
    {
     "name": "stdout",
     "output_type": "stream",
     "text": [
      "SVD 수렴 문제 발생: SVD did not converge. 계속 진행합니다.\n"
     ]
    },
    {
     "name": "stderr",
     "output_type": "stream",
     "text": [
      "[I 2024-10-09 11:45:16,735] Trial 293 finished with value: 0.6416666666666667 and parameters: {'lr': 3.979706119662728e-05, 'weight_decay': 0.00030780787406094065}. Best is trial 222 with value: 0.8110850897736144.\n",
      "WARNING: Maximum number of iterations 32 reached. The mean may be inaccurate\n"
     ]
    },
    {
     "name": "stdout",
     "output_type": "stream",
     "text": [
      "SVD 수렴 문제 발생: SVD did not converge. 계속 진행합니다.\n"
     ]
    },
    {
     "name": "stderr",
     "output_type": "stream",
     "text": [
      "[I 2024-10-09 11:55:10,815] Trial 294 finished with value: 0.7580645161290323 and parameters: {'lr': 9.191868178269163e-05, 'weight_decay': 4.607465018774241e-05}. Best is trial 222 with value: 0.8110850897736144.\n",
      "WARNING: Maximum number of iterations 32 reached. The mean may be inaccurate\n"
     ]
    },
    {
     "name": "stdout",
     "output_type": "stream",
     "text": [
      "SVD 수렴 문제 발생: SVD did not converge. 계속 진행합니다.\n"
     ]
    },
    {
     "name": "stderr",
     "output_type": "stream",
     "text": [
      "[I 2024-10-09 12:04:59,271] Trial 295 finished with value: 0.6713505074160812 and parameters: {'lr': 9.692039698224574e-05, 'weight_decay': 4.9821177821179523e-05}. Best is trial 222 with value: 0.8110850897736144.\n",
      "WARNING: Maximum number of iterations 32 reached. The mean may be inaccurate\n"
     ]
    },
    {
     "name": "stdout",
     "output_type": "stream",
     "text": [
      "SVD 수렴 문제 발생: SVD did not converge. 계속 진행합니다.\n"
     ]
    },
    {
     "name": "stderr",
     "output_type": "stream",
     "text": [
      "[I 2024-10-09 12:14:52,055] Trial 296 finished with value: 0.6260733801717409 and parameters: {'lr': 0.00010754560191068491, 'weight_decay': 0.00021139447739385283}. Best is trial 222 with value: 0.8110850897736144.\n",
      "WARNING: Maximum number of iterations 32 reached. The mean may be inaccurate\n"
     ]
    },
    {
     "name": "stdout",
     "output_type": "stream",
     "text": [
      "SVD 수렴 문제 발생: SVD did not converge. 계속 진행합니다.\n"
     ]
    },
    {
     "name": "stderr",
     "output_type": "stream",
     "text": [
      "[I 2024-10-09 12:24:45,773] Trial 297 finished with value: 0.7378787878787879 and parameters: {'lr': 1.1583450982917908e-05, 'weight_decay': 0.0017986331758675115}. Best is trial 222 with value: 0.8110850897736144.\n",
      "WARNING: Maximum number of iterations 32 reached. The mean may be inaccurate\n"
     ]
    },
    {
     "name": "stdout",
     "output_type": "stream",
     "text": [
      "SVD 수렴 문제 발생: SVD did not converge. 계속 진행합니다.\n"
     ]
    },
    {
     "name": "stderr",
     "output_type": "stream",
     "text": [
      "[I 2024-10-09 12:34:38,383] Trial 298 finished with value: 0.6696969696969697 and parameters: {'lr': 1.1379704082680468e-05, 'weight_decay': 0.006046820966437639}. Best is trial 222 with value: 0.8110850897736144.\n",
      "WARNING: Maximum number of iterations 32 reached. The mean may be inaccurate\n",
      "[I 2024-10-09 12:44:32,082] Trial 299 finished with value: 0.7362903225806451 and parameters: {'lr': 1.3061240980969895e-05, 'weight_decay': 0.00027227174188990626}. Best is trial 222 with value: 0.8110850897736144.\n"
     ]
    },
    {
     "name": "stdout",
     "output_type": "stream",
     "text": [
      "SVD 수렴 문제 발생: SVD did not converge. 계속 진행합니다.\n"
     ]
    },
    {
     "name": "stderr",
     "output_type": "stream",
     "text": [
      "WARNING: Maximum number of iterations 32 reached. The mean may be inaccurate\n"
     ]
    },
    {
     "name": "stdout",
     "output_type": "stream",
     "text": [
      "SVD 수렴 문제 발생: SVD did not converge. 계속 진행합니다.\n"
     ]
    },
    {
     "name": "stderr",
     "output_type": "stream",
     "text": [
      "[I 2024-10-09 12:54:27,790] Trial 300 finished with value: 0.6939890710382514 and parameters: {'lr': 8.936589305924206e-06, 'weight_decay': 0.0039373831882649705}. Best is trial 222 with value: 0.8110850897736144.\n",
      "WARNING: Maximum number of iterations 32 reached. The mean may be inaccurate\n"
     ]
    },
    {
     "name": "stdout",
     "output_type": "stream",
     "text": [
      "SVD 수렴 문제 발생: SVD did not converge. 계속 진행합니다.\n"
     ]
    },
    {
     "name": "stderr",
     "output_type": "stream",
     "text": [
      "[I 2024-10-09 13:04:26,112] Trial 301 finished with value: 0.6994535519125682 and parameters: {'lr': 1.2791165190197812e-05, 'weight_decay': 0.001621806603301566}. Best is trial 222 with value: 0.8110850897736144.\n",
      "WARNING: Maximum number of iterations 32 reached. The mean may be inaccurate\n"
     ]
    },
    {
     "name": "stdout",
     "output_type": "stream",
     "text": [
      "SVD 수렴 문제 발생: SVD did not converge. 계속 진행합니다.\n"
     ]
    },
    {
     "name": "stderr",
     "output_type": "stream",
     "text": [
      "[I 2024-10-09 13:14:25,166] Trial 302 finished with value: 0.7507575757575758 and parameters: {'lr': 1.4174467934131891e-05, 'weight_decay': 0.002233866787420194}. Best is trial 222 with value: 0.8110850897736144.\n",
      "WARNING: Maximum number of iterations 32 reached. The mean may be inaccurate\n"
     ]
    },
    {
     "name": "stdout",
     "output_type": "stream",
     "text": [
      "SVD 수렴 문제 발생: SVD did not converge. 계속 진행합니다.\n"
     ]
    },
    {
     "name": "stderr",
     "output_type": "stream",
     "text": [
      "[I 2024-10-09 13:24:25,591] Trial 303 finished with value: 0.6401639344262294 and parameters: {'lr': 1.108737433930346e-05, 'weight_decay': 0.0017289779237857033}. Best is trial 222 with value: 0.8110850897736144.\n",
      "WARNING: Maximum number of iterations 32 reached. The mean may be inaccurate\n"
     ]
    },
    {
     "name": "stdout",
     "output_type": "stream",
     "text": [
      "SVD 수렴 문제 발생: SVD did not converge. 계속 진행합니다.\n"
     ]
    },
    {
     "name": "stderr",
     "output_type": "stream",
     "text": [
      "[I 2024-10-09 13:34:23,428] Trial 304 finished with value: 0.5136612021857924 and parameters: {'lr': 9.063288679541083e-06, 'weight_decay': 0.0024836665876518723}. Best is trial 222 with value: 0.8110850897736144.\n",
      "WARNING: Maximum number of iterations 32 reached. The mean may be inaccurate\n"
     ]
    },
    {
     "name": "stdout",
     "output_type": "stream",
     "text": [
      "SVD 수렴 문제 발생: SVD did not converge. 계속 진행합니다.\n"
     ]
    },
    {
     "name": "stderr",
     "output_type": "stream",
     "text": [
      "[I 2024-10-09 13:44:20,955] Trial 305 finished with value: 0.6637096774193548 and parameters: {'lr': 1.3358978561872828e-05, 'weight_decay': 0.0002845216790861511}. Best is trial 222 with value: 0.8110850897736144.\n",
      "WARNING: Maximum number of iterations 32 reached. The mean may be inaccurate\n"
     ]
    },
    {
     "name": "stdout",
     "output_type": "stream",
     "text": [
      "SVD 수렴 문제 발생: SVD did not converge. 계속 진행합니다.\n"
     ]
    },
    {
     "name": "stderr",
     "output_type": "stream",
     "text": [
