      "[I 2024-10-05 10:00:12,362] Trial 889 finished with value: 0.6702619414483821 and parameters: {'lr': 2.1053057097690596e-05, 'weight_decay': 0.00048698152738524565}. Best is trial 483 with value: 0.8469945355191256.\n",
      "WARNING: Maximum number of iterations 32 reached. The mean may be inaccurate\n"
     ]
    },
    {
     "name": "stdout",
     "output_type": "stream",
     "text": [
      "SVD 수렴 문제 발생: SVD did not converge. 계속 진행합니다.\n"
     ]
    },
    {
     "name": "stderr",
     "output_type": "stream",
     "text": [
      "[I 2024-10-05 10:04:58,651] Trial 890 finished with value: 0.6900858704137393 and parameters: {'lr': 1.0974107274515688e-05, 'weight_decay': 0.0007097185846710991}. Best is trial 483 with value: 0.8469945355191256.\n",
      "WARNING: Maximum number of iterations 32 reached. The mean may be inaccurate\n"
     ]
    },
    {
     "name": "stdout",
     "output_type": "stream",
     "text": [
      "SVD 수렴 문제 발생: SVD did not converge. 계속 진행합니다.\n"
     ]
    },
    {
     "name": "stderr",
     "output_type": "stream",
     "text": [
      "[I 2024-10-05 10:09:45,119] Trial 891 finished with value: 0.7340909090909091 and parameters: {'lr': 1.3391509725662364e-05, 'weight_decay': 0.0001871853872364224}. Best is trial 483 with value: 0.8469945355191256.\n",
      "WARNING: Maximum number of iterations 32 reached. The mean may be inaccurate\n"
     ]
    },
    {
     "name": "stdout",
     "output_type": "stream",
     "text": [
      "SVD 수렴 문제 발생: SVD did not converge. 계속 진행합니다.\n"
     ]
    },
    {
     "name": "stderr",
     "output_type": "stream",
     "text": [
      "[I 2024-10-05 10:14:30,443] Trial 892 finished with value: 0.681060606060606 and parameters: {'lr': 7.2460328821643865e-06, 'weight_decay': 8.429537310671774e-05}. Best is trial 483 with value: 0.8469945355191256.\n",
      "WARNING: Maximum number of iterations 32 reached. The mean may be inaccurate\n"
     ]
    },
    {
     "name": "stdout",
     "output_type": "stream",
     "text": [
      "SVD 수렴 문제 발생: SVD did not converge. 계속 진행합니다.\n"
     ]
    },
    {
     "name": "stderr",
     "output_type": "stream",
     "text": [
      "[I 2024-10-05 10:19:15,564] Trial 893 finished with value: 0.5987509758001561 and parameters: {'lr': 2.3702307897674717e-05, 'weight_decay': 0.000560282465532886}. Best is trial 483 with value: 0.8469945355191256.\n",
      "WARNING: Maximum number of iterations 32 reached. The mean may be inaccurate\n"
     ]
    },
    {
     "name": "stdout",
     "output_type": "stream",
     "text": [
      "SVD 수렴 문제 발생: SVD did not converge. 계속 진행합니다.\n"
     ]
    },
    {
     "name": "stderr",
     "output_type": "stream",
     "text": [
      "[I 2024-10-05 10:24:01,142] Trial 894 finished with value: 0.6666666666666667 and parameters: {'lr': 2.7620685667092856e-05, 'weight_decay': 0.00044576793252333076}. Best is trial 483 with value: 0.8469945355191256.\n",
      "WARNING: Maximum number of iterations 32 reached. The mean may be inaccurate\n"
     ]
    },
    {
     "name": "stdout",
     "output_type": "stream",
     "text": [
      "SVD 수렴 문제 발생: SVD did not converge. 계속 진행합니다.\n"
     ]
    },
    {
     "name": "stderr",
     "output_type": "stream",
     "text": [
      "[I 2024-10-05 10:28:46,101] Trial 895 finished with value: 0.5830645161290322 and parameters: {'lr': 1.8561468749676567e-05, 'weight_decay': 0.0007730975420673301}. Best is trial 483 with value: 0.8469945355191256.\n",
      "WARNING: Maximum number of iterations 32 reached. The mean may be inaccurate\n"
     ]
    },
    {
     "name": "stdout",
     "output_type": "stream",
     "text": [
      "SVD 수렴 문제 발생: SVD did not converge. 계속 진행합니다.\n"
     ]
    },
    {
     "name": "stderr",
     "output_type": "stream",
     "text": [
      "[I 2024-10-05 10:33:32,782] Trial 896 finished with value: 0.5697577276524645 and parameters: {'lr': 3.4451383183569483e-06, 'weight_decay': 0.0006288545639755753}. Best is trial 483 with value: 0.8469945355191256.\n",
      "WARNING: Maximum number of iterations 32 reached. The mean may be inaccurate\n"
     ]
    },
    {
     "name": "stdout",
     "output_type": "stream",
     "text": [
      "SVD 수렴 문제 발생: SVD did not converge. 계속 진행합니다.\n"
     ]
    },
    {
     "name": "stderr",
     "output_type": "stream",
     "text": [
      "[I 2024-10-05 10:38:19,670] Trial 897 finished with value: 0.728813559322034 and parameters: {'lr': 9.994204252333989e-06, 'weight_decay': 0.0008466292818578633}. Best is trial 483 with value: 0.8469945355191256.\n",
      "WARNING: Maximum number of iterations 32 reached. The mean may be inaccurate\n"
     ]
    },
    {
     "name": "stdout",
     "output_type": "stream",
     "text": [
      "SVD 수렴 문제 발생: SVD did not converge. 계속 진행합니다.\n"
     ]
    },
    {
     "name": "stderr",
     "output_type": "stream",
     "text": [
      "WARNING: Maximum number of iterations 32 reached. The mean may be inaccurate\n"
     ]
    },
    {
     "name": "stdout",
     "output_type": "stream",
     "text": [
      "SVD 수렴 문제 발생: SVD did not converge. 계속 진행합니다.\n"
     ]
    },
    {
     "name": "stderr",
     "output_type": "stream",
     "text": [
      "[I 2024-10-05 10:47:51,874] Trial 899 finished with value: 0.5379513633014 and parameters: {'lr': 2.4172903409529353e-05, 'weight_decay': 0.0004143413757838738}. Best is trial 483 with value: 0.8469945355191256.\n",
      "WARNING: Maximum number of iterations 32 reached. The mean may be inaccurate\n"
     ]
    },
    {
     "name": "stdout",
     "output_type": "stream",
     "text": [
      "SVD 수렴 문제 발생: SVD did not converge. 계속 진행합니다.\n"
     ]
    },
    {
     "name": "stderr",
     "output_type": "stream",
     "text": [
      "[I 2024-10-05 10:52:37,920] Trial 900 finished with value: 0.59375 and parameters: {'lr': 3.003428652912839e-05, 'weight_decay': 0.0006853109442932208}. Best is trial 483 with value: 0.8469945355191256.\n",
      "WARNING: Maximum number of iterations 32 reached. The mean may be inaccurate\n"
     ]
    },
    {
     "name": "stdout",
     "output_type": "stream",
     "text": [
      "SVD 수렴 문제 발생: SVD did not converge. 계속 진행합니다.\n"
     ]
    },
    {
     "name": "stderr",
     "output_type": "stream",
     "text": [
      "[I 2024-10-05 10:57:22,963] Trial 901 finished with value: 0.6892230576441103 and parameters: {'lr': 2.0257466382294078e-05, 'weight_decay': 0.0009275589758582056}. Best is trial 483 with value: 0.8469945355191256.\n",
      "WARNING: Maximum number of iterations 32 reached. The mean may be inaccurate\n"
     ]
    },
    {
     "name": "stdout",
     "output_type": "stream",
     "text": [
      "SVD 수렴 문제 발생: SVD did not converge. 계속 진행합니다.\n"
     ]
    },
    {
     "name": "stderr",
     "output_type": "stream",
     "text": [
      "[I 2024-10-05 11:02:08,652] Trial 902 finished with value: 0.5932864949258392 and parameters: {'lr': 4.83589605584914e-06, 'weight_decay': 0.0005355802311139432}. Best is trial 483 with value: 0.8469945355191256.\n",
      "WARNING: Maximum number of iterations 32 reached. The mean may be inaccurate\n"
     ]
    },
    {
     "name": "stdout",
     "output_type": "stream",
     "text": [
      "SVD 수렴 문제 발생: SVD did not converge. 계속 진행합니다.\n"
     ]
    },
    {
     "name": "stderr",
     "output_type": "stream",
     "text": [
      "[I 2024-10-05 11:06:55,205] Trial 903 finished with value: 0.6416861826697892 and parameters: {'lr': 0.0006278215505051925, 'weight_decay': 0.0003597859295922252}. Best is trial 483 with value: 0.8469945355191256.\n",
      "WARNING: Maximum number of iterations 32 reached. The mean may be inaccurate\n"
     ]
    },
    {
     "name": "stdout",
     "output_type": "stream",
     "text": [
      "SVD 수렴 문제 발생: SVD did not converge. 계속 진행합니다.\n"
     ]
    },
    {
     "name": "stderr",
     "output_type": "stream",
     "text": [
      "[I 2024-10-05 11:11:42,036] Trial 904 finished with value: 0.5689393939393941 and parameters: {'lr': 2.5353979830775225e-05, 'weight_decay': 0.0006219990933745831}. Best is trial 483 with value: 0.8469945355191256.\n",
      "WARNING: Maximum number of iterations 32 reached. The mean may be inaccurate\n",
      "[I 2024-10-05 11:16:30,273] Trial 905 finished with value: 0.5268975681650699 and parameters: {'lr': 1.5360857292492125e-05, 'weight_decay': 0.0007556178186775569}. Best is trial 483 with value: 0.8469945355191256.\n"
     ]
    },
    {
     "name": "stdout",
     "output_type": "stream",
     "text": [
      "SVD 수렴 문제 발생: SVD did not converge. 계속 진행합니다.\n"
     ]
    },
    {
     "name": "stderr",
     "output_type": "stream",
     "text": [
      "WARNING: Maximum number of iterations 32 reached. The mean may be inaccurate\n",
      "[I 2024-10-05 11:21:17,179] Trial 906 finished with value: 0.5750000000000001 and parameters: {'lr': 1.3590076918246455e-06, 'weight_decay': 0.0009813461876065485}. Best is trial 483 with value: 0.8469945355191256.\n"
     ]
    },
    {
     "name": "stdout",
     "output_type": "stream",
     "text": [
      "SVD 수렴 문제 발생: SVD did not converge. 계속 진행합니다.\n"
     ]
    },
    {
     "name": "stderr",
     "output_type": "stream",
     "text": [
      "WARNING: Maximum number of iterations 32 reached. The mean may be inaccurate\n"
     ]
    },
    {
     "name": "stdout",
     "output_type": "stream",
     "text": [
      "SVD 수렴 문제 발생: SVD did not converge. 계속 진행합니다.\n"
     ]
    },
    {
     "name": "stderr",
     "output_type": "stream",
     "text": [
      "[I 2024-10-05 11:26:02,744] Trial 907 finished with value: 0.7435519528371407 and parameters: {'lr': 0.00030996597348754897, 'weight_decay': 0.0001401587401873008}. Best is trial 483 with value: 0.8469945355191256.\n",
      "WARNING: Maximum number of iterations 32 reached. The mean may be inaccurate\n"
     ]
    },
    {
     "name": "stdout",
     "output_type": "stream",
     "text": [
      "SVD 수렴 문제 발생: SVD did not converge. 계속 진행합니다.\n"
     ]
    },
    {
     "name": "stderr",
     "output_type": "stream",
     "text": [
      "[I 2024-10-05 11:30:49,045] Trial 908 finished with value: 0.6037878787878788 and parameters: {'lr': 3.468660412622522e-05, 'weight_decay': 0.0004687132618936047}. Best is trial 483 with value: 0.8469945355191256.\n",
      "WARNING: Maximum number of iterations 32 reached. The mean may be inaccurate\n"
     ]
    },
    {
     "name": "stdout",
     "output_type": "stream",
     "text": [
      "SVD 수렴 문제 발생: SVD did not converge. 계속 진행합니다.\n"
     ]
    },
    {
     "name": "stderr",
     "output_type": "stream",
     "text": [
      "[I 2024-10-05 11:35:36,061] Trial 909 finished with value: 0.6221311475409836 and parameters: {'lr': 0.0008359608584347042, 'weight_decay': 0.0007806335129963398}. Best is trial 483 with value: 0.8469945355191256.\n",
      "WARNING: Maximum number of iterations 32 reached. The mean may be inaccurate\n"
     ]
    },
    {
     "name": "stdout",
     "output_type": "stream",
     "text": [
      "SVD 수렴 문제 발생: SVD did not converge. 계속 진행합니다.\n"
     ]
    },
    {
     "name": "stderr",
     "output_type": "stream",
     "text": [
      "[I 2024-10-05 11:40:22,626] Trial 910 finished with value: 0.7818181818181817 and parameters: {'lr': 0.0005022909496825896, 'weight_decay': 0.0005885852249779698}. Best is trial 483 with value: 0.8469945355191256.\n",
      "WARNING: Maximum number of iterations 32 reached. The mean may be inaccurate\n",
      "[I 2024-10-05 11:45:11,302] Trial 911 finished with value: 0.6266129032258065 and parameters: {'lr': 0.0006511488676243066, 'weight_decay': 0.0006110925186320655}. Best is trial 483 with value: 0.8469945355191256.\n"
     ]
    },
    {
     "name": "stdout",
     "output_type": "stream",
     "text": [
      "SVD 수렴 문제 발생: SVD did not converge. 계속 진행합니다.\n"
     ]
    },
    {
     "name": "stderr",
     "output_type": "stream",
     "text": [
      "WARNING: Maximum number of iterations 32 reached. The mean may be inaccurate\n"
     ]
    },
    {
     "name": "stdout",
     "output_type": "stream",
     "text": [
      "SVD 수렴 문제 발생: SVD did not converge. 계속 진행합니다.\n"
     ]
    },
    {
     "name": "stderr",
     "output_type": "stream",
     "text": [
      "[I 2024-10-05 11:49:57,136] Trial 912 finished with value: 0.7291178766588602 and parameters: {'lr': 0.0004415285441764913, 'weight_decay': 0.0009062330717729299}. Best is trial 483 with value: 0.8469945355191256.\n",
      "[I 2024-10-05 11:54:43,002] Trial 913 finished with value: 0.6048387096774194 and parameters: {'lr': 0.0007070211821810832, 'weight_decay': 0.007095569430529007}. Best is trial 483 with value: 0.8469945355191256.\n",
      "WARNING: Maximum number of iterations 32 reached. The mean may be inaccurate\n"
     ]
    },
    {
     "name": "stdout",
     "output_type": "stream",
     "text": [
      "SVD 수렴 문제 발생: SVD did not converge. 계속 진행합니다.\n"
     ]
    },
    {
     "name": "stderr",
     "output_type": "stream",
     "text": [
      "[I 2024-10-05 11:59:30,032] Trial 914 finished with value: 0.6340852130325815 and parameters: {'lr': 0.0005511332988163874, 'weight_decay': 0.002156170538609481}. Best is trial 483 with value: 0.8469945355191256.\n",
      "WARNING: Maximum number of iterations 32 reached. The mean may be inaccurate\n"
     ]
    },
    {
     "name": "stdout",
     "output_type": "stream",
     "text": [
      "SVD 수렴 문제 발생: SVD did not converge. 계속 진행합니다.\n"
     ]
    },
    {
     "name": "stderr",
     "output_type": "stream",
     "text": [
      "[I 2024-10-05 12:04:16,806] Trial 915 finished with value: 0.6157059314954051 and parameters: {'lr': 1.7773640961601192e-05, 'weight_decay': 0.0005432024881443976}. Best is trial 483 with value: 0.8469945355191256.\n",
      "WARNING: Maximum number of iterations 32 reached. The mean may be inaccurate\n"
     ]
    },
    {
     "name": "stdout",
     "output_type": "stream",
     "text": [
      "SVD 수렴 문제 발생: SVD did not converge. 계속 진행합니다.\n"
     ]
    },
    {
     "name": "stderr",
     "output_type": "stream",
     "text": [
      "[I 2024-10-05 12:09:04,473] Trial 916 finished with value: 0.5339578454332552 and parameters: {'lr': 0.0004680578926187275, 'weight_decay': 0.0002862623252304078}. Best is trial 483 with value: 0.8469945355191256.\n",
      "WARNING: Maximum number of iterations 32 reached. The mean may be inaccurate\n"
     ]
    },
    {
     "name": "stdout",
     "output_type": "stream",
     "text": [
      "SVD 수렴 문제 발생: SVD did not converge. 계속 진행합니다.\n"
     ]
    },
    {
     "name": "stderr",
     "output_type": "stream",
     "text": [
      "[I 2024-10-05 12:13:48,677] Trial 917 finished with value: 0.5620608899297423 and parameters: {'lr': 0.0013538915684153166, 'weight_decay': 0.0007053284130053075}. Best is trial 483 with value: 0.8469945355191256.\n",
      "WARNING: Maximum number of iterations 32 reached. The mean may be inaccurate\n"
     ]
    },
    {
     "name": "stdout",
     "output_type": "stream",
     "text": [
      "SVD 수렴 문제 발생: SVD did not converge. 계속 진행합니다.\n"
     ]
    },
    {
     "name": "stderr",
     "output_type": "stream",
     "text": [
      "[I 2024-10-05 12:18:36,361] Trial 918 finished with value: 0.6291959406713505 and parameters: {'lr': 2.9965994072583897e-05, 'weight_decay': 0.0010821955928984179}. Best is trial 483 with value: 0.8469945355191256.\n",
      "WARNING: Maximum number of iterations 32 reached. The mean may be inaccurate\n"
     ]
    },
    {
     "name": "stdout",
     "output_type": "stream",
     "text": [
      "SVD 수렴 문제 발생: SVD did not converge. 계속 진행합니다.\n"
     ]
    },
    {
     "name": "stderr",
     "output_type": "stream",
     "text": [
      "[I 2024-10-05 12:23:23,778] Trial 919 finished with value: 0.6080645161290323 and parameters: {'lr': 2.141006997035802e-05, 'weight_decay': 0.0008045797867355375}. Best is trial 483 with value: 0.8469945355191256.\n",
      "WARNING: Maximum number of iterations 32 reached. The mean may be inaccurate\n",
      "[I 2024-10-05 12:28:12,246] Trial 920 finished with value: 0.6431818181818181 and parameters: {'lr': 0.0009860434440500116, 'weight_decay': 0.00021512665714499166}. Best is trial 483 with value: 0.8469945355191256.\n"
     ]
    },
    {
     "name": "stdout",
     "output_type": "stream",
     "text": [
      "SVD 수렴 문제 발생: SVD did not converge. 계속 진행합니다.\n"
     ]
    },
    {
     "name": "stderr",
     "output_type": "stream",
     "text": [
      "WARNING: Maximum number of iterations 32 reached. The mean may be inaccurate\n"
     ]
    },
    {
     "name": "stdout",
     "output_type": "stream",
     "text": [
      "SVD 수렴 문제 발생: SVD did not converge. 계속 진행합니다.\n"
     ]
    },
    {
     "name": "stderr",
     "output_type": "stream",
     "text": [
      "[I 2024-10-05 12:33:00,260] Trial 921 finished with value: 0.5880619012527635 and parameters: {'lr': 5.81684148914144e-06, 'weight_decay': 0.00048544730247149004}. Best is trial 483 with value: 0.8469945355191256.\n",
      "WARNING: Maximum number of iterations 32 reached. The mean may be inaccurate\n"
     ]
    },
    {
     "name": "stdout",
     "output_type": "stream",
     "text": [
      "SVD 수렴 문제 발생: SVD did not converge. 계속 진행합니다.\n"
     ]
    },
    {
     "name": "stderr",
     "output_type": "stream",
     "text": [
      "[I 2024-10-05 12:37:49,174] Trial 922 finished with value: 0.5371212121212121 and parameters: {'lr': 2.8551177874456755e-06, 'weight_decay': 0.0014444954796753178}. Best is trial 483 with value: 0.8469945355191256.\n",
      "WARNING: Maximum number of iterations 32 reached. The mean may be inaccurate\n"
     ]
    },
    {
     "name": "stdout",
     "output_type": "stream",
     "text": [
      "SVD 수렴 문제 발생: SVD did not converge. 계속 진행합니다.\n"
     ]
    },
    {
     "name": "stderr",
     "output_type": "stream",
     "text": [
      "[I 2024-10-05 12:42:37,891] Trial 923 finished with value: 0.6440677966101696 and parameters: {'lr': 3.644538615465641e-05, 'weight_decay': 0.0006527857252119803}. Best is trial 483 with value: 0.8469945355191256.\n",
      "WARNING: Maximum number of iterations 32 reached. The mean may be inaccurate\n"
     ]
    },
    {
     "name": "stdout",
     "output_type": "stream",
     "text": [
      "SVD 수렴 문제 발생: SVD did not converge. 계속 진행합니다.\n"
     ]
    },
    {
     "name": "stderr",
     "output_type": "stream",
     "text": [
      "[I 2024-10-05 12:47:25,816] Trial 924 finished with value: 0.7284878863826232 and parameters: {'lr': 0.0005113472543813385, 'weight_decay': 0.000124133421540864}. Best is trial 483 with value: 0.8469945355191256.\n",
      "WARNING: Maximum number of iterations 32 reached. The mean may be inaccurate\n",
      "[I 2024-10-05 12:52:15,676] Trial 925 finished with value: 0.6427419354838709 and parameters: {'lr': 1.2773601971077507e-05, 'weight_decay': 0.00040035889860211933}. Best is trial 483 with value: 0.8469945355191256.\n"
     ]
    },
    {
     "name": "stdout",
     "output_type": "stream",
     "text": [
      "SVD 수렴 문제 발생: SVD did not converge. 계속 진행합니다.\n"
     ]
    },
    {
     "name": "stderr",
     "output_type": "stream",
     "text": [
      "WARNING: Maximum number of iterations 32 reached. The mean may be inaccurate\n"
     ]
    },
    {
     "name": "stdout",
     "output_type": "stream",
     "text": [
      "SVD 수렴 문제 발생: SVD did not converge. 계속 진행합니다.\n"
     ]
    },
    {
     "name": "stderr",
     "output_type": "stream",
     "text": [
      "[I 2024-10-05 12:57:03,018] Trial 926 finished with value: 0.6386363636363637 and parameters: {'lr': 2.5272606196351662e-05, 'weight_decay': 0.0008852065549017781}. Best is trial 483 with value: 0.8469945355191256.\n",
      "WARNING: Maximum number of iterations 32 reached. The mean may be inaccurate\n"
     ]
    },
    {
     "name": "stdout",
     "output_type": "stream",
     "text": [
      "SVD 수렴 문제 발생: SVD did not converge. 계속 진행합니다.\n"
     ]
    },
    {
     "name": "stderr",
     "output_type": "stream",
     "text": [
      "[I 2024-10-05 13:01:51,087] Trial 927 finished with value: 0.6775956284153005 and parameters: {'lr': 2.1384918477583032e-05, 'weight_decay': 0.00017325766914373338}. Best is trial 483 with value: 0.8469945355191256.\n",
      "WARNING: Maximum number of iterations 32 reached. The mean may be inaccurate\n"
     ]
    },
    {
     "name": "stdout",
     "output_type": "stream",
     "text": [
      "SVD 수렴 문제 발생: SVD did not converge. 계속 진행합니다.\n"
     ]
    },
    {
     "name": "stderr",
     "output_type": "stream",
     "text": [
      "[I 2024-10-05 13:06:39,975] Trial 928 finished with value: 0.65807962529274 and parameters: {'lr': 2.9824487803160483e-05, 'weight_decay': 0.00010629417551861789}. Best is trial 483 with value: 0.8469945355191256.\n",
      "WARNING: Maximum number of iterations 32 reached. The mean may be inaccurate\n"
     ]
    },
    {
     "name": "stdout",
     "output_type": "stream",
     "text": [
      "SVD 수렴 문제 발생: SVD did not converge. 계속 진행합니다.\n"
     ]
    },
    {
     "name": "stderr",
     "output_type": "stream",
     "text": [
      "[I 2024-10-05 13:11:27,666] Trial 929 finished with value: 0.6053030303030302 and parameters: {'lr': 3.996873082617585e-06, 'weight_decay': 0.0005494883153771918}. Best is trial 483 with value: 0.8469945355191256.\n",
      "WARNING: Maximum number of iterations 32 reached. The mean may be inaccurate\n"
     ]
    },
    {
     "name": "stdout",
     "output_type": "stream",
     "text": [
      "SVD 수렴 문제 발생: SVD did not converge. 계속 진행합니다.\n"
     ]
    },
    {
     "name": "stderr",
     "output_type": "stream",
     "text": [
