      "[I 2024-10-01 08:40:31,556] Trial 75 finished with value: 0.6924242424242424 and parameters: {'lr': 0.00048576014521736706, 'weight_decay': 0.0028777421093303312}. Best is trial 45 with value: 0.7403225806451613.\n",
      "WARNING: Maximum number of iterations 32 reached. The mean may be inaccurate\n"
     ]
    },
    {
     "name": "stdout",
     "output_type": "stream",
     "text": [
      "SVD 수렴 문제 발생: SVD did not converge. 계속 진행합니다.\n"
     ]
    },
    {
     "name": "stderr",
     "output_type": "stream",
     "text": [
      "[I 2024-10-01 08:45:55,808] Trial 76 finished with value: 0.6901515151515151 and parameters: {'lr': 0.00015685175243457608, 'weight_decay': 0.0013335460755810082}. Best is trial 45 with value: 0.7403225806451613.\n",
      "WARNING: Maximum number of iterations 32 reached. The mean may be inaccurate\n"
     ]
    },
    {
     "name": "stdout",
     "output_type": "stream",
     "text": [
      "SVD 수렴 문제 발생: SVD did not converge. 계속 진행합니다.\n"
     ]
    },
    {
     "name": "stderr",
     "output_type": "stream",
     "text": [
      "[I 2024-10-01 08:51:19,937] Trial 77 finished with value: 0.5565964090554254 and parameters: {'lr': 0.00023077320847552954, 'weight_decay': 0.000159089234143428}. Best is trial 45 with value: 0.7403225806451613.\n",
      "WARNING: Maximum number of iterations 32 reached. The mean may be inaccurate\n"
     ]
    },
    {
     "name": "stdout",
     "output_type": "stream",
     "text": [
      "SVD 수렴 문제 발생: SVD did not converge. 계속 진행합니다.\n"
     ]
    },
    {
     "name": "stderr",
     "output_type": "stream",
     "text": [
      "[I 2024-10-01 08:56:45,739] Trial 78 finished with value: 0.5003684598378777 and parameters: {'lr': 0.00010502029050157757, 'weight_decay': 6.619252040014596e-05}. Best is trial 45 with value: 0.7403225806451613.\n",
      "WARNING: Maximum number of iterations 32 reached. The mean may be inaccurate\n"
     ]
    },
    {
     "name": "stdout",
     "output_type": "stream",
     "text": [
      "SVD 수렴 문제 발생: SVD did not converge. 계속 진행합니다.\n"
     ]
    },
    {
     "name": "stderr",
     "output_type": "stream",
     "text": [
      "[I 2024-10-01 09:02:11,496] Trial 79 finished with value: 0.5939393939393939 and parameters: {'lr': 0.0003306289591665271, 'weight_decay': 0.0007368499145255805}. Best is trial 45 with value: 0.7403225806451613.\n",
      "WARNING: Maximum number of iterations 32 reached. The mean may be inaccurate\n"
     ]
    },
    {
     "name": "stdout",
     "output_type": "stream",
     "text": [
      "SVD 수렴 문제 발생: SVD did not converge. 계속 진행합니다.\n"
     ]
    },
    {
     "name": "stderr",
     "output_type": "stream",
     "text": [
      "[I 2024-10-01 09:07:36,673] Trial 80 finished with value: 0.5403225806451614 and parameters: {'lr': 0.0006316070499497721, 'weight_decay': 9.444291986676989e-05}. Best is trial 45 with value: 0.7403225806451613.\n",
      "WARNING: Maximum number of iterations 32 reached. The mean may be inaccurate\n",
      "[I 2024-10-01 09:13:02,237] Trial 81 finished with value: 0.608695652173913 and parameters: {'lr': 0.000920126436243492, 'weight_decay': 0.007419118376550607}. Best is trial 45 with value: 0.7403225806451613.\n"
     ]
    },
    {
     "name": "stdout",
     "output_type": "stream",
     "text": [
      "SVD 수렴 문제 발생: SVD did not converge. 계속 진행합니다.\n"
     ]
    },
    {
     "name": "stderr",
     "output_type": "stream",
     "text": [
      "WARNING: Maximum number of iterations 32 reached. The mean may be inaccurate\n"
     ]
    },
    {
     "name": "stdout",
     "output_type": "stream",
     "text": [
      "SVD 수렴 문제 발생: SVD did not converge. 계속 진행합니다.\n"
     ]
    },
    {
     "name": "stderr",
     "output_type": "stream",
     "text": [
      "[I 2024-10-01 09:18:23,845] Trial 82 finished with value: 0.6159090909090909 and parameters: {'lr': 0.0015706436517699286, 'weight_decay': 1.1215393637960421e-06}. Best is trial 45 with value: 0.7403225806451613.\n",
      "WARNING: Maximum number of iterations 32 reached. The mean may be inaccurate\n"
     ]
    },
    {
     "name": "stdout",
     "output_type": "stream",
     "text": [
      "SVD 수렴 문제 발생: SVD did not converge. 계속 진행합니다.\n"
     ]
    },
    {
     "name": "stderr",
     "output_type": "stream",
     "text": [
      "[I 2024-10-01 09:23:49,450] Trial 83 finished with value: 0.674884437596302 and parameters: {'lr': 0.0004373532377512702, 'weight_decay': 0.002046747155395055}. Best is trial 45 with value: 0.7403225806451613.\n",
      "WARNING: Maximum number of iterations 32 reached. The mean may be inaccurate\n"
     ]
    },
    {
     "name": "stdout",
     "output_type": "stream",
     "text": [
      "SVD 수렴 문제 발생: SVD did not converge. 계속 진행합니다.\n"
     ]
    },
    {
     "name": "stderr",
     "output_type": "stream",
     "text": [
      "[I 2024-10-01 09:29:10,405] Trial 84 finished with value: 0.601639344262295 and parameters: {'lr': 0.003177696524117694, 'weight_decay': 0.0030876753934333634}. Best is trial 45 with value: 0.7403225806451613.\n",
      "WARNING: Maximum number of iterations 32 reached. The mean may be inaccurate\n"
     ]
    },
    {
     "name": "stdout",
     "output_type": "stream",
     "text": [
      "SVD 수렴 문제 발생: SVD did not converge. 계속 진행합니다.\n"
     ]
    },
    {
     "name": "stderr",
     "output_type": "stream",
     "text": [
      "[I 2024-10-01 09:34:35,335] Trial 85 finished with value: 0.6515873015873015 and parameters: {'lr': 0.0007169278042507042, 'weight_decay': 0.0003507348767184281}. Best is trial 45 with value: 0.7403225806451613.\n",
      "WARNING: Maximum number of iterations 32 reached. The mean may be inaccurate\n"
     ]
    },
    {
     "name": "stdout",
     "output_type": "stream",
     "text": [
      "SVD 수렴 문제 발생: SVD did not converge. 계속 진행합니다.\n"
     ]
    },
    {
     "name": "stderr",
     "output_type": "stream",
     "text": [
      "[I 2024-10-01 09:40:01,383] Trial 86 finished with value: 0.5898078529657478 and parameters: {'lr': 0.00025171712516009105, 'weight_decay': 0.0004635828169158737}. Best is trial 45 with value: 0.7403225806451613.\n",
      "WARNING: Maximum number of iterations 32 reached. The mean may be inaccurate\n"
     ]
    },
    {
     "name": "stdout",
     "output_type": "stream",
     "text": [
      "SVD 수렴 문제 발생: SVD did not converge. 계속 진행합니다.\n"
     ]
    },
    {
     "name": "stderr",
     "output_type": "stream",
     "text": [
      "[I 2024-10-01 09:45:26,762] Trial 87 finished with value: 0.6000000000000001 and parameters: {'lr': 0.00018800020825194768, 'weight_decay': 0.0025679181539854322}. Best is trial 45 with value: 0.7403225806451613.\n",
      "WARNING: Maximum number of iterations 32 reached. The mean may be inaccurate\n"
     ]
    },
    {
     "name": "stdout",
     "output_type": "stream",
     "text": [
      "SVD 수렴 문제 발생: SVD did not converge. 계속 진행합니다.\n"
     ]
    },
    {
     "name": "stderr",
     "output_type": "stream",
     "text": [
      "[I 2024-10-01 09:50:52,623] Trial 88 finished with value: 0.5778120184899846 and parameters: {'lr': 0.0003222417371878588, 'weight_decay': 0.005963452801437664}. Best is trial 45 with value: 0.7403225806451613.\n",
      "WARNING: Maximum number of iterations 32 reached. The mean may be inaccurate\n"
     ]
    },
    {
     "name": "stdout",
     "output_type": "stream",
     "text": [
      "SVD 수렴 문제 발생: SVD did not converge. 계속 진행합니다.\n"
     ]
    },
    {
     "name": "stderr",
     "output_type": "stream",
     "text": [
      "[I 2024-10-01 09:56:18,897] Trial 89 finished with value: 0.5975806451612904 and parameters: {'lr': 8.906014856743883e-05, 'weight_decay': 0.0011046839012455358}. Best is trial 45 with value: 0.7403225806451613.\n",
      "WARNING: Maximum number of iterations 32 reached. The mean may be inaccurate\n"
     ]
    },
    {
     "name": "stdout",
     "output_type": "stream",
     "text": [
      "SVD 수렴 문제 발생: SVD did not converge. 계속 진행합니다.\n"
     ]
    },
    {
     "name": "stderr",
     "output_type": "stream",
     "text": [
      "[I 2024-10-01 10:01:44,891] Trial 90 finished with value: 0.7746031746031746 and parameters: {'lr': 0.001149492537311773, 'weight_decay': 0.00013130101032832327}. Best is trial 90 with value: 0.7746031746031746.\n",
      "WARNING: Maximum number of iterations 32 reached. The mean may be inaccurate\n"
     ]
    },
    {
     "name": "stdout",
     "output_type": "stream",
     "text": [
      "SVD 수렴 문제 발생: SVD did not converge. 계속 진행합니다.\n"
     ]
    },
    {
     "name": "stderr",
     "output_type": "stream",
     "text": [
      "[I 2024-10-01 10:07:10,945] Trial 91 finished with value: 0.5901639344262295 and parameters: {'lr': 0.0010496395420836464, 'weight_decay': 0.0002397134896076241}. Best is trial 90 with value: 0.7746031746031746.\n",
      "WARNING: Maximum number of iterations 32 reached. The mean may be inaccurate\n"
     ]
    },
    {
     "name": "stdout",
     "output_type": "stream",
     "text": [
      "SVD 수렴 문제 발생: SVD did not converge. 계속 진행합니다.\n"
     ]
    },
    {
     "name": "stderr",
     "output_type": "stream",
     "text": [
      "[I 2024-10-01 10:12:36,075] Trial 92 finished with value: 0.4769711163153786 and parameters: {'lr': 0.002192700527410017, 'weight_decay': 0.00013400500535277712}. Best is trial 90 with value: 0.7746031746031746.\n",
      "WARNING: Maximum number of iterations 32 reached. The mean may be inaccurate\n"
     ]
    },
    {
     "name": "stdout",
     "output_type": "stream",
     "text": [
      "SVD 수렴 문제 발생: SVD did not converge. 계속 진행합니다.\n"
     ]
    },
    {
     "name": "stderr",
     "output_type": "stream",
     "text": [
      "[I 2024-10-01 10:18:02,565] Trial 93 finished with value: 0.5917464996315402 and parameters: {'lr': 0.0013943955286126895, 'weight_decay': 0.00012723722242651456}. Best is trial 90 with value: 0.7746031746031746.\n",
      "WARNING: Maximum number of iterations 32 reached. The mean may be inaccurate\n"
     ]
    },
    {
     "name": "stdout",
     "output_type": "stream",
     "text": [
      "SVD 수렴 문제 발생: SVD did not converge. 계속 진행합니다.\n"
     ]
    },
    {
     "name": "stderr",
     "output_type": "stream",
     "text": [
      "[I 2024-10-01 10:23:31,799] Trial 94 finished with value: 0.6830601092896175 and parameters: {'lr': 0.0005338864397834564, 'weight_decay': 0.00028697819080481315}. Best is trial 90 with value: 0.7746031746031746.\n",
      "WARNING: Maximum number of iterations 32 reached. The mean may be inaccurate\n"
     ]
    },
    {
     "name": "stdout",
     "output_type": "stream",
     "text": [
      "SVD 수렴 문제 발생: SVD did not converge. 계속 진행합니다.\n"
     ]
    },
    {
     "name": "stderr",
     "output_type": "stream",
     "text": [
      "[I 2024-10-01 10:29:01,765] Trial 95 finished with value: 0.5011709601873536 and parameters: {'lr': 0.000392011472596347, 'weight_decay': 8.049488818310667e-05}. Best is trial 90 with value: 0.7746031746031746.\n",
      "WARNING: Maximum number of iterations 32 reached. The mean may be inaccurate\n"
     ]
    },
    {
     "name": "stdout",
     "output_type": "stream",
     "text": [
      "SVD 수렴 문제 발생: SVD did not converge. 계속 진행합니다.\n"
     ]
    },
    {
     "name": "stderr",
     "output_type": "stream",
     "text": [
      "[I 2024-10-01 10:34:30,267] Trial 96 finished with value: 0.6241319444444444 and parameters: {'lr': 0.0011873927337658753, 'weight_decay': 0.00020112817610552056}. Best is trial 90 with value: 0.7746031746031746.\n",
      "WARNING: Maximum number of iterations 32 reached. The mean may be inaccurate\n"
     ]
    },
    {
     "name": "stdout",
     "output_type": "stream",
     "text": [
      "SVD 수렴 문제 발생: SVD did not converge. 계속 진행합니다.\n"
     ]
    },
    {
     "name": "stderr",
     "output_type": "stream",
     "text": [
      "[I 2024-10-01 10:40:00,094] Trial 97 finished with value: 0.6271186440677966 and parameters: {'lr': 0.0006623735427413194, 'weight_decay': 4.728330276047477e-05}. Best is trial 90 with value: 0.7746031746031746.\n",
      "WARNING: Maximum number of iterations 32 reached. The mean may be inaccurate\n"
     ]
    },
    {
     "name": "stdout",
     "output_type": "stream",
     "text": [
      "SVD 수렴 문제 발생: SVD did not converge. 계속 진행합니다.\n"
     ]
    },
    {
     "name": "stderr",
     "output_type": "stream",
     "text": [
      "[I 2024-10-01 10:45:30,096] Trial 98 finished with value: 0.6174863387978142 and parameters: {'lr': 0.0008562336684171364, 'weight_decay': 0.0003813268824869389}. Best is trial 90 with value: 0.7746031746031746.\n",
      "WARNING: Maximum number of iterations 32 reached. The mean may be inaccurate\n"
     ]
    },
    {
     "name": "stdout",
     "output_type": "stream",
     "text": [
      "SVD 수렴 문제 발생: SVD did not converge. 계속 진행합니다.\n"
     ]
    },
    {
     "name": "stderr",
     "output_type": "stream",
     "text": [
      "[I 2024-10-01 10:51:01,969] Trial 99 finished with value: 0.6382623224728489 and parameters: {'lr': 0.0001413704257402928, 'weight_decay': 0.0005122921866840029}. Best is trial 90 with value: 0.7746031746031746.\n",
      "WARNING: Maximum number of iterations 32 reached. The mean may be inaccurate\n"
     ]
    },
    {
     "name": "stdout",
     "output_type": "stream",
     "text": [
      "SVD 수렴 문제 발생: SVD did not converge. 계속 진행합니다.\n"
     ]
    },
    {
     "name": "stderr",
     "output_type": "stream",
     "text": [
      "[I 2024-10-01 10:56:33,170] Trial 100 finished with value: 0.7158469945355191 and parameters: {'lr': 0.0004971871861477974, 'weight_decay': 9.4967427452228e-05}. Best is trial 90 with value: 0.7746031746031746.\n",
      "WARNING: Maximum number of iterations 32 reached. The mean may be inaccurate\n"
     ]
    },
    {
     "name": "stdout",
     "output_type": "stream",
     "text": [
      "SVD 수렴 문제 발생: SVD did not converge. 계속 진행합니다.\n"
     ]
    },
    {
     "name": "stderr",
     "output_type": "stream",
     "text": [
      "[I 2024-10-01 11:02:04,522] Trial 101 finished with value: 0.6848484848484848 and parameters: {'lr': 0.00045565449176108666, 'weight_decay': 1.1672778508924831e-05}. Best is trial 90 with value: 0.7746031746031746.\n",
      "WARNING: Maximum number of iterations 32 reached. The mean may be inaccurate\n",
      "[I 2024-10-01 11:07:37,921] Trial 102 finished with value: 0.5448868071818891 and parameters: {'lr': 0.0005392189581046677, 'weight_decay': 3.3288283635859066e-05}. Best is trial 90 with value: 0.7746031746031746.\n"
     ]
    },
    {
     "name": "stdout",
     "output_type": "stream",
     "text": [
      "SVD 수렴 문제 발생: SVD did not converge. 계속 진행합니다.\n"
     ]
    },
    {
     "name": "stderr",
     "output_type": "stream",
     "text": [
      "WARNING: Maximum number of iterations 32 reached. The mean may be inaccurate\n",
      "[I 2024-10-01 11:13:12,258] Trial 103 finished with value: 0.6167056986729118 and parameters: {'lr': 0.00040499064663887904, 'weight_decay': 0.00019642305128016074}. Best is trial 90 with value: 0.7746031746031746.\n"
     ]
    },
    {
     "name": "stdout",
     "output_type": "stream",
     "text": [
      "SVD 수렴 문제 발생: SVD did not converge. 계속 진행합니다.\n"
     ]
    },
    {
     "name": "stderr",
     "output_type": "stream",
     "text": [
      "WARNING: Maximum number of iterations 32 reached. The mean may be inaccurate\n"
     ]
    },
    {
     "name": "stdout",
     "output_type": "stream",
     "text": [
      "SVD 수렴 문제 발생: SVD did not converge. 계속 진행합니다.\n"
     ]
    },
    {
     "name": "stderr",
     "output_type": "stream",
     "text": [
      "[I 2024-10-01 11:18:44,714] Trial 104 finished with value: 0.6008064516129032 and parameters: {'lr': 0.0002959438830573798, 'weight_decay': 0.0014882853901921488}. Best is trial 90 with value: 0.7746031746031746.\n",
      "WARNING: Maximum number of iterations 32 reached. The mean may be inaccurate\n"
     ]
    },
    {
     "name": "stdout",
     "output_type": "stream",
     "text": [
      "SVD 수렴 문제 발생: SVD did not converge. 계속 진행합니다.\n"
     ]
    },
    {
     "name": "stderr",
     "output_type": "stream",
     "text": [
      "[I 2024-10-01 11:24:17,153] Trial 105 finished with value: 0.6750184229918939 and parameters: {'lr': 0.0007537285230131013, 'weight_decay': 0.009826153799284105}. Best is trial 90 with value: 0.7746031746031746.\n",
      "WARNING: Maximum number of iterations 32 reached. The mean may be inaccurate\n"
     ]
    },
    {
     "name": "stdout",
     "output_type": "stream",
     "text": [
      "SVD 수렴 문제 발생: SVD did not converge. 계속 진행합니다.\n"
     ]
    },
    {
     "name": "stderr",
     "output_type": "stream",
     "text": [
      "[I 2024-10-01 11:29:49,963] Trial 106 finished with value: 0.7225806451612904 and parameters: {'lr': 0.00020307207929835792, 'weight_decay': 8.430504422960785e-06}. Best is trial 90 with value: 0.7746031746031746.\n",
      "WARNING: Maximum number of iterations 32 reached. The mean may be inaccurate\n"
     ]
    },
    {
     "name": "stdout",
     "output_type": "stream",
     "text": [
      "SVD 수렴 문제 발생: SVD did not converge. 계속 진행합니다.\n"
     ]
    },
    {
     "name": "stderr",
     "output_type": "stream",
     "text": [
      "[I 2024-10-01 11:35:23,618] Trial 107 finished with value: 0.6042154566744731 and parameters: {'lr': 0.00019962126172320708, 'weight_decay': 5.801353982598069e-06}. Best is trial 90 with value: 0.7746031746031746.\n",
      "WARNING: Maximum number of iterations 32 reached. The mean may be inaccurate\n",
      "[I 2024-10-01 11:40:58,007] Trial 108 finished with value: 0.6619828259172521 and parameters: {'lr': 0.0002162635129392007, 'weight_decay': 8.599514318630221e-06}. Best is trial 90 with value: 0.7746031746031746.\n"
     ]
    },
    {
     "name": "stdout",
     "output_type": "stream",
     "text": [
      "SVD 수렴 문제 발생: SVD did not converge. 계속 진행합니다.\n"
     ]
    },
    {
     "name": "stderr",
     "output_type": "stream",
     "text": [
      "WARNING: Maximum number of iterations 32 reached. The mean may be inaccurate\n",
      "[I 2024-10-01 11:46:31,863] Trial 109 finished with value: 0.5596774193548387 and parameters: {'lr': 0.00016206996858930502, 'weight_decay': 2.7409833308913383e-06}. Best is trial 90 with value: 0.7746031746031746.\n"
     ]
    },
    {
     "name": "stdout",
     "output_type": "stream",
     "text": [
      "SVD 수렴 문제 발생: SVD did not converge. 계속 진행합니다.\n"
     ]
    },
    {
     "name": "stderr",
     "output_type": "stream",
     "text": [
      "WARNING: Maximum number of iterations 32 reached. The mean may be inaccurate\n",
      "[I 2024-10-01 11:52:06,217] Trial 110 finished with value: 0.715846994535519 and parameters: {'lr': 6.7240436691147e-05, 'weight_decay': 2.2547497706799605e-05}. Best is trial 90 with value: 0.7746031746031746.\n"
     ]
    },
    {
     "name": "stdout",
     "output_type": "stream",
     "text": [
      "SVD 수렴 문제 발생: SVD did not converge. 계속 진행합니다.\n"
     ]
    },
    {
     "name": "stderr",
     "output_type": "stream",
     "text": [
      "WARNING: Maximum number of iterations 32 reached. The mean may be inaccurate\n"
     ]
    },
    {
     "name": "stdout",
     "output_type": "stream",
     "text": [
      "SVD 수렴 문제 발생: SVD did not converge. 계속 진행합니다.\n"
     ]
    },
    {
     "name": "stderr",
     "output_type": "stream",
     "text": [
      "[I 2024-10-01 11:57:40,348] Trial 111 finished with value: 0.6315378610460578 and parameters: {'lr': 3.537104632338654e-05, 'weight_decay': 1.589611589766744e-05}. Best is trial 90 with value: 0.7746031746031746.\n",
      "WARNING: Maximum number of iterations 32 reached. The mean may be inaccurate\n",
      "[I 2024-10-01 12:03:16,117] Trial 112 finished with value: 0.656641604010025 and parameters: {'lr': 6.459945949988272e-05, 'weight_decay': 2.2233616659498146e-05}. Best is trial 90 with value: 0.7746031746031746.\n"
     ]
    },
    {
     "name": "stdout",
     "output_type": "stream",
     "text": [
      "SVD 수렴 문제 발생: SVD did not converge. 계속 진행합니다.\n"
     ]
    },
    {
     "name": "stderr",
     "output_type": "stream",
     "text": [
      "WARNING: Maximum number of iterations 32 reached. The mean may be inaccurate\n"
     ]
    },
    {
     "name": "stdout",
     "output_type": "stream",
     "text": [
      "SVD 수렴 문제 발생: SVD did not converge. 계속 진행합니다.\n"
     ]
    },
    {
     "name": "stderr",
     "output_type": "stream",
     "text": [
      "[I 2024-10-01 12:08:50,548] Trial 113 finished with value: 0.6338709677419354 and parameters: {'lr': 0.00012691438423851798, 'weight_decay': 1.3786411362482221e-05}. Best is trial 90 with value: 0.7746031746031746.\n",
      "WARNING: Maximum number of iterations 32 reached. The mean may be inaccurate\n"
     ]
    },
    {
     "name": "stdout",
     "output_type": "stream",
     "text": [
      "SVD 수렴 문제 발생: SVD did not converge. 계속 진행합니다.\n"
     ]
    },
    {
     "name": "stderr",
     "output_type": "stream",
     "text": [
      "[I 2024-10-01 12:14:25,666] Trial 114 finished with value: 0.5531746031746031 and parameters: {'lr': 2.1139986147866236e-05, 'weight_decay': 5.8188003830550956e-06}. Best is trial 90 with value: 0.7746031746031746.\n",
      "WARNING: Maximum number of iterations 32 reached. The mean may be inaccurate\n"
     ]
    },
    {
     "name": "stdout",
     "output_type": "stream",
     "text": [
      "SVD 수렴 문제 발생: SVD did not converge. 계속 진행합니다.\n"
     ]
    },
    {
     "name": "stderr",
     "output_type": "stream",
     "text": [
