      "[I 2024-10-02 06:36:45,631] Trial 315 finished with value: 0.6078582434514638 and parameters: {'lr': 8.708214071526063e-05, 'weight_decay': 0.0004974482173860712}. Best is trial 168 with value: 0.8083333333333335.\n",
      "WARNING: Maximum number of iterations 32 reached. The mean may be inaccurate\n"
     ]
    },
    {
     "name": "stdout",
     "output_type": "stream",
     "text": [
      "SVD 수렴 문제 발생: SVD did not converge. 계속 진행합니다.\n"
     ]
    },
    {
     "name": "stderr",
     "output_type": "stream",
     "text": [
      "[I 2024-10-02 06:42:05,670] Trial 316 finished with value: 0.6196969696969697 and parameters: {'lr': 0.00015033524014456144, 'weight_decay': 0.0007463564191414147}. Best is trial 168 with value: 0.8083333333333335.\n",
      "WARNING: Maximum number of iterations 32 reached. The mean may be inaccurate\n"
     ]
    },
    {
     "name": "stdout",
     "output_type": "stream",
     "text": [
      "SVD 수렴 문제 발생: SVD did not converge. 계속 진행합니다.\n"
     ]
    },
    {
     "name": "stderr",
     "output_type": "stream",
     "text": [
      "[I 2024-10-02 06:47:25,581] Trial 317 finished with value: 0.6265664160401002 and parameters: {'lr': 0.0004943743249369164, 'weight_decay': 1.1848748575211467e-05}. Best is trial 168 with value: 0.8083333333333335.\n",
      "WARNING: Maximum number of iterations 32 reached. The mean may be inaccurate\n"
     ]
    },
    {
     "name": "stdout",
     "output_type": "stream",
     "text": [
      "SVD 수렴 문제 발생: SVD did not converge. 계속 진행합니다.\n"
     ]
    },
    {
     "name": "stderr",
     "output_type": "stream",
     "text": [
      "[I 2024-10-02 06:52:45,051] Trial 318 finished with value: 0.629976580796253 and parameters: {'lr': 0.0006406075211915961, 'weight_decay': 0.00035461379264601365}. Best is trial 168 with value: 0.8083333333333335.\n",
      "WARNING: Maximum number of iterations 32 reached. The mean may be inaccurate\n"
     ]
    },
    {
     "name": "stdout",
     "output_type": "stream",
     "text": [
      "SVD 수렴 문제 발생: SVD did not converge. 계속 진행합니다.\n"
     ]
    },
    {
     "name": "stderr",
     "output_type": "stream",
     "text": [
      "[I 2024-10-02 06:58:00,396] Trial 319 finished with value: 0.6572989851678376 and parameters: {'lr': 0.007952914165492958, 'weight_decay': 0.0005987010799556674}. Best is trial 168 with value: 0.8083333333333335.\n",
      "WARNING: Maximum number of iterations 32 reached. The mean may be inaccurate\n"
     ]
    },
    {
     "name": "stdout",
     "output_type": "stream",
     "text": [
      "SVD 수렴 문제 발생: SVD did not converge. 계속 진행합니다.\n"
     ]
    },
    {
     "name": "stderr",
     "output_type": "stream",
     "text": [
      "[I 2024-10-02 07:03:21,490] Trial 320 finished with value: 0.6870967741935484 and parameters: {'lr': 5.329254107729481e-05, 'weight_decay': 0.00027987427860643756}. Best is trial 168 with value: 0.8083333333333335.\n",
      "WARNING: Maximum number of iterations 32 reached. The mean may be inaccurate\n"
     ]
    },
    {
     "name": "stdout",
     "output_type": "stream",
     "text": [
      "SVD 수렴 문제 발생: SVD did not converge. 계속 진행합니다.\n"
     ]
    },
    {
     "name": "stderr",
     "output_type": "stream",
     "text": [
      "[I 2024-10-02 07:08:42,152] Trial 321 finished with value: 0.6466165413533834 and parameters: {'lr': 1.9238837583398327e-06, 'weight_decay': 0.0009852526618875591}. Best is trial 168 with value: 0.8083333333333335.\n",
      "WARNING: Maximum number of iterations 32 reached. The mean may be inaccurate\n"
     ]
    },
    {
     "name": "stdout",
     "output_type": "stream",
     "text": [
      "SVD 수렴 문제 발생: SVD did not converge. 계속 진행합니다.\n"
     ]
    },
    {
     "name": "stderr",
     "output_type": "stream",
     "text": [
      "[I 2024-10-02 07:14:03,502] Trial 322 finished with value: 0.6659090909090909 and parameters: {'lr': 9.48153833603965e-05, 'weight_decay': 0.0006745016973307215}. Best is trial 168 with value: 0.8083333333333335.\n",
      "WARNING: Maximum number of iterations 32 reached. The mean may be inaccurate\n"
     ]
    },
    {
     "name": "stdout",
     "output_type": "stream",
     "text": [
      "SVD 수렴 문제 발생: SVD did not converge. 계속 진행합니다.\n"
     ]
    },
    {
     "name": "stderr",
     "output_type": "stream",
     "text": [
      "[I 2024-10-02 07:19:24,922] Trial 323 finished with value: 0.5487900078064012 and parameters: {'lr': 0.00040346043276806977, 'weight_decay': 4.6289625664641004e-05}. Best is trial 168 with value: 0.8083333333333335.\n",
      "WARNING: Maximum number of iterations 32 reached. The mean may be inaccurate\n"
     ]
    },
    {
     "name": "stdout",
     "output_type": "stream",
     "text": [
      "SVD 수렴 문제 발생: SVD did not converge. 계속 진행합니다.\n"
     ]
    },
    {
     "name": "stderr",
     "output_type": "stream",
     "text": [
      "[I 2024-10-02 07:24:46,916] Trial 324 finished with value: 0.5792188651436994 and parameters: {'lr': 0.0005405940885630066, 'weight_decay': 0.00041888479386303554}. Best is trial 168 with value: 0.8083333333333335.\n",
      "WARNING: Maximum number of iterations 32 reached. The mean may be inaccurate\n"
     ]
    },
    {
     "name": "stdout",
     "output_type": "stream",
     "text": [
      "SVD 수렴 문제 발생: SVD did not converge. 계속 진행합니다.\n"
     ]
    },
    {
     "name": "stderr",
     "output_type": "stream",
     "text": [
      "[I 2024-10-02 07:30:07,028] Trial 325 finished with value: 0.6572989851678376 and parameters: {'lr': 0.00011552791996803256, 'weight_decay': 0.0005069806039684189}. Best is trial 168 with value: 0.8083333333333335.\n",
      "WARNING: Maximum number of iterations 32 reached. The mean may be inaccurate\n"
     ]
    },
    {
     "name": "stdout",
     "output_type": "stream",
     "text": [
      "SVD 수렴 문제 발생: SVD did not converge. 계속 진행합니다.\n"
     ]
    },
    {
     "name": "stderr",
     "output_type": "stream",
     "text": [
      "[I 2024-10-02 07:35:26,571] Trial 326 finished with value: 0.6362903225806451 and parameters: {'lr': 1.1235734473743298e-05, 'weight_decay': 0.001241421204215962}. Best is trial 168 with value: 0.8083333333333335.\n",
      "WARNING: Maximum number of iterations 32 reached. The mean may be inaccurate\n",
      "[I 2024-10-02 07:40:46,673] Trial 327 finished with value: 0.6705698672911787 and parameters: {'lr': 4.0299639870288875e-06, 'weight_decay': 7.725674005290822e-05}. Best is trial 168 with value: 0.8083333333333335.\n"
     ]
    },
    {
     "name": "stdout",
     "output_type": "stream",
     "text": [
      "SVD 수렴 문제 발생: SVD did not converge. 계속 진행합니다.\n"
     ]
    },
    {
     "name": "stderr",
     "output_type": "stream",
     "text": [
      "WARNING: Maximum number of iterations 32 reached. The mean may be inaccurate\n"
     ]
    },
    {
     "name": "stdout",
     "output_type": "stream",
     "text": [
      "SVD 수렴 문제 발생: SVD did not converge. 계속 진행합니다.\n"
     ]
    },
    {
     "name": "stderr",
     "output_type": "stream",
     "text": [
      "[I 2024-10-02 07:46:05,437] Trial 328 finished with value: 0.6401249024199843 and parameters: {'lr': 0.0003259677962842074, 'weight_decay': 0.0008443456665918893}. Best is trial 168 with value: 0.8083333333333335.\n",
      "WARNING: Maximum number of iterations 32 reached. The mean may be inaccurate\n",
      "[I 2024-10-02 07:51:26,707] Trial 329 finished with value: 0.6557377049180327 and parameters: {'lr': 7.526651536078196e-05, 'weight_decay': 0.0006370823153978235}. Best is trial 168 with value: 0.8083333333333335.\n"
     ]
    },
    {
     "name": "stdout",
     "output_type": "stream",
     "text": [
      "SVD 수렴 문제 발생: SVD did not converge. 계속 진행합니다.\n"
     ]
    },
    {
     "name": "stderr",
     "output_type": "stream",
     "text": [
      "WARNING: Maximum number of iterations 32 reached. The mean may be inaccurate\n"
     ]
    },
    {
     "name": "stdout",
     "output_type": "stream",
     "text": [
      "SVD 수렴 문제 발생: SVD did not converge. 계속 진행합니다.\n"
     ]
    },
    {
     "name": "stderr",
     "output_type": "stream",
     "text": [
      "[I 2024-10-02 07:56:45,828] Trial 330 finished with value: 0.7852459016393443 and parameters: {'lr': 3.6474457398882154e-05, 'weight_decay': 0.000539874079349105}. Best is trial 168 with value: 0.8083333333333335.\n",
      "WARNING: Maximum number of iterations 32 reached. The mean may be inaccurate\n"
     ]
    },
    {
     "name": "stdout",
     "output_type": "stream",
     "text": [
      "SVD 수렴 문제 발생: SVD did not converge. 계속 진행합니다.\n"
     ]
    },
    {
     "name": "stderr",
     "output_type": "stream",
     "text": [
      "[I 2024-10-02 08:02:06,691] Trial 331 finished with value: 0.6518345042935207 and parameters: {'lr': 5.025646692876098e-05, 'weight_decay': 0.0007650114491293705}. Best is trial 168 with value: 0.8083333333333335.\n",
      "WARNING: Maximum number of iterations 32 reached. The mean may be inaccurate\n"
     ]
    },
    {
     "name": "stdout",
     "output_type": "stream",
     "text": [
      "SVD 수렴 문제 발생: SVD did not converge. 계속 진행합니다.\n"
     ]
    },
    {
     "name": "stderr",
     "output_type": "stream",
     "text": [
      "[I 2024-10-02 08:07:28,311] Trial 332 finished with value: 0.6838709677419355 and parameters: {'lr': 6.453748882154636e-05, 'weight_decay': 0.0005486950077917449}. Best is trial 168 with value: 0.8083333333333335.\n",
      "WARNING: Maximum number of iterations 32 reached. The mean may be inaccurate\n"
     ]
    },
    {
     "name": "stdout",
     "output_type": "stream",
     "text": [
      "SVD 수렴 문제 발생: SVD did not converge. 계속 진행합니다.\n"
     ]
    },
    {
     "name": "stderr",
     "output_type": "stream",
     "text": [
      "[I 2024-10-02 08:12:50,066] Trial 333 finished with value: 0.5714285714285714 and parameters: {'lr': 4.210776657699125e-05, 'weight_decay': 0.0010560411728641967}. Best is trial 168 with value: 0.8083333333333335.\n",
      "WARNING: Maximum number of iterations 32 reached. The mean may be inaccurate\n",
      "[I 2024-10-02 08:18:11,550] Trial 334 finished with value: 0.5923141186299081 and parameters: {'lr': 3.2852536340617626e-05, 'weight_decay': 4.815090397949075e-06}. Best is trial 168 with value: 0.8083333333333335.\n"
     ]
    },
    {
     "name": "stdout",
     "output_type": "stream",
     "text": [
      "SVD 수렴 문제 발생: SVD did not converge. 계속 진행합니다.\n"
     ]
    },
    {
     "name": "stderr",
     "output_type": "stream",
     "text": [
      "WARNING: Maximum number of iterations 32 reached. The mean may be inaccurate\n"
     ]
    },
    {
     "name": "stdout",
     "output_type": "stream",
     "text": [
      "SVD 수렴 문제 발생: SVD did not converge. 계속 진행합니다.\n"
     ]
    },
    {
     "name": "stderr",
     "output_type": "stream",
     "text": [
      "[I 2024-10-02 08:23:31,788] Trial 335 finished with value: 0.5848484848484848 and parameters: {'lr': 2.647661203337087e-05, 'weight_decay': 0.0006881246896549067}. Best is trial 168 with value: 0.8083333333333335.\n",
      "WARNING: Maximum number of iterations 32 reached. The mean may be inaccurate\n"
     ]
    },
    {
     "name": "stdout",
     "output_type": "stream",
     "text": [
      "SVD 수렴 문제 발생: SVD did not converge. 계속 진행합니다.\n"
     ]
    },
    {
     "name": "stderr",
     "output_type": "stream",
     "text": [
      "[I 2024-10-02 08:28:53,652] Trial 336 finished with value: 0.5605680868838764 and parameters: {'lr': 3.634667805304181e-05, 'weight_decay': 8.188322531933355e-06}. Best is trial 168 with value: 0.8083333333333335.\n",
      "WARNING: Maximum number of iterations 32 reached. The mean may be inaccurate\n",
      "[I 2024-10-02 08:34:16,377] Trial 337 finished with value: 0.6462121212121211 and parameters: {'lr': 9.528487050305009e-05, 'weight_decay': 0.0005200435152680047}. Best is trial 168 with value: 0.8083333333333335.\n"
     ]
    },
    {
     "name": "stdout",
     "output_type": "stream",
     "text": [
      "SVD 수렴 문제 발생: SVD did not converge. 계속 진행합니다.\n"
     ]
    },
    {
     "name": "stderr",
     "output_type": "stream",
     "text": [
      "WARNING: Maximum number of iterations 32 reached. The mean may be inaccurate\n"
     ]
    },
    {
     "name": "stdout",
     "output_type": "stream",
     "text": [
      "SVD 수렴 문제 발생: SVD did not converge. 계속 진행합니다.\n"
     ]
    },
    {
     "name": "stderr",
     "output_type": "stream",
     "text": [
      "[I 2024-10-02 08:39:38,127] Trial 338 finished with value: 0.687743950039032 and parameters: {'lr': 0.0001371264453232524, 'weight_decay': 0.0008906471773616645}. Best is trial 168 with value: 0.8083333333333335.\n",
      "WARNING: Maximum number of iterations 32 reached. The mean may be inaccurate\n"
     ]
    },
    {
     "name": "stdout",
     "output_type": "stream",
     "text": [
      "SVD 수렴 문제 발생: SVD did not converge. 계속 진행합니다.\n"
     ]
    },
    {
     "name": "stderr",
     "output_type": "stream",
     "text": [
      "[I 2024-10-02 08:44:59,743] Trial 339 finished with value: 0.675 and parameters: {'lr': 5.945260035334436e-05, 'weight_decay': 0.000646823976223173}. Best is trial 168 with value: 0.8083333333333335.\n",
      "WARNING: Maximum number of iterations 32 reached. The mean may be inaccurate\n"
     ]
    },
    {
     "name": "stdout",
     "output_type": "stream",
     "text": [
      "SVD 수렴 문제 발생: SVD did not converge. 계속 진행합니다.\n"
     ]
    },
    {
     "name": "stderr",
     "output_type": "stream",
     "text": [
      "[I 2024-10-02 08:53:40,301] Trial 340 finished with value: 0.6557377049180328 and parameters: {'lr': 2.3631670191373146e-06, 'weight_decay': 2.189244169544549e-06}. Best is trial 168 with value: 0.8083333333333335.\n",
      "WARNING: Maximum number of iterations 32 reached. The mean may be inaccurate\n"
     ]
    },
    {
     "name": "stdout",
     "output_type": "stream",
     "text": [
      "SVD 수렴 문제 발생: SVD did not converge. 계속 진행합니다.\n"
     ]
    },
    {
     "name": "stderr",
     "output_type": "stream",
     "text": [
      "[I 2024-10-02 09:26:39,011] Trial 341 finished with value: 0.6614754098360656 and parameters: {'lr': 1.3726612597077407e-06, 'weight_decay': 0.00010780896959003332}. Best is trial 168 with value: 0.8083333333333335.\n",
      "WARNING: Maximum number of iterations 32 reached. The mean may be inaccurate\n"
     ]
    },
    {
     "name": "stdout",
     "output_type": "stream",
     "text": [
      "SVD 수렴 문제 발생: SVD did not converge. 계속 진행합니다.\n"
     ]
    },
    {
     "name": "stderr",
     "output_type": "stream",
     "text": [
      "[I 2024-10-02 09:59:27,068] Trial 342 finished with value: 0.6233870967741936 and parameters: {'lr': 7.446813331076631e-05, 'weight_decay': 0.001662783368169257}. Best is trial 168 with value: 0.8083333333333335.\n",
      "WARNING: Maximum number of iterations 32 reached. The mean may be inaccurate\n"
     ]
    },
    {
     "name": "stdout",
     "output_type": "stream",
     "text": [
      "SVD 수렴 문제 발생: SVD did not converge. 계속 진행합니다.\n"
     ]
    },
    {
     "name": "stderr",
     "output_type": "stream",
     "text": [
      "[I 2024-10-02 10:32:17,413] Trial 343 finished with value: 0.6479313036690086 and parameters: {'lr': 2.8576987558888836e-06, 'weight_decay': 0.0008556410887688729}. Best is trial 168 with value: 0.8083333333333335.\n",
      "WARNING: Maximum number of iterations 32 reached. The mean may be inaccurate\n"
     ]
    },
    {
     "name": "stdout",
     "output_type": "stream",
     "text": [
      "SVD 수렴 문제 발생: SVD did not converge. 계속 진행합니다.\n"
     ]
    },
    {
     "name": "stderr",
     "output_type": "stream",
     "text": [
      "[I 2024-10-02 11:05:10,606] Trial 344 finished with value: 0.6682279469164715 and parameters: {'lr': 5.0586271376862795e-06, 'weight_decay': 0.0004510092849485407}. Best is trial 168 with value: 0.8083333333333335.\n",
      "WARNING: Maximum number of iterations 32 reached. The mean may be inaccurate\n"
     ]
    },
    {
     "name": "stdout",
     "output_type": "stream",
     "text": [
      "SVD 수렴 문제 발생: SVD did not converge. 계속 진행합니다.\n"
     ]
    },
    {
     "name": "stderr",
     "output_type": "stream",
     "text": [
      "[I 2024-10-02 11:37:35,902] Trial 345 finished with value: 0.6717741935483871 and parameters: {'lr': 0.00011561319283678852, 'weight_decay': 0.0003275871799121571}. Best is trial 168 with value: 0.8083333333333335.\n",
      "WARNING: Maximum number of iterations 32 reached. The mean may be inaccurate\n",
      "[I 2024-10-02 12:10:01,915] Trial 346 finished with value: 0.6035372144436256 and parameters: {'lr': 2.0507325245459463e-05, 'weight_decay': 0.0005661766357139707}. Best is trial 168 with value: 0.8083333333333335.\n"
     ]
    },
    {
     "name": "stdout",
     "output_type": "stream",
     "text": [
      "SVD 수렴 문제 발생: SVD did not converge. 계속 진행합니다.\n"
     ]
    },
    {
     "name": "stderr",
     "output_type": "stream",
     "text": [
      "WARNING: Maximum number of iterations 32 reached. The mean may be inaccurate\n"
     ]
    },
    {
     "name": "stdout",
     "output_type": "stream",
     "text": [
      "SVD 수렴 문제 발생: SVD did not converge. 계속 진행합니다.\n"
     ]
    },
    {
     "name": "stderr",
     "output_type": "stream",
     "text": [
      "[I 2024-10-02 12:42:28,694] Trial 347 finished with value: 0.6401249024199844 and parameters: {'lr': 0.00016845376372167468, 'weight_decay': 0.002088328650432593}. Best is trial 168 with value: 0.8083333333333335.\n",
      "WARNING: Maximum number of iterations 32 reached. The mean may be inaccurate\n"
     ]
    },
    {
     "name": "stdout",
     "output_type": "stream",
     "text": [
      "SVD 수렴 문제 발생: SVD did not converge. 계속 진행합니다.\n"
     ]
    },
    {
     "name": "stderr",
     "output_type": "stream",
     "text": [
      "[I 2024-10-02 13:14:52,014] Trial 348 finished with value: 0.6237314597970336 and parameters: {'lr': 1.7745231740795196e-06, 'weight_decay': 0.000748099677105912}. Best is trial 168 with value: 0.8083333333333335.\n",
      "WARNING: Maximum number of iterations 32 reached. The mean may be inaccurate\n"
     ]
    },
    {
     "name": "stdout",
     "output_type": "stream",
     "text": [
      "SVD 수렴 문제 발생: SVD did not converge. 계속 진행합니다.\n"
     ]
    },
    {
     "name": "stderr",
     "output_type": "stream",
     "text": [
      "[I 2024-10-02 13:47:21,183] Trial 349 finished with value: 0.6613636363636364 and parameters: {'lr': 1.2248418700768034e-06, 'weight_decay': 0.0003776739009341509}. Best is trial 168 with value: 0.8083333333333335.\n",
      "WARNING: Maximum number of iterations 32 reached. The mean may be inaccurate\n"
     ]
    },
    {
     "name": "stdout",
     "output_type": "stream",
     "text": [
      "SVD 수렴 문제 발생: SVD did not converge. 계속 진행합니다.\n"
     ]
    },
    {
     "name": "stderr",
     "output_type": "stream",
     "text": [
      "[I 2024-10-02 14:20:14,427] Trial 350 finished with value: 0.6854020296643247 and parameters: {'lr': 8.293212694602068e-05, 'weight_decay': 0.006047627510913354}. Best is trial 168 with value: 0.8083333333333335.\n",
      "WARNING: Maximum number of iterations 32 reached. The mean may be inaccurate\n"
     ]
    },
    {
     "name": "stdout",
     "output_type": "stream",
     "text": [
      "SVD 수렴 문제 발생: SVD did not converge. 계속 진행합니다.\n"
     ]
    },
    {
     "name": "stderr",
     "output_type": "stream",
     "text": [
      "[I 2024-10-02 14:52:59,992] Trial 351 finished with value: 0.5943548387096774 and parameters: {'lr': 9.51793937942732e-05, 'weight_decay': 0.0011146974535919648}. Best is trial 168 with value: 0.8083333333333335.\n",
      "WARNING: Maximum number of iterations 32 reached. The mean may be inaccurate\n"
     ]
    },
    {
     "name": "stdout",
     "output_type": "stream",
     "text": [
      "SVD 수렴 문제 발생: SVD did not converge. 계속 진행합니다.\n"
     ]
    },
    {
     "name": "stderr",
     "output_type": "stream",
     "text": [
      "[I 2024-10-02 15:25:17,635] Trial 352 finished with value: 0.6878787878787879 and parameters: {'lr': 4.6104533775370445e-05, 'weight_decay': 0.0001303773037422092}. Best is trial 168 with value: 0.8083333333333335.\n",
      "WARNING: Maximum number of iterations 32 reached. The mean may be inaccurate\n"
     ]
    },
    {
     "name": "stdout",
     "output_type": "stream",
     "text": [
      "SVD 수렴 문제 발생: SVD did not converge. 계속 진행합니다.\n"
     ]
    },
    {
     "name": "stderr",
     "output_type": "stream",
     "text": [
      "[I 2024-10-02 15:55:47,418] Trial 353 finished with value: 0.6870967741935484 and parameters: {'lr': 3.521466478157373e-06, 'weight_decay': 0.0004739169386335293}. Best is trial 168 with value: 0.8083333333333335.\n",
      "WARNING: Maximum number of iterations 32 reached. The mean may be inaccurate\n",
      "[I 2024-10-02 16:26:36,831] Trial 354 finished with value: 0.6507000736919676 and parameters: {'lr': 0.000295368085357303, 'weight_decay': 0.0006259038933829218}. Best is trial 168 with value: 0.8083333333333335.\n"
     ]
    },
    {
     "name": "stdout",
     "output_type": "stream",
     "text": [
      "SVD 수렴 문제 발생: SVD did not converge. 계속 진행합니다.\n"
     ]
    },
    {
     "name": "stderr",
     "output_type": "stream",
     "text": [
      "WARNING: Maximum number of iterations 32 reached. The mean may be inaccurate\n"
     ]
    },
    {
     "name": "stdout",
     "output_type": "stream",
     "text": [
      "SVD 수렴 문제 발생: SVD did not converge. 계속 진행합니다.\n"
     ]
    },
    {
     "name": "stderr",
     "output_type": "stream",
     "text": [
