      "[I 2024-10-02 03:02:07,162] Trial 275 finished with value: 0.6026541764246682 and parameters: {'lr': 1.5504008552417704e-06, 'weight_decay': 0.0008072230513825291}. Best is trial 168 with value: 0.8083333333333335.\n",
      "WARNING: Maximum number of iterations 32 reached. The mean may be inaccurate\n"
     ]
    },
    {
     "name": "stdout",
     "output_type": "stream",
     "text": [
      "SVD 수렴 문제 발생: SVD did not converge. 계속 진행합니다.\n"
     ]
    },
    {
     "name": "stderr",
     "output_type": "stream",
     "text": [
      "[I 2024-10-02 03:07:29,271] Trial 276 finished with value: 0.6911290322580645 and parameters: {'lr': 4.2055933845440913e-05, 'weight_decay': 0.0004360213036652437}. Best is trial 168 with value: 0.8083333333333335.\n",
      "WARNING: Maximum number of iterations 32 reached. The mean may be inaccurate\n"
     ]
    },
    {
     "name": "stdout",
     "output_type": "stream",
     "text": [
      "SVD 수렴 문제 발생: SVD did not converge. 계속 진행합니다.\n"
     ]
    },
    {
     "name": "stderr",
     "output_type": "stream",
     "text": [
      "[I 2024-10-02 03:12:51,794] Trial 277 finished with value: 0.5806182121971596 and parameters: {'lr': 2.4552414691678076e-05, 'weight_decay': 0.0005882650096756245}. Best is trial 168 with value: 0.8083333333333335.\n",
      "WARNING: Maximum number of iterations 32 reached. The mean may be inaccurate\n"
     ]
    },
    {
     "name": "stdout",
     "output_type": "stream",
     "text": [
      "SVD 수렴 문제 발생: SVD did not converge. 계속 진행합니다.\n"
     ]
    },
    {
     "name": "stderr",
     "output_type": "stream",
     "text": [
      "[I 2024-10-02 03:18:14,355] Trial 278 finished with value: 0.7096774193548387 and parameters: {'lr': 5.225403604118079e-06, 'weight_decay': 0.001014315885918582}. Best is trial 168 with value: 0.8083333333333335.\n",
      "WARNING: Maximum number of iterations 32 reached. The mean may be inaccurate\n"
     ]
    },
    {
     "name": "stdout",
     "output_type": "stream",
     "text": [
      "SVD 수렴 문제 발생: SVD did not converge. 계속 진행합니다.\n"
     ]
    },
    {
     "name": "stderr",
     "output_type": "stream",
     "text": [
      "[I 2024-10-02 03:23:37,231] Trial 279 finished with value: 0.5901515151515151 and parameters: {'lr': 1.1050169479794195e-06, 'weight_decay': 0.0006507217757376885}. Best is trial 168 with value: 0.8083333333333335.\n",
      "WARNING: Maximum number of iterations 32 reached. The mean may be inaccurate\n"
     ]
    },
    {
     "name": "stdout",
     "output_type": "stream",
     "text": [
      "SVD 수렴 문제 발생: SVD did not converge. 계속 진행합니다.\n"
     ]
    },
    {
     "name": "stderr",
     "output_type": "stream",
     "text": [
      "[I 2024-10-02 03:28:59,807] Trial 280 finished with value: 0.6856060606060607 and parameters: {'lr': 0.00018819482252227195, 'weight_decay': 0.00037985278541908884}. Best is trial 168 with value: 0.8083333333333335.\n",
      "WARNING: Maximum number of iterations 32 reached. The mean may be inaccurate\n",
      "[I 2024-10-02 03:34:21,064] Trial 281 finished with value: 0.5403225806451613 and parameters: {'lr': 0.001780145969022182, 'weight_decay': 0.0024453632761079094}. Best is trial 168 with value: 0.8083333333333335.\n"
     ]
    },
    {
     "name": "stdout",
     "output_type": "stream",
     "text": [
      "SVD 수렴 문제 발생: SVD did not converge. 계속 진행합니다.\n"
     ]
    },
    {
     "name": "stderr",
     "output_type": "stream",
     "text": [
      "WARNING: Maximum number of iterations 32 reached. The mean may be inaccurate\n"
     ]
    },
    {
     "name": "stdout",
     "output_type": "stream",
     "text": [
      "SVD 수렴 문제 발생: SVD did not converge. 계속 진행합니다.\n"
     ]
    },
    {
     "name": "stderr",
     "output_type": "stream",
     "text": [
      "[I 2024-10-02 03:39:42,822] Trial 282 finished with value: 0.5823575331772053 and parameters: {'lr': 0.00014819299637528746, 'weight_decay': 0.0004938795342275193}. Best is trial 168 with value: 0.8083333333333335.\n",
      "WARNING: Maximum number of iterations 32 reached. The mean may be inaccurate\n"
     ]
    },
    {
     "name": "stdout",
     "output_type": "stream",
     "text": [
      "SVD 수렴 문제 발생: SVD did not converge. 계속 진행합니다.\n"
     ]
    },
    {
     "name": "stderr",
     "output_type": "stream",
     "text": [
      "[I 2024-10-02 03:44:58,987] Trial 283 finished with value: 0.4527712724434036 and parameters: {'lr': 0.005532740450516005, 'weight_decay': 0.0007361021138195893}. Best is trial 168 with value: 0.8083333333333335.\n",
      "WARNING: Maximum number of iterations 32 reached. The mean may be inaccurate\n"
     ]
    },
    {
     "name": "stdout",
     "output_type": "stream",
     "text": [
      "SVD 수렴 문제 발생: SVD did not converge. 계속 진행합니다.\n"
     ]
    },
    {
     "name": "stderr",
     "output_type": "stream",
     "text": [
      "[I 2024-10-02 03:50:20,630] Trial 284 finished with value: 0.7000000000000001 and parameters: {'lr': 2.00252481624469e-06, 'weight_decay': 0.0005677140044151452}. Best is trial 168 with value: 0.8083333333333335.\n",
      "WARNING: Maximum number of iterations 32 reached. The mean may be inaccurate\n"
     ]
    },
    {
     "name": "stdout",
     "output_type": "stream",
     "text": [
      "SVD 수렴 문제 발생: SVD did not converge. 계속 진행합니다.\n"
     ]
    },
    {
     "name": "stderr",
     "output_type": "stream",
     "text": [
      "[I 2024-10-02 03:55:41,848] Trial 285 finished with value: 0.6682279469164716 and parameters: {'lr': 2.632071659569584e-06, 'weight_decay': 0.000835599835305269}. Best is trial 168 with value: 0.8083333333333335.\n",
      "WARNING: Maximum number of iterations 32 reached. The mean may be inaccurate\n"
     ]
    },
    {
     "name": "stdout",
     "output_type": "stream",
     "text": [
      "SVD 수렴 문제 발생: SVD did not converge. 계속 진행합니다.\n"
     ]
    },
    {
     "name": "stderr",
     "output_type": "stream",
     "text": [
      "[I 2024-10-02 04:01:04,077] Trial 286 finished with value: 0.63448784082535 and parameters: {'lr': 8.148563283343198e-06, 'weight_decay': 1.3932155518256043e-06}. Best is trial 168 with value: 0.8083333333333335.\n",
      "WARNING: Maximum number of iterations 32 reached. The mean may be inaccurate\n"
     ]
    },
    {
     "name": "stdout",
     "output_type": "stream",
     "text": [
      "SVD 수렴 문제 발생: SVD did not converge. 계속 진행합니다.\n"
     ]
    },
    {
     "name": "stderr",
     "output_type": "stream",
     "text": [
      "[I 2024-10-02 04:06:25,304] Trial 287 finished with value: 0.6598484848484849 and parameters: {'lr': 8.717435722849547e-05, 'weight_decay': 0.0004286368712105121}. Best is trial 168 with value: 0.8083333333333335.\n",
      "WARNING: Maximum number of iterations 32 reached. The mean may be inaccurate\n",
      "[I 2024-10-02 04:11:47,315] Trial 288 finished with value: 0.5848484848484848 and parameters: {'lr': 0.0004301383466392605, 'weight_decay': 0.0007029350583752587}. Best is trial 168 with value: 0.8083333333333335.\n"
     ]
    },
    {
     "name": "stdout",
     "output_type": "stream",
     "text": [
      "SVD 수렴 문제 발생: SVD did not converge. 계속 진행합니다.\n"
     ]
    },
    {
     "name": "stderr",
     "output_type": "stream",
     "text": [
      "WARNING: Maximum number of iterations 32 reached. The mean may be inaccurate\n",
      "[I 2024-10-02 04:17:08,896] Trial 289 finished with value: 0.7000835421888053 and parameters: {'lr': 1.2217061506625985e-06, 'weight_decay': 0.0009613586736508304}. Best is trial 168 with value: 0.8083333333333335.\n"
     ]
    },
    {
     "name": "stdout",
     "output_type": "stream",
     "text": [
      "SVD 수렴 문제 발생: SVD did not converge. 계속 진행합니다.\n"
     ]
    },
    {
     "name": "stderr",
     "output_type": "stream",
     "text": [
      "WARNING: Maximum number of iterations 32 reached. The mean may be inaccurate\n"
     ]
    },
    {
     "name": "stdout",
     "output_type": "stream",
     "text": [
      "SVD 수렴 문제 발생: SVD did not converge. 계속 진행합니다.\n"
     ]
    },
    {
     "name": "stderr",
     "output_type": "stream",
     "text": [
      "[I 2024-10-02 04:22:25,467] Trial 290 finished with value: 0.6886363636363636 and parameters: {'lr': 0.0026506328190076325, 'weight_decay': 0.001753801935967005}. Best is trial 168 with value: 0.8083333333333335.\n",
      "WARNING: Maximum number of iterations 32 reached. The mean may be inaccurate\n"
     ]
    },
    {
     "name": "stdout",
     "output_type": "stream",
     "text": [
      "SVD 수렴 문제 발생: SVD did not converge. 계속 진행합니다.\n"
     ]
    },
    {
     "name": "stderr",
     "output_type": "stream",
     "text": [
      "[I 2024-10-02 04:27:47,466] Trial 291 finished with value: 0.6120967741935484 and parameters: {'lr': 0.00010434187490216541, 'weight_decay': 0.0012308187500942825}. Best is trial 168 with value: 0.8083333333333335.\n",
      "WARNING: Maximum number of iterations 32 reached. The mean may be inaccurate\n",
      "[I 2024-10-02 04:33:10,700] Trial 292 finished with value: 0.643939393939394 and parameters: {'lr': 0.0003766102374929558, 'weight_decay': 0.00036047531514168664}. Best is trial 168 with value: 0.8083333333333335.\n"
     ]
    },
    {
     "name": "stdout",
     "output_type": "stream",
     "text": [
      "SVD 수렴 문제 발생: SVD did not converge. 계속 진행합니다.\n"
     ]
    },
    {
     "name": "stderr",
     "output_type": "stream",
     "text": [
      "WARNING: Maximum number of iterations 32 reached. The mean may be inaccurate\n",
      "[I 2024-10-02 04:38:33,642] Trial 293 finished with value: 0.6370023419203746 and parameters: {'lr': 6.30707963588926e-05, 'weight_decay': 0.0005569774177624835}. Best is trial 168 with value: 0.8083333333333335.\n"
     ]
    },
    {
     "name": "stdout",
     "output_type": "stream",
     "text": [
      "SVD 수렴 문제 발생: SVD did not converge. 계속 진행합니다.\n"
     ]
    },
    {
     "name": "stderr",
     "output_type": "stream",
     "text": [
      "WARNING: Maximum number of iterations 32 reached. The mean may be inaccurate\n"
     ]
    },
    {
     "name": "stdout",
     "output_type": "stream",
     "text": [
      "SVD 수렴 문제 발생: SVD did not converge. 계속 진행합니다.\n"
     ]
    },
    {
     "name": "stderr",
     "output_type": "stream",
     "text": [
      "[I 2024-10-02 04:43:56,214] Trial 294 finished with value: 0.6227272727272727 and parameters: {'lr': 0.0002348833991758862, 'weight_decay': 0.0004811662457226697}. Best is trial 168 with value: 0.8083333333333335.\n",
      "WARNING: Maximum number of iterations 32 reached. The mean may be inaccurate\n"
     ]
    },
    {
     "name": "stdout",
     "output_type": "stream",
     "text": [
      "SVD 수렴 문제 발생: SVD did not converge. 계속 진행합니다.\n"
     ]
    },
    {
     "name": "stderr",
     "output_type": "stream",
     "text": [
      "[I 2024-10-02 04:49:19,705] Trial 295 finished with value: 0.7028862478777589 and parameters: {'lr': 1.7390651198984874e-05, 'weight_decay': 0.0006542695630489561}. Best is trial 168 with value: 0.8083333333333335.\n",
      "WARNING: Maximum number of iterations 32 reached. The mean may be inaccurate\n"
     ]
    },
    {
     "name": "stdout",
     "output_type": "stream",
     "text": [
      "SVD 수렴 문제 발생: SVD did not converge. 계속 진행합니다.\n"
     ]
    },
    {
     "name": "stderr",
     "output_type": "stream",
     "text": [
      "[I 2024-10-02 04:54:43,659] Trial 296 finished with value: 0.5477272727272727 and parameters: {'lr': 0.00017261376471324938, 'weight_decay': 0.0007783212634711904}. Best is trial 168 with value: 0.8083333333333335.\n",
      "WARNING: Maximum number of iterations 32 reached. The mean may be inaccurate\n"
     ]
    },
    {
     "name": "stdout",
     "output_type": "stream",
     "text": [
      "SVD 수렴 문제 발생: SVD did not converge. 계속 진행합니다.\n"
     ]
    },
    {
     "name": "stderr",
     "output_type": "stream",
     "text": [
      "[I 2024-10-02 05:00:07,081] Trial 297 finished with value: 0.6491228070175439 and parameters: {'lr': 3.281287644909253e-06, 'weight_decay': 0.000983070627201831}. Best is trial 168 with value: 0.8083333333333335.\n",
      "WARNING: Maximum number of iterations 32 reached. The mean may be inaccurate\n"
     ]
    },
    {
     "name": "stdout",
     "output_type": "stream",
     "text": [
      "SVD 수렴 문제 발생: SVD did not converge. 계속 진행합니다.\n"
     ]
    },
    {
     "name": "stderr",
     "output_type": "stream",
     "text": [
      "[I 2024-10-02 05:05:29,811] Trial 298 finished with value: 0.5540322580645162 and parameters: {'lr': 0.0003715999518818399, 'weight_decay': 0.0003132633389782088}. Best is trial 168 with value: 0.8083333333333335.\n",
      "WARNING: Maximum number of iterations 32 reached. The mean may be inaccurate\n",
      "[I 2024-10-02 05:10:50,167] Trial 299 finished with value: 0.6065162907268171 and parameters: {'lr': 0.0035617099973738703, 'weight_decay': 0.0040256420597316175}. Best is trial 168 with value: 0.8083333333333335.\n"
     ]
    },
    {
     "name": "stdout",
     "output_type": "stream",
     "text": [
      "SVD 수렴 문제 발생: SVD did not converge. 계속 진행합니다.\n"
     ]
    },
    {
     "name": "stderr",
     "output_type": "stream",
     "text": [
      "WARNING: Maximum number of iterations 32 reached. The mean may be inaccurate\n"
     ]
    },
    {
     "name": "stdout",
     "output_type": "stream",
     "text": [
      "SVD 수렴 문제 발생: SVD did not converge. 계속 진행합니다.\n"
     ]
    },
    {
     "name": "stderr",
     "output_type": "stream",
     "text": [
      "[I 2024-10-02 05:16:11,299] Trial 300 finished with value: 0.6690085870413739 and parameters: {'lr': 0.00032956699964820975, 'weight_decay': 0.0005715980128882807}. Best is trial 168 with value: 0.8083333333333335.\n",
      "WARNING: Maximum number of iterations 32 reached. The mean may be inaccurate\n"
     ]
    },
    {
     "name": "stdout",
     "output_type": "stream",
     "text": [
      "SVD 수렴 문제 발생: SVD did not converge. 계속 진행합니다.\n"
     ]
    },
    {
     "name": "stderr",
     "output_type": "stream",
     "text": [
      "[I 2024-10-02 05:21:33,216] Trial 301 finished with value: 0.6215538847117794 and parameters: {'lr': 2.3827339568080783e-06, 'weight_decay': 0.0003961994515890605}. Best is trial 168 with value: 0.8083333333333335.\n",
      "WARNING: Maximum number of iterations 32 reached. The mean may be inaccurate\n"
     ]
    },
    {
     "name": "stdout",
     "output_type": "stream",
     "text": [
      "SVD 수렴 문제 발생: SVD did not converge. 계속 진행합니다.\n"
     ]
    },
    {
     "name": "stderr",
     "output_type": "stream",
     "text": [
      "[I 2024-10-02 05:26:55,230] Trial 302 finished with value: 0.6189393939393939 and parameters: {'lr': 0.00044133807245661996, 'weight_decay': 0.0006646995381662248}. Best is trial 168 with value: 0.8083333333333335.\n",
      "WARNING: Maximum number of iterations 32 reached. The mean may be inaccurate\n"
     ]
    },
    {
     "name": "stdout",
     "output_type": "stream",
     "text": [
      "SVD 수렴 문제 발생: SVD did not converge. 계속 진행합니다.\n"
     ]
    },
    {
     "name": "stderr",
     "output_type": "stream",
     "text": [
      "[I 2024-10-02 05:32:17,878] Trial 303 finished with value: 0.5298387096774193 and parameters: {'lr': 7.911747567464625e-05, 'weight_decay': 0.00047079219772332403}. Best is trial 168 with value: 0.8083333333333335.\n",
      "WARNING: Maximum number of iterations 32 reached. The mean may be inaccurate\n"
     ]
    },
    {
     "name": "stdout",
     "output_type": "stream",
     "text": [
      "SVD 수렴 문제 발생: SVD did not converge. 계속 진행합니다.\n"
     ]
    },
    {
     "name": "stderr",
     "output_type": "stream",
     "text": [
      "[I 2024-10-02 05:37:41,414] Trial 304 finished with value: 0.6435483870967742 and parameters: {'lr': 0.00012402724107453717, 'weight_decay': 0.000857193490214241}. Best is trial 168 with value: 0.8083333333333335.\n",
      "WARNING: Maximum number of iterations 32 reached. The mean may be inaccurate\n",
      "[I 2024-10-02 05:43:05,165] Trial 305 finished with value: 0.6599832915622389 and parameters: {'lr': 1.5441454352165602e-06, 'weight_decay': 0.0005659684075872271}. Best is trial 168 with value: 0.8083333333333335.\n"
     ]
    },
    {
     "name": "stdout",
     "output_type": "stream",
     "text": [
      "SVD 수렴 문제 발생: SVD did not converge. 계속 진행합니다.\n"
     ]
    },
    {
     "name": "stderr",
     "output_type": "stream",
     "text": [
      "WARNING: Maximum number of iterations 32 reached. The mean may be inaccurate\n"
     ]
    },
    {
     "name": "stdout",
     "output_type": "stream",
     "text": [
      "SVD 수렴 문제 발생: SVD did not converge. 계속 진행합니다.\n"
     ]
    },
    {
     "name": "stderr",
     "output_type": "stream",
     "text": [
      "[I 2024-10-02 05:48:26,387] Trial 306 finished with value: 0.6651515151515153 and parameters: {'lr': 0.0005707536867439572, 'weight_decay': 0.0011002737621421425}. Best is trial 168 with value: 0.8083333333333335.\n",
      "WARNING: Maximum number of iterations 32 reached. The mean may be inaccurate\n"
     ]
    },
    {
     "name": "stdout",
     "output_type": "stream",
     "text": [
      "SVD 수렴 문제 발생: SVD did not converge. 계속 진행합니다.\n"
     ]
    },
    {
     "name": "stderr",
     "output_type": "stream",
     "text": [
      "[I 2024-10-02 05:53:49,411] Trial 307 finished with value: 0.5690866510538641 and parameters: {'lr': 0.0002569079228682586, 'weight_decay': 0.0007254146416219928}. Best is trial 168 with value: 0.8083333333333335.\n",
      "WARNING: Maximum number of iterations 32 reached. The mean may be inaccurate\n"
     ]
    },
    {
     "name": "stdout",
     "output_type": "stream",
     "text": [
      "SVD 수렴 문제 발생: SVD did not converge. 계속 진행합니다.\n"
     ]
    },
    {
     "name": "stderr",
     "output_type": "stream",
     "text": [
      "[I 2024-10-02 05:59:11,385] Trial 308 finished with value: 0.6050110537951363 and parameters: {'lr': 0.00020020529036927454, 'weight_decay': 0.00047124954350083806}. Best is trial 168 with value: 0.8083333333333335.\n",
      "WARNING: Maximum number of iterations 32 reached. The mean may be inaccurate\n"
     ]
    },
    {
     "name": "stdout",
     "output_type": "stream",
     "text": [
      "SVD 수렴 문제 발생: SVD did not converge. 계속 진행합니다.\n"
     ]
    },
    {
     "name": "stderr",
     "output_type": "stream",
     "text": [
      "[I 2024-10-02 06:04:34,333] Trial 309 finished with value: 0.7462919594067134 and parameters: {'lr': 9.953642402137807e-05, 'weight_decay': 0.00036235721497587234}. Best is trial 168 with value: 0.8083333333333335.\n",
      "WARNING: Maximum number of iterations 32 reached. The mean may be inaccurate\n"
     ]
    },
    {
     "name": "stdout",
     "output_type": "stream",
     "text": [
      "SVD 수렴 문제 발생: SVD did not converge. 계속 진행합니다.\n"
     ]
    },
    {
     "name": "stderr",
     "output_type": "stream",
     "text": [
      "[I 2024-10-02 06:09:56,935] Trial 310 finished with value: 0.6885245901639344 and parameters: {'lr': 0.00010034386129432508, 'weight_decay': 0.00035885068979475763}. Best is trial 168 with value: 0.8083333333333335.\n",
      "WARNING: Maximum number of iterations 32 reached. The mean may be inaccurate\n"
     ]
    },
    {
     "name": "stdout",
     "output_type": "stream",
     "text": [
      "SVD 수렴 문제 발생: SVD did not converge. 계속 진행합니다.\n"
     ]
    },
    {
     "name": "stderr",
     "output_type": "stream",
     "text": [
      "[I 2024-10-02 06:15:19,488] Trial 311 finished with value: 0.7048387096774194 and parameters: {'lr': 7.94388191315133e-05, 'weight_decay': 0.0008713077217505973}. Best is trial 168 with value: 0.8083333333333335.\n",
      "WARNING: Maximum number of iterations 32 reached. The mean may be inaccurate\n"
     ]
    },
    {
     "name": "stdout",
     "output_type": "stream",
     "text": [
      "SVD 수렴 문제 발생: SVD did not converge. 계속 진행합니다.\n"
     ]
    },
    {
     "name": "stderr",
     "output_type": "stream",
     "text": [
      "[I 2024-10-02 06:20:41,066] Trial 312 finished with value: 0.6967741935483871 and parameters: {'lr': 0.00010503708504186076, 'weight_decay': 0.0005919467600146221}. Best is trial 168 with value: 0.8083333333333335.\n",
      "WARNING: Maximum number of iterations 32 reached. The mean may be inaccurate\n",
      "[I 2024-10-02 06:26:03,939] Trial 313 finished with value: 0.7111631537861046 and parameters: {'lr': 6.49468832335323e-05, 'weight_decay': 0.0013747583167206966}. Best is trial 168 with value: 0.8083333333333335.\n"
     ]
    },
    {
     "name": "stdout",
     "output_type": "stream",
     "text": [
      "SVD 수렴 문제 발생: SVD did not converge. 계속 진행합니다.\n"
     ]
    },
    {
     "name": "stderr",
     "output_type": "stream",
     "text": [
      "WARNING: Maximum number of iterations 32 reached. The mean may be inaccurate\n"
     ]
    },
    {
     "name": "stdout",
     "output_type": "stream",
     "text": [
      "SVD 수렴 문제 발생: SVD did not converge. 계속 진행합니다.\n"
     ]
    },
    {
     "name": "stderr",
     "output_type": "stream",
     "text": [
      "[I 2024-10-02 06:31:24,179] Trial 314 finished with value: 0.6056451612903226 and parameters: {'lr': 0.00012875420736178504, 'weight_decay': 0.00042220307893389903}. Best is trial 168 with value: 0.8083333333333335.\n",
      "WARNING: Maximum number of iterations 32 reached. The mean may be inaccurate\n"
     ]
    },
    {
     "name": "stdout",
     "output_type": "stream",
     "text": [
      "SVD 수렴 문제 발생: SVD did not converge. 계속 진행합니다.\n"
     ]
    },
    {
     "name": "stderr",
     "output_type": "stream",
     "text": [
