      "[I 2024-10-01 23:27:41,083] Trial 235 finished with value: 0.6939890710382514 and parameters: {'lr': 5.05967147525552e-05, 'weight_decay': 0.0007464059045205665}. Best is trial 168 with value: 0.8083333333333335.\n",
      "WARNING: Maximum number of iterations 32 reached. The mean may be inaccurate\n"
     ]
    },
    {
     "name": "stdout",
     "output_type": "stream",
     "text": [
      "SVD 수렴 문제 발생: SVD did not converge. 계속 진행합니다.\n"
     ]
    },
    {
     "name": "stderr",
     "output_type": "stream",
     "text": [
      "[I 2024-10-01 23:33:06,797] Trial 236 finished with value: 0.6454545454545455 and parameters: {'lr': 8.17794554410413e-05, 'weight_decay': 0.0009485775889569558}. Best is trial 168 with value: 0.8083333333333335.\n",
      "WARNING: Maximum number of iterations 32 reached. The mean may be inaccurate\n"
     ]
    },
    {
     "name": "stdout",
     "output_type": "stream",
     "text": [
      "SVD 수렴 문제 발생: SVD did not converge. 계속 진행합니다.\n"
     ]
    },
    {
     "name": "stderr",
     "output_type": "stream",
     "text": [
      "[I 2024-10-01 23:38:32,819] Trial 237 finished with value: 0.5717741935483871 and parameters: {'lr': 0.00012977487360494347, 'weight_decay': 0.0013165715248475798}. Best is trial 168 with value: 0.8083333333333335.\n",
      "WARNING: Maximum number of iterations 32 reached. The mean may be inaccurate\n",
      "[I 2024-10-01 23:43:59,464] Trial 238 finished with value: 0.6508064516129033 and parameters: {'lr': 0.0001313043192134558, 'weight_decay': 0.0006015576105647041}. Best is trial 168 with value: 0.8083333333333335.\n"
     ]
    },
    {
     "name": "stdout",
     "output_type": "stream",
     "text": [
      "SVD 수렴 문제 발생: SVD did not converge. 계속 진행합니다.\n"
     ]
    },
    {
     "name": "stderr",
     "output_type": "stream",
     "text": [
      "WARNING: Maximum number of iterations 32 reached. The mean may be inaccurate\n",
      "[I 2024-10-01 23:49:24,263] Trial 239 finished with value: 0.5973266499582288 and parameters: {'lr': 9.658015010926e-05, 'weight_decay': 0.0009220784361777658}. Best is trial 168 with value: 0.8083333333333335.\n"
     ]
    },
    {
     "name": "stdout",
     "output_type": "stream",
     "text": [
      "SVD 수렴 문제 발생: SVD did not converge. 계속 진행합니다.\n"
     ]
    },
    {
     "name": "stderr",
     "output_type": "stream",
     "text": [
      "WARNING: Maximum number of iterations 32 reached. The mean may be inaccurate\n"
     ]
    },
    {
     "name": "stdout",
     "output_type": "stream",
     "text": [
      "SVD 수렴 문제 발생: SVD did not converge. 계속 진행합니다.\n"
     ]
    },
    {
     "name": "stderr",
     "output_type": "stream",
     "text": [
      "[I 2024-10-01 23:54:47,435] Trial 240 finished with value: 0.7336065573770492 and parameters: {'lr': 6.012757911577561e-05, 'weight_decay': 6.808924143565714e-06}. Best is trial 168 with value: 0.8083333333333335.\n",
      "WARNING: Maximum number of iterations 32 reached. The mean may be inaccurate\n"
     ]
    },
    {
     "name": "stdout",
     "output_type": "stream",
     "text": [
      "SVD 수렴 문제 발생: SVD did not converge. 계속 진행합니다.\n"
     ]
    },
    {
     "name": "stderr",
     "output_type": "stream",
     "text": [
      "[I 2024-10-02 00:00:10,310] Trial 241 finished with value: 0.7272727272727273 and parameters: {'lr': 7.478063122616215e-05, 'weight_decay': 0.0005615679399060669}. Best is trial 168 with value: 0.8083333333333335.\n",
      "WARNING: Maximum number of iterations 32 reached. The mean may be inaccurate\n",
      "[I 2024-10-02 00:05:34,304] Trial 242 finished with value: 0.6229508196721312 and parameters: {'lr': 6.730917397395433e-05, 'weight_decay': 0.0006822944743984161}. Best is trial 168 with value: 0.8083333333333335.\n"
     ]
    },
    {
     "name": "stdout",
     "output_type": "stream",
     "text": [
      "SVD 수렴 문제 발생: SVD did not converge. 계속 진행합니다.\n"
     ]
    },
    {
     "name": "stderr",
     "output_type": "stream",
     "text": [
      "WARNING: Maximum number of iterations 32 reached. The mean may be inaccurate\n"
     ]
    },
    {
     "name": "stdout",
     "output_type": "stream",
     "text": [
      "SVD 수렴 문제 발생: SVD did not converge. 계속 진행합니다.\n"
     ]
    },
    {
     "name": "stderr",
     "output_type": "stream",
     "text": [
      "[I 2024-10-02 00:10:56,238] Trial 243 finished with value: 0.6518345042935207 and parameters: {'lr': 7.762132025228322e-05, 'weight_decay': 6.912470500632261e-06}. Best is trial 168 with value: 0.8083333333333335.\n",
      "WARNING: Maximum number of iterations 32 reached. The mean may be inaccurate\n"
     ]
    },
    {
     "name": "stdout",
     "output_type": "stream",
     "text": [
      "SVD 수렴 문제 발생: SVD did not converge. 계속 진행합니다.\n"
     ]
    },
    {
     "name": "stderr",
     "output_type": "stream",
     "text": [
      "[I 2024-10-02 00:16:20,088] Trial 244 finished with value: 0.7143939393939394 and parameters: {'lr': 0.00011371443798217948, 'weight_decay': 9.581881965777797e-06}. Best is trial 168 with value: 0.8083333333333335.\n",
      "WARNING: Maximum number of iterations 32 reached. The mean may be inaccurate\n"
     ]
    },
    {
     "name": "stdout",
     "output_type": "stream",
     "text": [
      "SVD 수렴 문제 발생: SVD did not converge. 계속 진행합니다.\n"
     ]
    },
    {
     "name": "stderr",
     "output_type": "stream",
     "text": [
      "[I 2024-10-02 00:21:43,222] Trial 245 finished with value: 0.6516129032258065 and parameters: {'lr': 5.6788662796129774e-05, 'weight_decay': 7.909339091662847e-06}. Best is trial 168 with value: 0.8083333333333335.\n",
      "WARNING: Maximum number of iterations 32 reached. The mean may be inaccurate\n"
     ]
    },
    {
     "name": "stdout",
     "output_type": "stream",
     "text": [
      "SVD 수렴 문제 발생: SVD did not converge. 계속 진행합니다.\n"
     ]
    },
    {
     "name": "stderr",
     "output_type": "stream",
     "text": [
      "[I 2024-10-02 00:27:06,862] Trial 246 finished with value: 0.4693548387096774 and parameters: {'lr': 5.600714595797788e-05, 'weight_decay': 4.622442362527747e-06}. Best is trial 168 with value: 0.8083333333333335.\n",
      "WARNING: Maximum number of iterations 32 reached. The mean may be inaccurate\n"
     ]
    },
    {
     "name": "stdout",
     "output_type": "stream",
     "text": [
      "SVD 수렴 문제 발생: SVD did not converge. 계속 진행합니다.\n"
     ]
    },
    {
     "name": "stderr",
     "output_type": "stream",
     "text": [
      "[I 2024-10-02 00:32:30,787] Trial 247 finished with value: 0.6908665105386417 and parameters: {'lr': 4.555878105968234e-05, 'weight_decay': 5.667852010104016e-06}. Best is trial 168 with value: 0.8083333333333335.\n",
      "WARNING: Maximum number of iterations 32 reached. The mean may be inaccurate\n",
      "[I 2024-10-02 00:37:54,955] Trial 248 finished with value: 0.6104605776736924 and parameters: {'lr': 7.422711485650596e-05, 'weight_decay': 0.003317974316495486}. Best is trial 168 with value: 0.8083333333333335.\n"
     ]
    },
    {
     "name": "stdout",
     "output_type": "stream",
     "text": [
      "SVD 수렴 문제 발생: SVD did not converge. 계속 진행합니다.\n"
     ]
    },
    {
     "name": "stderr",
     "output_type": "stream",
     "text": [
      "WARNING: Maximum number of iterations 32 reached. The mean may be inaccurate\n"
     ]
    },
    {
     "name": "stdout",
     "output_type": "stream",
     "text": [
      "SVD 수렴 문제 발생: SVD did not converge. 계속 진행합니다.\n"
     ]
    },
    {
     "name": "stderr",
     "output_type": "stream",
     "text": [
      "[I 2024-10-02 00:43:16,792] Trial 249 finished with value: 0.6666666666666666 and parameters: {'lr': 9.332062614036522e-05, 'weight_decay': 0.0008005067617142974}. Best is trial 168 with value: 0.8083333333333335.\n",
      "WARNING: Maximum number of iterations 32 reached. The mean may be inaccurate\n"
     ]
    },
    {
     "name": "stdout",
     "output_type": "stream",
     "text": [
      "SVD 수렴 문제 발생: SVD did not converge. 계속 진행합니다.\n"
     ]
    },
    {
     "name": "stderr",
     "output_type": "stream",
     "text": [
      "[I 2024-10-02 00:48:39,834] Trial 250 finished with value: 0.6073380171740828 and parameters: {'lr': 7.594380160741723e-05, 'weight_decay': 6.501015537041221e-06}. Best is trial 168 with value: 0.8083333333333335.\n",
      "WARNING: Maximum number of iterations 32 reached. The mean may be inaccurate\n"
     ]
    },
    {
     "name": "stdout",
     "output_type": "stream",
     "text": [
      "SVD 수렴 문제 발생: SVD did not converge. 계속 진행합니다.\n"
     ]
    },
    {
     "name": "stderr",
     "output_type": "stream",
     "text": [
      "[I 2024-10-02 00:54:00,928] Trial 251 finished with value: 0.5885245901639344 and parameters: {'lr': 0.00011016437123991931, 'weight_decay': 0.0005420639496718512}. Best is trial 168 with value: 0.8083333333333335.\n",
      "WARNING: Maximum number of iterations 32 reached. The mean may be inaccurate\n"
     ]
    },
    {
     "name": "stdout",
     "output_type": "stream",
     "text": [
      "SVD 수렴 문제 발생: SVD did not converge. 계속 진행합니다.\n"
     ]
    },
    {
     "name": "stderr",
     "output_type": "stream",
     "text": [
      "[I 2024-10-02 00:59:21,862] Trial 252 finished with value: 0.7379032258064516 and parameters: {'lr': 2.8908488034019244e-06, 'weight_decay': 0.0006205475878969475}. Best is trial 168 with value: 0.8083333333333335.\n",
      "WARNING: Maximum number of iterations 32 reached. The mean may be inaccurate\n"
     ]
    },
    {
     "name": "stdout",
     "output_type": "stream",
     "text": [
      "SVD 수렴 문제 발생: SVD did not converge. 계속 진행합니다.\n"
     ]
    },
    {
     "name": "stderr",
     "output_type": "stream",
     "text": [
      "[I 2024-10-02 01:04:43,586] Trial 253 finished with value: 0.5745511319281811 and parameters: {'lr': 4.604251671274879e-06, 'weight_decay': 0.000618371666420445}. Best is trial 168 with value: 0.8083333333333335.\n",
      "WARNING: Maximum number of iterations 32 reached. The mean may be inaccurate\n"
     ]
    },
    {
     "name": "stdout",
     "output_type": "stream",
     "text": [
      "SVD 수렴 문제 발생: SVD did not converge. 계속 진행합니다.\n"
     ]
    },
    {
     "name": "stderr",
     "output_type": "stream",
     "text": [
      "[I 2024-10-02 01:10:04,189] Trial 254 finished with value: 0.6924277907884465 and parameters: {'lr': 2.1154309067978896e-06, 'weight_decay': 0.0011687666661057952}. Best is trial 168 with value: 0.8083333333333335.\n",
      "WARNING: Maximum number of iterations 32 reached. The mean may be inaccurate\n"
     ]
    },
    {
     "name": "stdout",
     "output_type": "stream",
     "text": [
      "SVD 수렴 문제 발생: SVD did not converge. 계속 진행합니다.\n"
     ]
    },
    {
     "name": "stderr",
     "output_type": "stream",
     "text": [
      "[I 2024-10-02 01:15:25,641] Trial 255 finished with value: 0.6846774193548387 and parameters: {'lr': 2.7769947239652536e-06, 'weight_decay': 0.0015795546444393998}. Best is trial 168 with value: 0.8083333333333335.\n",
      "WARNING: Maximum number of iterations 32 reached. The mean may be inaccurate\n"
     ]
    },
    {
     "name": "stdout",
     "output_type": "stream",
     "text": [
      "SVD 수렴 문제 발생: SVD did not converge. 계속 진행합니다.\n"
     ]
    },
    {
     "name": "stderr",
     "output_type": "stream",
     "text": [
      "[I 2024-10-02 01:20:47,695] Trial 256 finished with value: 0.6018735362997658 and parameters: {'lr': 0.0002110197215178664, 'weight_decay': 0.0008045142579138284}. Best is trial 168 with value: 0.8083333333333335.\n",
      "WARNING: Maximum number of iterations 32 reached. The mean may be inaccurate\n"
     ]
    },
    {
     "name": "stdout",
     "output_type": "stream",
     "text": [
      "SVD 수렴 문제 발생: SVD did not converge. 계속 진행합니다.\n"
     ]
    },
    {
     "name": "stderr",
     "output_type": "stream",
     "text": [
      "[I 2024-10-02 01:26:08,654] Trial 257 finished with value: 0.7361436377829821 and parameters: {'lr': 1.7787776947891963e-06, 'weight_decay': 0.000576624408623331}. Best is trial 168 with value: 0.8083333333333335.\n",
      "WARNING: Maximum number of iterations 32 reached. The mean may be inaccurate\n"
     ]
    },
    {
     "name": "stdout",
     "output_type": "stream",
     "text": [
      "SVD 수렴 문제 발생: SVD did not converge. 계속 진행합니다.\n"
     ]
    },
    {
     "name": "stderr",
     "output_type": "stream",
     "text": [
      "[I 2024-10-02 01:31:29,649] Trial 258 finished with value: 0.6242424242424243 and parameters: {'lr': 0.00014520374836206668, 'weight_decay': 0.00047178855075284535}. Best is trial 168 with value: 0.8083333333333335.\n",
      "WARNING: Maximum number of iterations 32 reached. The mean may be inaccurate\n"
     ]
    },
    {
     "name": "stdout",
     "output_type": "stream",
     "text": [
      "SVD 수렴 문제 발생: SVD did not converge. 계속 진행합니다.\n"
     ]
    },
    {
     "name": "stderr",
     "output_type": "stream",
     "text": [
      "[I 2024-10-02 01:36:50,911] Trial 259 finished with value: 0.6666666666666667 and parameters: {'lr': 3.5253191758052265e-06, 'weight_decay': 0.0006253483875151833}. Best is trial 168 with value: 0.8083333333333335.\n",
      "WARNING: Maximum number of iterations 32 reached. The mean may be inaccurate\n"
     ]
    },
    {
     "name": "stdout",
     "output_type": "stream",
     "text": [
      "SVD 수렴 문제 발생: SVD did not converge. 계속 진행합니다.\n"
     ]
    },
    {
     "name": "stderr",
     "output_type": "stream",
     "text": [
      "[I 2024-10-02 01:42:11,347] Trial 260 finished with value: 0.6838709677419356 and parameters: {'lr': 3.1494577354918362e-06, 'weight_decay': 0.0005295252283997939}. Best is trial 168 with value: 0.8083333333333335.\n",
      "WARNING: Maximum number of iterations 32 reached. The mean may be inaccurate\n"
     ]
    },
    {
     "name": "stdout",
     "output_type": "stream",
     "text": [
      "SVD 수렴 문제 발생: SVD did not converge. 계속 진행합니다.\n"
     ]
    },
    {
     "name": "stderr",
     "output_type": "stream",
     "text": [
      "[I 2024-10-02 01:47:33,603] Trial 261 finished with value: 0.6122950819672132 and parameters: {'lr': 1.4576934538866058e-06, 'weight_decay': 0.0007237062685386596}. Best is trial 168 with value: 0.8083333333333335.\n",
      "WARNING: Maximum number of iterations 32 reached. The mean may be inaccurate\n"
     ]
    },
    {
     "name": "stdout",
     "output_type": "stream",
     "text": [
      "SVD 수렴 문제 발생: SVD did not converge. 계속 진행합니다.\n"
     ]
    },
    {
     "name": "stderr",
     "output_type": "stream",
     "text": [
      "[I 2024-10-02 01:52:54,746] Trial 262 finished with value: 0.5694444444444444 and parameters: {'lr': 0.0002544446681182954, 'weight_decay': 0.0009219829582206052}. Best is trial 168 with value: 0.8083333333333335.\n",
      "WARNING: Maximum number of iterations 32 reached. The mean may be inaccurate\n",
      "[I 2024-10-02 01:58:15,573] Trial 263 finished with value: 0.7339366515837105 and parameters: {'lr': 2.2623906299248773e-06, 'weight_decay': 0.0004410553307206193}. Best is trial 168 with value: 0.8083333333333335.\n"
     ]
    },
    {
     "name": "stdout",
     "output_type": "stream",
     "text": [
      "SVD 수렴 문제 발생: SVD did not converge. 계속 진행합니다.\n"
     ]
    },
    {
     "name": "stderr",
     "output_type": "stream",
     "text": [
      "WARNING: Maximum number of iterations 32 reached. The mean may be inaccurate\n"
     ]
    },
    {
     "name": "stdout",
     "output_type": "stream",
     "text": [
      "SVD 수렴 문제 발생: SVD did not converge. 계속 진행합니다.\n"
     ]
    },
    {
     "name": "stderr",
     "output_type": "stream",
     "text": [
      "[I 2024-10-02 02:03:33,308] Trial 264 finished with value: 0.658312447786132 and parameters: {'lr': 1.8475137490600954e-06, 'weight_decay': 0.000429298630756769}. Best is trial 168 with value: 0.8083333333333335.\n",
      "WARNING: Maximum number of iterations 32 reached. The mean may be inaccurate\n"
     ]
    },
    {
     "name": "stdout",
     "output_type": "stream",
     "text": [
      "SVD 수렴 문제 발생: SVD did not converge. 계속 진행합니다.\n"
     ]
    },
    {
     "name": "stderr",
     "output_type": "stream",
     "text": [
      "[I 2024-10-02 02:08:51,632] Trial 265 finished with value: 0.6830645161290323 and parameters: {'lr': 2.2204292042546257e-06, 'weight_decay': 0.0005899286353588163}. Best is trial 168 with value: 0.8083333333333335.\n",
      "WARNING: Maximum number of iterations 32 reached. The mean may be inaccurate\n"
     ]
    },
    {
     "name": "stdout",
     "output_type": "stream",
     "text": [
      "SVD 수렴 문제 발생: SVD did not converge. 계속 진행합니다.\n"
     ]
    },
    {
     "name": "stderr",
     "output_type": "stream",
     "text": [
      "[I 2024-10-02 02:14:10,044] Trial 266 finished with value: 0.6705969049373619 and parameters: {'lr': 1.4190138672042752e-06, 'weight_decay': 0.00045423490019861436}. Best is trial 168 with value: 0.8083333333333335.\n",
      "WARNING: Maximum number of iterations 32 reached. The mean may be inaccurate\n"
     ]
    },
    {
     "name": "stdout",
     "output_type": "stream",
     "text": [
      "SVD 수렴 문제 발생: SVD did not converge. 계속 진행합니다.\n"
     ]
    },
    {
     "name": "stderr",
     "output_type": "stream",
     "text": [
      "[I 2024-10-02 02:19:28,437] Trial 267 finished with value: 0.6556451612903226 and parameters: {'lr': 2.932741627214604e-06, 'weight_decay': 0.0007038196251007967}. Best is trial 168 with value: 0.8083333333333335.\n",
      "WARNING: Maximum number of iterations 32 reached. The mean may be inaccurate\n"
     ]
    },
    {
     "name": "stdout",
     "output_type": "stream",
     "text": [
      "SVD 수렴 문제 발생: SVD did not converge. 계속 진행합니다.\n"
     ]
    },
    {
     "name": "stderr",
     "output_type": "stream",
     "text": [
      "[I 2024-10-02 02:24:46,752] Trial 268 finished with value: 0.664516129032258 and parameters: {'lr': 1.8153423798512182e-06, 'weight_decay': 1.034188349691379e-06}. Best is trial 168 with value: 0.8083333333333335.\n",
      "WARNING: Maximum number of iterations 32 reached. The mean may be inaccurate\n"
     ]
    },
    {
     "name": "stdout",
     "output_type": "stream",
     "text": [
      "SVD 수렴 문제 발생: SVD did not converge. 계속 진행합니다.\n"
     ]
    },
    {
     "name": "stderr",
     "output_type": "stream",
     "text": [
      "[I 2024-10-02 02:30:04,930] Trial 269 finished with value: 0.682279469164715 and parameters: {'lr': 2.6539600581045146e-06, 'weight_decay': 0.0005398513429289058}. Best is trial 168 with value: 0.8083333333333335.\n",
      "WARNING: Maximum number of iterations 32 reached. The mean may be inaccurate\n"
     ]
    },
    {
     "name": "stdout",
     "output_type": "stream",
     "text": [
      "SVD 수렴 문제 발생: SVD did not converge. 계속 진행합니다.\n"
     ]
    },
    {
     "name": "stderr",
     "output_type": "stream",
     "text": [
      "[I 2024-10-02 02:35:23,420] Trial 270 finished with value: 0.6742424242424243 and parameters: {'lr': 1.3163481337899982e-06, 'weight_decay': 0.00038620483350098255}. Best is trial 168 with value: 0.8083333333333335.\n",
      "WARNING: Maximum number of iterations 32 reached. The mean may be inaccurate\n"
     ]
    },
    {
     "name": "stdout",
     "output_type": "stream",
     "text": [
      "SVD 수렴 문제 발생: SVD did not converge. 계속 진행합니다.\n"
     ]
    },
    {
     "name": "stderr",
     "output_type": "stream",
     "text": [
      "[I 2024-10-02 02:40:43,410] Trial 271 finished with value: 0.654176424668228 and parameters: {'lr': 2.1938377263748514e-06, 'weight_decay': 0.0008503258139057441}. Best is trial 168 with value: 0.8083333333333335.\n",
      "WARNING: Maximum number of iterations 32 reached. The mean may be inaccurate\n"
     ]
    },
    {
     "name": "stdout",
     "output_type": "stream",
     "text": [
      "SVD 수렴 문제 발생: SVD did not converge. 계속 진행합니다.\n"
     ]
    },
    {
     "name": "stderr",
     "output_type": "stream",
     "text": [
      "[I 2024-10-02 02:46:03,518] Trial 272 finished with value: 0.5959677419354839 and parameters: {'lr': 3.2489415380334655e-05, 'weight_decay': 0.0011215282352390944}. Best is trial 168 with value: 0.8083333333333335.\n",
      "WARNING: Maximum number of iterations 32 reached. The mean may be inaccurate\n"
     ]
    },
    {
     "name": "stdout",
     "output_type": "stream",
     "text": [
      "SVD 수렴 문제 발생: SVD did not converge. 계속 진행합니다.\n"
     ]
    },
    {
     "name": "stderr",
     "output_type": "stream",
     "text": [
      "[I 2024-10-02 02:51:23,411] Trial 273 finished with value: 0.7 and parameters: {'lr': 1.7146699086524987e-06, 'weight_decay': 0.0006512823151540892}. Best is trial 168 with value: 0.8083333333333335.\n",
      "WARNING: Maximum number of iterations 32 reached. The mean may be inaccurate\n"
     ]
    },
    {
     "name": "stdout",
     "output_type": "stream",
     "text": [
      "SVD 수렴 문제 발생: SVD did not converge. 계속 진행합니다.\n"
     ]
    },
    {
     "name": "stderr",
     "output_type": "stream",
     "text": [
      "[I 2024-10-02 02:56:45,744] Trial 274 finished with value: 0.5984848484848485 and parameters: {'lr': 0.00012466490147851046, 'weight_decay': 0.0005073181165379196}. Best is trial 168 with value: 0.8083333333333335.\n",
      "WARNING: Maximum number of iterations 32 reached. The mean may be inaccurate\n"
     ]
    },
    {
     "name": "stdout",
     "output_type": "stream",
     "text": [
      "SVD 수렴 문제 발생: SVD did not converge. 계속 진행합니다.\n"
     ]
    },
    {
     "name": "stderr",
     "output_type": "stream",
     "text": [
