      "[I 2024-10-09 14:15:29,399] Trial 308 finished with value: 0.6844262295081968 and parameters: {'lr': 1.0463233902599556e-05, 'weight_decay': 0.0020950299822189177}. Best is trial 222 with value: 0.8110850897736144.\n",
      "[W 2024-10-09 14:20:18,111] Trial 309 failed with parameters: {'lr': 1.9977701062185272e-05, 'weight_decay': 0.00024148452853374683} because of the following error: KeyboardInterrupt().\n",
      "Traceback (most recent call last):\n",
      "  File \"/home/leejeseok/miniconda3/envs/envs_summer/lib/python3.9/site-packages/optuna/study/_optimize.py\", line 196, in _run_trial\n",
      "    value_or_values = func(trial)\n",
      "  File \"/tmp/ipykernel_1596246/3141398614.py\", line 89, in optimize_trial\n",
      "    model = models.resnet50(weights='DEFAULT')\n",
      "  File \"/home/leejeseok/miniconda3/envs/envs_summer/lib/python3.9/site-packages/torchvision/models/_utils.py\", line 142, in wrapper\n",
      "    return fn(*args, **kwargs)\n",
      "  File \"/home/leejeseok/miniconda3/envs/envs_summer/lib/python3.9/site-packages/torchvision/models/_utils.py\", line 228, in inner_wrapper\n",
      "    return builder(*args, **kwargs)\n",
      "  File \"/home/leejeseok/miniconda3/envs/envs_summer/lib/python3.9/site-packages/torchvision/models/resnet.py\", line 763, in resnet50\n",
      "    return _resnet(Bottleneck, [3, 4, 6, 3], weights, progress, **kwargs)\n",
      "  File \"/home/leejeseok/miniconda3/envs/envs_summer/lib/python3.9/site-packages/torchvision/models/resnet.py\", line 298, in _resnet\n",
      "    model = ResNet(block, layers, **kwargs)\n",
      "  File \"/home/leejeseok/miniconda3/envs/envs_summer/lib/python3.9/site-packages/torchvision/models/resnet.py\", line 210, in __init__\n",
      "    nn.init.kaiming_normal_(m.weight, mode=\"fan_out\", nonlinearity=\"relu\")\n",
      "  File \"/home/leejeseok/miniconda3/envs/envs_summer/lib/python3.9/site-packages/torch/nn/init.py\", line 505, in kaiming_normal_\n",
      "    return tensor.normal_(0, std, generator=generator)\n",
      "KeyboardInterrupt\n",
      "[W 2024-10-09 14:20:18,112] Trial 309 failed with value None.\n"
     ]
    },
    {
     "ename": "KeyboardInterrupt",
     "evalue": "",
     "output_type": "error",
     "traceback": [
      "\u001b[0;31m---------------------------------------------------------------------------\u001b[0m",
      "\u001b[0;31mKeyboardInterrupt\u001b[0m                         Traceback (most recent call last)",
      "Cell \u001b[0;32mIn[4], line 150\u001b[0m\n\u001b[1;32m    147\u001b[0m     \u001b[38;5;28;01mreturn\u001b[39;00m auc\n\u001b[1;32m    149\u001b[0m \u001b[38;5;66;03m# Optuna 최적화 실행\u001b[39;00m\n\u001b[0;32m--> 150\u001b[0m \u001b[43mstudy\u001b[49m\u001b[38;5;241;43m.\u001b[39;49m\u001b[43moptimize\u001b[49m\u001b[43m(\u001b[49m\u001b[43moptimize_trial\u001b[49m\u001b[43m,\u001b[49m\u001b[43m \u001b[49m\u001b[43mn_trials\u001b[49m\u001b[38;5;241;43m=\u001b[39;49m\u001b[38;5;241;43m1000\u001b[39;49m\u001b[43m)\u001b[49m\n\u001b[1;32m    152\u001b[0m \u001b[38;5;66;03m# 최적화 결과 출력\u001b[39;00m\n\u001b[1;32m    153\u001b[0m \u001b[38;5;28mprint\u001b[39m(\u001b[38;5;124mf\u001b[39m\u001b[38;5;124m'\u001b[39m\u001b[38;5;124mBest trial AUC: \u001b[39m\u001b[38;5;132;01m{\u001b[39;00mstudy\u001b[38;5;241m.\u001b[39mbest_trial\u001b[38;5;241m.\u001b[39mvalue\u001b[38;5;132;01m}\u001b[39;00m\u001b[38;5;124m'\u001b[39m)\n",
      "File \u001b[0;32m~/miniconda3/envs/envs_summer/lib/python3.9/site-packages/optuna/study/study.py:451\u001b[0m, in \u001b[0;36mStudy.optimize\u001b[0;34m(self, func, n_trials, timeout, n_jobs, catch, callbacks, gc_after_trial, show_progress_bar)\u001b[0m\n\u001b[1;32m    348\u001b[0m \u001b[38;5;28;01mdef\u001b[39;00m \u001b[38;5;21moptimize\u001b[39m(\n\u001b[1;32m    349\u001b[0m     \u001b[38;5;28mself\u001b[39m,\n\u001b[1;32m    350\u001b[0m     func: ObjectiveFuncType,\n\u001b[0;32m   (...)\u001b[0m\n\u001b[1;32m    357\u001b[0m     show_progress_bar: \u001b[38;5;28mbool\u001b[39m \u001b[38;5;241m=\u001b[39m \u001b[38;5;28;01mFalse\u001b[39;00m,\n\u001b[1;32m    358\u001b[0m ) \u001b[38;5;241m-\u001b[39m\u001b[38;5;241m>\u001b[39m \u001b[38;5;28;01mNone\u001b[39;00m:\n\u001b[1;32m    359\u001b[0m \u001b[38;5;250m    \u001b[39m\u001b[38;5;124;03m\"\"\"Optimize an objective function.\u001b[39;00m\n\u001b[1;32m    360\u001b[0m \n\u001b[1;32m    361\u001b[0m \u001b[38;5;124;03m    Optimization is done by choosing a suitable set of hyperparameter values from a given\u001b[39;00m\n\u001b[0;32m   (...)\u001b[0m\n\u001b[1;32m    449\u001b[0m \u001b[38;5;124;03m            If nested invocation of this method occurs.\u001b[39;00m\n\u001b[1;32m    450\u001b[0m \u001b[38;5;124;03m    \"\"\"\u001b[39;00m\n\u001b[0;32m--> 451\u001b[0m     \u001b[43m_optimize\u001b[49m\u001b[43m(\u001b[49m\n\u001b[1;32m    452\u001b[0m \u001b[43m        \u001b[49m\u001b[43mstudy\u001b[49m\u001b[38;5;241;43m=\u001b[39;49m\u001b[38;5;28;43mself\u001b[39;49m\u001b[43m,\u001b[49m\n\u001b[1;32m    453\u001b[0m \u001b[43m        \u001b[49m\u001b[43mfunc\u001b[49m\u001b[38;5;241;43m=\u001b[39;49m\u001b[43mfunc\u001b[49m\u001b[43m,\u001b[49m\n\u001b[1;32m    454\u001b[0m \u001b[43m        \u001b[49m\u001b[43mn_trials\u001b[49m\u001b[38;5;241;43m=\u001b[39;49m\u001b[43mn_trials\u001b[49m\u001b[43m,\u001b[49m\n\u001b[1;32m    455\u001b[0m \u001b[43m        \u001b[49m\u001b[43mtimeout\u001b[49m\u001b[38;5;241;43m=\u001b[39;49m\u001b[43mtimeout\u001b[49m\u001b[43m,\u001b[49m\n\u001b[1;32m    456\u001b[0m \u001b[43m        \u001b[49m\u001b[43mn_jobs\u001b[49m\u001b[38;5;241;43m=\u001b[39;49m\u001b[43mn_jobs\u001b[49m\u001b[43m,\u001b[49m\n\u001b[1;32m    457\u001b[0m \u001b[43m        \u001b[49m\u001b[43mcatch\u001b[49m\u001b[38;5;241;43m=\u001b[39;49m\u001b[38;5;28;43mtuple\u001b[39;49m\u001b[43m(\u001b[49m\u001b[43mcatch\u001b[49m\u001b[43m)\u001b[49m\u001b[43m \u001b[49m\u001b[38;5;28;43;01mif\u001b[39;49;00m\u001b[43m \u001b[49m\u001b[38;5;28;43misinstance\u001b[39;49m\u001b[43m(\u001b[49m\u001b[43mcatch\u001b[49m\u001b[43m,\u001b[49m\u001b[43m \u001b[49m\u001b[43mIterable\u001b[49m\u001b[43m)\u001b[49m\u001b[43m \u001b[49m\u001b[38;5;28;43;01melse\u001b[39;49;00m\u001b[43m \u001b[49m\u001b[43m(\u001b[49m\u001b[43mcatch\u001b[49m\u001b[43m,\u001b[49m\u001b[43m)\u001b[49m\u001b[43m,\u001b[49m\n\u001b[1;32m    458\u001b[0m \u001b[43m        \u001b[49m\u001b[43mcallbacks\u001b[49m\u001b[38;5;241;43m=\u001b[39;49m\u001b[43mcallbacks\u001b[49m\u001b[43m,\u001b[49m\n\u001b[1;32m    459\u001b[0m \u001b[43m        \u001b[49m\u001b[43mgc_after_trial\u001b[49m\u001b[38;5;241;43m=\u001b[39;49m\u001b[43mgc_after_trial\u001b[49m\u001b[43m,\u001b[49m\n\u001b[1;32m    460\u001b[0m \u001b[43m        \u001b[49m\u001b[43mshow_progress_bar\u001b[49m\u001b[38;5;241;43m=\u001b[39;49m\u001b[43mshow_progress_bar\u001b[49m\u001b[43m,\u001b[49m\n\u001b[1;32m    461\u001b[0m \u001b[43m    \u001b[49m\u001b[43m)\u001b[49m\n",
      "File \u001b[0;32m~/miniconda3/envs/envs_summer/lib/python3.9/site-packages/optuna/study/_optimize.py:62\u001b[0m, in \u001b[0;36m_optimize\u001b[0;34m(study, func, n_trials, timeout, n_jobs, catch, callbacks, gc_after_trial, show_progress_bar)\u001b[0m\n\u001b[1;32m     60\u001b[0m \u001b[38;5;28;01mtry\u001b[39;00m:\n\u001b[1;32m     61\u001b[0m     \u001b[38;5;28;01mif\u001b[39;00m n_jobs \u001b[38;5;241m==\u001b[39m \u001b[38;5;241m1\u001b[39m:\n\u001b[0;32m---> 62\u001b[0m         \u001b[43m_optimize_sequential\u001b[49m\u001b[43m(\u001b[49m\n\u001b[1;32m     63\u001b[0m \u001b[43m            \u001b[49m\u001b[43mstudy\u001b[49m\u001b[43m,\u001b[49m\n\u001b[1;32m     64\u001b[0m \u001b[43m            \u001b[49m\u001b[43mfunc\u001b[49m\u001b[43m,\u001b[49m\n\u001b[1;32m     65\u001b[0m \u001b[43m            \u001b[49m\u001b[43mn_trials\u001b[49m\u001b[43m,\u001b[49m\n\u001b[1;32m     66\u001b[0m \u001b[43m            \u001b[49m\u001b[43mtimeout\u001b[49m\u001b[43m,\u001b[49m\n\u001b[1;32m     67\u001b[0m \u001b[43m            \u001b[49m\u001b[43mcatch\u001b[49m\u001b[43m,\u001b[49m\n\u001b[1;32m     68\u001b[0m \u001b[43m            \u001b[49m\u001b[43mcallbacks\u001b[49m\u001b[43m,\u001b[49m\n\u001b[1;32m     69\u001b[0m \u001b[43m            \u001b[49m\u001b[43mgc_after_trial\u001b[49m\u001b[43m,\u001b[49m\n\u001b[1;32m     70\u001b[0m \u001b[43m            \u001b[49m\u001b[43mreseed_sampler_rng\u001b[49m\u001b[38;5;241;43m=\u001b[39;49m\u001b[38;5;28;43;01mFalse\u001b[39;49;00m\u001b[43m,\u001b[49m\n\u001b[1;32m     71\u001b[0m \u001b[43m            \u001b[49m\u001b[43mtime_start\u001b[49m\u001b[38;5;241;43m=\u001b[39;49m\u001b[38;5;28;43;01mNone\u001b[39;49;00m\u001b[43m,\u001b[49m\n\u001b[1;32m     72\u001b[0m \u001b[43m            \u001b[49m\u001b[43mprogress_bar\u001b[49m\u001b[38;5;241;43m=\u001b[39;49m\u001b[43mprogress_bar\u001b[49m\u001b[43m,\u001b[49m\n\u001b[1;32m     73\u001b[0m \u001b[43m        \u001b[49m\u001b[43m)\u001b[49m\n\u001b[1;32m     74\u001b[0m     \u001b[38;5;28;01melse\u001b[39;00m:\n\u001b[1;32m     75\u001b[0m         \u001b[38;5;28;01mif\u001b[39;00m n_jobs \u001b[38;5;241m==\u001b[39m \u001b[38;5;241m-\u001b[39m\u001b[38;5;241m1\u001b[39m:\n",
      "File \u001b[0;32m~/miniconda3/envs/envs_summer/lib/python3.9/site-packages/optuna/study/_optimize.py:159\u001b[0m, in \u001b[0;36m_optimize_sequential\u001b[0;34m(study, func, n_trials, timeout, catch, callbacks, gc_after_trial, reseed_sampler_rng, time_start, progress_bar)\u001b[0m\n\u001b[1;32m    156\u001b[0m         \u001b[38;5;28;01mbreak\u001b[39;00m\n\u001b[1;32m    158\u001b[0m \u001b[38;5;28;01mtry\u001b[39;00m:\n\u001b[0;32m--> 159\u001b[0m     frozen_trial \u001b[38;5;241m=\u001b[39m \u001b[43m_run_trial\u001b[49m\u001b[43m(\u001b[49m\u001b[43mstudy\u001b[49m\u001b[43m,\u001b[49m\u001b[43m \u001b[49m\u001b[43mfunc\u001b[49m\u001b[43m,\u001b[49m\u001b[43m \u001b[49m\u001b[43mcatch\u001b[49m\u001b[43m)\u001b[49m\n\u001b[1;32m    160\u001b[0m \u001b[38;5;28;01mfinally\u001b[39;00m:\n\u001b[1;32m    161\u001b[0m     \u001b[38;5;66;03m# The following line mitigates memory problems that can be occurred in some\u001b[39;00m\n\u001b[1;32m    162\u001b[0m     \u001b[38;5;66;03m# environments (e.g., services that use computing containers such as GitHub Actions).\u001b[39;00m\n\u001b[1;32m    163\u001b[0m     \u001b[38;5;66;03m# Please refer to the following PR for further details:\u001b[39;00m\n\u001b[1;32m    164\u001b[0m     \u001b[38;5;66;03m# https://github.com/optuna/optuna/pull/325.\u001b[39;00m\n\u001b[1;32m    165\u001b[0m     \u001b[38;5;28;01mif\u001b[39;00m gc_after_trial:\n",
      "File \u001b[0;32m~/miniconda3/envs/envs_summer/lib/python3.9/site-packages/optuna/study/_optimize.py:247\u001b[0m, in \u001b[0;36m_run_trial\u001b[0;34m(study, func, catch)\u001b[0m\n\u001b[1;32m    240\u001b[0m         \u001b[38;5;28;01massert\u001b[39;00m \u001b[38;5;28;01mFalse\u001b[39;00m, \u001b[38;5;124m\"\u001b[39m\u001b[38;5;124mShould not reach.\u001b[39m\u001b[38;5;124m\"\u001b[39m\n\u001b[1;32m    242\u001b[0m \u001b[38;5;28;01mif\u001b[39;00m (\n\u001b[1;32m    243\u001b[0m     frozen_trial\u001b[38;5;241m.\u001b[39mstate \u001b[38;5;241m==\u001b[39m TrialState\u001b[38;5;241m.\u001b[39mFAIL\n\u001b[1;32m    244\u001b[0m     \u001b[38;5;129;01mand\u001b[39;00m func_err \u001b[38;5;129;01mis\u001b[39;00m \u001b[38;5;129;01mnot\u001b[39;00m \u001b[38;5;28;01mNone\u001b[39;00m\n\u001b[1;32m    245\u001b[0m     \u001b[38;5;129;01mand\u001b[39;00m \u001b[38;5;129;01mnot\u001b[39;00m \u001b[38;5;28misinstance\u001b[39m(func_err, catch)\n\u001b[1;32m    246\u001b[0m ):\n\u001b[0;32m--> 247\u001b[0m     \u001b[38;5;28;01mraise\u001b[39;00m func_err\n\u001b[1;32m    248\u001b[0m \u001b[38;5;28;01mreturn\u001b[39;00m frozen_trial\n",
      "File \u001b[0;32m~/miniconda3/envs/envs_summer/lib/python3.9/site-packages/optuna/study/_optimize.py:196\u001b[0m, in \u001b[0;36m_run_trial\u001b[0;34m(study, func, catch)\u001b[0m\n\u001b[1;32m    194\u001b[0m \u001b[38;5;28;01mwith\u001b[39;00m get_heartbeat_thread(trial\u001b[38;5;241m.\u001b[39m_trial_id, study\u001b[38;5;241m.\u001b[39m_storage):\n\u001b[1;32m    195\u001b[0m     \u001b[38;5;28;01mtry\u001b[39;00m:\n\u001b[0;32m--> 196\u001b[0m         value_or_values \u001b[38;5;241m=\u001b[39m \u001b[43mfunc\u001b[49m\u001b[43m(\u001b[49m\u001b[43mtrial\u001b[49m\u001b[43m)\u001b[49m\n\u001b[1;32m    197\u001b[0m     \u001b[38;5;28;01mexcept\u001b[39;00m exceptions\u001b[38;5;241m.\u001b[39mTrialPruned \u001b[38;5;28;01mas\u001b[39;00m e:\n\u001b[1;32m    198\u001b[0m         \u001b[38;5;66;03m# TODO(mamu): Handle multi-objective cases.\u001b[39;00m\n\u001b[1;32m    199\u001b[0m         state \u001b[38;5;241m=\u001b[39m TrialState\u001b[38;5;241m.\u001b[39mPRUNED\n",
      "Cell \u001b[0;32mIn[4], line 89\u001b[0m, in \u001b[0;36moptimize_trial\u001b[0;34m(trial)\u001b[0m\n\u001b[1;32m     82\u001b[0m testloader \u001b[38;5;241m=\u001b[39m DataLoader(testset, batch_size\u001b[38;5;241m=\u001b[39m\u001b[38;5;241m1\u001b[39m, shuffle\u001b[38;5;241m=\u001b[39m\u001b[38;5;28;01mFalse\u001b[39;00m)\n\u001b[1;32m     84\u001b[0m \u001b[38;5;66;03m# EfficientNet B0 모델을 로드하고 이진 분류를 위한 구조로 수정\u001b[39;00m\n\u001b[1;32m     85\u001b[0m \u001b[38;5;66;03m#model = models.efficientnet_b0(weights='DEFAULT')\u001b[39;00m\n\u001b[1;32m     86\u001b[0m \u001b[38;5;66;03m# 마지막 fully connected layer를 이진 분류용으로 수정\u001b[39;00m\n\u001b[1;32m     87\u001b[0m \u001b[38;5;66;03m#num_ftrs = model.classifier[1].in_features\u001b[39;00m\n\u001b[1;32m     88\u001b[0m \u001b[38;5;66;03m#model.classifier[1] = nn.Linear(num_ftrs, 1)  # 이진 분류용 출력층\u001b[39;00m\n\u001b[0;32m---> 89\u001b[0m model \u001b[38;5;241m=\u001b[39m \u001b[43mmodels\u001b[49m\u001b[38;5;241;43m.\u001b[39;49m\u001b[43mresnet50\u001b[49m\u001b[43m(\u001b[49m\u001b[43mweights\u001b[49m\u001b[38;5;241;43m=\u001b[39;49m\u001b[38;5;124;43m'\u001b[39;49m\u001b[38;5;124;43mDEFAULT\u001b[39;49m\u001b[38;5;124;43m'\u001b[39;49m\u001b[43m)\u001b[49m\n\u001b[1;32m     91\u001b[0m \u001b[38;5;66;03m# 마지막 fully connected layer를 이진 분류용으로 수정\u001b[39;00m\n\u001b[1;32m     92\u001b[0m num_ftrs \u001b[38;5;241m=\u001b[39m model\u001b[38;5;241m.\u001b[39mfc\u001b[38;5;241m.\u001b[39min_features\n",
      "File \u001b[0;32m~/miniconda3/envs/envs_summer/lib/python3.9/site-packages/torchvision/models/_utils.py:142\u001b[0m, in \u001b[0;36mkwonly_to_pos_or_kw.<locals>.wrapper\u001b[0;34m(*args, **kwargs)\u001b[0m\n\u001b[1;32m    135\u001b[0m     warnings\u001b[38;5;241m.\u001b[39mwarn(\n\u001b[1;32m    136\u001b[0m         \u001b[38;5;124mf\u001b[39m\u001b[38;5;124m\"\u001b[39m\u001b[38;5;124mUsing \u001b[39m\u001b[38;5;132;01m{\u001b[39;00msequence_to_str(\u001b[38;5;28mtuple\u001b[39m(keyword_only_kwargs\u001b[38;5;241m.\u001b[39mkeys()),\u001b[38;5;250m \u001b[39mseparate_last\u001b[38;5;241m=\u001b[39m\u001b[38;5;124m'\u001b[39m\u001b[38;5;124mand \u001b[39m\u001b[38;5;124m'\u001b[39m)\u001b[38;5;132;01m}\u001b[39;00m\u001b[38;5;124m as positional \u001b[39m\u001b[38;5;124m\"\u001b[39m\n\u001b[1;32m    137\u001b[0m         \u001b[38;5;124mf\u001b[39m\u001b[38;5;124m\"\u001b[39m\u001b[38;5;124mparameter(s) is deprecated since 0.13 and may be removed in the future. Please use keyword parameter(s) \u001b[39m\u001b[38;5;124m\"\u001b[39m\n\u001b[1;32m    138\u001b[0m         \u001b[38;5;124mf\u001b[39m\u001b[38;5;124m\"\u001b[39m\u001b[38;5;124minstead.\u001b[39m\u001b[38;5;124m\"\u001b[39m\n\u001b[1;32m    139\u001b[0m     )\n\u001b[1;32m    140\u001b[0m     kwargs\u001b[38;5;241m.\u001b[39mupdate(keyword_only_kwargs)\n\u001b[0;32m--> 142\u001b[0m \u001b[38;5;28;01mreturn\u001b[39;00m \u001b[43mfn\u001b[49m\u001b[43m(\u001b[49m\u001b[38;5;241;43m*\u001b[39;49m\u001b[43margs\u001b[49m\u001b[43m,\u001b[49m\u001b[43m \u001b[49m\u001b[38;5;241;43m*\u001b[39;49m\u001b[38;5;241;43m*\u001b[39;49m\u001b[43mkwargs\u001b[49m\u001b[43m)\u001b[49m\n",
      "File \u001b[0;32m~/miniconda3/envs/envs_summer/lib/python3.9/site-packages/torchvision/models/_utils.py:228\u001b[0m, in \u001b[0;36mhandle_legacy_interface.<locals>.outer_wrapper.<locals>.inner_wrapper\u001b[0;34m(*args, **kwargs)\u001b[0m\n\u001b[1;32m    225\u001b[0m     \u001b[38;5;28;01mdel\u001b[39;00m kwargs[pretrained_param]\n\u001b[1;32m    226\u001b[0m     kwargs[weights_param] \u001b[38;5;241m=\u001b[39m default_weights_arg\n\u001b[0;32m--> 228\u001b[0m \u001b[38;5;28;01mreturn\u001b[39;00m \u001b[43mbuilder\u001b[49m\u001b[43m(\u001b[49m\u001b[38;5;241;43m*\u001b[39;49m\u001b[43margs\u001b[49m\u001b[43m,\u001b[49m\u001b[43m \u001b[49m\u001b[38;5;241;43m*\u001b[39;49m\u001b[38;5;241;43m*\u001b[39;49m\u001b[43mkwargs\u001b[49m\u001b[43m)\u001b[49m\n",
      "File \u001b[0;32m~/miniconda3/envs/envs_summer/lib/python3.9/site-packages/torchvision/models/resnet.py:763\u001b[0m, in \u001b[0;36mresnet50\u001b[0;34m(weights, progress, **kwargs)\u001b[0m\n\u001b[1;32m    737\u001b[0m \u001b[38;5;250m\u001b[39m\u001b[38;5;124;03m\"\"\"ResNet-50 from `Deep Residual Learning for Image Recognition <https://arxiv.org/abs/1512.03385>`__.\u001b[39;00m\n\u001b[1;32m    738\u001b[0m \n\u001b[1;32m    739\u001b[0m \u001b[38;5;124;03m.. note::\u001b[39;00m\n\u001b[0;32m   (...)\u001b[0m\n\u001b[1;32m    759\u001b[0m \u001b[38;5;124;03m    :members:\u001b[39;00m\n\u001b[1;32m    760\u001b[0m \u001b[38;5;124;03m\"\"\"\u001b[39;00m\n\u001b[1;32m    761\u001b[0m weights \u001b[38;5;241m=\u001b[39m ResNet50_Weights\u001b[38;5;241m.\u001b[39mverify(weights)\n\u001b[0;32m--> 763\u001b[0m \u001b[38;5;28;01mreturn\u001b[39;00m \u001b[43m_resnet\u001b[49m\u001b[43m(\u001b[49m\u001b[43mBottleneck\u001b[49m\u001b[43m,\u001b[49m\u001b[43m \u001b[49m\u001b[43m[\u001b[49m\u001b[38;5;241;43m3\u001b[39;49m\u001b[43m,\u001b[49m\u001b[43m \u001b[49m\u001b[38;5;241;43m4\u001b[39;49m\u001b[43m,\u001b[49m\u001b[43m \u001b[49m\u001b[38;5;241;43m6\u001b[39;49m\u001b[43m,\u001b[49m\u001b[43m \u001b[49m\u001b[38;5;241;43m3\u001b[39;49m\u001b[43m]\u001b[49m\u001b[43m,\u001b[49m\u001b[43m \u001b[49m\u001b[43mweights\u001b[49m\u001b[43m,\u001b[49m\u001b[43m \u001b[49m\u001b[43mprogress\u001b[49m\u001b[43m,\u001b[49m\u001b[43m \u001b[49m\u001b[38;5;241;43m*\u001b[39;49m\u001b[38;5;241;43m*\u001b[39;49m\u001b[43mkwargs\u001b[49m\u001b[43m)\u001b[49m\n",
      "File \u001b[0;32m~/miniconda3/envs/envs_summer/lib/python3.9/site-packages/torchvision/models/resnet.py:298\u001b[0m, in \u001b[0;36m_resnet\u001b[0;34m(block, layers, weights, progress, **kwargs)\u001b[0m\n\u001b[1;32m    295\u001b[0m \u001b[38;5;28;01mif\u001b[39;00m weights \u001b[38;5;129;01mis\u001b[39;00m \u001b[38;5;129;01mnot\u001b[39;00m \u001b[38;5;28;01mNone\u001b[39;00m:\n\u001b[1;32m    296\u001b[0m     _ovewrite_named_param(kwargs, \u001b[38;5;124m\"\u001b[39m\u001b[38;5;124mnum_classes\u001b[39m\u001b[38;5;124m\"\u001b[39m, \u001b[38;5;28mlen\u001b[39m(weights\u001b[38;5;241m.\u001b[39mmeta[\u001b[38;5;124m\"\u001b[39m\u001b[38;5;124mcategories\u001b[39m\u001b[38;5;124m\"\u001b[39m]))\n\u001b[0;32m--> 298\u001b[0m model \u001b[38;5;241m=\u001b[39m \u001b[43mResNet\u001b[49m\u001b[43m(\u001b[49m\u001b[43mblock\u001b[49m\u001b[43m,\u001b[49m\u001b[43m \u001b[49m\u001b[43mlayers\u001b[49m\u001b[43m,\u001b[49m\u001b[43m \u001b[49m\u001b[38;5;241;43m*\u001b[39;49m\u001b[38;5;241;43m*\u001b[39;49m\u001b[43mkwargs\u001b[49m\u001b[43m)\u001b[49m\n\u001b[1;32m    300\u001b[0m \u001b[38;5;28;01mif\u001b[39;00m weights \u001b[38;5;129;01mis\u001b[39;00m \u001b[38;5;129;01mnot\u001b[39;00m \u001b[38;5;28;01mNone\u001b[39;00m:\n\u001b[1;32m    301\u001b[0m     model\u001b[38;5;241m.\u001b[39mload_state_dict(weights\u001b[38;5;241m.\u001b[39mget_state_dict(progress\u001b[38;5;241m=\u001b[39mprogress, check_hash\u001b[38;5;241m=\u001b[39m\u001b[38;5;28;01mTrue\u001b[39;00m))\n",
      "File \u001b[0;32m~/miniconda3/envs/envs_summer/lib/python3.9/site-packages/torchvision/models/resnet.py:210\u001b[0m, in \u001b[0;36mResNet.__init__\u001b[0;34m(self, block, layers, num_classes, zero_init_residual, groups, width_per_group, replace_stride_with_dilation, norm_layer)\u001b[0m\n\u001b[1;32m    208\u001b[0m \u001b[38;5;28;01mfor\u001b[39;00m m \u001b[38;5;129;01min\u001b[39;00m \u001b[38;5;28mself\u001b[39m\u001b[38;5;241m.\u001b[39mmodules():\n\u001b[1;32m    209\u001b[0m     \u001b[38;5;28;01mif\u001b[39;00m \u001b[38;5;28misinstance\u001b[39m(m, nn\u001b[38;5;241m.\u001b[39mConv2d):\n\u001b[0;32m--> 210\u001b[0m         \u001b[43mnn\u001b[49m\u001b[38;5;241;43m.\u001b[39;49m\u001b[43minit\u001b[49m\u001b[38;5;241;43m.\u001b[39;49m\u001b[43mkaiming_normal_\u001b[49m\u001b[43m(\u001b[49m\u001b[43mm\u001b[49m\u001b[38;5;241;43m.\u001b[39;49m\u001b[43mweight\u001b[49m\u001b[43m,\u001b[49m\u001b[43m \u001b[49m\u001b[43mmode\u001b[49m\u001b[38;5;241;43m=\u001b[39;49m\u001b[38;5;124;43m\"\u001b[39;49m\u001b[38;5;124;43mfan_out\u001b[39;49m\u001b[38;5;124;43m\"\u001b[39;49m\u001b[43m,\u001b[49m\u001b[43m \u001b[49m\u001b[43mnonlinearity\u001b[49m\u001b[38;5;241;43m=\u001b[39;49m\u001b[38;5;124;43m\"\u001b[39;49m\u001b[38;5;124;43mrelu\u001b[39;49m\u001b[38;5;124;43m\"\u001b[39;49m\u001b[43m)\u001b[49m\n\u001b[1;32m    211\u001b[0m     \u001b[38;5;28;01melif\u001b[39;00m \u001b[38;5;28misinstance\u001b[39m(m, (nn\u001b[38;5;241m.\u001b[39mBatchNorm2d, nn\u001b[38;5;241m.\u001b[39mGroupNorm)):\n\u001b[1;32m    212\u001b[0m         nn\u001b[38;5;241m.\u001b[39minit\u001b[38;5;241m.\u001b[39mconstant_(m\u001b[38;5;241m.\u001b[39mweight, \u001b[38;5;241m1\u001b[39m)\n",
      "File \u001b[0;32m~/miniconda3/envs/envs_summer/lib/python3.9/site-packages/torch/nn/init.py:505\u001b[0m, in \u001b[0;36mkaiming_normal_\u001b[0;34m(tensor, a, mode, nonlinearity, generator)\u001b[0m\n\u001b[1;32m    503\u001b[0m std \u001b[38;5;241m=\u001b[39m gain \u001b[38;5;241m/\u001b[39m math\u001b[38;5;241m.\u001b[39msqrt(fan)\n\u001b[1;32m    504\u001b[0m \u001b[38;5;28;01mwith\u001b[39;00m torch\u001b[38;5;241m.\u001b[39mno_grad():\n\u001b[0;32m--> 505\u001b[0m     \u001