      "[I 2024-10-03 06:03:03,317] Trial 395 finished with value: 0.6159250585480094 and parameters: {'lr': 0.0008744783561528947, 'weight_decay': 0.0006232551926838659}. Best is trial 168 with value: 0.8083333333333335.\n",
      "WARNING: Maximum number of iterations 32 reached. The mean may be inaccurate\n",
      "[I 2024-10-03 06:13:05,158] Trial 396 finished with value: 0.6924277907884465 and parameters: {'lr': 2.3716602368753644e-06, 'weight_decay': 0.0026289579767572045}. Best is trial 168 with value: 0.8083333333333335.\n"
     ]
    },
    {
     "name": "stdout",
     "output_type": "stream",
     "text": [
      "SVD 수렴 문제 발생: SVD did not converge. 계속 진행합니다.\n"
     ]
    },
    {
     "name": "stderr",
     "output_type": "stream",
     "text": [
      "WARNING: Maximum number of iterations 32 reached. The mean may be inaccurate\n"
     ]
    },
    {
     "name": "stdout",
     "output_type": "stream",
     "text": [
      "SVD 수렴 문제 발생: SVD did not converge. 계속 진행합니다.\n"
     ]
    },
    {
     "name": "stderr",
     "output_type": "stream",
     "text": [
      "[I 2024-10-03 06:23:01,103] Trial 397 finished with value: 0.8241935483870967 and parameters: {'lr': 1.2692342811403879e-05, 'weight_decay': 0.0013424602916818711}. Best is trial 397 with value: 0.8241935483870967.\n",
      "WARNING: Maximum number of iterations 32 reached. The mean may be inaccurate\n"
     ]
    },
    {
     "name": "stdout",
     "output_type": "stream",
     "text": [
      "SVD 수렴 문제 발생: SVD did not converge. 계속 진행합니다.\n"
     ]
    },
    {
     "name": "stderr",
     "output_type": "stream",
     "text": [
      "[I 2024-10-03 06:33:00,198] Trial 398 finished with value: 0.7515151515151515 and parameters: {'lr': 3.8512704757981574e-05, 'weight_decay': 0.0013192322513580755}. Best is trial 397 with value: 0.8241935483870967.\n",
      "WARNING: Maximum number of iterations 32 reached. The mean may be inaccurate\n"
     ]
    },
    {
     "name": "stdout",
     "output_type": "stream",
     "text": [
      "SVD 수렴 문제 발생: SVD did not converge. 계속 진행합니다.\n"
     ]
    },
    {
     "name": "stderr",
     "output_type": "stream",
     "text": [
      "[I 2024-10-03 06:42:59,808] Trial 399 finished with value: 0.6955503512880562 and parameters: {'lr': 3.678257098687824e-05, 'weight_decay': 0.0010913174961678757}. Best is trial 397 with value: 0.8241935483870967.\n",
      "WARNING: Maximum number of iterations 32 reached. The mean may be inaccurate\n"
     ]
    },
    {
     "name": "stdout",
     "output_type": "stream",
     "text": [
      "SVD 수렴 문제 발생: SVD did not converge. 계속 진행합니다.\n"
     ]
    },
    {
     "name": "stderr",
     "output_type": "stream",
     "text": [
      "[I 2024-10-03 06:53:03,189] Trial 400 finished with value: 0.667741935483871 and parameters: {'lr': 3.0260778087904053e-05, 'weight_decay': 0.0014205620978896337}. Best is trial 397 with value: 0.8241935483870967.\n",
      "WARNING: Maximum number of iterations 32 reached. The mean may be inaccurate\n"
     ]
    },
    {
     "name": "stdout",
     "output_type": "stream",
     "text": [
      "SVD 수렴 문제 발생: SVD did not converge. 계속 진행합니다.\n"
     ]
    },
    {
     "name": "stderr",
     "output_type": "stream",
     "text": [
      "[I 2024-10-03 07:03:05,392] Trial 401 finished with value: 0.667741935483871 and parameters: {'lr': 2.5916681252950215e-05, 'weight_decay': 0.0016654660576602936}. Best is trial 397 with value: 0.8241935483870967.\n",
      "WARNING: Maximum number of iterations 32 reached. The mean may be inaccurate\n"
     ]
    },
    {
     "name": "stdout",
     "output_type": "stream",
     "text": [
      "SVD 수렴 문제 발생: SVD did not converge. 계속 진행합니다.\n"
     ]
    },
    {
     "name": "stderr",
     "output_type": "stream",
     "text": [
      "[I 2024-10-03 07:12:59,090] Trial 402 finished with value: 0.6543846720707442 and parameters: {'lr': 4.3750926730393745e-05, 'weight_decay': 0.0013167071413110237}. Best is trial 397 with value: 0.8241935483870967.\n",
      "WARNING: Maximum number of iterations 32 reached. The mean may be inaccurate\n",
      "[I 2024-10-03 07:22:59,616] Trial 403 finished with value: 0.6870967741935484 and parameters: {'lr': 5.3505006645382714e-05, 'weight_decay': 0.001897687729385609}. Best is trial 397 with value: 0.8241935483870967.\n"
     ]
    },
    {
     "name": "stdout",
     "output_type": "stream",
     "text": [
      "SVD 수렴 문제 발생: SVD did not converge. 계속 진행합니다.\n"
     ]
    },
    {
     "name": "stderr",
     "output_type": "stream",
     "text": [
      "WARNING: Maximum number of iterations 32 reached. The mean may be inaccurate\n"
     ]
    },
    {
     "name": "stdout",
     "output_type": "stream",
     "text": [
      "SVD 수렴 문제 발생: SVD did not converge. 계속 진행합니다.\n"
     ]
    },
    {
     "name": "stderr",
     "output_type": "stream",
     "text": [
      "[I 2024-10-03 07:33:02,756] Trial 404 finished with value: 0.6599832915622389 and parameters: {'lr': 1.3464863198075428e-05, 'weight_decay': 0.0012494361344518074}. Best is trial 397 with value: 0.8241935483870967.\n",
      "WARNING: Maximum number of iterations 32 reached. The mean may be inaccurate\n"
     ]
    },
    {
     "name": "stdout",
     "output_type": "stream",
     "text": [
      "SVD 수렴 문제 발생: SVD did not converge. 계속 진행합니다.\n"
     ]
    },
    {
     "name": "stderr",
     "output_type": "stream",
     "text": [
      "[I 2024-10-03 07:42:56,639] Trial 405 finished with value: 0.6836065573770492 and parameters: {'lr': 1.8306913657803888e-05, 'weight_decay': 0.001252002581753973}. Best is trial 397 with value: 0.8241935483870967.\n",
      "WARNING: Maximum number of iterations 32 reached. The mean may be inaccurate\n"
     ]
    },
    {
     "name": "stdout",
     "output_type": "stream",
     "text": [
      "SVD 수렴 문제 발생: SVD did not converge. 계속 진행합니다.\n"
     ]
    },
    {
     "name": "stderr",
     "output_type": "stream",
     "text": [
      "[I 2024-10-03 07:52:47,315] Trial 406 finished with value: 0.7619047619047619 and parameters: {'lr': 6.377563357993875e-06, 'weight_decay': 0.0015185257125963682}. Best is trial 397 with value: 0.8241935483870967.\n",
      "WARNING: Maximum number of iterations 32 reached. The mean may be inaccurate\n"
     ]
    },
    {
     "name": "stdout",
     "output_type": "stream",
     "text": [
      "SVD 수렴 문제 발생: SVD did not converge. 계속 진행합니다.\n"
     ]
    },
    {
     "name": "stderr",
     "output_type": "stream",
     "text": [
      "[I 2024-10-03 08:02:42,841] Trial 407 finished with value: 0.5709677419354839 and parameters: {'lr': 6.46348672554084e-06, 'weight_decay': 0.001796124671809795}. Best is trial 397 with value: 0.8241935483870967.\n",
      "WARNING: Maximum number of iterations 32 reached. The mean may be inaccurate\n"
     ]
    },
    {
     "name": "stdout",
     "output_type": "stream",
     "text": [
      "SVD 수렴 문제 발생: SVD did not converge. 계속 진행합니다.\n"
     ]
    },
    {
     "name": "stderr",
     "output_type": "stream",
     "text": [
      "[I 2024-10-03 08:12:42,722] Trial 408 finished with value: 0.6697892271662763 and parameters: {'lr': 1.1877098460655883e-05, 'weight_decay': 0.0013094348979994603}. Best is trial 397 with value: 0.8241935483870967.\n",
      "WARNING: Maximum number of iterations 32 reached. The mean may be inaccurate\n",
      "[I 2024-10-03 08:22:39,079] Trial 409 finished with value: 0.5984848484848485 and parameters: {'lr': 4.227210311447556e-06, 'weight_decay': 0.0014823023488384735}. Best is trial 397 with value: 0.8241935483870967.\n"
     ]
    },
    {
     "name": "stdout",
     "output_type": "stream",
     "text": [
      "SVD 수렴 문제 발생: SVD did not converge. 계속 진행합니다.\n"
     ]
    },
    {
     "name": "stderr",
     "output_type": "stream",
     "text": [
      "WARNING: Maximum number of iterations 32 reached. The mean may be inaccurate\n"
     ]
    },
    {
     "name": "stdout",
     "output_type": "stream",
     "text": [
      "SVD 수렴 문제 발생: SVD did not converge. 계속 진행합니다.\n"
     ]
    },
    {
     "name": "stderr",
     "output_type": "stream",
     "text": [
      "[I 2024-10-03 08:32:34,413] Trial 410 finished with value: 0.6291959406713505 and parameters: {'lr': 7.617710138134839e-06, 'weight_decay': 0.000996578203986436}. Best is trial 397 with value: 0.8241935483870967.\n",
      "WARNING: Maximum number of iterations 32 reached. The mean may be inaccurate\n"
     ]
    },
    {
     "name": "stdout",
     "output_type": "stream",
     "text": [
      "SVD 수렴 문제 발생: SVD did not converge. 계속 진행합니다.\n"
     ]
    },
    {
     "name": "stderr",
     "output_type": "stream",
     "text": [
      "[I 2024-10-03 08:42:32,899] Trial 411 finished with value: 0.6272727272727273 and parameters: {'lr': 5.629118795569834e-06, 'weight_decay': 0.0016102672487193117}. Best is trial 397 with value: 0.8241935483870967.\n",
      "WARNING: Maximum number of iterations 32 reached. The mean may be inaccurate\n"
     ]
    },
    {
     "name": "stdout",
     "output_type": "stream",
     "text": [
      "SVD 수렴 문제 발생: SVD did not converge. 계속 진행합니다.\n"
     ]
    },
    {
     "name": "stderr",
     "output_type": "stream",
     "text": [
      "[I 2024-10-03 08:52:29,307] Trial 412 finished with value: 0.6451612903225806 and parameters: {'lr': 3.3391121161360935e-06, 'weight_decay': 0.0021380847602535586}. Best is trial 397 with value: 0.8241935483870967.\n",
      "WARNING: Maximum number of iterations 32 reached. The mean may be inaccurate\n"
     ]
    },
    {
     "name": "stdout",
     "output_type": "stream",
     "text": [
      "SVD 수렴 문제 발생: SVD did not converge. 계속 진행합니다.\n"
     ]
    },
    {
     "name": "stderr",
     "output_type": "stream",
     "text": [
      "[I 2024-10-03 09:00:54,404] Trial 413 finished with value: 0.6198282591725215 and parameters: {'lr': 2.317659589964485e-05, 'weight_decay': 0.0011384286983052683}. Best is trial 397 with value: 0.8241935483870967.\n",
      "WARNING: Maximum number of iterations 32 reached. The mean may be inaccurate\n",
      "[I 2024-10-03 09:05:49,263] Trial 414 finished with value: 0.5975806451612904 and parameters: {'lr': 1.7719794385615704e-06, 'weight_decay': 0.0009337086139186508}. Best is trial 397 with value: 0.8241935483870967.\n"
     ]
    },
    {
     "name": "stdout",
     "output_type": "stream",
     "text": [
      "SVD 수렴 문제 발생: SVD did not converge. 계속 진행합니다.\n"
     ]
    },
    {
     "name": "stderr",
     "output_type": "stream",
     "text": [
      "WARNING: Maximum number of iterations 32 reached. The mean may be inaccurate\n"
     ]
    },
    {
     "name": "stdout",
     "output_type": "stream",
     "text": [
      "SVD 수렴 문제 발생: SVD did not converge. 계속 진행합니다.\n"
     ]
    },
    {
     "name": "stderr",
     "output_type": "stream",
     "text": [
      "[I 2024-10-03 09:10:41,715] Trial 415 finished with value: 0.556060606060606 and parameters: {'lr': 8.79401893914396e-06, 'weight_decay': 0.0014957929794664844}. Best is trial 397 with value: 0.8241935483870967.\n",
      "WARNING: Maximum number of iterations 32 reached. The mean may be inaccurate\n"
     ]
    },
    {
     "name": "stdout",
     "output_type": "stream",
     "text": [
      "SVD 수렴 문제 발생: SVD did not converge. 계속 진행합니다.\n"
     ]
    },
    {
     "name": "stderr",
     "output_type": "stream",
     "text": [
      "[I 2024-10-03 09:15:36,857] Trial 416 finished with value: 0.7068181818181818 and parameters: {'lr': 1.0306723098725282e-05, 'weight_decay': 0.0010865344689962614}. Best is trial 397 with value: 0.8241935483870967.\n",
      "WARNING: Maximum number of iterations 32 reached. The mean may be inaccurate\n"
     ]
    },
    {
     "name": "stdout",
     "output_type": "stream",
     "text": [
      "SVD 수렴 문제 발생: SVD did not converge. 계속 진행합니다.\n"
     ]
    },
    {
     "name": "stderr",
     "output_type": "stream",
     "text": [
      "[I 2024-10-03 09:20:31,685] Trial 417 finished with value: 0.6121212121212121 and parameters: {'lr': 3.907687956225879e-06, 'weight_decay': 0.000865484264642695}. Best is trial 397 with value: 0.8241935483870967.\n",
      "WARNING: Maximum number of iterations 32 reached. The mean may be inaccurate\n"
     ]
    },
    {
     "name": "stdout",
     "output_type": "stream",
     "text": [
      "SVD 수렴 문제 발생: SVD did not converge. 계속 진행합니다.\n"
     ]
    },
    {
     "name": "stderr",
     "output_type": "stream",
     "text": [
      "[I 2024-10-03 09:25:25,352] Trial 418 finished with value: 0.6371212121212121 and parameters: {'lr': 1.5459860643361105e-05, 'weight_decay': 0.0007628604808852468}. Best is trial 397 with value: 0.8241935483870967.\n",
      "WARNING: Maximum number of iterations 32 reached. The mean may be inaccurate\n"
     ]
    },
    {
     "name": "stdout",
     "output_type": "stream",
     "text": [
      "SVD 수렴 문제 발생: SVD did not converge. 계속 진행합니다.\n"
     ]
    },
    {
     "name": "stderr",
     "output_type": "stream",
     "text": [
      "[I 2024-10-03 09:30:18,842] Trial 419 finished with value: 0.6861826697892272 and parameters: {'lr': 4.774384976083244e-06, 'weight_decay': 0.0010347155032875064}. Best is trial 397 with value: 0.8241935483870967.\n",
      "WARNING: Maximum number of iterations 32 reached. The mean may be inaccurate\n"
     ]
    },
    {
     "name": "stdout",
     "output_type": "stream",
     "text": [
      "SVD 수렴 문제 발생: SVD did not converge. 계속 진행합니다.\n"
     ]
    },
    {
     "name": "stderr",
     "output_type": "stream",
     "text": [
      "[I 2024-10-03 09:35:13,175] Trial 420 finished with value: 0.5540983606557377 and parameters: {'lr': 2.9871535894158695e-06, 'weight_decay': 0.0013616359197265579}. Best is trial 397 with value: 0.8241935483870967.\n",
      "WARNING: Maximum number of iterations 32 reached. The mean may be inaccurate\n"
     ]
    },
    {
     "name": "stdout",
     "output_type": "stream",
     "text": [
      "SVD 수렴 문제 발생: SVD did not converge. 계속 진행합니다.\n"
     ]
    },
    {
     "name": "stderr",
     "output_type": "stream",
     "text": [
      "[I 2024-10-03 09:40:07,461] Trial 421 finished with value: 0.728225806451613 and parameters: {'lr': 3.078798041805859e-05, 'weight_decay': 0.00012795632544284542}. Best is trial 397 with value: 0.8241935483870967.\n",
      "WARNING: Maximum number of iterations 32 reached. The mean may be inaccurate\n"
     ]
    },
    {
     "name": "stdout",
     "output_type": "stream",
     "text": [
      "SVD 수렴 문제 발생: SVD did not converge. 계속 진행합니다.\n"
     ]
    },
    {
     "name": "stderr",
     "output_type": "stream",
     "text": [
      "[I 2024-10-03 09:45:00,665] Trial 422 finished with value: 0.7291178766588603 and parameters: {'lr': 3.587728969113008e-05, 'weight_decay': 0.00010670450766947468}. Best is trial 397 with value: 0.8241935483870967.\n",
      "WARNING: Maximum number of iterations 32 reached. The mean may be inaccurate\n"
     ]
    },
    {
     "name": "stdout",
     "output_type": "stream",
     "text": [
      "SVD 수렴 문제 발생: SVD did not converge. 계속 진행합니다.\n"
     ]
    },
    {
     "name": "stderr",
     "output_type": "stream",
     "text": [
      "[I 2024-10-03 09:49:53,974] Trial 423 finished with value: 0.5932864949258392 and parameters: {'lr': 3.834261124703079e-05, 'weight_decay': 8.53082004044731e-05}. Best is trial 397 with value: 0.8241935483870967.\n",
      "WARNING: Maximum number of iterations 32 reached. The mean may be inaccurate\n"
     ]
    },
    {
     "name": "stdout",
     "output_type": "stream",
     "text": [
      "SVD 수렴 문제 발생: SVD did not converge. 계속 진행합니다.\n"
     ]
    },
    {
     "name": "stderr",
     "output_type": "stream",
     "text": [
      "[I 2024-10-03 09:54:47,854] Trial 424 finished with value: 0.6492424242424243 and parameters: {'lr': 5.6003096540526366e-05, 'weight_decay': 0.00011528202297717521}. Best is trial 397 with value: 0.8241935483870967.\n",
      "WARNING: Maximum number of iterations 32 reached. The mean may be inaccurate\n"
     ]
    },
    {
     "name": "stdout",
     "output_type": "stream",
     "text": [
      "SVD 수렴 문제 발생: SVD did not converge. 계속 진행합니다.\n"
     ]
    },
    {
     "name": "stderr",
     "output_type": "stream",
     "text": [
      "[I 2024-10-03 09:59:41,909] Trial 425 finished with value: 0.5995316159250587 and parameters: {'lr': 3.0361840424787342e-05, 'weight_decay': 0.00013265814501102293}. Best is trial 397 with value: 0.8241935483870967.\n",
      "WARNING: Maximum number of iterations 32 reached. The mean may be inaccurate\n",
      "[I 2024-10-03 10:04:38,647] Trial 426 finished with value: 0.7548387096774193 and parameters: {'lr': 3.408176356943385e-05, 'weight_decay': 0.0001103718646897011}. Best is trial 397 with value: 0.8241935483870967.\n"
     ]
    },
    {
     "name": "stdout",
     "output_type": "stream",
     "text": [
      "SVD 수렴 문제 발생: SVD did not converge. 계속 진행합니다.\n"
     ]
    },
    {
     "name": "stderr",
     "output_type": "stream",
     "text": [
      "WARNING: Maximum number of iterations 32 reached. The mean may be inaccurate\n"
     ]
    },
    {
     "name": "stdout",
     "output_type": "stream",
     "text": [
      "SVD 수렴 문제 발생: SVD did not converge. 계속 진행합니다.\n"
     ]
    },
    {
     "name": "stderr",
     "output_type": "stream",
     "text": [
      "[I 2024-10-03 10:09:31,512] Trial 427 finished with value: 0.6466165413533835 and parameters: {'lr': 3.499061003622314e-05, 'weight_decay': 0.00015132323178912885}. Best is trial 397 with value: 0.8241935483870967.\n",
      "WARNING: Maximum number of iterations 32 reached. The mean may be inaccurate\n"
     ]
    },
    {
     "name": "stdout",
     "output_type": "stream",
     "text": [
      "SVD 수렴 문제 발생: SVD did not converge. 계속 진행합니다.\n"
     ]
    },
    {
     "name": "stderr",
     "output_type": "stream",
     "text": [
      "[I 2024-10-03 10:14:24,952] Trial 428 finished with value: 0.6167056986729118 and parameters: {'lr': 3.9458418753526206e-05, 'weight_decay': 9.911022667055389e-05}. Best is trial 397 with value: 0.8241935483870967.\n",
      "WARNING: Maximum number of iterations 32 reached. The mean may be inaccurate\n",
      "[I 2024-10-03 10:19:19,998] Trial 429 finished with value: 0.6854020296643247 and parameters: {'lr': 2.7561215207717182e-05, 'weight_decay': 5.79806702340491e-05}. Best is trial 397 with value: 0.8241935483870967.\n"
     ]
    },
    {
     "name": "stdout",
     "output_type": "stream",
     "text": [
      "SVD 수렴 문제 발생: SVD did not converge. 계속 진행합니다.\n"
     ]
    },
    {
     "name": "stderr",
     "output_type": "stream",
     "text": [
      "WARNING: Maximum number of iterations 32 reached. The mean may be inaccurate\n"
     ]
    },
    {
     "name": "stdout",
     "output_type": "stream",
     "text": [
      "SVD 수렴 문제 발생: SVD did not converge. 계속 진행합니다.\n"
     ]
    },
    {
     "name": "stderr",
     "output_type": "stream",
     "text": [
      "[I 2024-10-03 10:24:12,273] Trial 430 finished with value: 0.6854020296643247 and parameters: {'lr': 4.066563344619345e-05, 'weight_decay': 0.00011341132462978895}. Best is trial 397 with value: 0.8241935483870967.\n",
      "WARNING: Maximum number of iterations 32 reached. The mean may be inaccurate\n"
     ]
    },
    {
     "name": "stdout",
     "output_type": "stream",
     "text": [
      "SVD 수렴 문제 발생: SVD did not converge. 계속 진행합니다.\n"
     ]
    },
    {
     "name": "stderr",
     "output_type": "stream",
     "text": [
      "[I 2024-10-03 10:39:13,132] Trial 431 finished with value: 0.6908665105386416 and parameters: {'lr': 4.7283095811550325e-05, 'weight_decay': 7.989926608408595e-05}. Best is trial 397 with value: 0.8241935483870967.\n",
      "WARNING: Maximum number of iterations 32 reached. The mean may be inaccurate\n"
     ]
    },
    {
     "name": "stdout",
     "output_type": "stream",
     "text": [
      "SVD 수렴 문제 발생: SVD did not converge. 계속 진행합니다.\n"
     ]
    },
    {
     "name": "stderr",
     "output_type": "stream",
     "text": [
      "WARNING: Maximum number of iterations 32 reached. The mean may be inaccurate\n"
     ]
    },
    {
     "name": "stdout",
     "output_type": "stream",
     "text": [
      "SVD 수렴 문제 발생: SVD did not converge. 계속 진행합니다.\n"
     ]
    },
    {
     "name": "stderr",
     "output_type": "stream",
     "text": [
      "[I 2024-10-03 11:28:50,711] Trial 433 finished with value: 0.7056986729117877 and parameters: {'lr': 2.2483927592702723e-05, 'weight_decay': 0.00010699754987972462}. Best is trial 397 with value: 0.8241935483870967.\n",
      "WARNING: Maximum number of iterations 32 reached. The mean may be inaccurate\n"
     ]
    },
    {
     "name": "stdout",
     "output_type": "stream",
     "text": [
      "SVD 수렴 문제 발생: SVD did not converge. 계속 진행합니다.\n"
     ]
    },
    {
     "name": "stderr",
     "output_type": "stream",
     "text": [
      "[I 2024-10-03 11:53:41,764] Trial 434 finished with value: 0.6371212121212121 and parameters: {'lr': 3.4283640336439434e-05, 'weight_decay': 0.00017186394807063287}. Best is trial 397 with value: 0.8241935483870967.\n",
      "WARNING: Maximum number of iterations 32 reached. The mean may be inaccurate\n"
     ]
    },
    {
     "name": "stdout",
     "output_type": "stream",
     "text": [
      "SVD 수렴 문제 발생: SVD did not converge. 계속 진행합니다.\n"
     ]
    },
    {
     "name": "stderr",
     "output_type": "stream",
     "text": [
