      "[I 2024-10-08 18:26:16,106] Trial 187 finished with value: 0.6507936507936508 and parameters: {'lr': 9.114368364790507e-05, 'weight_decay': 0.00015875012804425983}. Best is trial 11 with value: 0.8016129032258064.\n",
      "WARNING: Maximum number of iterations 32 reached. The mean may be inaccurate\n"
     ]
    },
    {
     "name": "stdout",
     "output_type": "stream",
     "text": [
      "SVD 수렴 문제 발생: SVD did not converge. 계속 진행합니다.\n"
     ]
    },
    {
     "name": "stderr",
     "output_type": "stream",
     "text": [
      "[I 2024-10-08 18:36:03,112] Trial 188 finished with value: 0.6508064516129032 and parameters: {'lr': 4.035579067096284e-05, 'weight_decay': 5.921463804825945e-05}. Best is trial 11 with value: 0.8016129032258064.\n",
      "WARNING: Maximum number of iterations 32 reached. The mean may be inaccurate\n"
     ]
    },
    {
     "name": "stdout",
     "output_type": "stream",
     "text": [
      "SVD 수렴 문제 발생: SVD did not converge. 계속 진행합니다.\n"
     ]
    },
    {
     "name": "stderr",
     "output_type": "stream",
     "text": [
      "[I 2024-10-08 18:45:48,396] Trial 189 finished with value: 0.6475806451612903 and parameters: {'lr': 1.1289758412831983e-05, 'weight_decay': 9.33227638677017e-05}. Best is trial 11 with value: 0.8016129032258064.\n",
      "WARNING: Maximum number of iterations 32 reached. The mean may be inaccurate\n"
     ]
    },
    {
     "name": "stdout",
     "output_type": "stream",
     "text": [
      "SVD 수렴 문제 발생: SVD did not converge. 계속 진행합니다.\n"
     ]
    },
    {
     "name": "stderr",
     "output_type": "stream",
     "text": [
      "[I 2024-10-08 18:55:28,377] Trial 190 finished with value: 0.6175386882829771 and parameters: {'lr': 0.0027850669270497344, 'weight_decay': 0.00011686849457283522}. Best is trial 11 with value: 0.8016129032258064.\n",
      "WARNING: Maximum number of iterations 32 reached. The mean may be inaccurate\n"
     ]
    },
    {
     "name": "stdout",
     "output_type": "stream",
     "text": [
      "SVD 수렴 문제 발생: SVD did not converge. 계속 진행합니다.\n"
     ]
    },
    {
     "name": "stderr",
     "output_type": "stream",
     "text": [
      "[I 2024-10-08 19:05:11,894] Trial 191 finished with value: 0.7010148321623731 and parameters: {'lr': 0.0001285879956446583, 'weight_decay': 0.0001324038745272338}. Best is trial 11 with value: 0.8016129032258064.\n",
      "WARNING: Maximum number of iterations 32 reached. The mean may be inaccurate\n",
      "[I 2024-10-08 19:14:52,589] Trial 192 finished with value: 0.6045454545454545 and parameters: {'lr': 0.00018139972622710366, 'weight_decay': 0.00019306231401281573}. Best is trial 11 with value: 0.8016129032258064.\n"
     ]
    },
    {
     "name": "stdout",
     "output_type": "stream",
     "text": [
      "SVD 수렴 문제 발생: SVD did not converge. 계속 진행합니다.\n"
     ]
    },
    {
     "name": "stderr",
     "output_type": "stream",
     "text": [
      "WARNING: Maximum number of iterations 32 reached. The mean may be inaccurate\n"
     ]
    },
    {
     "name": "stdout",
     "output_type": "stream",
     "text": [
      "SVD 수렴 문제 발생: SVD did not converge. 계속 진행합니다.\n"
     ]
    },
    {
     "name": "stderr",
     "output_type": "stream",
     "text": [
      "[I 2024-10-08 19:24:33,375] Trial 193 finished with value: 0.722639933166249 and parameters: {'lr': 0.00011408805530471215, 'weight_decay': 7.06562625693245e-05}. Best is trial 11 with value: 0.8016129032258064.\n",
      "WARNING: Maximum number of iterations 32 reached. The mean may be inaccurate\n"
     ]
    },
    {
     "name": "stdout",
     "output_type": "stream",
     "text": [
      "SVD 수렴 문제 발생: SVD did not converge. 계속 진행합니다.\n"
     ]
    },
    {
     "name": "stderr",
     "output_type": "stream",
     "text": [
      "[I 2024-10-08 19:34:14,711] Trial 194 finished with value: 0.6333333333333333 and parameters: {'lr': 7.015881568019365e-05, 'weight_decay': 5.044434959437019e-05}. Best is trial 11 with value: 0.8016129032258064.\n",
      "WARNING: Maximum number of iterations 32 reached. The mean may be inaccurate\n"
     ]
    },
    {
     "name": "stdout",
     "output_type": "stream",
     "text": [
      "SVD 수렴 문제 발생: SVD did not converge. 계속 진행합니다.\n"
     ]
    },
    {
     "name": "stderr",
     "output_type": "stream",
     "text": [
      "[I 2024-10-08 19:44:02,984] Trial 195 finished with value: 0.6245120999219359 and parameters: {'lr': 8.452884601729433e-05, 'weight_decay': 8.320076869264689e-05}. Best is trial 11 with value: 0.8016129032258064.\n",
      "WARNING: Maximum number of iterations 32 reached. The mean may be inaccurate\n"
     ]
    },
    {
     "name": "stdout",
     "output_type": "stream",
     "text": [
      "SVD 수렴 문제 발생: SVD did not converge. 계속 진행합니다.\n"
     ]
    },
    {
     "name": "stderr",
     "output_type": "stream",
     "text": [
      "[I 2024-10-08 19:53:46,023] Trial 196 finished with value: 0.7404761904761905 and parameters: {'lr': 1.9766003580297974e-05, 'weight_decay': 3.939344567978546e-05}. Best is trial 11 with value: 0.8016129032258064.\n",
      "WARNING: Maximum number of iterations 32 reached. The mean may be inaccurate\n"
     ]
    },
    {
     "name": "stdout",
     "output_type": "stream",
     "text": [
      "SVD 수렴 문제 발생: SVD did not converge. 계속 진행합니다.\n"
     ]
    },
    {
     "name": "stderr",
     "output_type": "stream",
     "text": [
      "[I 2024-10-08 20:03:31,899] Trial 197 finished with value: 0.6522727272727273 and parameters: {'lr': 2.0023285332930058e-05, 'weight_decay': 3.607331228577236e-05}. Best is trial 11 with value: 0.8016129032258064.\n",
      "WARNING: Maximum number of iterations 32 reached. The mean may be inaccurate\n"
     ]
    },
    {
     "name": "stdout",
     "output_type": "stream",
     "text": [
      "SVD 수렴 문제 발생: SVD did not converge. 계속 진행합니다.\n"
     ]
    },
    {
     "name": "stderr",
     "output_type": "stream",
     "text": [
      "[I 2024-10-08 20:13:11,475] Trial 198 finished with value: 0.7560795873249816 and parameters: {'lr': 1.7186053720168028e-05, 'weight_decay': 4.5294537746085207e-05}. Best is trial 11 with value: 0.8016129032258064.\n",
      "WARNING: Maximum number of iterations 32 reached. The mean may be inaccurate\n"
     ]
    },
    {
     "name": "stdout",
     "output_type": "stream",
     "text": [
      "SVD 수렴 문제 발생: SVD did not converge. 계속 진행합니다.\n"
     ]
    },
    {
     "name": "stderr",
     "output_type": "stream",
     "text": [
      "[I 2024-10-08 20:22:55,716] Trial 199 finished with value: 0.7485380116959064 and parameters: {'lr': 2.9232834769938616e-05, 'weight_decay': 4.223440241572152e-05}. Best is trial 11 with value: 0.8016129032258064.\n",
      "WARNING: Maximum number of iterations 32 reached. The mean may be inaccurate\n"
     ]
    },
    {
     "name": "stdout",
     "output_type": "stream",
     "text": [
      "SVD 수렴 문제 발생: SVD did not converge. 계속 진행합니다.\n"
     ]
    },
    {
     "name": "stderr",
     "output_type": "stream",
     "text": [
      "[I 2024-10-08 20:32:38,586] Trial 200 finished with value: 0.6137096774193549 and parameters: {'lr': 1.6524104185458542e-05, 'weight_decay': 4.763029396934911e-05}. Best is trial 11 with value: 0.8016129032258064.\n",
      "WARNING: Maximum number of iterations 32 reached. The mean may be inaccurate\n"
     ]
    },
    {
     "name": "stdout",
     "output_type": "stream",
     "text": [
      "SVD 수렴 문제 발생: SVD did not converge. 계속 진행합니다.\n"
     ]
    },
    {
     "name": "stderr",
     "output_type": "stream",
     "text": [
      "[I 2024-10-08 20:42:24,552] Trial 201 finished with value: 0.6121212121212122 and parameters: {'lr': 2.7418251805289413e-05, 'weight_decay': 2.7148461629163997e-05}. Best is trial 11 with value: 0.8016129032258064.\n",
      "WARNING: Maximum number of iterations 32 reached. The mean may be inaccurate\n"
     ]
    },
    {
     "name": "stdout",
     "output_type": "stream",
     "text": [
      "SVD 수렴 문제 발생: SVD did not converge. 계속 진행합니다.\n"
     ]
    },
    {
     "name": "stderr",
     "output_type": "stream",
     "text": [
      "[I 2024-10-08 20:52:10,631] Trial 202 finished with value: 0.6340909090909091 and parameters: {'lr': 2.4214800042607113e-05, 'weight_decay': 4.3140457245599236e-05}. Best is trial 11 with value: 0.8016129032258064.\n",
      "WARNING: Maximum number of iterations 32 reached. The mean may be inaccurate\n"
     ]
    },
    {
     "name": "stdout",
     "output_type": "stream",
     "text": [
      "SVD 수렴 문제 발생: SVD did not converge. 계속 진행합니다.\n"
     ]
    },
    {
     "name": "stderr",
     "output_type": "stream",
     "text": [
      "[I 2024-10-08 21:01:52,039] Trial 203 finished with value: 0.6924242424242424 and parameters: {'lr': 3.3612205415486706e-05, 'weight_decay': 5.2400571634722135e-05}. Best is trial 11 with value: 0.8016129032258064.\n",
      "WARNING: Maximum number of iterations 32 reached. The mean may be inaccurate\n"
     ]
    },
    {
     "name": "stdout",
     "output_type": "stream",
     "text": [
      "SVD 수렴 문제 발생: SVD did not converge. 계속 진행합니다.\n"
     ]
    },
    {
     "name": "stderr",
     "output_type": "stream",
     "text": [
      "[I 2024-10-08 21:11:39,229] Trial 204 finished with value: 0.6717741935483871 and parameters: {'lr': 2.0903288516927685e-05, 'weight_decay': 6.546777782043928e-05}. Best is trial 11 with value: 0.8016129032258064.\n",
      "WARNING: Maximum number of iterations 32 reached. The mean may be inaccurate\n"
     ]
    },
    {
     "name": "stdout",
     "output_type": "stream",
     "text": [
      "SVD 수렴 문제 발생: SVD did not converge. 계속 진행합니다.\n"
     ]
    },
    {
     "name": "stderr",
     "output_type": "stream",
     "text": [
      "[I 2024-10-08 21:21:22,711] Trial 205 finished with value: 0.6362217017954723 and parameters: {'lr': 0.00010816296397077892, 'weight_decay': 4.024507520617919e-05}. Best is trial 11 with value: 0.8016129032258064.\n",
      "WARNING: Maximum number of iterations 32 reached. The mean may be inaccurate\n"
     ]
    },
    {
     "name": "stdout",
     "output_type": "stream",
     "text": [
      "SVD 수렴 문제 발생: SVD did not converge. 계속 진행합니다.\n"
     ]
    },
    {
     "name": "stderr",
     "output_type": "stream",
     "text": [
      "[I 2024-10-08 21:31:11,406] Trial 206 finished with value: 0.5814516129032259 and parameters: {'lr': 3.056778228583556e-05, 'weight_decay': 3.0032176700881588e-05}. Best is trial 11 with value: 0.8016129032258064.\n",
      "WARNING: Maximum number of iterations 32 reached. The mean may be inaccurate\n"
     ]
    },
    {
     "name": "stdout",
     "output_type": "stream",
     "text": [
      "SVD 수렴 문제 발생: SVD did not converge. 계속 진행합니다.\n"
     ]
    },
    {
     "name": "stderr",
     "output_type": "stream",
     "text": [
      "[I 2024-10-08 21:41:00,491] Trial 207 finished with value: 0.6658860265417642 and parameters: {'lr': 1.632947400668382e-05, 'weight_decay': 5.5275507379545396e-05}. Best is trial 11 with value: 0.8016129032258064.\n",
      "WARNING: Maximum number of iterations 32 reached. The mean may be inaccurate\n"
     ]
    },
    {
     "name": "stdout",
     "output_type": "stream",
     "text": [
      "SVD 수렴 문제 발생: SVD did not converge. 계속 진행합니다.\n"
     ]
    },
    {
     "name": "stderr",
     "output_type": "stream",
     "text": [
      "[I 2024-10-08 21:50:50,386] Trial 208 finished with value: 0.6669354838709678 and parameters: {'lr': 2.311253722817846e-05, 'weight_decay': 3.632605450378681e-05}. Best is trial 11 with value: 0.8016129032258064.\n",
      "WARNING: Maximum number of iterations 32 reached. The mean may be inaccurate\n"
     ]
    },
    {
     "name": "stdout",
     "output_type": "stream",
     "text": [
      "SVD 수렴 문제 발생: SVD did not converge. 계속 진행합니다.\n"
     ]
    },
    {
     "name": "stderr",
     "output_type": "stream",
     "text": [
      "[I 2024-10-08 22:00:36,336] Trial 209 finished with value: 0.617741935483871 and parameters: {'lr': 6.167905551838454e-05, 'weight_decay': 7.245700006460448e-05}. Best is trial 11 with value: 0.8016129032258064.\n",
      "WARNING: Maximum number of iterations 32 reached. The mean may be inaccurate\n",
      "[I 2024-10-08 22:10:28,378] Trial 210 finished with value: 0.6863636363636365 and parameters: {'lr': 4.877654022807956e-05, 'weight_decay': 4.02139806963966e-05}. Best is trial 11 with value: 0.8016129032258064.\n"
     ]
    },
    {
     "name": "stdout",
     "output_type": "stream",
     "text": [
      "SVD 수렴 문제 발생: SVD did not converge. 계속 진행합니다.\n"
     ]
    },
    {
     "name": "stderr",
     "output_type": "stream",
     "text": [
      "WARNING: Maximum number of iterations 32 reached. The mean may be inaccurate\n"
     ]
    },
    {
     "name": "stdout",
     "output_type": "stream",
     "text": [
      "SVD 수렴 문제 발생: SVD did not converge. 계속 진행합니다.\n"
     ]
    },
    {
     "name": "stderr",
     "output_type": "stream",
     "text": [
      "[I 2024-10-08 22:20:17,268] Trial 211 finished with value: 0.6371212121212122 and parameters: {'lr': 1.5273828676680018e-05, 'weight_decay': 1.8714906210586474e-05}. Best is trial 11 with value: 0.8016129032258064.\n",
      "WARNING: Maximum number of iterations 32 reached. The mean may be inaccurate\n"
     ]
    },
    {
     "name": "stdout",
     "output_type": "stream",
     "text": [
      "SVD 수렴 문제 발생: SVD did not converge. 계속 진행합니다.\n"
     ]
    },
    {
     "name": "stderr",
     "output_type": "stream",
     "text": [
      "[I 2024-10-08 22:30:07,393] Trial 212 finished with value: 0.7096774193548386 and parameters: {'lr': 1.3581619157241833e-05, 'weight_decay': 2.3747369553313025e-05}. Best is trial 11 with value: 0.8016129032258064.\n",
      "WARNING: Maximum number of iterations 32 reached. The mean may be inaccurate\n"
     ]
    },
    {
     "name": "stdout",
     "output_type": "stream",
     "text": [
      "SVD 수렴 문제 발생: SVD did not converge. 계속 진행합니다.\n"
     ]
    },
    {
     "name": "stderr",
     "output_type": "stream",
     "text": [
      "[I 2024-10-08 22:39:54,959] Trial 213 finished with value: 0.707258064516129 and parameters: {'lr': 1.8940254887825088e-05, 'weight_decay': 6.319767458222509e-05}. Best is trial 11 with value: 0.8016129032258064.\n",
      "WARNING: Maximum number of iterations 32 reached. The mean may be inaccurate\n"
     ]
    },
    {
     "name": "stdout",
     "output_type": "stream",
     "text": [
      "SVD 수렴 문제 발생: SVD did not converge. 계속 진행합니다.\n"
     ]
    },
    {
     "name": "stderr",
     "output_type": "stream",
     "text": [
      "[I 2024-10-08 22:49:44,105] Trial 214 finished with value: 0.6533957845433255 and parameters: {'lr': 1.199630527234388e-05, 'weight_decay': 3.146980050831263e-05}. Best is trial 11 with value: 0.8016129032258064.\n",
      "WARNING: Maximum number of iterations 32 reached. The mean may be inaccurate\n"
     ]
    },
    {
     "name": "stdout",
     "output_type": "stream",
     "text": [
      "SVD 수렴 문제 발생: SVD did not converge. 계속 진행합니다.\n"
     ]
    },
    {
     "name": "stderr",
     "output_type": "stream",
     "text": [
      "[I 2024-10-08 22:59:34,573] Trial 215 finished with value: 0.6475806451612903 and parameters: {'lr': 0.0004849194627583596, 'weight_decay': 1.3750521060119968e-05}. Best is trial 11 with value: 0.8016129032258064.\n",
      "WARNING: Maximum number of iterations 32 reached. The mean may be inaccurate\n"
     ]
    },
    {
     "name": "stdout",
     "output_type": "stream",
     "text": [
      "SVD 수렴 문제 발생: SVD did not converge. 계속 진행합니다.\n"
     ]
    },
    {
     "name": "stderr",
     "output_type": "stream",
     "text": [
      "[I 2024-10-08 23:09:23,378] Trial 216 finished with value: 0.6047765793528506 and parameters: {'lr': 3.647998506834667e-05, 'weight_decay': 4.7454267389881e-05}. Best is trial 11 with value: 0.8016129032258064.\n",
      "WARNING: Maximum number of iterations 32 reached. The mean may be inaccurate\n",
      "[I 2024-10-08 23:19:19,100] Trial 217 finished with value: 0.6842105263157895 and parameters: {'lr': 0.00010711989190715775, 'weight_decay': 7.526003605305599e-05}. Best is trial 11 with value: 0.8016129032258064.\n"
     ]
    },
    {
     "name": "stdout",
     "output_type": "stream",
     "text": [
      "SVD 수렴 문제 발생: SVD did not converge. 계속 진행합니다.\n"
     ]
    },
    {
     "name": "stderr",
     "output_type": "stream",
     "text": [
      "WARNING: Maximum number of iterations 32 reached. The mean may be inaccurate\n"
     ]
    },
    {
     "name": "stdout",
     "output_type": "stream",
     "text": [
      "SVD 수렴 문제 발생: SVD did not converge. 계속 진행합니다.\n"
     ]
    },
    {
     "name": "stderr",
     "output_type": "stream",
     "text": [
      "[I 2024-10-08 23:29:11,646] Trial 218 finished with value: 0.6634920634920635 and parameters: {'lr': 8.007535215966847e-06, 'weight_decay': 0.00030669575746084416}. Best is trial 11 with value: 0.8016129032258064.\n",
      "WARNING: Maximum number of iterations 32 reached. The mean may be inaccurate\n",
      "[I 2024-10-08 23:39:02,742] Trial 219 finished with value: 0.6806451612903226 and parameters: {'lr': 2.655370672031788e-05, 'weight_decay': 4.929990832146346e-06}. Best is trial 11 with value: 0.8016129032258064.\n"
     ]
    },
    {
     "name": "stdout",
     "output_type": "stream",
     "text": [
      "SVD 수렴 문제 발생: SVD did not converge. 계속 진행합니다.\n"
     ]
    },
    {
     "name": "stderr",
     "output_type": "stream",
     "text": [
      "WARNING: Maximum number of iterations 32 reached. The mean may be inaccurate\n"
     ]
    },
    {
     "name": "stdout",
     "output_type": "stream",
     "text": [
      "SVD 수렴 문제 발생: SVD did not converge. 계속 진행합니다.\n"
     ]
    },
    {
     "name": "stderr",
     "output_type": "stream",
     "text": [
      "[I 2024-10-08 23:48:50,684] Trial 220 finished with value: 0.8032786885245901 and parameters: {'lr': 1.8745926469272547e-05, 'weight_decay': 0.00022709648568337412}. Best is trial 220 with value: 0.8032786885245901.\n",
      "WARNING: Maximum number of iterations 32 reached. The mean may be inaccurate\n"
     ]
    },
    {
     "name": "stdout",
     "output_type": "stream",
     "text": [
      "SVD 수렴 문제 발생: SVD did not converge. 계속 진행합니다.\n"
     ]
    },
    {
     "name": "stderr",
     "output_type": "stream",
     "text": [
      "[I 2024-10-08 23:58:36,964] Trial 221 finished with value: 0.7525370804059328 and parameters: {'lr': 1.821462743486723e-05, 'weight_decay': 0.00021854916055007853}. Best is trial 220 with value: 0.8032786885245901.\n",
      "WARNING: Maximum number of iterations 32 reached. The mean may be inaccurate\n"
     ]
    },
    {
     "name": "stdout",
     "output_type": "stream",
     "text": [
      "SVD 수렴 문제 발생: SVD did not converge. 계속 진행합니다.\n"
     ]
    },
    {
     "name": "stderr",
     "output_type": "stream",
     "text": [
      "[I 2024-10-09 00:08:25,693] Trial 222 finished with value: 0.8110850897736144 and parameters: {'lr': 1.736214180372504e-05, 'weight_decay': 0.0002273139735466505}. Best is trial 222 with value: 0.8110850897736144.\n",
      "WARNING: Maximum number of iterations 32 reached. The mean may be inaccurate\n"
     ]
    },
    {
     "name": "stdout",
     "output_type": "stream",
     "text": [
      "SVD 수렴 문제 발생: SVD did not converge. 계속 진행합니다.\n"
     ]
    },
    {
     "name": "stderr",
     "output_type": "stream",
     "text": [
      "[I 2024-10-09 00:18:14,821] Trial 223 finished with value: 0.5992424242424242 and parameters: {'lr': 1.8476446907648984e-05, 'weight_decay': 0.00023961819380127506}. Best is trial 222 with value: 0.8110850897736144.\n",
      "WARNING: Maximum number of iterations 32 reached. The mean may be inaccurate\n",
      "[I 2024-10-09 00:28:03,982] Trial 224 finished with value: 0.6838709677419355 and parameters: {'lr': 1.752188802666176e-05, 'weight_decay': 0.0002840865472032559}. Best is trial 222 with value: 0.8110850897736144.\n"
     ]
    },
    {
     "name": "stdout",
     "output_type": "stream",
     "text": [
      "SVD 수렴 문제 발생: SVD did not converge. 계속 진행합니다.\n"
     ]
    },
    {
     "name": "stderr",
     "output_type": "stream",
     "text": [
      "WARNING: Maximum number of iterations 32 reached. The mean may be inaccurate\n"
     ]
    },
    {
     "name": "stdout",
     "output_type": "stream",
     "text": [
      "SVD 수렴 문제 발생: SVD did not converge. 계속 진행합니다.\n"
     ]
    },
    {
     "name": "stderr",
     "output_type": "stream",
     "text": [
      "[I 2024-10-09 00:37:52,771] Trial 225 finished with value: 0.5683060109289617 and parameters: {'lr': 2.0092500235287302e-05, 'weight_decay': 0.00023435068423678816}. Best is trial 222 with value: 0.8110850897736144.\n",
      "WARNING: Maximum number of iterations 32 reached. The mean may be inaccurate\n"
     ]
    },
    {
     "name": "stdout",
     "output_type": "stream",
     "text": [
      "SVD 수렴 문제 발생: SVD did not converge. 계속 진행합니다.\n"
     ]
    },
    {
     "name": "stderr",
     "output_type": "stream",
     "text": [
      "[I 2024-10-09 00:47:40,168] Trial 226 finished with value: 0.5363636363636364 and parameters: {'lr': 0.00014968693455432063, 'weight_decay': 0.00030894789845429296}. Best is trial 222 with value: 0.8110850897736144.\n",
      "WARNING: Maximum number of iterations 32 reached. The mean may be inaccurate\n"
     ]
    },
    {
     "name": "stdout",
     "output_type": "stream",
     "text": [
      "SVD 수렴 문제 발생: SVD did not converge. 계속 진행합니다.\n"
     ]
    },
    {
     "name": "stderr",
     "output_type": "stream",
     "text": [
