      "[I 2024-10-09 13:54:36,861] Trial 306 finished with value: 0.7227272727272729 and parameters: {'lr': 1.7223850209419436e-05, 'weight_decay': 0.0012282858516118836}. Best is trial 222 with value: 0.8110850897736144.\n",
      "WARNING: Maximum number of iterations 32 reached. The mean may be inaccurate\n"
     ]
    },
    {
     "name": "stdout",
     "output_type": "stream",
     "text": [
      "SVD 수렴 문제 발생: SVD did not converge. 계속 진행합니다.\n"
     ]
    },
    {
     "name": "stderr",
     "output_type": "stream",
     "text": [
      "[I 2024-10-09 14:05:01,073] Trial 307 finished with value: 0.6790322580645162 and parameters: {'lr': 1.5615822480053708e-05, 'weight_decay': 0.0021620347600363496}. Best is trial 222 with value: 0.8110850897736144.\n",
      "WARNING: Maximum number of iterations 32 reached. The mean may be inaccurate\n"
     ]
    },
    {
     "name": "stdout",
     "output_type": "stream",
     "text": [
      "SVD 수렴 문제 발생: SVD did not converge. 계속 진행합니다.\n"
     ]
    },
    {
     "name": "stderr",
     "output_type": "stream",
     "text": [
