      "[I 2024-10-07 22:55:19,192] Trial 67 finished with value: 0.6015151515151514 and parameters: {'lr': 4.688329573077735e-06, 'weight_decay': 0.006327007529198465}. Best is trial 11 with value: 0.8016129032258064.\n",
      "WARNING: Maximum number of iterations 32 reached. The mean may be inaccurate\n"
     ]
    },
    {
     "name": "stdout",
     "output_type": "stream",
     "text": [
      "SVD 수렴 문제 발생: SVD did not converge. 계속 진행합니다.\n"
     ]
    },
    {
     "name": "stderr",
     "output_type": "stream",
     "text": [
      "[I 2024-10-07 23:05:18,234] Trial 68 finished with value: 0.6098484848484849 and parameters: {'lr': 0.00019318243750101132, 'weight_decay': 2.5916887871322363e-05}. Best is trial 11 with value: 0.8016129032258064.\n",
      "WARNING: Maximum number of iterations 32 reached. The mean may be inaccurate\n"
     ]
    },
    {
     "name": "stdout",
     "output_type": "stream",
     "text": [
      "SVD 수렴 문제 발생: SVD did not converge. 계속 진행합니다.\n"
     ]
    },
    {
     "name": "stderr",
     "output_type": "stream",
     "text": [
      "[I 2024-10-07 23:15:11,317] Trial 69 finished with value: 0.6628787878787878 and parameters: {'lr': 1.0397821115779996e-06, 'weight_decay': 1.471745294178162e-05}. Best is trial 11 with value: 0.8016129032258064.\n",
      "WARNING: Maximum number of iterations 32 reached. The mean may be inaccurate\n"
     ]
    },
    {
     "name": "stdout",
     "output_type": "stream",
     "text": [
      "SVD 수렴 문제 발생: SVD did not converge. 계속 진행합니다.\n"
     ]
    },
    {
     "name": "stderr",
     "output_type": "stream",
     "text": [
      "[I 2024-10-07 23:25:05,234] Trial 70 finished with value: 0.6822794691647152 and parameters: {'lr': 8.479881441961185e-06, 'weight_decay': 3.699698138796795e-05}. Best is trial 11 with value: 0.8016129032258064.\n",
      "WARNING: Maximum number of iterations 32 reached. The mean may be inaccurate\n"
     ]
    },
    {
     "name": "stdout",
     "output_type": "stream",
     "text": [
      "SVD 수렴 문제 발생: SVD did not converge. 계속 진행합니다.\n"
     ]
    },
    {
     "name": "stderr",
     "output_type": "stream",
     "text": [
      "[I 2024-10-07 23:35:03,471] Trial 71 finished with value: 0.6291959406713504 and parameters: {'lr': 9.045164266800914e-06, 'weight_decay': 8.396817927366334e-05}. Best is trial 11 with value: 0.8016129032258064.\n",
      "WARNING: Maximum number of iterations 32 reached. The mean may be inaccurate\n"
     ]
    },
    {
     "name": "stdout",
     "output_type": "stream",
     "text": [
      "SVD 수렴 문제 발생: SVD did not converge. 계속 진행합니다.\n"
     ]
    },
    {
     "name": "stderr",
     "output_type": "stream",
     "text": [
      "[I 2024-10-07 23:44:56,155] Trial 72 finished with value: 0.6315378610460578 and parameters: {'lr': 1.294879107108238e-05, 'weight_decay': 5.994080035195015e-05}. Best is trial 11 with value: 0.8016129032258064.\n",
      "WARNING: Maximum number of iterations 32 reached. The mean may be inaccurate\n"
     ]
    },
    {
     "name": "stdout",
     "output_type": "stream",
     "text": [
      "SVD 수렴 문제 발생: SVD did not converge. 계속 진행합니다.\n"
     ]
    },
    {
     "name": "stderr",
     "output_type": "stream",
     "text": [
      "[I 2024-10-07 23:54:49,873] Trial 73 finished with value: 0.6352941176470588 and parameters: {'lr': 2.7093863153857847e-05, 'weight_decay': 0.00010261469381592678}. Best is trial 11 with value: 0.8016129032258064.\n",
      "WARNING: Maximum number of iterations 32 reached. The mean may be inaccurate\n"
     ]
    },
    {
     "name": "stdout",
     "output_type": "stream",
     "text": [
      "SVD 수렴 문제 발생: SVD did not converge. 계속 진행합니다.\n"
     ]
    },
    {
     "name": "stderr",
     "output_type": "stream",
     "text": [
      "[I 2024-10-08 00:04:42,126] Trial 74 finished with value: 0.78064012490242 and parameters: {'lr': 5.533888606477843e-05, 'weight_decay': 0.00022230658222174415}. Best is trial 11 with value: 0.8016129032258064.\n",
      "WARNING: Maximum number of iterations 32 reached. The mean may be inaccurate\n"
     ]
    },
    {
     "name": "stdout",
     "output_type": "stream",
     "text": [
      "SVD 수렴 문제 발생: SVD did not converge. 계속 진행합니다.\n"
     ]
    },
    {
     "name": "stderr",
     "output_type": "stream",
     "text": [
      "[I 2024-10-08 00:14:34,913] Trial 75 finished with value: 0.7330210772833723 and parameters: {'lr': 5.643053531251121e-05, 'weight_decay': 0.00019258731256625026}. Best is trial 11 with value: 0.8016129032258064.\n",
      "WARNING: Maximum number of iterations 32 reached. The mean may be inaccurate\n"
     ]
    },
    {
     "name": "stdout",
     "output_type": "stream",
     "text": [
      "SVD 수렴 문제 발생: SVD did not converge. 계속 진행합니다.\n"
     ]
    },
    {
     "name": "stderr",
     "output_type": "stream",
     "text": [
      "[I 2024-10-08 00:24:30,827] Trial 76 finished with value: 0.6919354838709678 and parameters: {'lr': 5.957581872522441e-05, 'weight_decay': 0.0002055183647638598}. Best is trial 11 with value: 0.8016129032258064.\n",
      "WARNING: Maximum number of iterations 32 reached. The mean may be inaccurate\n"
     ]
    },
    {
     "name": "stdout",
     "output_type": "stream",
     "text": [
      "SVD 수렴 문제 발생: SVD did not converge. 계속 진행합니다.\n"
     ]
    },
    {
     "name": "stderr",
     "output_type": "stream",
     "text": [
      "[I 2024-10-08 00:34:26,546] Trial 77 finished with value: 0.6306451612903226 and parameters: {'lr': 8.132415547728896e-05, 'weight_decay': 0.00014215834799502896}. Best is trial 11 with value: 0.8016129032258064.\n",
      "WARNING: Maximum number of iterations 32 reached. The mean may be inaccurate\n"
     ]
    },
    {
     "name": "stdout",
     "output_type": "stream",
     "text": [
      "SVD 수렴 문제 발생: SVD did not converge. 계속 진행합니다.\n"
     ]
    },
    {
     "name": "stderr",
     "output_type": "stream",
     "text": [
      "[I 2024-10-08 00:44:16,903] Trial 78 finished with value: 0.5644028103044496 and parameters: {'lr': 0.00012772554346243383, 'weight_decay': 0.0003424514983383653}. Best is trial 11 with value: 0.8016129032258064.\n",
      "WARNING: Maximum number of iterations 32 reached. The mean may be inaccurate\n"
     ]
    },
    {
     "name": "stdout",
     "output_type": "stream",
     "text": [
      "SVD 수렴 문제 발생: SVD did not converge. 계속 진행합니다.\n"
     ]
    },
    {
     "name": "stderr",
     "output_type": "stream",
     "text": [
      "[I 2024-10-08 00:54:10,160] Trial 79 finished with value: 0.6551215917464996 and parameters: {'lr': 5.6165679481212996e-05, 'weight_decay': 0.000326778127049322}. Best is trial 11 with value: 0.8016129032258064.\n",
      "WARNING: Maximum number of iterations 32 reached. The mean may be inaccurate\n"
     ]
    },
    {
     "name": "stdout",
     "output_type": "stream",
     "text": [
      "SVD 수렴 문제 발생: SVD did not converge. 계속 진행합니다.\n"
     ]
    },
    {
     "name": "stderr",
     "output_type": "stream",
     "text": [
      "[I 2024-10-08 01:04:00,700] Trial 80 finished with value: 0.5792349726775957 and parameters: {'lr': 0.00031396011855212527, 'weight_decay': 0.0005459682144075956}. Best is trial 11 with value: 0.8016129032258064.\n",
      "WARNING: Maximum number of iterations 32 reached. The mean may be inaccurate\n"
     ]
    },
    {
     "name": "stdout",
     "output_type": "stream",
     "text": [
      "SVD 수렴 문제 발생: SVD did not converge. 계속 진행합니다.\n"
     ]
    },
    {
     "name": "stderr",
     "output_type": "stream",
     "text": [
      "[I 2024-10-08 01:13:53,215] Trial 81 finished with value: 0.644808743169399 and parameters: {'lr': 9.557312390193621e-05, 'weight_decay': 0.00040589613044023277}. Best is trial 11 with value: 0.8016129032258064.\n",
      "WARNING: Maximum number of iterations 32 reached. The mean may be inaccurate\n"
     ]
    },
    {
     "name": "stdout",
     "output_type": "stream",
     "text": [
      "SVD 수렴 문제 발생: SVD did not converge. 계속 진행합니다.\n"
     ]
    },
    {
     "name": "stderr",
     "output_type": "stream",
     "text": [
      "[I 2024-10-08 01:23:42,527] Trial 82 finished with value: 0.6325757575757576 and parameters: {'lr': 4.3044161505218585e-05, 'weight_decay': 0.0021871466212578907}. Best is trial 11 with value: 0.8016129032258064.\n",
      "WARNING: Maximum number of iterations 32 reached. The mean may be inaccurate\n",
      "[I 2024-10-08 01:33:31,161] Trial 83 finished with value: 0.6838407494145199 and parameters: {'lr': 3.0341001741684874e-05, 'weight_decay': 0.00023306487713413895}. Best is trial 11 with value: 0.8016129032258064.\n"
     ]
    },
    {
     "name": "stdout",
     "output_type": "stream",
     "text": [
      "SVD 수렴 문제 발생: SVD did not converge. 계속 진행합니다.\n"
     ]
    },
    {
     "name": "stderr",
     "output_type": "stream",
     "text": [
      "WARNING: Maximum number of iterations 32 reached. The mean may be inaccurate\n"
     ]
    },
    {
     "name": "stdout",
     "output_type": "stream",
     "text": [
      "SVD 수렴 문제 발생: SVD did not converge. 계속 진행합니다.\n"
     ]
    },
    {
     "name": "stderr",
     "output_type": "stream",
     "text": [
      "[I 2024-10-08 01:43:20,667] Trial 84 finished with value: 0.6588709677419355 and parameters: {'lr': 1.9434235004745932e-05, 'weight_decay': 0.0006365512246266767}. Best is trial 11 with value: 0.8016129032258064.\n",
      "WARNING: Maximum number of iterations 32 reached. The mean may be inaccurate\n"
     ]
    },
    {
     "name": "stdout",
     "output_type": "stream",
     "text": [
      "SVD 수렴 문제 발생: SVD did not converge. 계속 진행합니다.\n"
     ]
    },
    {
     "name": "stderr",
     "output_type": "stream",
     "text": [
      "[I 2024-10-08 01:53:10,886] Trial 85 finished with value: 0.7033567525370803 and parameters: {'lr': 1.94760804007578e-06, 'weight_decay': 2.033739868677722e-05}. Best is trial 11 with value: 0.8016129032258064.\n",
      "WARNING: Maximum number of iterations 32 reached. The mean may be inaccurate\n"
     ]
    },
    {
     "name": "stdout",
     "output_type": "stream",
     "text": [
      "SVD 수렴 문제 발생: SVD did not converge. 계속 진행합니다.\n"
     ]
    },
    {
     "name": "stderr",
     "output_type": "stream",
     "text": [
      "[I 2024-10-08 02:02:51,459] Trial 86 finished with value: 0.6580796252927401 and parameters: {'lr': 3.937737759147217e-05, 'weight_decay': 1.2100119732650545e-05}. Best is trial 11 with value: 0.8016129032258064.\n",
      "WARNING: Maximum number of iterations 32 reached. The mean may be inaccurate\n"
     ]
    },
    {
     "name": "stdout",
     "output_type": "stream",
     "text": [
      "SVD 수렴 문제 발생: SVD did not converge. 계속 진행합니다.\n"
     ]
    },
    {
     "name": "stderr",
     "output_type": "stream",
     "text": [
      "[I 2024-10-08 02:12:33,729] Trial 87 finished with value: 0.629976580796253 and parameters: {'lr': 6.545512804781735e-05, 'weight_decay': 2.7772675765788946e-05}. Best is trial 11 with value: 0.8016129032258064.\n",
      "WARNING: Maximum number of iterations 32 reached. The mean may be inaccurate\n"
     ]
    },
    {
     "name": "stdout",
     "output_type": "stream",
     "text": [
      "SVD 수렴 문제 발생: SVD did not converge. 계속 진행합니다.\n"
     ]
    },
    {
     "name": "stderr",
     "output_type": "stream",
     "text": [
      "[I 2024-10-08 02:22:20,452] Trial 88 finished with value: 0.7177419354838711 and parameters: {'lr': 0.00014667466083582146, 'weight_decay': 0.00013426548873450637}. Best is trial 11 with value: 0.8016129032258064.\n",
      "WARNING: Maximum number of iterations 32 reached. The mean may be inaccurate\n"
     ]
    },
    {
     "name": "stdout",
     "output_type": "stream",
     "text": [
      "SVD 수렴 문제 발생: SVD did not converge. 계속 진행합니다.\n"
     ]
    },
    {
     "name": "stderr",
     "output_type": "stream",
     "text": [
      "[I 2024-10-08 02:32:01,845] Trial 89 finished with value: 0.667741935483871 and parameters: {'lr': 0.0036134142843146705, 'weight_decay': 8.043602325874621e-05}. Best is trial 11 with value: 0.8016129032258064.\n",
      "WARNING: Maximum number of iterations 32 reached. The mean may be inaccurate\n"
     ]
    },
    {
     "name": "stdout",
     "output_type": "stream",
     "text": [
      "SVD 수렴 문제 발생: SVD did not converge. 계속 진행합니다.\n"
     ]
    },
    {
     "name": "stderr",
     "output_type": "stream",
     "text": [
      "[I 2024-10-08 02:41:48,287] Trial 90 finished with value: 0.6182669789227166 and parameters: {'lr': 9.243802191171367e-05, 'weight_decay': 3.957859400159856e-05}. Best is trial 11 with value: 0.8016129032258064.\n",
      "WARNING: Maximum number of iterations 32 reached. The mean may be inaccurate\n"
     ]
    },
    {
     "name": "stdout",
     "output_type": "stream",
     "text": [
      "SVD 수렴 문제 발생: SVD did not converge. 계속 진행합니다.\n"
     ]
    },
    {
     "name": "stderr",
     "output_type": "stream",
     "text": [
      "[I 2024-10-08 02:51:31,715] Trial 91 finished with value: 0.6869633099141296 and parameters: {'lr': 0.00012607197094302458, 'weight_decay': 0.0001346128001318666}. Best is trial 11 with value: 0.8016129032258064.\n",
      "WARNING: Maximum number of iterations 32 reached. The mean may be inaccurate\n"
     ]
    },
    {
     "name": "stdout",
     "output_type": "stream",
     "text": [
      "SVD 수렴 문제 발생: SVD did not converge. 계속 진행합니다.\n"
     ]
    },
    {
     "name": "stderr",
     "output_type": "stream",
     "text": [
      "[I 2024-10-08 03:01:08,744] Trial 92 finished with value: 0.5534738485558157 and parameters: {'lr': 0.00017067859820723817, 'weight_decay': 0.0002872591062332591}. Best is trial 11 with value: 0.8016129032258064.\n",
      "WARNING: Maximum number of iterations 32 reached. The mean may be inaccurate\n"
     ]
    },
    {
     "name": "stdout",
     "output_type": "stream",
     "text": [
      "SVD 수렴 문제 발생: SVD did not converge. 계속 진행합니다.\n"
     ]
    },
    {
     "name": "stderr",
     "output_type": "stream",
     "text": [
      "[I 2024-10-08 03:10:49,160] Trial 93 finished with value: 0.7377049180327869 and parameters: {'lr': 0.0003904397177883044, 'weight_decay': 0.0002000909142503093}. Best is trial 11 with value: 0.8016129032258064.\n",
      "WARNING: Maximum number of iterations 32 reached. The mean may be inaccurate\n"
     ]
    },
    {
     "name": "stdout",
     "output_type": "stream",
     "text": [
      "SVD 수렴 문제 발생: SVD did not converge. 계속 진행합니다.\n"
     ]
    },
    {
     "name": "stderr",
     "output_type": "stream",
     "text": [
      "[I 2024-10-08 03:20:29,492] Trial 94 finished with value: 0.6560606060606061 and parameters: {'lr': 0.0007142680725772585, 'weight_decay': 0.00017165286592820423}. Best is trial 11 with value: 0.8016129032258064.\n",
      "WARNING: Maximum number of iterations 32 reached. The mean may be inaccurate\n"
     ]
    },
    {
     "name": "stdout",
     "output_type": "stream",
     "text": [
      "SVD 수렴 문제 발생: SVD did not converge. 계속 진행합니다.\n"
     ]
    },
    {
     "name": "stderr",
     "output_type": "stream",
     "text": [
      "[I 2024-10-08 03:30:13,539] Trial 95 finished with value: 0.6432748538011697 and parameters: {'lr': 0.0004181532573510076, 'weight_decay': 0.00020272835252366594}. Best is trial 11 with value: 0.8016129032258064.\n",
      "WARNING: Maximum number of iterations 32 reached. The mean may be inaccurate\n"
     ]
    },
    {
     "name": "stdout",
     "output_type": "stream",
     "text": [
      "SVD 수렴 문제 발생: SVD did not converge. 계속 진행합니다.\n"
     ]
    },
    {
     "name": "stderr",
     "output_type": "stream",
     "text": [
      "[I 2024-10-08 03:39:56,344] Trial 96 finished with value: 0.6958333333333333 and parameters: {'lr': 0.000819760776128624, 'weight_decay': 7.930807639503112e-06}. Best is trial 11 with value: 0.8016129032258064.\n",
      "WARNING: Maximum number of iterations 32 reached. The mean may be inaccurate\n"
     ]
    },
    {
     "name": "stdout",
     "output_type": "stream",
     "text": [
      "SVD 수렴 문제 발생: SVD did not converge. 계속 진행합니다.\n"
     ]
    },
    {
     "name": "stderr",
     "output_type": "stream",
     "text": [
      "[I 2024-10-08 03:49:39,287] Trial 97 finished with value: 0.6165413533834586 and parameters: {'lr': 0.00021388008135334556, 'weight_decay': 6.473881997041243e-05}. Best is trial 11 with value: 0.8016129032258064.\n",
      "WARNING: Maximum number of iterations 32 reached. The mean may be inaccurate\n"
     ]
    },
    {
     "name": "stdout",
     "output_type": "stream",
     "text": [
      "SVD 수렴 문제 발생: SVD did not converge. 계속 진행합니다.\n"
     ]
    },
    {
     "name": "stderr",
     "output_type": "stream",
     "text": [
      "[I 2024-10-08 03:59:17,064] Trial 98 finished with value: 0.6112412177985949 and parameters: {'lr': 0.0011080542705070118, 'weight_decay': 0.0009665786858400351}. Best is trial 11 with value: 0.8016129032258064.\n",
      "WARNING: Maximum number of iterations 32 reached. The mean may be inaccurate\n"
     ]
    },
    {
     "name": "stdout",
     "output_type": "stream",
     "text": [
      "SVD 수렴 문제 발생: SVD did not converge. 계속 진행합니다.\n"
     ]
    },
    {
     "name": "stderr",
     "output_type": "stream",
     "text": [
      "[I 2024-10-08 04:09:00,038] Trial 99 finished with value: 0.6090909090909091 and parameters: {'lr': 4.94030923500367e-05, 'weight_decay': 5.1388912512693625e-05}. Best is trial 11 with value: 0.8016129032258064.\n",
      "WARNING: Maximum number of iterations 32 reached. The mean may be inaccurate\n"
     ]
    },
    {
     "name": "stdout",
     "output_type": "stream",
     "text": [
      "SVD 수렴 문제 발생: SVD did not converge. 계속 진행합니다.\n"
     ]
    },
    {
     "name": "stderr",
     "output_type": "stream",
     "text": [
      "[I 2024-10-08 04:18:42,284] Trial 100 finished with value: 0.6553030303030303 and parameters: {'lr': 0.0004549921664082144, 'weight_decay': 0.00040455750182678244}. Best is trial 11 with value: 0.8016129032258064.\n",
      "WARNING: Maximum number of iterations 32 reached. The mean may be inaccurate\n"
     ]
    },
    {
     "name": "stdout",
     "output_type": "stream",
     "text": [
      "SVD 수렴 문제 발생: SVD did not converge. 계속 진행합니다.\n"
     ]
    },
    {
     "name": "stderr",
     "output_type": "stream",
     "text": [
      "[I 2024-10-08 04:28:21,215] Trial 101 finished with value: 0.6919354838709677 and parameters: {'lr': 0.00026264619309445287, 'weight_decay': 0.00012007609330014939}. Best is trial 11 with value: 0.8016129032258064.\n",
      "WARNING: Maximum number of iterations 32 reached. The mean may be inaccurate\n"
     ]
    },
    {
     "name": "stdout",
     "output_type": "stream",
     "text": [
      "SVD 수렴 문제 발생: SVD did not converge. 계속 진행합니다.\n"
     ]
    },
    {
     "name": "stderr",
     "output_type": "stream",
     "text": [
      "[I 2024-10-08 04:37:59,268] Trial 102 finished with value: 0.726502311248074 and parameters: {'lr': 0.00012610524951662017, 'weight_decay': 9.151412441173243e-05}. Best is trial 11 with value: 0.8016129032258064.\n",
      "WARNING: Maximum number of iterations 32 reached. The mean may be inaccurate\n"
     ]
    },
    {
     "name": "stdout",
     "output_type": "stream",
     "text": [
      "SVD 수렴 문제 발생: SVD did not converge. 계속 진행합니다.\n"
     ]
    },
    {
     "name": "stderr",
     "output_type": "stream",
     "text": [
      "[I 2024-10-08 04:47:41,493] Trial 103 finished with value: 0.6337509211495946 and parameters: {'lr': 0.00011376226494184078, 'weight_decay': 8.58846289122076e-05}. Best is trial 11 with value: 0.8016129032258064.\n",
      "WARNING: Maximum number of iterations 32 reached. The mean may be inaccurate\n",
      "[I 2024-10-08 04:57:22,082] Trial 104 finished with value: 0.6333333333333334 and parameters: {'lr': 0.0005427313676312861, 'weight_decay': 3.200742961081301e-05}. Best is trial 11 with value: 0.8016129032258064.\n"
     ]
    },
    {
     "name": "stdout",
     "output_type": "stream",
     "text": [
      "SVD 수렴 문제 발생: SVD did not converge. 계속 진행합니다.\n"
     ]
    },
    {
     "name": "stderr",
     "output_type": "stream",
     "text": [
      "WARNING: Maximum number of iterations 32 reached. The mean may be inaccurate\n"
     ]
    },
    {
     "name": "stdout",
     "output_type": "stream",
     "text": [
      "SVD 수렴 문제 발생: SVD did not converge. 계속 진행합니다.\n"
     ]
    },
    {
     "name": "stderr",
     "output_type": "stream",
     "text": [
      "[I 2024-10-08 05:06:56,056] Trial 105 finished with value: 0.5717741935483871 and parameters: {'lr': 3.5857541514647922e-06, 'weight_decay': 0.0002736709368603988}. Best is trial 11 with value: 0.8016129032258064.\n",
      "WARNING: Maximum number of iterations 32 reached. The mean may be inaccurate\n"
     ]
    },
    {
     "name": "stdout",
     "output_type": "stream",
     "text": [
      "SVD 수렴 문제 발생: SVD did not converge. 계속 진행합니다.\n"
     ]
    },
    {
     "name": "stderr",
     "output_type": "stream",
     "text": [
      "[I 2024-10-08 05:16:35,469] Trial 106 finished with value: 0.7462919594067134 and parameters: {'lr': 8.262418718958973e-05, 'weight_decay': 0.00020488099788291443}. Best is trial 11 with value: 0.8016129032258064.\n",
      "WARNING: Maximum number of iterations 32 reached. The mean may be inaccurate\n"
     ]
    },
    {
     "name": "stdout",
     "output_type": "stream",
     "text": [
      "SVD 수렴 문제 발생: SVD did not converge. 계속 진행합니다.\n"
     ]
    },
    {
     "name": "stderr",
     "output_type": "stream",
     "text": [
