{
 "cells": [
  {
   "cell_type": "code",
   "execution_count": 1,
   "id": "498587fa-02ba-43cb-a502-78e2a60274b4",
   "metadata": {},
   "outputs": [
    {
     "name": "stderr",
     "output_type": "stream",
     "text": [
      "INFO: Using numpy backend\n"
     ]
    }
   ],
   "source": [
    "from pyDeepInsight import ImageTransformer, CAMFeatureSelector\n",
    "\n",
    "import pandas as pd\n",
    "import numpy as np\n",
    "from sklearn.model_selection import train_test_split\n",
    "from sklearn.preprocessing import MinMaxScaler, LabelEncoder\n",
    "import torch\n",
    "import torchvision.transforms as transforms\n",
    "import timm\n",
    "from torch.utils.data import TensorDataset, DataLoader\n",
    "import torch.nn as nn\n",
    "import torch.optim as optim\n",
    "from sklearn.metrics import accuracy_score\n",
    "from geomstats.learning.frechet_mean import FrechetMean\n",
    "from geomstats.learning.pca import TangentPCA\n",
    "from geomstats.geometry.hypersphere import Hypersphere\n",
    "from IPython.display import display, clear_output\n",
    "import torchvision.models as models\n",
    "import matplotlib.pyplot as plt\n",
    "import matplotlib.ticker as ticker\n",
    "import seaborn as sns\n",
    "import torch\n",
    "import torchvision\n",
    "import torchvision.transforms as transforms\n",
    "from torch.utils.data import TensorDataset, DataLoader\n",
    "import torch.nn as nn\n",
    "import torch.optim as optim\n",
    "from sklearn.metrics import roc_auc_score, ConfusionMatrixDisplay, confusion_matrix\n",
    "from sklearn.metrics import accuracy_score, ConfusionMatrixDisplay, roc_auc_score, roc_curve\n",
    "import warnings\n",
    "\n",
    "warnings.filterwarnings(\"ignore\")"
   ]
  },
  {
   "cell_type": "code",
   "execution_count": 2,
   "id": "893d59d8-e8a1-42ff-9259-a89a3d13e375",
   "metadata": {},
   "outputs": [],
   "source": [
    "data = pd.read_csv('ibd_data_set.csv',index_col=0)\n",
    "data = data.div(data.sum(axis=1), axis=0) #compositional data로 조정\n",
    "data = np.sqrt(data) #square-root 변환\n",
    "X=data.values #X data로 지정\n",
    "sample=pd.read_csv('ibd_response.csv',index_col=0)\n",
    "y=sample['ibd'] #label 지정\n",
    "le = LabelEncoder()\n",
    "y_enc = le.fit_transform(y)\n",
    "num_classes = np.unique(y_enc).size"
   ]
  },
  {
   "cell_type": "code",
   "execution_count": 3,
   "id": "bd29bdb6-e1f8-43ec-866b-b54dfb26d4ed",
   "metadata": {},
   "outputs": [
    {
     "name": "stderr",
     "output_type": "stream",
     "text": [
      "[I 2024-09-30 12:46:36,870] A new study created in memory with name: no-name-4eeabe1a-b4e7-49a0-9a85-99a87f5cd595\n",
      "WARNING: Maximum number of iterations 32 reached. The mean may be inaccurate\n"
     ]
    },
    {
     "name": "stdout",
     "output_type": "stream",
     "text": [
      "SVD 수렴 문제 발생: SVD did not converge. 계속 진행합니다.\n"
     ]
    },
    {
     "name": "stderr",
     "output_type": "stream",
     "text": [
      "[I 2024-09-30 13:20:07,094] Trial 0 finished with value: 0.5746527777777777 and parameters: {'lr': 8.026698630342224e-06, 'weight_decay': 9.877164367181819e-05}. Best is trial 0 with value: 0.5746527777777777.\n",
      "WARNING: Maximum number of iterations 32 reached. The mean may be inaccurate\n"
     ]
    },
    {
     "name": "stdout",
     "output_type": "stream",
     "text": [
      "SVD 수렴 문제 발생: SVD did not converge. 계속 진행합니다.\n"
     ]
    },
    {
     "name": "stderr",
     "output_type": "stream",
     "text": [
      "[I 2024-09-30 13:53:47,634] Trial 1 finished with value: 0.5137096774193548 and parameters: {'lr': 0.0001063337754565088, 'weight_decay': 1.0683771457349063e-05}. Best is trial 0 with value: 0.5746527777777777.\n",
      "WARNING: Maximum number of iterations 32 reached. The mean may be inaccurate\n"
     ]
    },
    {
     "name": "stdout",
     "output_type": "stream",
     "text": [
      "SVD 수렴 문제 발생: SVD did not converge. 계속 진행합니다.\n"
     ]
    },
    {
     "name": "stderr",
     "output_type": "stream",
     "text": [
      "[I 2024-09-30 14:27:31,296] Trial 2 finished with value: 0.6516290726817042 and parameters: {'lr': 7.905812118218035e-05, 'weight_decay': 0.004110510239151318}. Best is trial 2 with value: 0.6516290726817042.\n",
      "WARNING: Maximum number of iterations 32 reached. The mean may be inaccurate\n"
     ]
    },
    {
     "name": "stdout",
     "output_type": "stream",
     "text": [
      "SVD 수렴 문제 발생: SVD did not converge. 계속 진행합니다.\n"
     ]
    },
    {
     "name": "stderr",
     "output_type": "stream",
     "text": [
      "[I 2024-09-30 15:01:14,576] Trial 3 finished with value: 0.6467741935483872 and parameters: {'lr': 2.2728218649918968e-05, 'weight_decay': 8.64779411496899e-06}. Best is trial 2 with value: 0.6516290726817042.\n",
      "WARNING: Maximum number of iterations 32 reached. The mean may be inaccurate\n"
     ]
    },
    {
     "name": "stdout",
     "output_type": "stream",
     "text": [
      "SVD 수렴 문제 발생: SVD did not converge. 계속 진행합니다.\n"
     ]
    },
    {
     "name": "stderr",
     "output_type": "stream",
     "text": [
      "[I 2024-09-30 15:34:53,654] Trial 4 finished with value: 0.565530303030303 and parameters: {'lr': 0.00500590129080539, 'weight_decay': 7.057132167019502e-05}. Best is trial 2 with value: 0.6516290726817042.\n",
      "WARNING: Maximum number of iterations 32 reached. The mean may be inaccurate\n"
     ]
    },
    {
     "name": "stdout",
     "output_type": "stream",
     "text": [
      "SVD 수렴 문제 발생: SVD did not converge. 계속 진행합니다.\n"
     ]
    },
    {
     "name": "stderr",
     "output_type": "stream",
     "text": [
      "[I 2024-09-30 16:08:45,709] Trial 5 finished with value: 0.5362997658079626 and parameters: {'lr': 5.27773344684703e-06, 'weight_decay': 1.4603392340599064e-06}. Best is trial 2 with value: 0.6516290726817042.\n",
      "WARNING: Maximum number of iterations 32 reached. The mean may be inaccurate\n"
     ]
    },
    {
     "name": "stdout",
     "output_type": "stream",
     "text": [
      "SVD 수렴 문제 발생: SVD did not converge. 계속 진행합니다.\n"
     ]
    },
    {
     "name": "stderr",
     "output_type": "stream",
     "text": [
      "[I 2024-09-30 16:42:32,329] Trial 6 finished with value: 0.5830645161290323 and parameters: {'lr': 0.003916507684282676, 'weight_decay': 0.0009348002444626887}. Best is trial 2 with value: 0.6516290726817042.\n",
      "WARNING: Maximum number of iterations 32 reached. The mean may be inaccurate\n"
     ]
    },
    {
     "name": "stdout",
     "output_type": "stream",
     "text": [
      "SVD 수렴 문제 발생: SVD did not converge. 계속 진행합니다.\n"
     ]
    },
    {
     "name": "stderr",
     "output_type": "stream",
     "text": [
      "[I 2024-09-30 17:16:28,708] Trial 7 finished with value: 0.6830645161290323 and parameters: {'lr': 3.0301890853545948e-05, 'weight_decay': 5.601576022029725e-05}. Best is trial 7 with value: 0.6830645161290323.\n",
      "WARNING: Maximum number of iterations 32 reached. The mean may be inaccurate\n"
     ]
    },
    {
     "name": "stdout",
     "output_type": "stream",
     "text": [
      "SVD 수렴 문제 발생: SVD did not converge. 계속 진행합니다.\n"
     ]
    },
    {
     "name": "stderr",
     "output_type": "stream",
     "text": [
      "[I 2024-09-30 17:50:37,487] Trial 8 finished with value: 0.5906432748538012 and parameters: {'lr': 6.512067095630352e-05, 'weight_decay': 1.9466917503958035e-06}. Best is trial 7 with value: 0.6830645161290323.\n",
      "WARNING: Maximum number of iterations 32 reached. The mean may be inaccurate\n"
     ]
    },
    {
     "name": "stdout",
     "output_type": "stream",
     "text": [
      "SVD 수렴 문제 발생: SVD did not converge. 계속 진행합니다.\n"
     ]
    },
    {
     "name": "stderr",
     "output_type": "stream",
     "text": [
      "[I 2024-09-30 18:24:57,126] Trial 9 finished with value: 0.6221701795472286 and parameters: {'lr': 9.160908082718806e-06, 'weight_decay': 3.989701847043567e-05}. Best is trial 7 with value: 0.6830645161290323.\n",
      "WARNING: Maximum number of iterations 32 reached. The mean may be inaccurate\n"
     ]
    },
    {
     "name": "stdout",
     "output_type": "stream",
     "text": [
      "SVD 수렴 문제 발생: SVD did not converge. 계속 진행합니다.\n"
     ]
    },
    {
     "name": "stderr",
     "output_type": "stream",
     "text": [
      "[I 2024-09-30 18:59:22,090] Trial 10 finished with value: 0.6467741935483872 and parameters: {'lr': 1.1910671080393013e-06, 'weight_decay': 0.0006010727688335208}. Best is trial 7 with value: 0.6830645161290323.\n",
      "WARNING: Maximum number of iterations 32 reached. The mean may be inaccurate\n"
     ]
    },
    {
     "name": "stdout",
     "output_type": "stream",
     "text": [
      "SVD 수렴 문제 발생: SVD did not converge. 계속 진행합니다.\n"
     ]
    },
    {
     "name": "stderr",
     "output_type": "stream",
     "text": [
      "[I 2024-09-30 19:33:41,361] Trial 11 finished with value: 0.6057767369242779 and parameters: {'lr': 0.0004149253559423406, 'weight_decay': 0.004881443843674804}. Best is trial 7 with value: 0.6830645161290323.\n",
      "WARNING: Maximum number of iterations 32 reached. The mean may be inaccurate\n"
     ]
    },
    {
     "name": "stdout",
     "output_type": "stream",
     "text": [
      "SVD 수렴 문제 발생: SVD did not converge. 계속 진행합니다.\n"
     ]
    },
    {
     "name": "stderr",
     "output_type": "stream",
     "text": [
      "[I 2024-09-30 20:07:54,004] Trial 12 finished with value: 0.7287878787878788 and parameters: {'lr': 0.00040986233967319787, 'weight_decay': 0.0005253647821540689}. Best is trial 12 with value: 0.7287878787878788.\n",
      "WARNING: Maximum number of iterations 32 reached. The mean may be inaccurate\n"
     ]
    },
    {
     "name": "stdout",
     "output_type": "stream",
     "text": [
      "SVD 수렴 문제 발생: SVD did not converge. 계속 진행합니다.\n"
     ]
    },
    {
     "name": "stderr",
     "output_type": "stream",
     "text": [
      "[I 2024-09-30 20:42:02,452] Trial 13 finished with value: 0.6590909090909092 and parameters: {'lr': 0.0005522744010012789, 'weight_decay': 0.0005522228091304566}. Best is trial 12 with value: 0.7287878787878788.\n",
      "WARNING: Maximum number of iterations 32 reached. The mean may be inaccurate\n"
     ]
    },
    {
     "name": "stdout",
     "output_type": "stream",
     "text": [
      "SVD 수렴 문제 발생: SVD did not converge. 계속 진행합니다.\n"
     ]
    },
    {
     "name": "stderr",
     "output_type": "stream",
     "text": [
      "[I 2024-09-30 21:16:06,770] Trial 14 finished with value: 0.5818181818181818 and parameters: {'lr': 0.0008095063531431897, 'weight_decay': 0.0002500756740566704}. Best is trial 12 with value: 0.7287878787878788.\n",
      "WARNING: Maximum number of iterations 32 reached. The mean may be inaccurate\n"
     ]
    },
    {
     "name": "stdout",
     "output_type": "stream",
     "text": [
      "SVD 수렴 문제 발생: SVD did not converge. 계속 진행합니다.\n"
     ]
    },
    {
     "name": "stderr",
     "output_type": "stream",
     "text": [
      "[I 2024-09-30 21:50:20,814] Trial 15 finished with value: 0.6580645161290322 and parameters: {'lr': 0.0001934678823304419, 'weight_decay': 1.2367370902972219e-05}. Best is trial 12 with value: 0.7287878787878788.\n",
      "WARNING: Maximum number of iterations 32 reached. The mean may be inaccurate\n"
     ]
    },
    {
     "name": "stdout",
     "output_type": "stream",
     "text": [
      "SVD 수렴 문제 발생: SVD did not converge. 계속 진행합니다.\n"
     ]
    },
    {
     "name": "stderr",
     "output_type": "stream",
     "text": [
      "[I 2024-09-30 22:24:47,632] Trial 16 finished with value: 0.5849206349206348 and parameters: {'lr': 2.501856100389798e-05, 'weight_decay': 3.101871536105232e-05}. Best is trial 12 with value: 0.7287878787878788.\n",
      "WARNING: Maximum number of iterations 32 reached. The mean may be inaccurate\n"
     ]
    },
    {
     "name": "stdout",
     "output_type": "stream",
     "text": [
      "SVD 수렴 문제 발생: SVD did not converge. 계속 진행합니다.\n"
     ]
    },
    {
     "name": "stderr",
     "output_type": "stream",
     "text": [
      "[I 2024-09-30 22:59:06,583] Trial 17 finished with value: 0.7017954722872755 and parameters: {'lr': 0.002059553192771574, 'weight_decay': 0.0022026415737256095}. Best is trial 12 with value: 0.7287878787878788.\n",
      "WARNING: Maximum number of iterations 32 reached. The mean may be inaccurate\n"
     ]
    },
    {
     "name": "stdout",
     "output_type": "stream",
     "text": [
      "SVD 수렴 문제 발생: SVD did not converge. 계속 진행합니다.\n"
     ]
    },
    {
     "name": "stderr",
     "output_type": "stream",
     "text": [
      "[I 2024-09-30 23:33:28,747] Trial 18 finished with value: 0.6682279469164715 and parameters: {'lr': 0.0014256661620232736, 'weight_decay': 0.001804393661474683}. Best is trial 12 with value: 0.7287878787878788.\n",
      "WARNING: Maximum number of iterations 32 reached. The mean may be inaccurate\n"
     ]
    },
    {
     "name": "stdout",
     "output_type": "stream",
     "text": [
      "SVD 수렴 문제 발생: SVD did not converge. 계속 진행합니다.\n"
     ]
    },
    {
     "name": "stderr",
     "output_type": "stream",
     "text": [
      "[I 2024-10-01 00:07:46,158] Trial 19 finished with value: 0.5159090909090909 and parameters: {'lr': 0.001792856572249681, 'weight_decay': 0.00837174407357594}. Best is trial 12 with value: 0.7287878787878788.\n",
      "WARNING: Maximum number of iterations 32 reached. The mean may be inaccurate\n"
     ]
    },
    {
     "name": "stdout",
     "output_type": "stream",
     "text": [
      "SVD 수렴 문제 발생: SVD did not converge. 계속 진행합니다.\n"
     ]
    },
    {
     "name": "stderr",
     "output_type": "stream",
     "text": [
      "[I 2024-10-01 00:42:03,606] Trial 20 finished with value: 0.5346774193548387 and parameters: {'lr': 0.009063043333128216, 'weight_decay': 0.00024251791835106147}. Best is trial 12 with value: 0.7287878787878788.\n",
      "WARNING: Maximum number of iterations 32 reached. The mean may be inaccurate\n"
     ]
    },
    {
     "name": "stdout",
     "output_type": "stream",
     "text": [
      "SVD 수렴 문제 발생: SVD did not converge. 계속 진행합니다.\n"
     ]
    },
    {
     "name": "stderr",
     "output_type": "stream",
     "text": [
      "[I 2024-10-01 01:16:28,437] Trial 21 finished with value: 0.6869633099141296 and parameters: {'lr': 0.00021235141908201337, 'weight_decay': 0.0020329435601421316}. Best is trial 12 with value: 0.7287878787878788.\n",
      "WARNING: Maximum number of iterations 32 reached. The mean may be inaccurate\n"
     ]
    },
    {
     "name": "stdout",
     "output_type": "stream",
     "text": [
      "SVD 수렴 문제 발생: SVD did not converge. 계속 진행합니다.\n"
     ]
    },
    {
     "name": "stderr",
     "output_type": "stream",
     "text": [
      "[I 2024-10-01 01:50:53,894] Trial 22 finished with value: 0.564516129032258 and parameters: {'lr': 0.0002368194262105241, 'weight_decay': 0.001843125699401866}. Best is trial 12 with value: 0.7287878787878788.\n",
      "WARNING: Maximum number of iterations 32 reached. The mean may be inaccurate\n"
     ]
    },
    {
     "name": "stdout",
     "output_type": "stream",
     "text": [
      "SVD 수렴 문제 발생: SVD did not converge. 계속 진행합니다.\n"
     ]
    },
    {
     "name": "stderr",
     "output_type": "stream",
     "text": [
      "[I 2024-10-01 02:25:18,802] Trial 23 finished with value: 0.6499582289055974 and parameters: {'lr': 0.001496481251877069, 'weight_decay': 0.001824686489709956}. Best is trial 12 with value: 0.7287878787878788.\n",
      "WARNING: Maximum number of iterations 32 reached. The mean may be inaccurate\n"
     ]
    },
    {
     "name": "stdout",
     "output_type": "stream",
     "text": [
      "SVD 수렴 문제 발생: SVD did not converge. 계속 진행합니다.\n"
     ]
    },
    {
     "name": "stderr",
     "output_type": "stream",
     "text": [
      "[I 2024-10-01 02:59:41,391] Trial 24 finished with value: 0.7166666666666667 and parameters: {'lr': 0.0002523328237280259, 'weight_decay': 0.00023361461724107774}. Best is trial 12 with value: 0.7287878787878788.\n",
      "WARNING: Maximum number of iterations 32 reached. The mean may be inaccurate\n"
     ]
    },
    {
     "name": "stdout",
     "output_type": "stream",
     "text": [
      "SVD 수렴 문제 발생: SVD did not converge. 계속 진행합니다.\n"
     ]
    },
    {
     "name": "stderr",
     "output_type": "stream",
     "text": [
      "[I 2024-10-01 03:34:05,968] Trial 25 finished with value: 0.7127244340359095 and parameters: {'lr': 0.0008005214611996967, 'weight_decay': 0.00020070139655963676}. Best is trial 12 with value: 0.7287878787878788.\n",
      "WARNING: Maximum number of iterations 32 reached. The mean may be inaccurate\n"
     ]
    },
    {
     "name": "stdout",
     "output_type": "stream",
     "text": [
      "SVD 수렴 문제 발생: SVD did not converge. 계속 진행합니다.\n"
     ]
    },
    {
     "name": "stderr",
     "output_type": "stream",
     "text": [
      "[I 2024-10-01 04:08:31,408] Trial 26 finished with value: 0.6931818181818181 and parameters: {'lr': 0.0007168785001231501, 'weight_decay': 0.0002714996521624359}. Best is trial 12 with value: 0.7287878787878788.\n",
      "WARNING: Maximum number of iterations 32 reached. The mean may be inaccurate\n"
     ]
    },
    {
     "name": "stdout",
     "output_type": "stream",
     "text": [
      "SVD 수렴 문제 발생: SVD did not converge. 계속 진행합니다.\n"
     ]
    },
    {
     "name": "stderr",
     "output_type": "stream",
     "text": [
      "[I 2024-10-01 04:22:41,315] Trial 27 finished with value: 0.6318181818181818 and parameters: {'lr': 0.00038351103892925257, 'weight_decay': 0.00014101170581894888}. Best is trial 12 with value: 0.7287878787878788.\n",
      "WARNING: Maximum number of iterations 32 reached. The mean may be inaccurate\n",
      "[I 2024-10-01 04:28:11,381] Trial 28 finished with value: 0.7236533957845434 and parameters: {'lr': 0.00013266175583852963, 'weight_decay': 0.0004394321568127523}. Best is trial 12 with value: 0.7287878787878788.\n"
     ]
    },
    {
     "name": "stdout",
     "output_type": "stream",
     "text": [
      "SVD 수렴 문제 발생: SVD did not converge. 계속 진행합니다.\n"
     ]
    },
    {
     "name": "stderr",
     "output_type": "stream",
     "text": [
      "WARNING: Maximum number of iterations 32 reached. The mean may be inaccurate\n"
     ]
    },
    {
     "name": "stdout",
     "output_type": "stream",
     "text": [
      "SVD 수렴 문제 발생: SVD did not converge. 계속 진행합니다.\n"
     ]
    },
    {
     "name": "stderr",
     "output_type": "stream",
     "text": [
      "[I 2024-10-01 04:33:37,870] Trial 29 finished with value: 0.5597189695550351 and parameters: {'lr': 0.00010901122750223163, 'weight_decay': 0.0004919901290003784}. Best is trial 12 with value: 0.7287878787878788.\n",
      "WARNING: Maximum number of iterations 32 reached. The mean may be inaccurate\n"
     ]
    },
    {
     "name": "stdout",
     "output_type": "stream",
     "text": [
      "SVD 수렴 문제 발생: SVD did not converge. 계속 진행합니다.\n"
     ]
    },
    {
     "name": "stderr",
     "output_type": "stream",
     "text": [
      "[I 2024-10-01 04:39:04,390] Trial 30 finished with value: 0.6257575757575757 and parameters: {'lr': 5.203720680662049e-05, 'weight_decay': 0.0001332343523652587}. Best is trial 12 with value: 0.7287878787878788.\n",
      "WARNING: Maximum number of iterations 32 reached. The mean may be inaccurate\n",
      "[I 2024-10-01 04:44:31,429] Trial 31 finished with value: 0.6693548387096775 and parameters: {'lr': 0.00025176216902576836, 'weight_decay': 0.0008706370662485976}. Best is trial 12 with value: 0.7287878787878788.\n"
     ]
    },
    {
     "name": "stdout",
     "output_type": "stream",
     "text": [
      "SVD 수렴 문제 발생: SVD did not converge. 계속 진행합니다.\n"
     ]
    },
    {
     "name": "stderr",
     "output_type": "stream",
     "text": [
      "WARNING: Maximum number of iterations 32 reached. The mean may be inaccurate\n"
     ]
    },
    {
     "name": "stdout",
     "output_type": "stream",
     "text": [
      "SVD 수렴 문제 발생: SVD did not converge. 계속 진행합니다.\n"
     ]
    },
    {
     "name": "stderr",
     "output_type": "stream",
     "text": [
      "[I 2024-10-01 04:49:55,758] Trial 32 finished with value: 0.630066322770818 and parameters: {'lr': 0.00011972117388939168, 'weight_decay': 0.0003274916843489283}. Best is trial 12 with value: 0.7287878787878788.\n",
      "WARNING: Maximum number of iterations 32 reached. The mean may be inaccurate\n"
     ]
    },
    {
     "name": "stdout",
     "output_type": "stream",
     "text": [
      "SVD 수렴 문제 발생: SVD did not converge. 계속 진행합니다.\n"
     ]
    },
    {
     "name": "stderr",
     "output_type": "stream",
     "text": [
      "[I 2024-10-01 04:55:19,200] Trial 33 finished with value: 0.6772727272727274 and parameters: {'lr': 0.0009325629899581645, 'weight_decay': 0.00011513409334040467}. Best is trial 12 with value: 0.7287878787878788.\n",
      "WARNING: Maximum number of iterations 32 reached. The mean may be inaccurate\n"
     ]
    },
    {
     "name": "stdout",
     "output_type": "stream",
     "text": [
      "SVD 수렴 문제 발생: SVD did not converge. 계속 진행합니다.\n"
     ]
    },
    {
     "name": "stderr",
     "output_type": "stream",
     "text": [
      "[I 2024-10-01 05:00:43,436] Trial 34 finished with value: 0.6143637782982044 and parameters: {'lr': 0.00036919651294257635, 'weight_decay': 0.00019186175742302674}. Best is trial 12 with value: 0.7287878787878788.\n",
      "WARNING: Maximum number of iterations 32 reached. The mean may be inaccurate\n"
     ]
    },
    {
     "name": "stdout",
     "output_type": "stream",
     "text": [
      "SVD 수렴 문제 발생: SVD did not converge. 계속 진행합니다.\n"
     ]
    },
    {
     "name": "stderr",
     "output_type": "stream",
     "text": [
