      "[I 2024-10-09 00:57:30,469] Trial 227 finished with value: 0.6783762685402029 and parameters: {'lr': 1.4136674206977268e-05, 'weight_decay': 0.0001907412314145144}. Best is trial 222 with value: 0.8110850897736144.\n",
      "WARNING: Maximum number of iterations 32 reached. The mean may be inaccurate\n"
     ]
    },
    {
     "name": "stdout",
     "output_type": "stream",
     "text": [
      "SVD 수렴 문제 발생: SVD did not converge. 계속 진행합니다.\n"
     ]
    },
    {
     "name": "stderr",
     "output_type": "stream",
     "text": [
      "[I 2024-10-09 01:07:20,787] Trial 228 finished with value: 0.521969696969697 and parameters: {'lr': 2.8805253545428762e-05, 'weight_decay': 0.0002546064678826724}. Best is trial 222 with value: 0.8110850897736144.\n",
      "WARNING: Maximum number of iterations 32 reached. The mean may be inaccurate\n",
      "[I 2024-10-09 01:17:13,645] Trial 229 finished with value: 0.6727272727272727 and parameters: {'lr': 8.480584010137751e-05, 'weight_decay': 0.00022767332877404714}. Best is trial 222 with value: 0.8110850897736144.\n"
     ]
    },
    {
     "name": "stdout",
     "output_type": "stream",
     "text": [
      "SVD 수렴 문제 발생: SVD did not converge. 계속 진행합니다.\n"
     ]
    },
    {
     "name": "stderr",
     "output_type": "stream",
     "text": [
      "WARNING: Maximum number of iterations 32 reached. The mean may be inaccurate\n"
     ]
    },
    {
     "name": "stdout",
     "output_type": "stream",
     "text": [
      "SVD 수렴 문제 발생: SVD did not converge. 계속 진행합니다.\n"
     ]
    },
    {
     "name": "stderr",
     "output_type": "stream",
     "text": [
      "[I 2024-10-09 01:27:03,159] Trial 230 finished with value: 0.6010928961748634 and parameters: {'lr': 0.00012252258828325088, 'weight_decay': 3.912129828974864e-05}. Best is trial 222 with value: 0.8110850897736144.\n",
      "WARNING: Maximum number of iterations 32 reached. The mean may be inaccurate\n"
     ]
    },
    {
     "name": "stdout",
     "output_type": "stream",
     "text": [
      "SVD 수렴 문제 발생: SVD did not converge. 계속 진행합니다.\n"
     ]
    },
    {
     "name": "stderr",
     "output_type": "stream",
     "text": [
      "[I 2024-10-09 01:36:52,347] Trial 231 finished with value: 0.6323185011709602 and parameters: {'lr': 2.447103647029477e-05, 'weight_decay': 0.00036731388093135393}. Best is trial 222 with value: 0.8110850897736144.\n",
      "WARNING: Maximum number of iterations 32 reached. The mean may be inaccurate\n"
     ]
    },
    {
     "name": "stdout",
     "output_type": "stream",
     "text": [
      "SVD 수렴 문제 발생: SVD did not converge. 계속 진행합니다.\n"
     ]
    },
    {
     "name": "stderr",
     "output_type": "stream",
     "text": [
      "[I 2024-10-09 01:46:46,119] Trial 232 finished with value: 0.6736924277907884 and parameters: {'lr': 2.1926867723937394e-05, 'weight_decay': 0.00016298168799133914}. Best is trial 222 with value: 0.8110850897736144.\n",
      "WARNING: Maximum number of iterations 32 reached. The mean may be inaccurate\n"
     ]
    },
    {
     "name": "stdout",
     "output_type": "stream",
     "text": [
      "SVD 수렴 문제 발생: SVD did not converge. 계속 진행합니다.\n"
     ]
    },
    {
     "name": "stderr",
     "output_type": "stream",
     "text": [
      "[I 2024-10-09 01:56:35,650] Trial 233 finished with value: 0.6217741935483871 and parameters: {'lr': 1.605527912410492e-05, 'weight_decay': 5.5981036970181756e-05}. Best is trial 222 with value: 0.8110850897736144.\n",
      "WARNING: Maximum number of iterations 32 reached. The mean may be inaccurate\n"
     ]
    },
    {
     "name": "stdout",
     "output_type": "stream",
     "text": [
      "SVD 수렴 문제 발생: SVD did not converge. 계속 진행합니다.\n"
     ]
    },
    {
     "name": "stderr",
     "output_type": "stream",
     "text": [
      "[I 2024-10-09 02:06:26,529] Trial 234 finished with value: 0.6934414148857775 and parameters: {'lr': 2.1534006841069768e-05, 'weight_decay': 1.1186467741308467e-05}. Best is trial 222 with value: 0.8110850897736144.\n",
      "WARNING: Maximum number of iterations 32 reached. The mean may be inaccurate\n"
     ]
    },
    {
     "name": "stdout",
     "output_type": "stream",
     "text": [
      "SVD 수렴 문제 발생: SVD did not converge. 계속 진행합니다.\n"
     ]
    },
    {
     "name": "stderr",
     "output_type": "stream",
     "text": [
      "[I 2024-10-09 02:16:16,172] Trial 235 finished with value: 0.6086956521739131 and parameters: {'lr': 2.5825931935299117e-06, 'weight_decay': 0.00021524578670303058}. Best is trial 222 with value: 0.8110850897736144.\n",
      "WARNING: Maximum number of iterations 32 reached. The mean may be inaccurate\n"
     ]
    },
    {
     "name": "stdout",
     "output_type": "stream",
     "text": [
      "SVD 수렴 문제 발생: SVD did not converge. 계속 진행합니다.\n"
     ]
    },
    {
     "name": "stderr",
     "output_type": "stream",
     "text": [
      "[I 2024-10-09 02:26:04,376] Trial 236 finished with value: 0.7298387096774194 and parameters: {'lr': 1.5165555571108678e-05, 'weight_decay': 0.0073366828499612565}. Best is trial 222 with value: 0.8110850897736144.\n",
      "WARNING: Maximum number of iterations 32 reached. The mean may be inaccurate\n"
     ]
    },
    {
     "name": "stdout",
     "output_type": "stream",
     "text": [
      "SVD 수렴 문제 발생: SVD did not converge. 계속 진행합니다.\n"
     ]
    },
    {
     "name": "stderr",
     "output_type": "stream",
     "text": [
      "[I 2024-10-09 02:36:03,053] Trial 237 finished with value: 0.6738095238095237 and parameters: {'lr': 4.318794097686466e-06, 'weight_decay': 0.0016003846425845013}. Best is trial 222 with value: 0.8110850897736144.\n",
      "WARNING: Maximum number of iterations 32 reached. The mean may be inaccurate\n"
     ]
    },
    {
     "name": "stdout",
     "output_type": "stream",
     "text": [
      "SVD 수렴 문제 발생: SVD did not converge. 계속 진행합니다.\n"
     ]
    },
    {
     "name": "stderr",
     "output_type": "stream",
     "text": [
      "[I 2024-10-09 02:45:59,556] Trial 238 finished with value: 0.7112903225806451 and parameters: {'lr': 1.4370798216131479e-05, 'weight_decay': 0.0005840286961865659}. Best is trial 222 with value: 0.8110850897736144.\n",
      "WARNING: Maximum number of iterations 32 reached. The mean may be inaccurate\n"
     ]
    },
    {
     "name": "stdout",
     "output_type": "stream",
     "text": [
      "SVD 수렴 문제 발생: SVD did not converge. 계속 진행합니다.\n"
     ]
    },
    {
     "name": "stderr",
     "output_type": "stream",
     "text": [
      "[I 2024-10-09 02:55:48,474] Trial 239 finished with value: 0.6196969696969696 and parameters: {'lr': 1.7701187791202614e-05, 'weight_decay': 0.0063711832758336995}. Best is trial 222 with value: 0.8110850897736144.\n",
      "WARNING: Maximum number of iterations 32 reached. The mean may be inaccurate\n"
     ]
    },
    {
     "name": "stdout",
     "output_type": "stream",
     "text": [
      "SVD 수렴 문제 발생: SVD did not converge. 계속 진행합니다.\n"
     ]
    },
    {
     "name": "stderr",
     "output_type": "stream",
     "text": [
      "[I 2024-10-09 03:05:43,018] Trial 240 finished with value: 0.6555555555555556 and parameters: {'lr': 1.3319079065909485e-05, 'weight_decay': 0.0039729426158451936}. Best is trial 222 with value: 0.8110850897736144.\n",
      "WARNING: Maximum number of iterations 32 reached. The mean may be inaccurate\n"
     ]
    },
    {
     "name": "stdout",
     "output_type": "stream",
     "text": [
      "SVD 수렴 문제 발생: SVD did not converge. 계속 진행합니다.\n"
     ]
    },
    {
     "name": "stderr",
     "output_type": "stream",
     "text": [
      "[I 2024-10-09 03:15:32,826] Trial 241 finished with value: 0.625 and parameters: {'lr': 2.266249642015284e-05, 'weight_decay': 0.0031659933264127425}. Best is trial 222 with value: 0.8110850897736144.\n",
      "WARNING: Maximum number of iterations 32 reached. The mean may be inaccurate\n",
      "[I 2024-10-09 03:25:23,910] Trial 242 finished with value: 0.6145910095799558 and parameters: {'lr': 2.6868331202079957e-05, 'weight_decay': 4.445681664754243e-05}. Best is trial 222 with value: 0.8110850897736144.\n"
     ]
    },
    {
     "name": "stdout",
     "output_type": "stream",
     "text": [
      "SVD 수렴 문제 발생: SVD did not converge. 계속 진행합니다.\n"
     ]
    },
    {
     "name": "stderr",
     "output_type": "stream",
     "text": [
      "WARNING: Maximum number of iterations 32 reached. The mean may be inaccurate\n"
     ]
    },
    {
     "name": "stdout",
     "output_type": "stream",
     "text": [
      "SVD 수렴 문제 발생: SVD did not converge. 계속 진행합니다.\n"
     ]
    },
    {
     "name": "stderr",
     "output_type": "stream",
     "text": [
      "[I 2024-10-09 03:35:16,919] Trial 243 finished with value: 0.667447306791569 and parameters: {'lr': 1.829631885298336e-05, 'weight_decay': 3.33970922357826e-05}. Best is trial 222 with value: 0.8110850897736144.\n",
      "WARNING: Maximum number of iterations 32 reached. The mean may be inaccurate\n"
     ]
    },
    {
     "name": "stdout",
     "output_type": "stream",
     "text": [
      "SVD 수렴 문제 발생: SVD did not converge. 계속 진행합니다.\n"
     ]
    },
    {
     "name": "stderr",
     "output_type": "stream",
     "text": [
      "[I 2024-10-09 03:45:04,864] Trial 244 finished with value: 0.6758064516129032 and parameters: {'lr': 9.634871672983325e-05, 'weight_decay': 1.7536811554506244e-05}. Best is trial 222 with value: 0.8110850897736144.\n",
      "WARNING: Maximum number of iterations 32 reached. The mean may be inaccurate\n"
     ]
    },
    {
     "name": "stdout",
     "output_type": "stream",
     "text": [
      "SVD 수렴 문제 발생: SVD did not converge. 계속 진행합니다.\n"
     ]
    },
    {
     "name": "stderr",
     "output_type": "stream",
     "text": [
      "[I 2024-10-09 03:54:56,654] Trial 245 finished with value: 0.6869633099141296 and parameters: {'lr': 2.0693042506158495e-05, 'weight_decay': 7.1835375756322495e-06}. Best is trial 222 with value: 0.8110850897736144.\n",
      "WARNING: Maximum number of iterations 32 reached. The mean may be inaccurate\n"
     ]
    },
    {
     "name": "stdout",
     "output_type": "stream",
     "text": [
      "SVD 수렴 문제 발생: SVD did not converge. 계속 진행합니다.\n"
     ]
    },
    {
     "name": "stderr",
     "output_type": "stream",
     "text": [
      "[I 2024-10-09 04:04:49,581] Trial 246 finished with value: 0.7553030303030304 and parameters: {'lr': 3.5935448210664324e-05, 'weight_decay': 0.00019327198560173387}. Best is trial 222 with value: 0.8110850897736144.\n",
      "WARNING: Maximum number of iterations 32 reached. The mean may be inaccurate\n"
     ]
    },
    {
     "name": "stdout",
     "output_type": "stream",
     "text": [
      "SVD 수렴 문제 발생: SVD did not converge. 계속 진행합니다.\n"
     ]
    },
    {
     "name": "stderr",
     "output_type": "stream",
     "text": [
      "[I 2024-10-09 04:14:37,916] Trial 247 finished with value: 0.5951612903225807 and parameters: {'lr': 4.215658153395484e-05, 'weight_decay': 0.0002067124915372713}. Best is trial 222 with value: 0.8110850897736144.\n",
      "WARNING: Maximum number of iterations 32 reached. The mean may be inaccurate\n"
     ]
    },
    {
     "name": "stdout",
     "output_type": "stream",
     "text": [
      "SVD 수렴 문제 발생: SVD did not converge. 계속 진행합니다.\n"
     ]
    },
    {
     "name": "stderr",
     "output_type": "stream",
     "text": [
      "[I 2024-10-09 04:24:28,944] Trial 248 finished with value: 0.65807962529274 and parameters: {'lr': 3.188519474475753e-05, 'weight_decay': 0.0002777128026521129}. Best is trial 222 with value: 0.8110850897736144.\n",
      "WARNING: Maximum number of iterations 32 reached. The mean may be inaccurate\n"
     ]
    },
    {
     "name": "stdout",
     "output_type": "stream",
     "text": [
      "SVD 수렴 문제 발생: SVD did not converge. 계속 진행합니다.\n"
     ]
    },
    {
     "name": "stderr",
     "output_type": "stream",
     "text": [
      "[I 2024-10-09 04:34:22,564] Trial 249 finished with value: 0.690909090909091 and parameters: {'lr': 7.086762189183435e-05, 'weight_decay': 1.2328467382373888e-06}. Best is trial 222 with value: 0.8110850897736144.\n",
      "WARNING: Maximum number of iterations 32 reached. The mean may be inaccurate\n"
     ]
    },
    {
     "name": "stdout",
     "output_type": "stream",
     "text": [
      "SVD 수렴 문제 발생: SVD did not converge. 계속 진행합니다.\n"
     ]
    },
    {
     "name": "stderr",
     "output_type": "stream",
     "text": [
      "[I 2024-10-09 04:44:13,122] Trial 250 finished with value: 0.6541353383458647 and parameters: {'lr': 3.937769702402924e-05, 'weight_decay': 0.007788886632953441}. Best is trial 222 with value: 0.8110850897736144.\n",
      "WARNING: Maximum number of iterations 32 reached. The mean may be inaccurate\n",
      "[I 2024-10-09 04:54:03,326] Trial 251 finished with value: 0.663544106167057 and parameters: {'lr': 5.405416893691273e-05, 'weight_decay': 0.00018025151616776804}. Best is trial 222 with value: 0.8110850897736144.\n"
     ]
    },
    {
     "name": "stdout",
     "output_type": "stream",
     "text": [
      "SVD 수렴 문제 발생: SVD did not converge. 계속 진행합니다.\n"
     ]
    },
    {
     "name": "stderr",
     "output_type": "stream",
     "text": [
      "WARNING: Maximum number of iterations 32 reached. The mean may be inaccurate\n"
     ]
    },
    {
     "name": "stdout",
     "output_type": "stream",
     "text": [
      "SVD 수렴 문제 발생: SVD did not converge. 계속 진행합니다.\n"
     ]
    },
    {
     "name": "stderr",
     "output_type": "stream",
     "text": [
      "[I 2024-10-09 05:03:53,422] Trial 252 finished with value: 0.6629032258064517 and parameters: {'lr': 1.5332190177194855e-05, 'weight_decay': 0.0002090694573622905}. Best is trial 222 with value: 0.8110850897736144.\n",
      "WARNING: Maximum number of iterations 32 reached. The mean may be inaccurate\n"
     ]
    },
    {
     "name": "stdout",
     "output_type": "stream",
     "text": [
      "SVD 수렴 문제 발생: SVD did not converge. 계속 진행합니다.\n"
     ]
    },
    {
     "name": "stderr",
     "output_type": "stream",
     "text": [
      "[I 2024-10-09 05:13:39,113] Trial 253 finished with value: 0.6064516129032258 and parameters: {'lr': 3.106510206337648e-05, 'weight_decay': 0.0012089814503680374}. Best is trial 222 with value: 0.8110850897736144.\n",
      "WARNING: Maximum number of iterations 32 reached. The mean may be inaccurate\n"
     ]
    },
    {
     "name": "stdout",
     "output_type": "stream",
     "text": [
      "SVD 수렴 문제 발생: SVD did not converge. 계속 진행합니다.\n"
     ]
    },
    {
     "name": "stderr",
     "output_type": "stream",
     "text": [
      "[I 2024-10-09 05:23:28,899] Trial 254 finished with value: 0.7814207650273224 and parameters: {'lr': 0.00012772302385631324, 'weight_decay': 0.00016361206767071985}. Best is trial 222 with value: 0.8110850897736144.\n",
      "WARNING: Maximum number of iterations 32 reached. The mean may be inaccurate\n"
     ]
    },
    {
     "name": "stdout",
     "output_type": "stream",
     "text": [
      "SVD 수렴 문제 발생: SVD did not converge. 계속 진행합니다.\n"
     ]
    },
    {
     "name": "stderr",
     "output_type": "stream",
     "text": [
      "[I 2024-10-09 05:33:17,759] Trial 255 finished with value: 0.6265151515151515 and parameters: {'lr': 0.0002304239582816417, 'weight_decay': 0.00016457749359340867}. Best is trial 222 with value: 0.8110850897736144.\n",
      "WARNING: Maximum number of iterations 32 reached. The mean may be inaccurate\n"
     ]
    },
    {
     "name": "stdout",
     "output_type": "stream",
     "text": [
      "SVD 수렴 문제 발생: SVD did not converge. 계속 진행합니다.\n"
     ]
    },
    {
     "name": "stderr",
     "output_type": "stream",
     "text": [
      "[I 2024-10-09 05:43:06,723] Trial 256 finished with value: 0.5115562403697996 and parameters: {'lr': 0.00013347697668362058, 'weight_decay': 0.00017095564562955552}. Best is trial 222 with value: 0.8110850897736144.\n",
      "WARNING: Maximum number of iterations 32 reached. The mean may be inaccurate\n"
     ]
    },
    {
     "name": "stdout",
     "output_type": "stream",
     "text": [
      "SVD 수렴 문제 발생: SVD did not converge. 계속 진행합니다.\n"
     ]
    },
    {
     "name": "stderr",
     "output_type": "stream",
     "text": [
      "[I 2024-10-09 05:52:52,476] Trial 257 finished with value: 0.6174863387978142 and parameters: {'lr': 0.00017183802003057513, 'weight_decay': 0.0002505453752692383}. Best is trial 222 with value: 0.8110850897736144.\n",
      "WARNING: Maximum number of iterations 32 reached. The mean may be inaccurate\n"
     ]
    },
    {
     "name": "stdout",
     "output_type": "stream",
     "text": [
      "SVD 수렴 문제 발생: SVD did not converge. 계속 진행합니다.\n"
     ]
    },
    {
     "name": "stderr",
     "output_type": "stream",
     "text": [
      "[I 2024-10-09 06:02:40,720] Trial 258 finished with value: 0.6332497911445281 and parameters: {'lr': 1.072330625922879e-05, 'weight_decay': 2.5125517935109854e-05}. Best is trial 222 with value: 0.8110850897736144.\n",
      "WARNING: Maximum number of iterations 32 reached. The mean may be inaccurate\n"
     ]
    },
    {
     "name": "stdout",
     "output_type": "stream",
     "text": [
      "SVD 수렴 문제 발생: SVD did not converge. 계속 진행합니다.\n"
     ]
    },
    {
     "name": "stderr",
     "output_type": "stream",
     "text": [
      "[I 2024-10-09 06:12:33,014] Trial 259 finished with value: 0.596969696969697 and parameters: {'lr': 3.6039544489744096e-05, 'weight_decay': 0.0002041183242636329}. Best is trial 222 with value: 0.8110850897736144.\n",
      "WARNING: Maximum number of iterations 32 reached. The mean may be inaccurate\n"
     ]
    },
    {
     "name": "stdout",
     "output_type": "stream",
     "text": [
      "SVD 수렴 문제 발생: SVD did not converge. 계속 진행합니다.\n"
     ]
    },
    {
     "name": "stderr",
     "output_type": "stream",
     "text": [
      "[I 2024-10-09 06:22:22,035] Trial 260 finished with value: 0.6575757575757576 and parameters: {'lr': 5.947398909902494e-05, 'weight_decay': 0.0003263168005938482}. Best is trial 222 with value: 0.8110850897736144.\n",
      "WARNING: Maximum number of iterations 32 reached. The mean may be inaccurate\n"
     ]
    },
    {
     "name": "stdout",
     "output_type": "stream",
     "text": [
      "SVD 수렴 문제 발생: SVD did not converge. 계속 진행합니다.\n"
     ]
    },
    {
     "name": "stderr",
     "output_type": "stream",
     "text": [
      "[I 2024-10-09 06:32:10,643] Trial 261 finished with value: 0.7509211495946941 and parameters: {'lr': 2.7318627161375223e-05, 'weight_decay': 2.1639948447436386e-05}. Best is trial 222 with value: 0.8110850897736144.\n",
      "WARNING: Maximum number of iterations 32 reached. The mean may be inaccurate\n"
     ]
    },
    {
     "name": "stdout",
     "output_type": "stream",
     "text": [
      "SVD 수렴 문제 발생: SVD did not converge. 계속 진행합니다.\n"
     ]
    },
    {
     "name": "stderr",
     "output_type": "stream",
     "text": [
      "[I 2024-10-09 06:42:02,464] Trial 262 finished with value: 0.6362903225806451 and parameters: {'lr': 2.598917195953713e-05, 'weight_decay': 2.7922041962911666e-05}. Best is trial 222 with value: 0.8110850897736144.\n",
      "WARNING: Maximum number of iterations 32 reached. The mean may be inaccurate\n"
     ]
    },
    {
     "name": "stdout",
     "output_type": "stream",
     "text": [
      "SVD 수렴 문제 발생: SVD did not converge. 계속 진행합니다.\n"
     ]
    },
    {
     "name": "stderr",
     "output_type": "stream",
     "text": [
      "[I 2024-10-09 06:51:47,427] Trial 263 finished with value: 0.6721311475409836 and parameters: {'lr': 4.688752655305721e-05, 'weight_decay': 3.32936459081775e-05}. Best is trial 222 with value: 0.8110850897736144.\n",
      "WARNING: Maximum number of iterations 32 reached. The mean may be inaccurate\n"
     ]
    },
    {
     "name": "stdout",
     "output_type": "stream",
     "text": [
      "SVD 수렴 문제 발생: SVD did not converge. 계속 진행합니다.\n"
     ]
    },
    {
     "name": "stderr",
     "output_type": "stream",
     "text": [
      "[I 2024-10-09 07:01:33,689] Trial 264 finished with value: 0.5893832943013271 and parameters: {'lr': 3.118193320112421e-05, 'weight_decay': 2.1195474268445794e-05}. Best is trial 222 with value: 0.8110850897736144.\n",
      "WARNING: Maximum number of iterations 32 reached. The mean may be inaccurate\n"
     ]
    },
    {
     "name": "stdout",
     "output_type": "stream",
     "text": [
      "SVD 수렴 문제 발생: SVD did not converge. 계속 진행합니다.\n"
     ]
    },
    {
     "name": "stderr",
     "output_type": "stream",
     "text": [
      "[I 2024-10-09 07:11:21,306] Trial 265 finished with value: 0.6736924277907884 and parameters: {'lr': 1.7397592703606047e-05, 'weight_decay': 0.00015366573814497135}. Best is trial 222 with value: 0.8110850897736144.\n",
      "WARNING: Maximum number of iterations 32 reached. The mean may be inaccurate\n"
     ]
    },
    {
     "name": "stdout",
     "output_type": "stream",
     "text": [
      "SVD 수렴 문제 발생: SVD did not converge. 계속 진행합니다.\n"
     ]
    },
    {
     "name": "stderr",
     "output_type": "stream",
     "text": [
      "[I 2024-10-09 07:21:08,686] Trial 266 finished with value: 0.5234848484848484 and parameters: {'lr': 0.0006731966164683407, 'weight_decay': 0.00045729628120883366}. Best is trial 222 with value: 0.8110850897736144.\n",
      "WARNING: Maximum number of iterations 32 reached. The mean may be inaccurate\n",
