      "[I 2024-10-04 23:49:19,154] Trial 761 finished with value: 0.6961805555555556 and parameters: {'lr': 1.9505268921663777e-05, 'weight_decay': 0.00044855116345534176}. Best is trial 483 with value: 0.8469945355191256.\n",
      "WARNING: Maximum number of iterations 32 reached. The mean may be inaccurate\n",
      "[I 2024-10-04 23:54:08,234] Trial 762 finished with value: 0.6385636221701796 and parameters: {'lr': 3.9174851278206524e-05, 'weight_decay': 0.0011325380666770454}. Best is trial 483 with value: 0.8469945355191256.\n"
     ]
    },
    {
     "name": "stdout",
     "output_type": "stream",
     "text": [
      "SVD 수렴 문제 발생: SVD did not converge. 계속 진행합니다.\n"
     ]
    },
    {
     "name": "stderr",
     "output_type": "stream",
     "text": [
      "WARNING: Maximum number of iterations 32 reached. The mean may be inaccurate\n"
     ]
    },
    {
     "name": "stdout",
     "output_type": "stream",
     "text": [
      "SVD 수렴 문제 발생: SVD did not converge. 계속 진행합니다.\n"
     ]
    },
    {
     "name": "stderr",
     "output_type": "stream",
     "text": [
      "[I 2024-10-04 23:58:54,545] Trial 763 finished with value: 0.6073770491803279 and parameters: {'lr': 2.4029012313471318e-05, 'weight_decay': 0.0006108347027559411}. Best is trial 483 with value: 0.8469945355191256.\n",
      "WARNING: Maximum number of iterations 32 reached. The mean may be inaccurate\n"
     ]
    },
    {
     "name": "stdout",
     "output_type": "stream",
     "text": [
      "SVD 수렴 문제 발생: SVD did not converge. 계속 진행합니다.\n"
     ]
    },
    {
     "name": "stderr",
     "output_type": "stream",
     "text": [
      "[I 2024-10-05 00:03:41,325] Trial 764 finished with value: 0.7217741935483871 and parameters: {'lr': 3.218375754111551e-06, 'weight_decay': 0.0008845950703578861}. Best is trial 483 with value: 0.8469945355191256.\n",
      "WARNING: Maximum number of iterations 32 reached. The mean may be inaccurate\n"
     ]
    },
    {
     "name": "stdout",
     "output_type": "stream",
     "text": [
      "SVD 수렴 문제 발생: SVD did not converge. 계속 진행합니다.\n"
     ]
    },
    {
     "name": "stderr",
     "output_type": "stream",
     "text": [
      "[I 2024-10-05 00:08:28,001] Trial 765 finished with value: 0.6173767752715121 and parameters: {'lr': 8.187999360500523e-06, 'weight_decay': 0.0006689575624453465}. Best is trial 483 with value: 0.8469945355191256.\n",
      "WARNING: Maximum number of iterations 32 reached. The mean may be inaccurate\n"
     ]
    },
    {
     "name": "stdout",
     "output_type": "stream",
     "text": [
      "SVD 수렴 문제 발생: SVD did not converge. 계속 진행합니다.\n"
     ]
    },
    {
     "name": "stderr",
     "output_type": "stream",
     "text": [
      "[I 2024-10-05 00:13:15,506] Trial 766 finished with value: 0.725 and parameters: {'lr': 1.0122440894267764e-05, 'weight_decay': 0.002704661950886604}. Best is trial 483 with value: 0.8469945355191256.\n",
      "WARNING: Maximum number of iterations 32 reached. The mean may be inaccurate\n"
     ]
    },
    {
     "name": "stdout",
     "output_type": "stream",
     "text": [
      "SVD 수렴 문제 발생: SVD did not converge. 계속 진행합니다.\n"
     ]
    },
    {
     "name": "stderr",
     "output_type": "stream",
     "text": [
      "[I 2024-10-05 00:18:02,746] Trial 767 finished with value: 0.6451612903225806 and parameters: {'lr': 5.884636648208547e-06, 'weight_decay': 0.0011324816209962111}. Best is trial 483 with value: 0.8469945355191256.\n",
      "WARNING: Maximum number of iterations 32 reached. The mean may be inaccurate\n",
      "[I 2024-10-05 00:22:51,278] Trial 768 finished with value: 0.6572989851678376 and parameters: {'lr': 0.00025790080439336754, 'weight_decay': 0.000798465363173817}. Best is trial 483 with value: 0.8469945355191256.\n"
     ]
    },
    {
     "name": "stdout",
     "output_type": "stream",
     "text": [
      "SVD 수렴 문제 발생: SVD did not converge. 계속 진행합니다.\n"
     ]
    },
    {
     "name": "stderr",
     "output_type": "stream",
     "text": [
      "WARNING: Maximum number of iterations 32 reached. The mean may be inaccurate\n"
     ]
    },
    {
     "name": "stdout",
     "output_type": "stream",
     "text": [
      "SVD 수렴 문제 발생: SVD did not converge. 계속 진행합니다.\n"
     ]
    },
    {
     "name": "stderr",
     "output_type": "stream",
     "text": [
      "[I 2024-10-05 00:27:37,124] Trial 769 finished with value: 0.5199063231850117 and parameters: {'lr': 0.0005862784926405059, 'weight_decay': 0.0005580517756904617}. Best is trial 483 with value: 0.8469945355191256.\n",
      "WARNING: Maximum number of iterations 32 reached. The mean may be inaccurate\n"
     ]
    },
    {
     "name": "stdout",
     "output_type": "stream",
     "text": [
      "SVD 수렴 문제 발생: SVD did not converge. 계속 진행합니다.\n"
     ]
    },
    {
     "name": "stderr",
     "output_type": "stream",
     "text": [
      "[I 2024-10-05 00:32:23,328] Trial 770 finished with value: 0.7765151515151515 and parameters: {'lr': 1.64610568709467e-06, 'weight_decay': 0.00039802199410998696}. Best is trial 483 with value: 0.8469945355191256.\n",
      "WARNING: Maximum number of iterations 32 reached. The mean may be inaccurate\n"
     ]
    },
    {
     "name": "stdout",
     "output_type": "stream",
     "text": [
      "SVD 수렴 문제 발생: SVD did not converge. 계속 진행합니다.\n"
     ]
    },
    {
     "name": "stderr",
     "output_type": "stream",
     "text": [
      "[I 2024-10-05 00:37:10,754] Trial 771 finished with value: 0.5772727272727273 and parameters: {'lr': 2.136463663047949e-06, 'weight_decay': 0.0003119083468425812}. Best is trial 483 with value: 0.8469945355191256.\n",
      "WARNING: Maximum number of iterations 32 reached. The mean may be inaccurate\n"
     ]
    },
    {
     "name": "stdout",
     "output_type": "stream",
     "text": [
      "SVD 수렴 문제 발생: SVD did not converge. 계속 진행합니다.\n"
     ]
    },
    {
     "name": "stderr",
     "output_type": "stream",
     "text": [
      "[I 2024-10-05 00:46:46,083] Trial 773 finished with value: 0.6471506635441062 and parameters: {'lr': 0.0003633666673811937, 'weight_decay': 0.0003311809261915245}. Best is trial 483 with value: 0.8469945355191256.\n",
      "WARNING: Maximum number of iterations 32 reached. The mean may be inaccurate\n"
     ]
    },
    {
     "name": "stdout",
     "output_type": "stream",
     "text": [
      "SVD 수렴 문제 발생: SVD did not converge. 계속 진행합니다.\n"
     ]
    },
    {
     "name": "stderr",
     "output_type": "stream",
     "text": [
      "[I 2024-10-05 00:51:34,631] Trial 774 finished with value: 0.7287878787878788 and parameters: {'lr': 1.5604125434827455e-06, 'weight_decay': 0.00038677302493592163}. Best is trial 483 with value: 0.8469945355191256.\n",
      "WARNING: Maximum number of iterations 32 reached. The mean may be inaccurate\n",
      "[I 2024-10-05 00:56:23,793] Trial 775 finished with value: 0.5784543325526932 and parameters: {'lr': 1.3675928544787323e-05, 'weight_decay': 0.0004508583362868905}. Best is trial 483 with value: 0.8469945355191256.\n"
     ]
    },
    {
     "name": "stdout",
     "output_type": "stream",
     "text": [
      "SVD 수렴 문제 발생: SVD did not converge. 계속 진행합니다.\n"
     ]
    },
    {
     "name": "stderr",
     "output_type": "stream",
     "text": [
      "WARNING: Maximum number of iterations 32 reached. The mean may be inaccurate\n"
     ]
    },
    {
     "name": "stdout",
     "output_type": "stream",
     "text": [
      "SVD 수렴 문제 발생: SVD did not converge. 계속 진행합니다.\n"
     ]
    },
    {
     "name": "stderr",
     "output_type": "stream",
     "text": [
      "[I 2024-10-05 01:01:10,792] Trial 776 finished with value: 0.5911290322580645 and parameters: {'lr': 3.249835224933133e-05, 'weight_decay': 0.00038627981708226877}. Best is trial 483 with value: 0.8469945355191256.\n",
      "WARNING: Maximum number of iterations 32 reached. The mean may be inaccurate\n"
     ]
    },
    {
     "name": "stdout",
     "output_type": "stream",
     "text": [
      "SVD 수렴 문제 발생: SVD did not converge. 계속 진행합니다.\n"
     ]
    },
    {
     "name": "stderr",
     "output_type": "stream",
     "text": [
      "[I 2024-10-05 01:05:58,669] Trial 777 finished with value: 0.6878787878787879 and parameters: {'lr': 1.8338129274002778e-06, 'weight_decay': 0.0004480938498857064}. Best is trial 483 with value: 0.8469945355191256.\n",
      "WARNING: Maximum number of iterations 32 reached. The mean may be inaccurate\n",
      "[I 2024-10-05 01:10:49,125] Trial 778 finished with value: 0.6757553426676493 and parameters: {'lr': 2.9677310851341946e-06, 'weight_decay': 0.0005168606110527186}. Best is trial 483 with value: 0.8469945355191256.\n"
     ]
    },
    {
     "name": "stdout",
     "output_type": "stream",
     "text": [
      "SVD 수렴 문제 발생: SVD did not converge. 계속 진행합니다.\n"
     ]
    },
    {
     "name": "stderr",
     "output_type": "stream",
     "text": [
      "WARNING: Maximum number of iterations 32 reached. The mean may be inaccurate\n"
     ]
    },
    {
     "name": "stdout",
     "output_type": "stream",
     "text": [
      "SVD 수렴 문제 발생: SVD did not converge. 계속 진행합니다.\n"
     ]
    },
    {
     "name": "stderr",
     "output_type": "stream",
     "text": [
      "[I 2024-10-05 01:15:36,850] Trial 779 finished with value: 0.6524193548387096 and parameters: {'lr': 2.7278557664848357e-05, 'weight_decay': 0.00036969400913259236}. Best is trial 483 with value: 0.8469945355191256.\n",
      "WARNING: Maximum number of iterations 32 reached. The mean may be inaccurate\n"
     ]
    },
    {
     "name": "stdout",
     "output_type": "stream",
     "text": [
      "SVD 수렴 문제 발생: SVD did not converge. 계속 진행합니다.\n"
     ]
    },
    {
     "name": "stderr",
     "output_type": "stream",
     "text": [
      "[I 2024-10-05 01:20:25,295] Trial 780 finished with value: 0.6416861826697893 and parameters: {'lr': 4.0697111705708465e-05, 'weight_decay': 0.0005031718262344086}. Best is trial 483 with value: 0.8469945355191256.\n",
      "WARNING: Maximum number of iterations 32 reached. The mean may be inaccurate\n"
     ]
    },
    {
     "name": "stdout",
     "output_type": "stream",
     "text": [
      "SVD 수렴 문제 발생: SVD did not converge. 계속 진행합니다.\n"
     ]
    },
    {
     "name": "stderr",
     "output_type": "stream",
     "text": [
      "[I 2024-10-05 01:25:12,642] Trial 781 finished with value: 0.6015037593984963 and parameters: {'lr': 3.3265705833206337e-05, 'weight_decay': 0.0005711555068018813}. Best is trial 483 with value: 0.8469945355191256.\n",
      "WARNING: Maximum number of iterations 32 reached. The mean may be inaccurate\n"
     ]
    },
    {
     "name": "stdout",
     "output_type": "stream",
     "text": [
      "SVD 수렴 문제 발생: SVD did not converge. 계속 진행합니다.\n"
     ]
    },
    {
     "name": "stderr",
     "output_type": "stream",
     "text": [
      "[I 2024-10-05 01:29:59,985] Trial 782 finished with value: 0.6221701795472286 and parameters: {'lr': 0.0007710398305674959, 'weight_decay': 0.0006434785766381506}. Best is trial 483 with value: 0.8469945355191256.\n",
      "WARNING: Maximum number of iterations 32 reached. The mean may be inaccurate\n"
     ]
    },
    {
     "name": "stdout",
     "output_type": "stream",
     "text": [
      "SVD 수렴 문제 발생: SVD did not converge. 계속 진행합니다.\n"
     ]
    },
    {
     "name": "stderr",
     "output_type": "stream",
     "text": [
      "[I 2024-10-05 01:34:46,702] Trial 783 finished with value: 0.6612021857923497 and parameters: {'lr': 2.092237157083097e-05, 'weight_decay': 0.00047944714365789464}. Best is trial 483 with value: 0.8469945355191256.\n",
      "WARNING: Maximum number of iterations 32 reached. The mean may be inaccurate\n"
     ]
    },
    {
     "name": "stdout",
     "output_type": "stream",
     "text": [
      "SVD 수렴 문제 발생: SVD did not converge. 계속 진행합니다.\n"
     ]
    },
    {
     "name": "stderr",
     "output_type": "stream",
     "text": [
      "[I 2024-10-05 01:39:34,311] Trial 784 finished with value: 0.6196969696969697 and parameters: {'lr': 4.689857010920418e-05, 'weight_decay': 0.00034719393808796775}. Best is trial 483 with value: 0.8469945355191256.\n",
      "WARNING: Maximum number of iterations 32 reached. The mean may be inaccurate\n"
     ]
    },
    {
     "name": "stdout",
     "output_type": "stream",
     "text": [
      "SVD 수렴 문제 발생: SVD did not converge. 계속 진행합니다.\n"
     ]
    },
    {
     "name": "stderr",
     "output_type": "stream",
     "text": [
      "[I 2024-10-05 01:44:22,359] Trial 785 finished with value: 0.6008064516129032 and parameters: {'lr': 2.5809504961661918e-05, 'weight_decay': 0.001231761520877032}. Best is trial 483 with value: 0.8469945355191256.\n",
      "WARNING: Maximum number of iterations 32 reached. The mean may be inaccurate\n"
     ]
    },
    {
     "name": "stdout",
     "output_type": "stream",
     "text": [
      "SVD 수렴 문제 발생: SVD did not converge. 계속 진행합니다.\n"
     ]
    },
    {
     "name": "stderr",
     "output_type": "stream",
     "text": [
      "[I 2024-10-05 01:49:08,948] Trial 786 finished with value: 0.6782258064516129 and parameters: {'lr': 3.6737706548399004e-06, 'weight_decay': 0.00043096007460958943}. Best is trial 483 with value: 0.8469945355191256.\n",
      "WARNING: Maximum number of iterations 32 reached. The mean may be inaccurate\n"
     ]
    },
    {
     "name": "stdout",
     "output_type": "stream",
     "text": [
      "SVD 수렴 문제 발생: SVD did not converge. 계속 진행합니다.\n"
     ]
    },
    {
     "name": "stderr",
     "output_type": "stream",
     "text": [
      "[I 2024-10-05 01:53:56,111] Trial 787 finished with value: 0.6967741935483871 and parameters: {'lr': 1.947399694464799e-05, 'weight_decay': 0.0006222441800770521}. Best is trial 483 with value: 0.8469945355191256.\n",
      "WARNING: Maximum number of iterations 32 reached. The mean may be inaccurate\n"
     ]
    },
    {
     "name": "stdout",
     "output_type": "stream",
     "text": [
      "SVD 수렴 문제 발생: SVD did not converge. 계속 진행합니다.\n"
     ]
    },
    {
     "name": "stderr",
     "output_type": "stream",
     "text": [
      "[I 2024-10-05 01:58:43,727] Trial 788 finished with value: 0.5909445745511319 and parameters: {'lr': 0.00043466339499074964, 'weight_decay': 0.0009712544204755373}. Best is trial 483 with value: 0.8469945355191256.\n",
      "WARNING: Maximum number of iterations 32 reached. The mean may be inaccurate\n"
     ]
    },
    {
     "name": "stdout",
     "output_type": "stream",
     "text": [
      "SVD 수렴 문제 발생: SVD did not converge. 계속 진행합니다.\n"
     ]
    },
    {
     "name": "stderr",
     "output_type": "stream",
     "text": [
      "[I 2024-10-05 02:03:30,801] Trial 789 finished with value: 0.6151515151515152 and parameters: {'lr': 2.7277849784136438e-06, 'weight_decay': 0.0007448610539533799}. Best is trial 483 with value: 0.8469945355191256.\n",
      "WARNING: Maximum number of iterations 32 reached. The mean may be inaccurate\n"
     ]
    },
    {
     "name": "stdout",
     "output_type": "stream",
     "text": [
      "SVD 수렴 문제 발생: SVD did not converge. 계속 진행합니다.\n"
     ]
    },
    {
     "name": "stderr",
     "output_type": "stream",
     "text": [
      "[I 2024-10-05 02:08:18,992] Trial 790 finished with value: 0.7475806451612903 and parameters: {'lr': 3.7108688898647476e-05, 'weight_decay': 0.001564769761955538}. Best is trial 483 with value: 0.8469945355191256.\n",
      "WARNING: Maximum number of iterations 32 reached. The mean may be inaccurate\n"
     ]
    },
    {
     "name": "stdout",
     "output_type": "stream",
     "text": [
      "SVD 수렴 문제 발생: SVD did not converge. 계속 진행합니다.\n"
     ]
    },
    {
     "name": "stderr",
     "output_type": "stream",
     "text": [
      "[I 2024-10-05 02:13:08,174] Trial 791 finished with value: 0.6658860265417642 and parameters: {'lr': 2.869254325855955e-05, 'weight_decay': 0.0005302298421799063}. Best is trial 483 with value: 0.8469945355191256.\n",
      "WARNING: Maximum number of iterations 32 reached. The mean may be inaccurate\n",
      "[I 2024-10-05 02:32:19,216] Trial 795 finished with value: 0.633879781420765 and parameters: {'lr': 3.239782153352117e-05, 'weight_decay': 0.0009652445741817949}. Best is trial 483 with value: 0.8469945355191256.\n",
      "WARNING: Maximum number of iterations 32 reached. The mean may be inaccurate\n"
     ]
    },
    {
     "name": "stdout",
     "output_type": "stream",
     "text": [
      "SVD 수렴 문제 발생: SVD did not converge. 계속 진행합니다.\n"
     ]
    },
    {
     "name": "stderr",
     "output_type": "stream",
     "text": [
      "[I 2024-10-05 02:37:06,140] Trial 796 finished with value: 0.5363636363636364 and parameters: {'lr': 0.00017261970570805134, 'weight_decay': 0.0007462670268201445}. Best is trial 483 with value: 0.8469945355191256.\n",
      "WARNING: Maximum number of iterations 32 reached. The mean may be inaccurate\n"
     ]
    },
    {
     "name": "stdout",
     "output_type": "stream",
     "text": [
      "SVD 수렴 문제 발생: SVD did not converge. 계속 진행합니다.\n"
     ]
    },
    {
     "name": "stderr",
     "output_type": "stream",
     "text": [
      "[I 2024-10-05 02:46:36,618] Trial 798 finished with value: 0.678030303030303 and parameters: {'lr': 1.3571542658259587e-05, 'weight_decay': 0.0018499299678834777}. Best is trial 483 with value: 0.8469945355191256.\n",
      "WARNING: Maximum number of iterations 32 reached. The mean may be inaccurate\n"
     ]
    },
    {
     "name": "stdout",
     "output_type": "stream",
     "text": [
      "SVD 수렴 문제 발생: SVD did not converge. 계속 진행합니다.\n"
     ]
    },
    {
     "name": "stderr",
     "output_type": "stream",
     "text": [
      "[I 2024-10-05 02:51:24,133] Trial 799 finished with value: 0.6846774193548387 and parameters: {'lr': 2.014414120277333e-06, 'weight_decay': 0.0012576809475929082}. Best is trial 483 with value: 0.8469945355191256.\n",
      "WARNING: Maximum number of iterations 32 reached. The mean may be inaccurate\n"
     ]
    },
    {
     "name": "stdout",
     "output_type": "stream",
     "text": [
      "SVD 수렴 문제 발생: SVD did not converge. 계속 진행합니다.\n"
     ]
    },
    {
     "name": "stderr",
     "output_type": "stream",
     "text": [
      "[I 2024-10-05 02:56:11,845] Trial 800 finished with value: 0.5887096774193549 and parameters: {'lr': 5.205256806100606e-05, 'weight_decay': 0.0006354123170010046}. Best is trial 483 with value: 0.8469945355191256.\n",
      "WARNING: Maximum number of iterations 32 reached. The mean may be inaccurate\n"
     ]
    },
    {
     "name": "stdout",
     "output_type": "stream",
     "text": [
      "SVD 수렴 문제 발생: SVD did not converge. 계속 진행합니다.\n"
     ]
    },
    {
     "name": "stderr",
     "output_type": "stream",
     "text": [
      "[I 2024-10-05 03:00:58,039] Trial 801 finished with value: 0.6702619414483821 and parameters: {'lr': 0.00020437882507747912, 'weight_decay': 0.0010766636176768164}. Best is trial 483 with value: 0.8469945355191256.\n",
      "WARNING: Maximum number of iterations 32 reached. The mean may be inaccurate\n"
     ]
    },
    {
     "name": "stdout",
     "output_type": "stream",
     "text": [
      "SVD 수렴 문제 발생: SVD did not converge. 계속 진행합니다.\n"
     ]
    },
    {
     "name": "stderr",
     "output_type": "stream",
     "text": [
      "[I 2024-10-05 03:05:44,094] Trial 802 finished with value: 0.737656595431098 and parameters: {'lr': 2.4996096050164424e-05, 'weight_decay': 0.00044512849336265605}. Best is trial 483 with value: 0.8469945355191256.\n",
      "WARNING: Maximum number of iterations 32 reached. The mean may be inaccurate\n"
     ]
    },
    {
     "name": "stdout",
     "output_type": "stream",
     "text": [
      "SVD 수렴 문제 발생: SVD did not converge. 계속 진행합니다.\n"
     ]
    },
    {
     "name": "stderr",
     "output_type": "stream",
     "text": [
      "[I 2024-10-05 03:10:30,728] Trial 803 finished with value: 0.6385636221701796 and parameters: {'lr': 3.7901246916903165e-05, 'weight_decay': 0.0008992125381717071}. Best is trial 483 with value: 0.8469945355191256.\n",
      "WARNING: Maximum number of iterations 32 reached. The mean may be inaccurate\n"
     ]
    },
    {
     "name": "stdout",
     "output_type": "stream",
     "text": [
      "SVD 수렴 문제 발생: SVD did not converge. 계속 진행합니다.\n"
     ]
    },
    {
     "name": "stderr",
     "output_type": "stream",
     "text": [
      "[I 2024-10-05 03:15:17,032] Trial 804 finished with value: 0.7000835421888054 and parameters: {'lr': 0.00032239140489859496, 'weight_decay': 0.0005866147292785429}. Best is trial 483 with value: 0.8469945355191256.\n",
      "WARNING: Maximum number of iterations 32 reached. The mean may be inaccurate\n"
     ]
    },
    {
     "name": "stdout",
     "output_type": "stream",
     "text": [
      "SVD 수렴 문제 발생: SVD did not converge. 계속 진행합니다.\n"
     ]
    },
    {
     "name": "stderr",
     "output_type": "stream",
     "text": [
      "[I 2024-10-05 03:20:05,309] Trial 805 finished with value: 0.6765151515151515 and parameters: {'lr': 2.7409157214806377e-05, 'weight_decay': 0.0007704509392602308}. Best is trial 483 with value: 0.8469945355191256.\n",
      "WARNING: Maximum number of iterations 32 reached. The mean may be inaccurate\n"
     ]
    },
    {
     "name": "stdout",
     "output_type": "stream",
     "text": [
      "SVD 수렴 문제 발생: SVD did not converge. 계속 진행합니다.\n"
     ]
    },
    {
     "name": "stderr",
     "output_type": "stream",
     "text": [
