      "[I 2024-10-01 16:05:54,331] Trial 155 finished with value: 0.6588061901252764 and parameters: {'lr': 0.0003705976097503929, 'weight_decay': 0.0001699221804491393}. Best is trial 90 with value: 0.7746031746031746.\n",
      "WARNING: Maximum number of iterations 32 reached. The mean may be inaccurate\n"
     ]
    },
    {
     "name": "stdout",
     "output_type": "stream",
     "text": [
      "SVD 수렴 문제 발생: SVD did not converge. 계속 진행합니다.\n"
     ]
    },
    {
     "name": "stderr",
     "output_type": "stream",
     "text": [
      "[I 2024-10-01 16:11:34,525] Trial 156 finished with value: 0.7384855581576893 and parameters: {'lr': 0.00047740412128263976, 'weight_decay': 0.0010841384826813447}. Best is trial 90 with value: 0.7746031746031746.\n",
      "WARNING: Maximum number of iterations 32 reached. The mean may be inaccurate\n"
     ]
    },
    {
     "name": "stdout",
     "output_type": "stream",
     "text": [
      "SVD 수렴 문제 발생: SVD did not converge. 계속 진행합니다.\n"
     ]
    },
    {
     "name": "stderr",
     "output_type": "stream",
     "text": [
      "[I 2024-10-01 16:17:15,442] Trial 157 finished with value: 0.49621212121212127 and parameters: {'lr': 0.0005966537695958957, 'weight_decay': 0.001036035084822506}. Best is trial 90 with value: 0.7746031746031746.\n",
      "WARNING: Maximum number of iterations 32 reached. The mean may be inaccurate\n"
     ]
    },
    {
     "name": "stdout",
     "output_type": "stream",
     "text": [
      "SVD 수렴 문제 발생: SVD did not converge. 계속 진행합니다.\n"
     ]
    },
    {
     "name": "stderr",
     "output_type": "stream",
     "text": [
      "[I 2024-10-01 16:22:55,877] Trial 158 finished with value: 0.5419354838709678 and parameters: {'lr': 3.93867901792206e-06, 'weight_decay': 0.0018595970804018654}. Best is trial 90 with value: 0.7746031746031746.\n",
      "WARNING: Maximum number of iterations 32 reached. The mean may be inaccurate\n"
     ]
    },
    {
     "name": "stdout",
     "output_type": "stream",
     "text": [
      "SVD 수렴 문제 발생: SVD did not converge. 계속 진행합니다.\n"
     ]
    },
    {
     "name": "stderr",
     "output_type": "stream",
     "text": [
      "[I 2024-10-01 16:28:36,169] Trial 159 finished with value: 0.6080645161290322 and parameters: {'lr': 2.8317318227110418e-05, 'weight_decay': 0.0011610696204331578}. Best is trial 90 with value: 0.7746031746031746.\n",
      "WARNING: Maximum number of iterations 32 reached. The mean may be inaccurate\n"
     ]
    },
    {
     "name": "stdout",
     "output_type": "stream",
     "text": [
      "SVD 수렴 문제 발생: SVD did not converge. 계속 진행합니다.\n"
     ]
    },
    {
     "name": "stderr",
     "output_type": "stream",
     "text": [
      "[I 2024-10-01 16:34:16,926] Trial 160 finished with value: 0.5886363636363637 and parameters: {'lr': 3.1685231455567207e-06, 'weight_decay': 0.0008866689923360301}. Best is trial 90 with value: 0.7746031746031746.\n",
      "WARNING: Maximum number of iterations 32 reached. The mean may be inaccurate\n"
     ]
    },
    {
     "name": "stdout",
     "output_type": "stream",
     "text": [
      "SVD 수렴 문제 발생: SVD did not converge. 계속 진행합니다.\n"
     ]
    },
    {
     "name": "stderr",
     "output_type": "stream",
     "text": [
      "[I 2024-10-01 16:39:55,962] Trial 161 finished with value: 0.7189695550351288 and parameters: {'lr': 0.0004852158093020312, 'weight_decay': 0.00041729098472890195}. Best is trial 90 with value: 0.7746031746031746.\n",
      "WARNING: Maximum number of iterations 32 reached. The mean may be inaccurate\n"
     ]
    },
    {
     "name": "stdout",
     "output_type": "stream",
     "text": [
      "SVD 수렴 문제 발생: SVD did not converge. 계속 진행합니다.\n"
     ]
    },
    {
     "name": "stderr",
     "output_type": "stream",
     "text": [
      "[I 2024-10-01 16:45:33,867] Trial 162 finished with value: 0.5685483870967742 and parameters: {'lr': 0.00047810316783491357, 'weight_decay': 0.0004173857734646873}. Best is trial 90 with value: 0.7746031746031746.\n",
      "WARNING: Maximum number of iterations 32 reached. The mean may be inaccurate\n"
     ]
    },
    {
     "name": "stdout",
     "output_type": "stream",
     "text": [
      "SVD 수렴 문제 발생: SVD did not converge. 계속 진행합니다.\n"
     ]
    },
    {
     "name": "stderr",
     "output_type": "stream",
     "text": [
      "[I 2024-10-01 16:51:12,195] Trial 163 finished with value: 0.5969049373618276 and parameters: {'lr': 0.00031699320430178144, 'weight_decay': 0.0006093596392124627}. Best is trial 90 with value: 0.7746031746031746.\n",
      "WARNING: Maximum number of iterations 32 reached. The mean may be inaccurate\n"
     ]
    },
    {
     "name": "stdout",
     "output_type": "stream",
     "text": [
      "SVD 수렴 문제 발생: SVD did not converge. 계속 진행합니다.\n"
     ]
    },
    {
     "name": "stderr",
     "output_type": "stream",
     "text": [
      "[I 2024-10-01 16:56:49,155] Trial 164 finished with value: 0.6242424242424243 and parameters: {'lr': 2.046609244430794e-05, 'weight_decay': 0.0003503674997022138}. Best is trial 90 with value: 0.7746031746031746.\n",
      "WARNING: Maximum number of iterations 32 reached. The mean may be inaccurate\n"
     ]
    },
    {
     "name": "stdout",
     "output_type": "stream",
     "text": [
      "SVD 수렴 문제 발생: SVD did not converge. 계속 진행합니다.\n"
     ]
    },
    {
     "name": "stderr",
     "output_type": "stream",
     "text": [
      "[I 2024-10-01 17:02:25,968] Trial 165 finished with value: 0.5998329156223892 and parameters: {'lr': 0.00046278085072177133, 'weight_decay': 0.0004944815621307965}. Best is trial 90 with value: 0.7746031746031746.\n",
      "WARNING: Maximum number of iterations 32 reached. The mean may be inaccurate\n",
      "[I 2024-10-01 17:08:02,989] Trial 166 finished with value: 0.5935483870967742 and parameters: {'lr': 0.0007387072513277865, 'weight_decay': 0.0003163278480173045}. Best is trial 90 with value: 0.7746031746031746.\n"
     ]
    },
    {
     "name": "stdout",
     "output_type": "stream",
     "text": [
      "SVD 수렴 문제 발생: SVD did not converge. 계속 진행합니다.\n"
     ]
    },
    {
     "name": "stderr",
     "output_type": "stream",
     "text": [
      "WARNING: Maximum number of iterations 32 reached. The mean may be inaccurate\n"
     ]
    },
    {
     "name": "stdout",
     "output_type": "stream",
     "text": [
      "SVD 수렴 문제 발생: SVD did not converge. 계속 진행합니다.\n"
     ]
    },
    {
     "name": "stderr",
     "output_type": "stream",
     "text": [
      "[I 2024-10-01 17:13:38,729] Trial 167 finished with value: 0.756440281030445 and parameters: {'lr': 0.00035957495783752775, 'weight_decay': 0.000583843282782098}. Best is trial 90 with value: 0.7746031746031746.\n",
      "WARNING: Maximum number of iterations 32 reached. The mean may be inaccurate\n"
     ]
    },
    {
     "name": "stdout",
     "output_type": "stream",
     "text": [
      "SVD 수렴 문제 발생: SVD did not converge. 계속 진행합니다.\n"
     ]
    },
    {
     "name": "stderr",
     "output_type": "stream",
     "text": [
      "[I 2024-10-01 17:19:15,227] Trial 168 finished with value: 0.8083333333333335 and parameters: {'lr': 0.00033220188830037576, 'weight_decay': 0.0006359974215426774}. Best is trial 168 with value: 0.8083333333333335.\n",
      "WARNING: Maximum number of iterations 32 reached. The mean may be inaccurate\n"
     ]
    },
    {
     "name": "stdout",
     "output_type": "stream",
     "text": [
      "SVD 수렴 문제 발생: SVD did not converge. 계속 진행합니다.\n"
     ]
    },
    {
     "name": "stderr",
     "output_type": "stream",
     "text": [
      "[I 2024-10-01 17:24:51,595] Trial 169 finished with value: 0.6026541764246682 and parameters: {'lr': 0.00017491682228884734, 'weight_decay': 0.0008725225132098785}. Best is trial 168 with value: 0.8083333333333335.\n",
      "WARNING: Maximum number of iterations 32 reached. The mean may be inaccurate\n"
     ]
    },
    {
     "name": "stdout",
     "output_type": "stream",
     "text": [
      "SVD 수렴 문제 발생: SVD did not converge. 계속 진행합니다.\n"
     ]
    },
    {
     "name": "stderr",
     "output_type": "stream",
     "text": [
      "[I 2024-10-01 17:30:27,638] Trial 170 finished with value: 0.6015151515151516 and parameters: {'lr': 0.00029831206750359507, 'weight_decay': 0.0006016609850721601}. Best is trial 168 with value: 0.8083333333333335.\n",
      "WARNING: Maximum number of iterations 32 reached. The mean may be inaccurate\n"
     ]
    },
    {
     "name": "stdout",
     "output_type": "stream",
     "text": [
      "SVD 수렴 문제 발생: SVD did not converge. 계속 진행합니다.\n"
     ]
    },
    {
     "name": "stderr",
     "output_type": "stream",
     "text": [
      "[I 2024-10-01 17:36:03,440] Trial 171 finished with value: 0.720969089390142 and parameters: {'lr': 0.0003559994413533917, 'weight_decay': 0.0006968172519532196}. Best is trial 168 with value: 0.8083333333333335.\n",
      "WARNING: Maximum number of iterations 32 reached. The mean may be inaccurate\n"
     ]
    },
    {
     "name": "stdout",
     "output_type": "stream",
     "text": [
      "SVD 수렴 문제 발생: SVD did not converge. 계속 진행합니다.\n"
     ]
    },
    {
     "name": "stderr",
     "output_type": "stream",
     "text": [
      "[I 2024-10-01 17:41:39,116] Trial 172 finished with value: 0.646969696969697 and parameters: {'lr': 0.00039577418495575524, 'weight_decay': 0.0007727882870159011}. Best is trial 168 with value: 0.8083333333333335.\n",
      "WARNING: Maximum number of iterations 32 reached. The mean may be inaccurate\n"
     ]
    },
    {
     "name": "stdout",
     "output_type": "stream",
     "text": [
      "SVD 수렴 문제 발생: SVD did not converge. 계속 진행합니다.\n"
     ]
    },
    {
     "name": "stderr",
     "output_type": "stream",
     "text": [
      "[I 2024-10-01 17:47:13,249] Trial 173 finished with value: 0.6 and parameters: {'lr': 0.0005134947495604355, 'weight_decay': 0.0006526055517552209}. Best is trial 168 with value: 0.8083333333333335.\n",
      "WARNING: Maximum number of iterations 32 reached. The mean may be inaccurate\n"
     ]
    },
    {
     "name": "stdout",
     "output_type": "stream",
     "text": [
      "SVD 수렴 문제 발생: SVD did not converge. 계속 진행합니다.\n"
     ]
    },
    {
     "name": "stderr",
     "output_type": "stream",
     "text": [
      "[I 2024-10-01 17:52:47,131] Trial 174 finished with value: 0.6721311475409836 and parameters: {'lr': 7.070300189357069e-06, 'weight_decay': 0.0014339472327137544}. Best is trial 168 with value: 0.8083333333333335.\n",
      "WARNING: Maximum number of iterations 32 reached. The mean may be inaccurate\n"
     ]
    },
    {
     "name": "stdout",
     "output_type": "stream",
     "text": [
      "SVD 수렴 문제 발생: SVD did not converge. 계속 진행합니다.\n"
     ]
    },
    {
     "name": "stderr",
     "output_type": "stream",
     "text": [
      "[I 2024-10-01 17:58:20,844] Trial 175 finished with value: 0.668081494057725 and parameters: {'lr': 0.00022877435835859882, 'weight_decay': 0.004195446567257568}. Best is trial 168 with value: 0.8083333333333335.\n",
      "WARNING: Maximum number of iterations 32 reached. The mean may be inaccurate\n"
     ]
    },
    {
     "name": "stdout",
     "output_type": "stream",
     "text": [
      "SVD 수렴 문제 발생: SVD did not converge. 계속 진행합니다.\n"
     ]
    },
    {
     "name": "stderr",
     "output_type": "stream",
     "text": [
      "[I 2024-10-01 18:03:54,818] Trial 176 finished with value: 0.6333333333333333 and parameters: {'lr': 0.0003301452775949273, 'weight_decay': 0.0009831992626879325}. Best is trial 168 with value: 0.8083333333333335.\n",
      "WARNING: Maximum number of iterations 32 reached. The mean may be inaccurate\n"
     ]
    },
    {
     "name": "stdout",
     "output_type": "stream",
     "text": [
      "SVD 수렴 문제 발생: SVD did not converge. 계속 진행합니다.\n"
     ]
    },
    {
     "name": "stderr",
     "output_type": "stream",
     "text": [
      "[I 2024-10-01 18:09:28,948] Trial 177 finished with value: 0.7704545454545454 and parameters: {'lr': 0.000432375974387648, 'weight_decay': 0.00044011106533590024}. Best is trial 168 with value: 0.8083333333333335.\n",
      "WARNING: Maximum number of iterations 32 reached. The mean may be inaccurate\n"
     ]
    },
    {
     "name": "stdout",
     "output_type": "stream",
     "text": [
      "SVD 수렴 문제 발생: SVD did not converge. 계속 진행합니다.\n"
     ]
    },
    {
     "name": "stderr",
     "output_type": "stream",
     "text": [
      "[I 2024-10-01 18:15:03,047] Trial 178 finished with value: 0.6568181818181819 and parameters: {'lr': 0.00043559461796627194, 'weight_decay': 0.0004352209644233696}. Best is trial 168 with value: 0.8083333333333335.\n",
      "WARNING: Maximum number of iterations 32 reached. The mean may be inaccurate\n",
      "[I 2024-10-01 18:20:36,465] Trial 179 finished with value: 0.5433255269320842 and parameters: {'lr': 0.0005990836401729008, 'weight_decay': 0.0005279917666856688}. Best is trial 168 with value: 0.8083333333333335.\n"
     ]
    },
    {
     "name": "stdout",
     "output_type": "stream",
     "text": [
      "SVD 수렴 문제 발생: SVD did not converge. 계속 진행합니다.\n"
     ]
    },
    {
     "name": "stderr",
     "output_type": "stream",
     "text": [
      "WARNING: Maximum number of iterations 32 reached. The mean may be inaccurate\n"
     ]
    },
    {
     "name": "stdout",
     "output_type": "stream",
     "text": [
      "SVD 수렴 문제 발생: SVD did not converge. 계속 진행합니다.\n"
     ]
    },
    {
     "name": "stderr",
     "output_type": "stream",
     "text": [
      "[I 2024-10-01 18:26:07,396] Trial 180 finished with value: 0.7056451612903225 and parameters: {'lr': 0.0003773640319047578, 'weight_decay': 0.00038293598529546744}. Best is trial 168 with value: 0.8083333333333335.\n",
      "WARNING: Maximum number of iterations 32 reached. The mean may be inaccurate\n"
     ]
    },
    {
     "name": "stdout",
     "output_type": "stream",
     "text": [
      "SVD 수렴 문제 발생: SVD did not converge. 계속 진행합니다.\n"
     ]
    },
    {
     "name": "stderr",
     "output_type": "stream",
     "text": [
      "[I 2024-10-01 18:31:40,417] Trial 181 finished with value: 0.6368852459016393 and parameters: {'lr': 0.000259140946649911, 'weight_decay': 0.0006804315425442658}. Best is trial 168 with value: 0.8083333333333335.\n",
      "WARNING: Maximum number of iterations 32 reached. The mean may be inaccurate\n"
     ]
    },
    {
     "name": "stdout",
     "output_type": "stream",
     "text": [
      "SVD 수렴 문제 발생: SVD did not converge. 계속 진행합니다.\n"
     ]
    },
    {
     "name": "stderr",
     "output_type": "stream",
     "text": [
      "[I 2024-10-01 18:37:12,235] Trial 182 finished with value: 0.5838709677419355 and parameters: {'lr': 0.00020684737270187616, 'weight_decay': 0.0005540134632139295}. Best is trial 168 with value: 0.8083333333333335.\n",
      "WARNING: Maximum number of iterations 32 reached. The mean may be inaccurate\n"
     ]
    },
    {
     "name": "stdout",
     "output_type": "stream",
     "text": [
      "SVD 수렴 문제 발생: SVD did not converge. 계속 진행합니다.\n"
     ]
    },
    {
     "name": "stderr",
     "output_type": "stream",
     "text": [
      "[I 2024-10-01 18:42:43,243] Trial 183 finished with value: 0.5969696969696969 and parameters: {'lr': 0.0004656034261290553, 'weight_decay': 0.0004447644343987945}. Best is trial 168 with value: 0.8083333333333335.\n",
      "WARNING: Maximum number of iterations 32 reached. The mean may be inaccurate\n",
      "[I 2024-10-01 18:48:15,047] Trial 184 finished with value: 0.6893052302888368 and parameters: {'lr': 0.00034486885277132173, 'weight_decay': 0.0012064299651105357}. Best is trial 168 with value: 0.8083333333333335.\n"
     ]
    },
    {
     "name": "stdout",
     "output_type": "stream",
     "text": [
      "SVD 수렴 문제 발생: SVD did not converge. 계속 진행합니다.\n"
     ]
    },
    {
     "name": "stderr",
     "output_type": "stream",
     "text": [
      "WARNING: Maximum number of iterations 32 reached. The mean may be inaccurate\n"
     ]
    },
    {
     "name": "stdout",
     "output_type": "stream",
     "text": [
      "SVD 수렴 문제 발생: SVD did not converge. 계속 진행합니다.\n"
     ]
    },
    {
     "name": "stderr",
     "output_type": "stream",
     "text": [
      "[I 2024-10-01 18:53:43,718] Trial 185 finished with value: 0.6129032258064516 and parameters: {'lr': 0.0005471041902735056, 'weight_decay': 0.0007614482588641417}. Best is trial 168 with value: 0.8083333333333335.\n",
      "WARNING: Maximum number of iterations 32 reached. The mean may be inaccurate\n"
     ]
    },
    {
     "name": "stdout",
     "output_type": "stream",
     "text": [
      "SVD 수렴 문제 발생: SVD did not converge. 계속 진행합니다.\n"
     ]
    },
    {
     "name": "stderr",
     "output_type": "stream",
     "text": [
      "[I 2024-10-01 18:59:13,993] Trial 186 finished with value: 0.6143637782982045 and parameters: {'lr': 0.00028819703216258024, 'weight_decay': 0.0003291776467429715}. Best is trial 168 with value: 0.8083333333333335.\n",
      "WARNING: Maximum number of iterations 32 reached. The mean may be inaccurate\n"
     ]
    },
    {
     "name": "stdout",
     "output_type": "stream",
     "text": [
      "SVD 수렴 문제 발생: SVD did not converge. 계속 진행합니다.\n"
     ]
    },
    {
     "name": "stderr",
     "output_type": "stream",
     "text": [
      "[I 2024-10-01 19:04:44,183] Trial 187 finished with value: 0.6704918032786885 and parameters: {'lr': 0.0004317994879644122, 'weight_decay': 0.000642868018775279}. Best is trial 168 with value: 0.8083333333333335.\n",
      "WARNING: Maximum number of iterations 32 reached. The mean may be inaccurate\n"
     ]
    },
    {
     "name": "stdout",
     "output_type": "stream",
     "text": [
      "SVD 수렴 문제 발생: SVD did not converge. 계속 진행합니다.\n"
     ]
    },
    {
     "name": "stderr",
     "output_type": "stream",
     "text": [
      "[I 2024-10-01 19:10:14,548] Trial 188 finished with value: 0.6757575757575758 and parameters: {'lr': 4.2200669122637016e-06, 'weight_decay': 0.0009258815718465096}. Best is trial 168 with value: 0.8083333333333335.\n",
      "WARNING: Maximum number of iterations 32 reached. The mean may be inaccurate\n"
     ]
    },
    {
     "name": "stdout",
     "output_type": "stream",
     "text": [
      "SVD 수렴 문제 발생: SVD did not converge. 계속 진행합니다.\n"
     ]
    },
    {
     "name": "stderr",
     "output_type": "stream",
     "text": [
      "[I 2024-10-01 19:15:45,448] Trial 189 finished with value: 0.6774193548387096 and parameters: {'lr': 0.0002646720975962256, 'weight_decay': 0.00025062292465091187}. Best is trial 168 with value: 0.8083333333333335.\n",
      "WARNING: Maximum number of iterations 32 reached. The mean may be inaccurate\n"
     ]
    },
    {
     "name": "stdout",
     "output_type": "stream",
     "text": [
      "SVD 수렴 문제 발생: SVD did not converge. 계속 진행합니다.\n"
     ]
    },
    {
     "name": "stderr",
     "output_type": "stream",
     "text": [
      "[I 2024-10-01 19:21:16,026] Trial 190 finished with value: 0.5661290322580644 and parameters: {'lr': 0.000679581868722231, 'weight_decay': 0.002256990066591513}. Best is trial 168 with value: 0.8083333333333335.\n",
      "WARNING: Maximum number of iterations 32 reached. The mean may be inaccurate\n"
     ]
    },
    {
     "name": "stdout",
     "output_type": "stream",
     "text": [
      "SVD 수렴 문제 발생: SVD did not converge. 계속 진행합니다.\n"
     ]
    },
    {
     "name": "stderr",
     "output_type": "stream",
     "text": [
      "[I 2024-10-01 19:26:47,273] Trial 191 finished with value: 0.5717741935483871 and parameters: {'lr': 0.0003516096988556786, 'weight_decay': 0.000504410296721138}. Best is trial 168 with value: 0.8083333333333335.\n",
      "WARNING: Maximum number of iterations 32 reached. The mean may be inaccurate\n"
     ]
    },
    {
     "name": "stdout",
     "output_type": "stream",
     "text": [
      "SVD 수렴 문제 발생: SVD did not converge. 계속 진행합니다.\n"
     ]
    },
    {
     "name": "stderr",
     "output_type": "stream",
     "text": [
      "[I 2024-10-01 19:32:19,108] Trial 192 finished with value: 0.6524193548387096 and parameters: {'lr': 0.0003783093497932878, 'weight_decay': 0.00040849627389294787}. Best is trial 168 with value: 0.8083333333333335.\n",
      "WARNING: Maximum number of iterations 32 reached. The mean may be inaccurate\n"
     ]
    },
    {
     "name": "stdout",
     "output_type": "stream",
     "text": [
      "SVD 수렴 문제 발생: SVD did not converge. 계속 진행합니다.\n"
     ]
    },
    {
     "name": "stderr",
     "output_type": "stream",
     "text": [
      "[I 2024-10-01 19:37:51,196] Trial 193 finished with value: 0.5809523809523809 and parameters: {'lr': 1.6555072091878477e-05, 'weight_decay': 0.0005050548387717236}. Best is trial 168 with value: 0.8083333333333335.\n",
      "WARNING: Maximum number of iterations 32 reached. The mean may be inaccurate\n",
      "[I 2024-10-01 19:43:24,002] Trial 194 finished with value: 0.6613636363636364 and parameters: {'lr': 1.758697873080219e-06, 'weight_decay': 0.0005911020658063679}. Best is trial 168 with value: 0.8083333333333335.\n"
     ]
    },
    {
     "name": "stdout",
     "output_type": "stream",
     "text": [
      "SVD 수렴 문제 발생: SVD did not converge. 계속 진행합니다.\n"
     ]
    },
    {
     "name": "stderr",
     "output_type": "stream",
     "text": [
      "WARNING: Maximum number of iterations 32 reached. The mean may be inaccurate\n"
     ]
    },
    {
     "name": "stdout",
     "output_type": "stream",
     "text": [
      "SVD 수렴 문제 발생: SVD did not converge. 계속 진행합니다.\n"
     ]
    },
    {
     "name": "stderr",
     "output_type": "stream",
     "text": [
