      "[I 2024-10-01 12:19:59,851] Trial 115 finished with value: 0.6943548387096774 and parameters: {'lr': 0.0006048390210744786, 'weight_decay': 2.4513314411149392e-05}. Best is trial 90 with value: 0.7746031746031746.\n",
      "WARNING: Maximum number of iterations 32 reached. The mean may be inaccurate\n"
     ]
    },
    {
     "name": "stdout",
     "output_type": "stream",
     "text": [
      "SVD 수렴 문제 발생: SVD did not converge. 계속 진행합니다.\n"
     ]
    },
    {
     "name": "stderr",
     "output_type": "stream",
     "text": [
      "[I 2024-10-01 12:25:34,471] Trial 116 finished with value: 0.7041373926619828 and parameters: {'lr': 0.00025390820864624184, 'weight_decay': 0.0002686670879970835}. Best is trial 90 with value: 0.7746031746031746.\n",
      "WARNING: Maximum number of iterations 32 reached. The mean may be inaccurate\n"
     ]
    },
    {
     "name": "stdout",
     "output_type": "stream",
     "text": [
      "SVD 수렴 문제 발생: SVD did not converge. 계속 진행합니다.\n"
     ]
    },
    {
     "name": "stderr",
     "output_type": "stream",
     "text": [
      "[I 2024-10-01 12:31:08,615] Trial 117 finished with value: 0.5856307435254803 and parameters: {'lr': 0.00034396266600221617, 'weight_decay': 9.601627639077708e-05}. Best is trial 90 with value: 0.7746031746031746.\n",
      "WARNING: Maximum number of iterations 32 reached. The mean may be inaccurate\n"
     ]
    },
    {
     "name": "stdout",
     "output_type": "stream",
     "text": [
      "SVD 수렴 문제 발생: SVD did not converge. 계속 진행합니다.\n"
     ]
    },
    {
     "name": "stderr",
     "output_type": "stream",
     "text": [
      "[I 2024-10-01 12:36:43,947] Trial 118 finished with value: 0.6574770258980785 and parameters: {'lr': 5.124168272961685e-05, 'weight_decay': 0.00015936230155016903}. Best is trial 90 with value: 0.7746031746031746.\n",
      "WARNING: Maximum number of iterations 32 reached. The mean may be inaccurate\n"
     ]
    },
    {
     "name": "stdout",
     "output_type": "stream",
     "text": [
      "SVD 수렴 문제 발생: SVD did not converge. 계속 진행합니다.\n"
     ]
    },
    {
     "name": "stderr",
     "output_type": "stream",
     "text": [
      "[I 2024-10-01 12:42:20,667] Trial 119 finished with value: 0.5909090909090909 and parameters: {'lr': 0.00010367551334391463, 'weight_decay': 0.0003058381001980979}. Best is trial 90 with value: 0.7746031746031746.\n",
      "WARNING: Maximum number of iterations 32 reached. The mean may be inaccurate\n"
     ]
    },
    {
     "name": "stdout",
     "output_type": "stream",
     "text": [
      "SVD 수렴 문제 발생: SVD did not converge. 계속 진행합니다.\n"
     ]
    },
    {
     "name": "stderr",
     "output_type": "stream",
     "text": [
      "[I 2024-10-01 12:47:56,791] Trial 120 finished with value: 0.6362217017954722 and parameters: {'lr': 0.0004593989586908085, 'weight_decay': 0.0006271224044355874}. Best is trial 90 with value: 0.7746031746031746.\n",
      "WARNING: Maximum number of iterations 32 reached. The mean may be inaccurate\n"
     ]
    },
    {
     "name": "stdout",
     "output_type": "stream",
     "text": [
      "SVD 수렴 문제 발생: SVD did not converge. 계속 진행합니다.\n"
     ]
    },
    {
     "name": "stderr",
     "output_type": "stream",
     "text": [
      "[I 2024-10-01 12:53:33,610] Trial 121 finished with value: 0.5681818181818182 and parameters: {'lr': 0.0003015919430502033, 'weight_decay': 0.00024981875173388175}. Best is trial 90 with value: 0.7746031746031746.\n",
      "WARNING: Maximum number of iterations 32 reached. The mean may be inaccurate\n"
     ]
    },
    {
     "name": "stdout",
     "output_type": "stream",
     "text": [
      "SVD 수렴 문제 발생: SVD did not converge. 계속 진행합니다.\n"
     ]
    },
    {
     "name": "stderr",
     "output_type": "stream",
     "text": [
      "[I 2024-10-01 12:59:11,109] Trial 122 finished with value: 0.6213895394223263 and parameters: {'lr': 0.00018065006745825141, 'weight_decay': 3.0032242263447645e-05}. Best is trial 90 with value: 0.7746031746031746.\n",
      "WARNING: Maximum number of iterations 32 reached. The mean may be inaccurate\n",
      "[I 2024-10-01 13:04:49,406] Trial 123 finished with value: 0.6553030303030303 and parameters: {'lr': 0.000244892937916062, 'weight_decay': 0.00042865265409327863}. Best is trial 90 with value: 0.7746031746031746.\n"
     ]
    },
    {
     "name": "stdout",
     "output_type": "stream",
     "text": [
      "SVD 수렴 문제 발생: SVD did not converge. 계속 진행합니다.\n"
     ]
    },
    {
     "name": "stderr",
     "output_type": "stream",
     "text": [
      "WARNING: Maximum number of iterations 32 reached. The mean may be inaccurate\n"
     ]
    },
    {
     "name": "stdout",
     "output_type": "stream",
     "text": [
      "SVD 수렴 문제 발생: SVD did not converge. 계속 진행합니다.\n"
     ]
    },
    {
     "name": "stderr",
     "output_type": "stream",
     "text": [
      "[I 2024-10-01 13:10:25,292] Trial 124 finished with value: 0.581060606060606 and parameters: {'lr': 7.004027319381809e-05, 'weight_decay': 0.00011443448247103079}. Best is trial 90 with value: 0.7746031746031746.\n",
      "WARNING: Maximum number of iterations 32 reached. The mean may be inaccurate\n"
     ]
    },
    {
     "name": "stdout",
     "output_type": "stream",
     "text": [
      "SVD 수렴 문제 발생: SVD did not converge. 계속 진행합니다.\n"
     ]
    },
    {
     "name": "stderr",
     "output_type": "stream",
     "text": [
      "[I 2024-10-01 13:16:03,338] Trial 125 finished with value: 0.6303030303030303 and parameters: {'lr': 0.00037627191951256024, 'weight_decay': 9.727995708107594e-06}. Best is trial 90 with value: 0.7746031746031746.\n",
      "WARNING: Maximum number of iterations 32 reached. The mean may be inaccurate\n"
     ]
    },
    {
     "name": "stdout",
     "output_type": "stream",
     "text": [
      "SVD 수렴 문제 발생: SVD did not converge. 계속 진행합니다.\n"
     ]
    },
    {
     "name": "stderr",
     "output_type": "stream",
     "text": [
      "[I 2024-10-01 13:21:42,210] Trial 126 finished with value: 0.7158730158730159 and parameters: {'lr': 0.0002804762072786496, 'weight_decay': 0.00017384698391081867}. Best is trial 90 with value: 0.7746031746031746.\n",
      "WARNING: Maximum number of iterations 32 reached. The mean may be inaccurate\n"
     ]
    },
    {
     "name": "stdout",
     "output_type": "stream",
     "text": [
      "SVD 수렴 문제 발생: SVD did not converge. 계속 진행합니다.\n"
     ]
    },
    {
     "name": "stderr",
     "output_type": "stream",
     "text": [
      "[I 2024-10-01 13:27:20,044] Trial 127 finished with value: 0.6583333333333334 and parameters: {'lr': 0.0005290732737485293, 'weight_decay': 0.00015199691110073828}. Best is trial 90 with value: 0.7746031746031746.\n",
      "WARNING: Maximum number of iterations 32 reached. The mean may be inaccurate\n"
     ]
    },
    {
     "name": "stdout",
     "output_type": "stream",
     "text": [
      "SVD 수렴 문제 발생: SVD did not converge. 계속 진행합니다.\n"
     ]
    },
    {
     "name": "stderr",
     "output_type": "stream",
     "text": [
      "[I 2024-10-01 13:32:56,136] Trial 128 finished with value: 0.643939393939394 and parameters: {'lr': 0.0009458702206977732, 'weight_decay': 0.0001869188530596012}. Best is trial 90 with value: 0.7746031746031746.\n",
      "WARNING: Maximum number of iterations 32 reached. The mean may be inaccurate\n"
     ]
    },
    {
     "name": "stdout",
     "output_type": "stream",
     "text": [
      "SVD 수렴 문제 발생: SVD did not converge. 계속 진행합니다.\n"
     ]
    },
    {
     "name": "stderr",
     "output_type": "stream",
     "text": [
      "[I 2024-10-01 13:38:34,328] Trial 129 finished with value: 0.6854020296643247 and parameters: {'lr': 0.0006429015274298953, 'weight_decay': 3.432251191123184e-06}. Best is trial 90 with value: 0.7746031746031746.\n",
      "WARNING: Maximum number of iterations 32 reached. The mean may be inaccurate\n"
     ]
    },
    {
     "name": "stdout",
     "output_type": "stream",
     "text": [
      "SVD 수렴 문제 발생: SVD did not converge. 계속 진행합니다.\n"
     ]
    },
    {
     "name": "stderr",
     "output_type": "stream",
     "text": [
      "[I 2024-10-01 13:44:13,248] Trial 130 finished with value: 0.5 and parameters: {'lr': 0.0001503583703336807, 'weight_decay': 6.047068988137319e-05}. Best is trial 90 with value: 0.7746031746031746.\n",
      "WARNING: Maximum number of iterations 32 reached. The mean may be inaccurate\n"
     ]
    },
    {
     "name": "stdout",
     "output_type": "stream",
     "text": [
      "SVD 수렴 문제 발생: SVD did not converge. 계속 진행합니다.\n"
     ]
    },
    {
     "name": "stderr",
     "output_type": "stream",
     "text": [
      "[I 2024-10-01 13:49:52,133] Trial 131 finished with value: 0.613117170228445 and parameters: {'lr': 0.00024346600547628524, 'weight_decay': 0.00026541756146038426}. Best is trial 90 with value: 0.7746031746031746.\n",
      "WARNING: Maximum number of iterations 32 reached. The mean may be inaccurate\n",
      "[I 2024-10-01 13:55:31,625] Trial 132 finished with value: 0.6524193548387097 and parameters: {'lr': 0.00027991715489030395, 'weight_decay': 0.00021140510473412563}. Best is trial 90 with value: 0.7746031746031746.\n"
     ]
    },
    {
     "name": "stdout",
     "output_type": "stream",
     "text": [
      "SVD 수렴 문제 발생: SVD did not converge. 계속 진행합니다.\n"
     ]
    },
    {
     "name": "stderr",
     "output_type": "stream",
     "text": [
      "WARNING: Maximum number of iterations 32 reached. The mean may be inaccurate\n"
     ]
    },
    {
     "name": "stdout",
     "output_type": "stream",
     "text": [
      "SVD 수렴 문제 발생: SVD did not converge. 계속 진행합니다.\n"
     ]
    },
    {
     "name": "stderr",
     "output_type": "stream",
     "text": [
      "[I 2024-10-01 14:01:09,116] Trial 133 finished with value: 0.6136363636363636 and parameters: {'lr': 0.00041275511419047126, 'weight_decay': 0.000303773625552421}. Best is trial 90 with value: 0.7746031746031746.\n",
      "WARNING: Maximum number of iterations 32 reached. The mean may be inaccurate\n"
     ]
    },
    {
     "name": "stdout",
     "output_type": "stream",
     "text": [
      "SVD 수렴 문제 발생: SVD did not converge. 계속 진행합니다.\n"
     ]
    },
    {
     "name": "stderr",
     "output_type": "stream",
     "text": [
      "[I 2024-10-01 14:06:48,345] Trial 134 finished with value: 0.5964090554254489 and parameters: {'lr': 9.359499302801329e-05, 'weight_decay': 0.0003560236312758517}. Best is trial 90 with value: 0.7746031746031746.\n",
      "WARNING: Maximum number of iterations 32 reached. The mean may be inaccurate\n"
     ]
    },
    {
     "name": "stdout",
     "output_type": "stream",
     "text": [
      "SVD 수렴 문제 발생: SVD did not converge. 계속 진행합니다.\n"
     ]
    },
    {
     "name": "stderr",
     "output_type": "stream",
     "text": [
      "[I 2024-10-01 14:12:27,385] Trial 135 finished with value: 0.6669354838709677 and parameters: {'lr': 0.00011791713354933326, 'weight_decay': 0.00012036246735498208}. Best is trial 90 with value: 0.7746031746031746.\n",
      "WARNING: Maximum number of iterations 32 reached. The mean may be inaccurate\n"
     ]
    },
    {
     "name": "stdout",
     "output_type": "stream",
     "text": [
      "SVD 수렴 문제 발생: SVD did not converge. 계속 진행합니다.\n"
     ]
    },
    {
     "name": "stderr",
     "output_type": "stream",
     "text": [
      "[I 2024-10-01 14:18:05,330] Trial 136 finished with value: 0.6698599852616065 and parameters: {'lr': 0.00021427608731164737, 'weight_decay': 7.71549269790913e-05}. Best is trial 90 with value: 0.7746031746031746.\n",
      "WARNING: Maximum number of iterations 32 reached. The mean may be inaccurate\n"
     ]
    },
    {
     "name": "stdout",
     "output_type": "stream",
     "text": [
      "SVD 수렴 문제 발생: SVD did not converge. 계속 진행합니다.\n"
     ]
    },
    {
     "name": "stderr",
     "output_type": "stream",
     "text": [
      "[I 2024-10-01 14:23:43,323] Trial 137 finished with value: 0.7143939393939395 and parameters: {'lr': 0.0003562337859660462, 'weight_decay': 0.0005069084594887765}. Best is trial 90 with value: 0.7746031746031746.\n",
      "WARNING: Maximum number of iterations 32 reached. The mean may be inaccurate\n"
     ]
    },
    {
     "name": "stdout",
     "output_type": "stream",
     "text": [
      "SVD 수렴 문제 발생: SVD did not converge. 계속 진행합니다.\n"
     ]
    },
    {
     "name": "stderr",
     "output_type": "stream",
     "text": [
      "[I 2024-10-01 14:29:20,082] Trial 138 finished with value: 0.768939393939394 and parameters: {'lr': 3.1791928129670564e-06, 'weight_decay': 0.0007164304777810615}. Best is trial 90 with value: 0.7746031746031746.\n",
      "WARNING: Maximum number of iterations 32 reached. The mean may be inaccurate\n"
     ]
    },
    {
     "name": "stdout",
     "output_type": "stream",
     "text": [
      "SVD 수렴 문제 발생: SVD did not converge. 계속 진행합니다.\n"
     ]
    },
    {
     "name": "stderr",
     "output_type": "stream",
     "text": [
      "[I 2024-10-01 14:34:58,312] Trial 139 finished with value: 0.7549180327868852 and parameters: {'lr': 1.2973635490800875e-06, 'weight_decay': 0.0007758041518674434}. Best is trial 90 with value: 0.7746031746031746.\n",
      "WARNING: Maximum number of iterations 32 reached. The mean may be inaccurate\n",
      "[I 2024-10-01 14:40:38,543] Trial 140 finished with value: 0.5846994535519126 and parameters: {'lr': 2.5127903088540357e-06, 'weight_decay': 0.0007551953511089911}. Best is trial 90 with value: 0.7746031746031746.\n"
     ]
    },
    {
     "name": "stdout",
     "output_type": "stream",
     "text": [
      "SVD 수렴 문제 발생: SVD did not converge. 계속 진행합니다.\n"
     ]
    },
    {
     "name": "stderr",
     "output_type": "stream",
     "text": [
      "WARNING: Maximum number of iterations 32 reached. The mean may be inaccurate\n"
     ]
    },
    {
     "name": "stdout",
     "output_type": "stream",
     "text": [
      "SVD 수렴 문제 발생: SVD did not converge. 계속 진행합니다.\n"
     ]
    },
    {
     "name": "stderr",
     "output_type": "stream",
     "text": [
      "[I 2024-10-01 14:46:17,046] Trial 141 finished with value: 0.6112903225806452 and parameters: {'lr': 1.3439338225691964e-06, 'weight_decay': 0.0009081392491602896}. Best is trial 90 with value: 0.7746031746031746.\n",
      "WARNING: Maximum number of iterations 32 reached. The mean may be inaccurate\n"
     ]
    },
    {
     "name": "stdout",
     "output_type": "stream",
     "text": [
      "SVD 수렴 문제 발생: SVD did not converge. 계속 진행합니다.\n"
     ]
    },
    {
     "name": "stderr",
     "output_type": "stream",
     "text": [
      "[I 2024-10-01 14:51:56,734] Trial 142 finished with value: 0.6666666666666666 and parameters: {'lr': 3.837116254435637e-06, 'weight_decay': 0.0004923546019436596}. Best is trial 90 with value: 0.7746031746031746.\n",
      "WARNING: Maximum number of iterations 32 reached. The mean may be inaccurate\n"
     ]
    },
    {
     "name": "stdout",
     "output_type": "stream",
     "text": [
      "SVD 수렴 문제 발생: SVD did not converge. 계속 진행합니다.\n"
     ]
    },
    {
     "name": "stderr",
     "output_type": "stream",
     "text": [
      "[I 2024-10-01 14:57:37,741] Trial 143 finished with value: 0.6426146010186757 and parameters: {'lr': 2.1125807259552822e-06, 'weight_decay': 0.0005614492010525508}. Best is trial 90 with value: 0.7746031746031746.\n",
      "WARNING: Maximum number of iterations 32 reached. The mean may be inaccurate\n",
      "[I 2024-10-01 15:03:20,830] Trial 144 finished with value: 0.687743950039032 and parameters: {'lr': 1.23009316924814e-06, 'weight_decay': 0.0007057251818121927}. Best is trial 90 with value: 0.7746031746031746.\n"
     ]
    },
    {
     "name": "stdout",
     "output_type": "stream",
     "text": [
      "SVD 수렴 문제 발생: SVD did not converge. 계속 진행합니다.\n"
     ]
    },
    {
     "name": "stderr",
     "output_type": "stream",
     "text": [
      "WARNING: Maximum number of iterations 32 reached. The mean may be inaccurate\n"
     ]
    },
    {
     "name": "stdout",
     "output_type": "stream",
     "text": [
      "SVD 수렴 문제 발생: SVD did not converge. 계속 진행합니다.\n"
     ]
    },
    {
     "name": "stderr",
     "output_type": "stream",
     "text": [
      "[I 2024-10-01 15:09:02,833] Trial 145 finished with value: 0.6106934001670844 and parameters: {'lr': 2.399743114669174e-06, 'weight_decay': 0.0010597009911348149}. Best is trial 90 with value: 0.7746031746031746.\n",
      "WARNING: Maximum number of iterations 32 reached. The mean may be inaccurate\n"
     ]
    },
    {
     "name": "stdout",
     "output_type": "stream",
     "text": [
      "SVD 수렴 문제 발생: SVD did not converge. 계속 진행합니다.\n"
     ]
    },
    {
     "name": "stderr",
     "output_type": "stream",
     "text": [
      "[I 2024-10-01 15:14:45,283] Trial 146 finished with value: 0.5862607338017174 and parameters: {'lr': 5.6549907675388215e-06, 'weight_decay': 0.0003920044127360145}. Best is trial 90 with value: 0.7746031746031746.\n",
      "WARNING: Maximum number of iterations 32 reached. The mean may be inaccurate\n"
     ]
    },
    {
     "name": "stdout",
     "output_type": "stream",
     "text": [
      "SVD 수렴 문제 발생: SVD did not converge. 계속 진행합니다.\n"
     ]
    },
    {
     "name": "stderr",
     "output_type": "stream",
     "text": [
      "[I 2024-10-01 15:20:27,843] Trial 147 finished with value: 0.7241935483870968 and parameters: {'lr': 1.2715640741645449e-05, 'weight_decay': 0.0008301057940697486}. Best is trial 90 with value: 0.7746031746031746.\n",
      "WARNING: Maximum number of iterations 32 reached. The mean may be inaccurate\n"
     ]
    },
    {
     "name": "stdout",
     "output_type": "stream",
     "text": [
      "SVD 수렴 문제 발생: SVD did not converge. 계속 진행합니다.\n"
     ]
    },
    {
     "name": "stderr",
     "output_type": "stream",
     "text": [
      "[I 2024-10-01 15:26:09,725] Trial 148 finished with value: 0.6340909090909091 and parameters: {'lr': 1.0364181200102872e-06, 'weight_decay': 0.0005474537605221197}. Best is trial 90 with value: 0.7746031746031746.\n",
      "WARNING: Maximum number of iterations 32 reached. The mean may be inaccurate\n"
     ]
    },
    {
     "name": "stdout",
     "output_type": "stream",
     "text": [
      "SVD 수렴 문제 발생: SVD did not converge. 계속 진행합니다.\n"
     ]
    },
    {
     "name": "stderr",
     "output_type": "stream",
     "text": [
      "[I 2024-10-01 15:31:51,810] Trial 149 finished with value: 0.6903225806451612 and parameters: {'lr': 9.071205147870515e-06, 'weight_decay': 0.0004690624395414776}. Best is trial 90 with value: 0.7746031746031746.\n",
      "WARNING: Maximum number of iterations 32 reached. The mean may be inaccurate\n"
     ]
    },
    {
     "name": "stdout",
     "output_type": "stream",
     "text": [
      "SVD 수렴 문제 발생: SVD did not converge. 계속 진행합니다.\n"
     ]
    },
    {
     "name": "stderr",
     "output_type": "stream",
     "text": [
      "[I 2024-10-01 15:37:32,886] Trial 150 finished with value: 0.7018489984591679 and parameters: {'lr': 1.3001266660789654e-05, 'weight_decay': 0.001467065928178451}. Best is trial 90 with value: 0.7746031746031746.\n",
      "WARNING: Maximum number of iterations 32 reached. The mean may be inaccurate\n"
     ]
    },
    {
     "name": "stdout",
     "output_type": "stream",
     "text": [
      "SVD 수렴 문제 발생: SVD did not converge. 계속 진행합니다.\n"
     ]
    },
    {
     "name": "stderr",
     "output_type": "stream",
     "text": [
      "[I 2024-10-01 15:43:13,908] Trial 151 finished with value: 0.6721311475409836 and parameters: {'lr': 6.318891046967971e-06, 'weight_decay': 0.0007578878563604823}. Best is trial 90 with value: 0.7746031746031746.\n",
      "WARNING: Maximum number of iterations 32 reached. The mean may be inaccurate\n"
     ]
    },
    {
     "name": "stdout",
     "output_type": "stream",
     "text": [
      "SVD 수렴 문제 발생: SVD did not converge. 계속 진행합니다.\n"
     ]
    },
    {
     "name": "stderr",
     "output_type": "stream",
     "text": [
      "[I 2024-10-01 15:48:53,770] Trial 152 finished with value: 0.6174603174603175 and parameters: {'lr': 0.0007825284471610866, 'weight_decay': 0.00021876084788095577}. Best is trial 90 with value: 0.7746031746031746.\n",
      "WARNING: Maximum number of iterations 32 reached. The mean may be inaccurate\n"
     ]
    },
    {
     "name": "stdout",
     "output_type": "stream",
     "text": [
      "SVD 수렴 문제 발생: SVD did not converge. 계속 진행합니다.\n"
     ]
    },
    {
     "name": "stderr",
     "output_type": "stream",
     "text": [
      "[I 2024-10-01 15:54:33,464] Trial 153 finished with value: 0.7056451612903225 and parameters: {'lr': 1.469585022466427e-05, 'weight_decay': 0.0006540785068301681}. Best is trial 90 with value: 0.7746031746031746.\n",
      "WARNING: Maximum number of iterations 32 reached. The mean may be inaccurate\n"
     ]
    },
    {
     "name": "stdout",
     "output_type": "stream",
     "text": [
      "SVD 수렴 문제 발생: SVD did not converge. 계속 진행합니다.\n"
     ]
    },
    {
     "name": "stderr",
     "output_type": "stream",
     "text": [
      "[I 2024-10-01 16:00:13,329] Trial 154 finished with value: 0.6814516129032258 and parameters: {'lr': 1.6880738025117998e-06, 'weight_decay': 0.0008284791604656156}. Best is trial 90 with value: 0.7746031746031746.\n",
      "WARNING: Maximum number of iterations 32 reached. The mean may be inaccurate\n"
     ]
    },
    {
     "name": "stdout",
     "output_type": "stream",
     "text": [
      "SVD 수렴 문제 발생: SVD did not converge. 계속 진행합니다.\n"
     ]
    },
    {
     "name": "stderr",
     "output_type": "stream",
     "text": [
