      "[I 2024-10-05 03:24:52,646] Trial 806 finished with value: 0.7241935483870968 and parameters: {'lr': 1.6824362099828264e-06, 'weight_decay': 0.0013043141467899806}. Best is trial 483 with value: 0.8469945355191256.\n",
      "WARNING: Maximum number of iterations 32 reached. The mean may be inaccurate\n"
     ]
    },
    {
     "name": "stdout",
     "output_type": "stream",
     "text": [
      "SVD 수렴 문제 발생: SVD did not converge. 계속 진행합니다.\n"
     ]
    },
    {
     "name": "stderr",
     "output_type": "stream",
     "text": [
      "[I 2024-10-05 03:29:38,741] Trial 807 finished with value: 0.726775956284153 and parameters: {'lr': 2.0303462854651245e-05, 'weight_decay': 0.0005437144772596106}. Best is trial 483 with value: 0.8469945355191256.\n",
      "WARNING: Maximum number of iterations 32 reached. The mean may be inaccurate\n"
     ]
    },
    {
     "name": "stdout",
     "output_type": "stream",
     "text": [
      "SVD 수렴 문제 발생: SVD did not converge. 계속 진행합니다.\n"
     ]
    },
    {
     "name": "stderr",
     "output_type": "stream",
     "text": [
      "[I 2024-10-05 03:34:24,376] Trial 808 finished with value: 0.654032258064516 and parameters: {'lr': 1.584692664898551e-05, 'weight_decay': 0.0015964609455285394}. Best is trial 483 with value: 0.8469945355191256.\n",
      "WARNING: Maximum number of iterations 32 reached. The mean may be inaccurate\n"
     ]
    },
    {
     "name": "stdout",
     "output_type": "stream",
     "text": [
      "SVD 수렴 문제 발생: SVD did not converge. 계속 진행합니다.\n"
     ]
    },
    {
     "name": "stderr",
     "output_type": "stream",
     "text": [
      "[I 2024-10-05 03:39:10,157] Trial 809 finished with value: 0.6917293233082707 and parameters: {'lr': 3.042073763672441e-05, 'weight_decay': 0.0008578248780646131}. Best is trial 483 with value: 0.8469945355191256.\n",
      "WARNING: Maximum number of iterations 32 reached. The mean may be inaccurate\n"
     ]
    },
    {
     "name": "stdout",
     "output_type": "stream",
     "text": [
      "SVD 수렴 문제 발생: SVD did not converge. 계속 진행합니다.\n"
     ]
    },
    {
     "name": "stderr",
     "output_type": "stream",
     "text": [
      "WARNING: Maximum number of iterations 32 reached. The mean may be inaccurate\n"
     ]
    },
    {
     "name": "stdout",
     "output_type": "stream",
     "text": [
      "SVD 수렴 문제 발생: SVD did not converge. 계속 진행합니다.\n"
     ]
    },
    {
     "name": "stderr",
     "output_type": "stream",
     "text": [
      "[I 2024-10-05 03:48:38,428] Trial 811 finished with value: 0.6507575757575758 and parameters: {'lr': 0.0033242307438904406, 'weight_decay': 0.0010761583553780183}. Best is trial 483 with value: 0.8469945355191256.\n",
      "WARNING: Maximum number of iterations 32 reached. The mean may be inaccurate\n",
      "[I 2024-10-05 03:53:25,415] Trial 812 finished with value: 0.6799375487900079 and parameters: {'lr': 3.477890367157514e-05, 'weight_decay': 0.000711051667499299}. Best is trial 483 with value: 0.8469945355191256.\n"
     ]
    },
    {
     "name": "stdout",
     "output_type": "stream",
     "text": [
      "SVD 수렴 문제 발생: SVD did not converge. 계속 진행합니다.\n"
     ]
    },
    {
     "name": "stderr",
     "output_type": "stream",
     "text": [
      "WARNING: Maximum number of iterations 32 reached. The mean may be inaccurate\n",
      "[I 2024-10-05 03:58:06,483] Trial 813 finished with value: 0.48346774193548386 and parameters: {'lr': 0.006035899559462834, 'weight_decay': 0.00011730317531969425}. Best is trial 483 with value: 0.8469945355191256.\n"
     ]
    },
    {
     "name": "stdout",
     "output_type": "stream",
     "text": [
      "SVD 수렴 문제 발생: SVD did not converge. 계속 진행합니다.\n"
     ]
    },
    {
     "name": "stderr",
     "output_type": "stream",
     "text": [
      "WARNING: Maximum number of iterations 32 reached. The mean may be inaccurate\n"
     ]
    },
    {
     "name": "stdout",
     "output_type": "stream",
     "text": [
      "SVD 수렴 문제 발생: SVD did not converge. 계속 진행합니다.\n"
     ]
    },
    {
     "name": "stderr",
     "output_type": "stream",
     "text": [
      "[I 2024-10-05 04:02:51,635] Trial 814 finished with value: 0.5962121212121212 and parameters: {'lr': 5.657818324529204e-05, 'weight_decay': 0.0004477899322412993}. Best is trial 483 with value: 0.8469945355191256.\n",
      "WARNING: Maximum number of iterations 32 reached. The mean may be inaccurate\n"
     ]
    },
    {
     "name": "stdout",
     "output_type": "stream",
     "text": [
      "SVD 수렴 문제 발생: SVD did not converge. 계속 진행합니다.\n"
     ]
    },
    {
     "name": "stderr",
     "output_type": "stream",
     "text": [
      "[I 2024-10-05 04:07:37,251] Trial 815 finished with value: 0.6112412177985949 and parameters: {'lr': 0.0005334783641708224, 'weight_decay': 0.0006474955255702308}. Best is trial 483 with value: 0.8469945355191256.\n",
      "WARNING: Maximum number of iterations 32 reached. The mean may be inaccurate\n"
     ]
    },
    {
     "name": "stdout",
     "output_type": "stream",
     "text": [
      "SVD 수렴 문제 발생: SVD did not converge. 계속 진행합니다.\n"
     ]
    },
    {
     "name": "stderr",
     "output_type": "stream",
     "text": [
      "[I 2024-10-05 04:12:23,271] Trial 816 finished with value: 0.582258064516129 and parameters: {'lr': 4.327100878813395e-06, 'weight_decay': 0.0014506488806102467}. Best is trial 483 with value: 0.8469945355191256.\n",
      "WARNING: Maximum number of iterations 32 reached. The mean may be inaccurate\n"
     ]
    },
    {
     "name": "stdout",
     "output_type": "stream",
     "text": [
      "SVD 수렴 문제 발생: SVD did not converge. 계속 진행합니다.\n"
     ]
    },
    {
     "name": "stderr",
     "output_type": "stream",
     "text": [
      "[I 2024-10-05 04:17:09,769] Trial 817 finished with value: 0.6830601092896175 and parameters: {'lr': 2.107305304244946e-05, 'weight_decay': 0.00014823332905859534}. Best is trial 483 with value: 0.8469945355191256.\n",
      "WARNING: Maximum number of iterations 32 reached. The mean may be inaccurate\n"
     ]
    },
    {
     "name": "stdout",
     "output_type": "stream",
     "text": [
      "SVD 수렴 문제 발생: SVD did not converge. 계속 진행합니다.\n"
     ]
    },
    {
     "name": "stderr",
     "output_type": "stream",
     "text": [
      "[I 2024-10-05 04:21:55,776] Trial 818 finished with value: 0.6637096774193548 and parameters: {'lr': 0.0002830399681674017, 'weight_decay': 0.00033461355123289856}. Best is trial 483 with value: 0.8469945355191256.\n",
      "WARNING: Maximum number of iterations 32 reached. The mean may be inaccurate\n",
      "[I 2024-10-05 04:26:44,456] Trial 819 finished with value: 0.6174242424242424 and parameters: {'lr': 2.3295015188796177e-05, 'weight_decay': 0.0009380003090941441}. Best is trial 483 with value: 0.8469945355191256.\n"
     ]
    },
    {
     "name": "stdout",
     "output_type": "stream",
     "text": [
      "SVD 수렴 문제 발생: SVD did not converge. 계속 진행합니다.\n"
     ]
    },
    {
     "name": "stderr",
     "output_type": "stream",
     "text": [
      "WARNING: Maximum number of iterations 32 reached. The mean may be inaccurate\n",
      "[I 2024-10-05 04:31:31,426] Trial 820 finished with value: 0.48711943793911006 and parameters: {'lr': 3.112918208337544e-05, 'weight_decay': 0.0005525787101467748}. Best is trial 483 with value: 0.8469945355191256.\n"
     ]
    },
    {
     "name": "stdout",
     "output_type": "stream",
     "text": [
      "SVD 수렴 문제 발생: SVD did not converge. 계속 진행합니다.\n"
     ]
    },
    {
     "name": "stderr",
     "output_type": "stream",
     "text": [
      "WARNING: Maximum number of iterations 32 reached. The mean may be inaccurate\n"
     ]
    },
    {
     "name": "stdout",
     "output_type": "stream",
     "text": [
      "SVD 수렴 문제 발생: SVD did not converge. 계속 진행합니다.\n"
     ]
    },
    {
     "name": "stderr",
     "output_type": "stream",
     "text": [
      "[I 2024-10-05 04:36:16,273] Trial 821 finished with value: 0.7233870967741935 and parameters: {'lr': 4.045357483937108e-05, 'weight_decay': 0.0007506268577557491}. Best is trial 483 with value: 0.8469945355191256.\n",
      "WARNING: Maximum number of iterations 32 reached. The mean may be inaccurate\n"
     ]
    },
    {
     "name": "stdout",
     "output_type": "stream",
     "text": [
      "SVD 수렴 문제 발생: SVD did not converge. 계속 진행합니다.\n"
     ]
    },
    {
     "name": "stderr",
     "output_type": "stream",
     "text": [
      "[I 2024-10-05 04:41:02,044] Trial 822 finished with value: 0.6863636363636364 and parameters: {'lr': 1.8581981499617912e-05, 'weight_decay': 0.0011700622024629257}. Best is trial 483 with value: 0.8469945355191256.\n",
      "WARNING: Maximum number of iterations 32 reached. The mean may be inaccurate\n"
     ]
    },
    {
     "name": "stdout",
     "output_type": "stream",
     "text": [
      "SVD 수렴 문제 발생: SVD did not converge. 계속 진행합니다.\n"
     ]
    },
    {
     "name": "stderr",
     "output_type": "stream",
     "text": [
      "[I 2024-10-05 04:45:48,507] Trial 823 finished with value: 0.5463659147869675 and parameters: {'lr': 9.42677070041073e-06, 'weight_decay': 0.0002273145201105954}. Best is trial 483 with value: 0.8469945355191256.\n",
      "WARNING: Maximum number of iterations 32 reached. The mean may be inaccurate\n"
     ]
    },
    {
     "name": "stdout",
     "output_type": "stream",
     "text": [
      "SVD 수렴 문제 발생: SVD did not converge. 계속 진행합니다.\n"
     ]
    },
    {
     "name": "stderr",
     "output_type": "stream",
     "text": [
      "[I 2024-10-05 04:50:35,225] Trial 824 finished with value: 0.65807962529274 and parameters: {'lr': 0.0006836777664452062, 'weight_decay': 0.0020318374821565906}. Best is trial 483 with value: 0.8469945355191256.\n",
      "WARNING: Maximum number of iterations 32 reached. The mean may be inaccurate\n"
     ]
    },
    {
     "name": "stdout",
     "output_type": "stream",
     "text": [
      "SVD 수렴 문제 발생: SVD did not converge. 계속 진행합니다.\n"
     ]
    },
    {
     "name": "stderr",
     "output_type": "stream",
     "text": [
      "[I 2024-10-05 04:55:23,113] Trial 825 finished with value: 0.6356060606060606 and parameters: {'lr': 2.8423290619085555e-05, 'weight_decay': 0.0004970191833166199}. Best is trial 483 with value: 0.8469945355191256.\n",
      "WARNING: Maximum number of iterations 32 reached. The mean may be inaccurate\n"
     ]
    },
    {
     "name": "stdout",
     "output_type": "stream",
     "text": [
      "SVD 수렴 문제 발생: SVD did not converge. 계속 진행합니다.\n"
     ]
    },
    {
     "name": "stderr",
     "output_type": "stream",
     "text": [
      "[I 2024-10-05 05:00:04,311] Trial 826 finished with value: 0.5245967741935484 and parameters: {'lr': 0.009013476594120858, 'weight_decay': 0.0008510451802108208}. Best is trial 483 with value: 0.8469945355191256.\n",
      "WARNING: Maximum number of iterations 32 reached. The mean may be inaccurate\n"
     ]
    },
    {
     "name": "stdout",
     "output_type": "stream",
     "text": [
      "SVD 수렴 문제 발생: SVD did not converge. 계속 진행합니다.\n"
     ]
    },
    {
     "name": "stderr",
     "output_type": "stream",
     "text": [
      "[I 2024-10-05 05:04:51,958] Trial 827 finished with value: 0.6432748538011696 and parameters: {'lr': 1.1576778585763267e-05, 'weight_decay': 0.0006521585447369697}. Best is trial 483 with value: 0.8469945355191256.\n",
      "WARNING: Maximum number of iterations 32 reached. The mean may be inaccurate\n"
     ]
    },
    {
     "name": "stdout",
     "output_type": "stream",
     "text": [
      "SVD 수렴 문제 발생: SVD did not converge. 계속 진행합니다.\n"
     ]
    },
    {
     "name": "stderr",
     "output_type": "stream",
     "text": [
      "[I 2024-10-05 05:09:38,871] Trial 828 finished with value: 0.635483870967742 and parameters: {'lr': 5.049334934810347e-06, 'weight_decay': 0.001080235089745485}. Best is trial 483 with value: 0.8469945355191256.\n",
      "WARNING: Maximum number of iterations 32 reached. The mean may be inaccurate\n"
     ]
    },
    {
     "name": "stdout",
     "output_type": "stream",
     "text": [
      "SVD 수렴 문제 발생: SVD did not converge. 계속 진행합니다.\n"
     ]
    },
    {
     "name": "stderr",
     "output_type": "stream",
     "text": [
      "[I 2024-10-05 05:14:24,926] Trial 829 finished with value: 0.631076388888889 and parameters: {'lr': 2.5073372480839593e-06, 'weight_decay': 0.0013862729252563347}. Best is trial 483 with value: 0.8469945355191256.\n",
      "WARNING: Maximum number of iterations 32 reached. The mean may be inaccurate\n"
     ]
    },
    {
     "name": "stdout",
     "output_type": "stream",
     "text": [
      "SVD 수렴 문제 발생: SVD did not converge. 계속 진행합니다.\n"
     ]
    },
    {
     "name": "stderr",
     "output_type": "stream",
     "text": [
      "[I 2024-10-05 05:19:13,045] Trial 830 finished with value: 0.7030213706705969 and parameters: {'lr': 1.416529282396341e-06, 'weight_decay': 0.00042896735002719716}. Best is trial 483 with value: 0.8469945355191256.\n",
      "WARNING: Maximum number of iterations 32 reached. The mean may be inaccurate\n"
     ]
    },
    {
     "name": "stdout",
     "output_type": "stream",
     "text": [
      "SVD 수렴 문제 발생: SVD did not converge. 계속 진행합니다.\n"
     ]
    },
    {
     "name": "stderr",
     "output_type": "stream",
     "text": [
      "[I 2024-10-05 05:24:01,215] Trial 831 finished with value: 0.6499999999999999 and parameters: {'lr': 4.55267434853637e-05, 'weight_decay': 9.356995259480323e-05}. Best is trial 483 with value: 0.8469945355191256.\n",
      "WARNING: Maximum number of iterations 32 reached. The mean may be inaccurate\n"
     ]
    },
    {
     "name": "stdout",
     "output_type": "stream",
     "text": [
      "SVD 수렴 문제 발생: SVD did not converge. 계속 진행합니다.\n"
     ]
    },
    {
     "name": "stderr",
     "output_type": "stream",
     "text": [
      "[I 2024-10-05 05:28:49,540] Trial 832 finished with value: 0.5909445745511319 and parameters: {'lr': 3.481475274356064e-05, 'weight_decay': 0.0007431570373491195}. Best is trial 483 with value: 0.8469945355191256.\n",
      "WARNING: Maximum number of iterations 32 reached. The mean may be inaccurate\n"
     ]
    },
    {
     "name": "stdout",
     "output_type": "stream",
     "text": [
      "SVD 수렴 문제 발생: SVD did not converge. 계속 진행합니다.\n"
     ]
    },
    {
     "name": "stderr",
     "output_type": "stream",
     "text": [
      "[I 2024-10-05 05:33:37,624] Trial 833 finished with value: 0.6056451612903225 and parameters: {'lr': 1.7039528775987752e-05, 'weight_decay': 0.0017794139024268174}. Best is trial 483 with value: 0.8469945355191256.\n",
      "WARNING: Maximum number of iterations 32 reached. The mean may be inaccurate\n"
     ]
    },
    {
     "name": "stdout",
     "output_type": "stream",
     "text": [
      "SVD 수렴 문제 발생: SVD did not converge. 계속 진행합니다.\n"
     ]
    },
    {
     "name": "stderr",
     "output_type": "stream",
     "text": [
      "[I 2024-10-05 05:38:24,872] Trial 834 finished with value: 0.6510538641686182 and parameters: {'lr': 2.4191804845482022e-05, 'weight_decay': 0.0005684351597630044}. Best is trial 483 with value: 0.8469945355191256.\n",
      "WARNING: Maximum number of iterations 32 reached. The mean may be inaccurate\n"
     ]
    },
    {
     "name": "stdout",
     "output_type": "stream",
     "text": [
      "SVD 수렴 문제 발생: SVD did not converge. 계속 진행합니다.\n"
     ]
    },
    {
     "name": "stderr",
     "output_type": "stream",
     "text": [
      "[I 2024-10-05 05:43:11,549] Trial 835 finished with value: 0.6049960967993755 and parameters: {'lr': 3.3324550876999208e-06, 'weight_decay': 1.6668707971851117e-05}. Best is trial 483 with value: 0.8469945355191256.\n",
      "WARNING: Maximum number of iterations 32 reached. The mean may be inaccurate\n"
     ]
    },
    {
     "name": "stdout",
     "output_type": "stream",
     "text": [
      "SVD 수렴 문제 발생: SVD did not converge. 계속 진행합니다.\n"
     ]
    },
    {
     "name": "stderr",
     "output_type": "stream",
     "text": [
      "[I 2024-10-05 05:47:58,517] Trial 836 finished with value: 0.7103825136612022 and parameters: {'lr': 6.898226430034664e-06, 'weight_decay': 0.0009473240053977243}. Best is trial 483 with value: 0.8469945355191256.\n",
      "WARNING: Maximum number of iterations 32 reached. The mean may be inaccurate\n"
     ]
    },
    {
     "name": "stdout",
     "output_type": "stream",
     "text": [
      "SVD 수렴 문제 발생: SVD did not converge. 계속 진행합니다.\n"
     ]
    },
    {
     "name": "stderr",
     "output_type": "stream",
     "text": [
      "[I 2024-10-05 05:52:45,055] Trial 837 finished with value: 0.6455893832943013 and parameters: {'lr': 0.0009285135924095517, 'weight_decay': 0.0012030644316049616}. Best is trial 483 with value: 0.8469945355191256.\n",
      "WARNING: Maximum number of iterations 32 reached. The mean may be inaccurate\n"
     ]
    },
    {
     "name": "stdout",
     "output_type": "stream",
     "text": [
      "SVD 수렴 문제 발생: SVD did not converge. 계속 진행합니다.\n"
     ]
    },
    {
     "name": "stderr",
     "output_type": "stream",
     "text": [
      "[I 2024-10-05 05:57:31,358] Trial 838 finished with value: 0.6838709677419355 and parameters: {'lr': 0.00038907132823205065, 'weight_decay': 4.1401710381101185e-05}. Best is trial 483 with value: 0.8469945355191256.\n",
      "WARNING: Maximum number of iterations 32 reached. The mean may be inaccurate\n"
     ]
    },
    {
     "name": "stdout",
     "output_type": "stream",
     "text": [
      "SVD 수렴 문제 발생: SVD did not converge. 계속 진행합니다.\n"
     ]
    },
    {
     "name": "stderr",
     "output_type": "stream",
     "text": [
      "[I 2024-10-05 06:02:18,993] Trial 839 finished with value: 0.619047619047619 and parameters: {'lr': 4.99456102991216e-05, 'weight_decay': 0.00016908355225484572}. Best is trial 483 with value: 0.8469945355191256.\n",
      "WARNING: Maximum number of iterations 32 reached. The mean may be inaccurate\n"
     ]
    },
    {
     "name": "stdout",
     "output_type": "stream",
     "text": [
      "SVD 수렴 문제 발생: SVD did not converge. 계속 진행합니다.\n"
     ]
    },
    {
     "name": "stderr",
     "output_type": "stream",
     "text": [
      "[I 2024-10-05 06:07:05,931] Trial 840 finished with value: 0.6440281030444965 and parameters: {'lr': 2.657325026974725e-05, 'weight_decay': 0.0006625527776367266}. Best is trial 483 with value: 0.8469945355191256.\n",
      "WARNING: Maximum number of iterations 32 reached. The mean may be inaccurate\n"
     ]
    },
    {
     "name": "stdout",
     "output_type": "stream",
     "text": [
      "SVD 수렴 문제 발생: SVD did not converge. 계속 진행합니다.\n"
     ]
    },
    {
     "name": "stderr",
     "output_type": "stream",
     "text": [
      "[I 2024-10-05 06:11:50,753] Trial 841 finished with value: 0.5459677419354839 and parameters: {'lr': 0.0012066205904379703, 'weight_decay': 0.0008157222489658424}. Best is trial 483 with value: 0.8469945355191256.\n",
      "WARNING: Maximum number of iterations 32 reached. The mean may be inaccurate\n"
     ]
    },
    {
     "name": "stdout",
     "output_type": "stream",
     "text": [
      "SVD 수렴 문제 발생: SVD did not converge. 계속 진행합니다.\n"
     ]
    },
    {
     "name": "stderr",
     "output_type": "stream",
     "text": [
      "[I 2024-10-05 06:16:37,496] Trial 842 finished with value: 0.7408274785323966 and parameters: {'lr': 5.974634916979053e-05, 'weight_decay': 2.5422511541623928e-05}. Best is trial 483 with value: 0.8469945355191256.\n",
      "WARNING: Maximum number of iterations 32 reached. The mean may be inaccurate\n"
     ]
    },
    {
     "name": "stdout",
     "output_type": "stream",
     "text": [
      "SVD 수렴 문제 발생: SVD did not converge. 계속 진행합니다.\n"
     ]
    },
    {
     "name": "stderr",
     "output_type": "stream",
     "text": [
      "[I 2024-10-05 06:26:09,690] Trial 844 finished with value: 0.6604215456674473 and parameters: {'lr': 3.749552628796281e-05, 'weight_decay': 0.0005348507305818043}. Best is trial 483 with value: 0.8469945355191256.\n",
      "WARNING: Maximum number of iterations 32 reached. The mean may be inaccurate\n"
     ]
    },
    {
     "name": "stdout",
     "output_type": "stream",
     "text": [
      "SVD 수렴 문제 발생: SVD did not converge. 계속 진행합니다.\n"
     ]
    },
    {
     "name": "stderr",
     "output_type": "stream",
     "text": [
      "[I 2024-10-05 06:30:54,908] Trial 845 finished with value: 0.5755342667649226 and parameters: {'lr': 1.9681310175601306e-06, 'weight_decay': 5.492770345417627e-05}. Best is trial 483 with value: 0.8469945355191256.\n",
      "WARNING: Maximum number of iterations 32 reached. The mean may be inaccurate\n"
     ]
    },
    {
     "name": "stdout",
     "output_type": "stream",
     "text": [
      "SVD 수렴 문제 발생: SVD did not converge. 계속 진행합니다.\n"
     ]
    },
    {
     "name": "stderr",
     "output_type": "stream",
     "text": [
      "[I 2024-10-05 06:35:40,807] Trial 846 finished with value: 0.7007936507936507 and parameters: {'lr': 3.0610236974492255e-05, 'weight_decay': 0.00012608262832397024}. Best is trial 483 with value: 0.8469945355191256.\n",
      "WARNING: Maximum number of iterations 32 reached. The mean may be inaccurate\n"
     ]
    },
    {
     "name": "stdout",
     "output_type": "stream",
     "text": [
      "SVD 수렴 문제 발생: SVD did not converge. 계속 진행합니다.\n"
     ]
    },
    {
     "name": "stderr",
     "output_type": "stream",
     "text": [
