      "[I 2024-10-01 05:06:06,820] Trial 35 finished with value: 0.5852459016393443 and parameters: {'lr': 0.00014082736294201005, 'weight_decay': 2.6470514248347677e-05}. Best is trial 12 with value: 0.7287878787878788.\n",
      "WARNING: Maximum number of iterations 32 reached. The mean may be inaccurate\n",
      "[I 2024-10-01 05:11:31,910] Trial 36 finished with value: 0.5998329156223893 and parameters: {'lr': 4.466339436406977e-05, 'weight_decay': 8.129935247174508e-05}. Best is trial 12 with value: 0.7287878787878788.\n"
     ]
    },
    {
     "name": "stdout",
     "output_type": "stream",
     "text": [
      "SVD 수렴 문제 발생: SVD did not converge. 계속 진행합니다.\n"
     ]
    },
    {
     "name": "stderr",
     "output_type": "stream",
     "text": [
      "WARNING: Maximum number of iterations 32 reached. The mean may be inaccurate\n"
     ]
    },
    {
     "name": "stdout",
     "output_type": "stream",
     "text": [
      "SVD 수렴 문제 발생: SVD did not converge. 계속 진행합니다.\n"
     ]
    },
    {
     "name": "stderr",
     "output_type": "stream",
     "text": [
      "[I 2024-10-01 05:16:49,248] Trial 37 finished with value: 0.5569867291178767 and parameters: {'lr': 0.002734121721550011, 'weight_decay': 0.0009626028983096987}. Best is trial 12 with value: 0.7287878787878788.\n",
      "WARNING: Maximum number of iterations 32 reached. The mean may be inaccurate\n"
     ]
    },
    {
     "name": "stdout",
     "output_type": "stream",
     "text": [
      "SVD 수렴 문제 발생: SVD did not converge. 계속 진행합니다.\n"
     ]
    },
    {
     "name": "stderr",
     "output_type": "stream",
     "text": [
      "[I 2024-10-01 05:22:12,954] Trial 38 finished with value: 0.671969696969697 and parameters: {'lr': 1.1420296781940002e-05, 'weight_decay': 0.0004072464338403058}. Best is trial 12 with value: 0.7287878787878788.\n",
      "WARNING: Maximum number of iterations 32 reached. The mean may be inaccurate\n"
     ]
    },
    {
     "name": "stdout",
     "output_type": "stream",
     "text": [
      "SVD 수렴 문제 발생: SVD did not converge. 계속 진행합니다.\n"
     ]
    },
    {
     "name": "stderr",
     "output_type": "stream",
     "text": [
      "[I 2024-10-01 05:27:34,501] Trial 39 finished with value: 0.462919594067135 and parameters: {'lr': 0.0010047945594174705, 'weight_decay': 0.0009805371066701576}. Best is trial 12 with value: 0.7287878787878788.\n",
      "WARNING: Maximum number of iterations 32 reached. The mean may be inaccurate\n"
     ]
    },
    {
     "name": "stdout",
     "output_type": "stream",
     "text": [
      "SVD 수렴 문제 발생: SVD did not converge. 계속 진행합니다.\n"
     ]
    },
    {
     "name": "stderr",
     "output_type": "stream",
     "text": [
      "[I 2024-10-01 05:32:57,922] Trial 40 finished with value: 0.6452380952380952 and parameters: {'lr': 7.940677227086787e-05, 'weight_decay': 6.014575074666271e-05}. Best is trial 12 with value: 0.7287878787878788.\n",
      "WARNING: Maximum number of iterations 32 reached. The mean may be inaccurate\n"
     ]
    },
    {
     "name": "stdout",
     "output_type": "stream",
     "text": [
      "SVD 수렴 문제 발생: SVD did not converge. 계속 진행합니다.\n"
     ]
    },
    {
     "name": "stderr",
     "output_type": "stream",
     "text": [
      "[I 2024-10-01 05:38:17,297] Trial 41 finished with value: 0.585480093676815 and parameters: {'lr': 0.002334331496296161, 'weight_decay': 0.003525838331899122}. Best is trial 12 with value: 0.7287878787878788.\n",
      "WARNING: Maximum number of iterations 32 reached. The mean may be inaccurate\n"
     ]
    },
    {
     "name": "stdout",
     "output_type": "stream",
     "text": [
      "SVD 수렴 문제 발생: SVD did not converge. 계속 진행합니다.\n"
     ]
    },
    {
     "name": "stderr",
     "output_type": "stream",
     "text": [
      "[I 2024-10-01 05:43:35,506] Trial 42 finished with value: 0.6588602654176425 and parameters: {'lr': 0.004376009568950163, 'weight_decay': 0.0005974662516637809}. Best is trial 12 with value: 0.7287878787878788.\n",
      "WARNING: Maximum number of iterations 32 reached. The mean may be inaccurate\n"
     ]
    },
    {
     "name": "stdout",
     "output_type": "stream",
     "text": [
      "SVD 수렴 문제 발생: SVD did not converge. 계속 진행합니다.\n"
     ]
    },
    {
     "name": "stderr",
     "output_type": "stream",
     "text": [
      "[I 2024-10-01 05:48:58,967] Trial 43 finished with value: 0.7083333333333334 and parameters: {'lr': 0.0005154492964664382, 'weight_decay': 0.00017672218087807985}. Best is trial 12 with value: 0.7287878787878788.\n",
      "WARNING: Maximum number of iterations 32 reached. The mean may be inaccurate\n"
     ]
    },
    {
     "name": "stdout",
     "output_type": "stream",
     "text": [
      "SVD 수렴 문제 발생: SVD did not converge. 계속 진행합니다.\n"
     ]
    },
    {
     "name": "stderr",
     "output_type": "stream",
     "text": [
      "[I 2024-10-01 05:54:23,397] Trial 44 finished with value: 0.5564516129032258 and parameters: {'lr': 0.000432359792474861, 'weight_decay': 0.00015140414140271745}. Best is trial 12 with value: 0.7287878787878788.\n",
      "WARNING: Maximum number of iterations 32 reached. The mean may be inaccurate\n"
     ]
    },
    {
     "name": "stdout",
     "output_type": "stream",
     "text": [
      "SVD 수렴 문제 발생: SVD did not converge. 계속 진행합니다.\n"
     ]
    },
    {
     "name": "stderr",
     "output_type": "stream",
     "text": [
      "[I 2024-10-01 05:59:46,803] Trial 45 finished with value: 0.7403225806451613 and parameters: {'lr': 0.0005806009851599325, 'weight_decay': 0.0003631395701365227}. Best is trial 45 with value: 0.7403225806451613.\n",
      "WARNING: Maximum number of iterations 32 reached. The mean may be inaccurate\n"
     ]
    },
    {
     "name": "stdout",
     "output_type": "stream",
     "text": [
      "SVD 수렴 문제 발생: SVD did not converge. 계속 진행합니다.\n"
     ]
    },
    {
     "name": "stderr",
     "output_type": "stream",
     "text": [
      "[I 2024-10-01 06:05:09,907] Trial 46 finished with value: 0.625 and parameters: {'lr': 0.00016303521920690815, 'weight_decay': 0.00033750196036177663}. Best is trial 45 with value: 0.7403225806451613.\n",
      "WARNING: Maximum number of iterations 32 reached. The mean may be inaccurate\n"
     ]
    },
    {
     "name": "stdout",
     "output_type": "stream",
     "text": [
      "SVD 수렴 문제 발생: SVD did not converge. 계속 진행합니다.\n"
     ]
    },
    {
     "name": "stderr",
     "output_type": "stream",
     "text": [
      "[I 2024-10-01 06:10:32,083] Trial 47 finished with value: 0.6068181818181818 and parameters: {'lr': 0.0002855458129825806, 'weight_decay': 3.0578003757981667e-06}. Best is trial 45 with value: 0.7403225806451613.\n",
      "WARNING: Maximum number of iterations 32 reached. The mean may be inaccurate\n"
     ]
    },
    {
     "name": "stdout",
     "output_type": "stream",
     "text": [
      "SVD 수렴 문제 발생: SVD did not converge. 계속 진행합니다.\n"
     ]
    },
    {
     "name": "stderr",
     "output_type": "stream",
     "text": [
      "[I 2024-10-01 06:15:54,669] Trial 48 finished with value: 0.6494607087827426 and parameters: {'lr': 0.0006696771501357347, 'weight_decay': 0.000785998281153514}. Best is trial 45 with value: 0.7403225806451613.\n",
      "WARNING: Maximum number of iterations 32 reached. The mean may be inaccurate\n"
     ]
    },
    {
     "name": "stdout",
     "output_type": "stream",
     "text": [
      "SVD 수렴 문제 발생: SVD did not converge. 계속 진행합니다.\n"
     ]
    },
    {
     "name": "stderr",
     "output_type": "stream",
     "text": [
      "[I 2024-10-01 06:21:16,914] Trial 49 finished with value: 0.6377829820452771 and parameters: {'lr': 1.5375669229391204e-06, 'weight_decay': 8.001101087551406e-05}. Best is trial 45 with value: 0.7403225806451613.\n",
      "WARNING: Maximum number of iterations 32 reached. The mean may be inaccurate\n"
     ]
    },
    {
     "name": "stdout",
     "output_type": "stream",
     "text": [
      "SVD 수렴 문제 발생: SVD did not converge. 계속 진행합니다.\n"
     ]
    },
    {
     "name": "stderr",
     "output_type": "stream",
     "text": [
      "[I 2024-10-01 06:26:37,268] Trial 50 finished with value: 0.6360655737704919 and parameters: {'lr': 0.001171792493982704, 'weight_decay': 4.0823825539684185e-05}. Best is trial 45 with value: 0.7403225806451613.\n",
      "WARNING: Maximum number of iterations 32 reached. The mean may be inaccurate\n"
     ]
    },
    {
     "name": "stdout",
     "output_type": "stream",
     "text": [
      "SVD 수렴 문제 발생: SVD did not converge. 계속 진행합니다.\n"
     ]
    },
    {
     "name": "stderr",
     "output_type": "stream",
     "text": [
      "[I 2024-10-01 06:31:59,205] Trial 51 finished with value: 0.6379032258064516 and parameters: {'lr': 0.0003392632388354214, 'weight_decay': 0.00017588799577824513}. Best is trial 45 with value: 0.7403225806451613.\n",
      "WARNING: Maximum number of iterations 32 reached. The mean may be inaccurate\n"
     ]
    },
    {
     "name": "stdout",
     "output_type": "stream",
     "text": [
      "SVD 수렴 문제 발생: SVD did not converge. 계속 진행합니다.\n"
     ]
    },
    {
     "name": "stderr",
     "output_type": "stream",
     "text": [
      "[I 2024-10-01 06:37:20,450] Trial 52 finished with value: 0.6324143692564745 and parameters: {'lr': 0.0004446000354424562, 'weight_decay': 0.00021882294218998066}. Best is trial 45 with value: 0.7403225806451613.\n",
      "WARNING: Maximum number of iterations 32 reached. The mean may be inaccurate\n",
      "[I 2024-10-01 06:42:42,154] Trial 53 finished with value: 0.657258064516129 and parameters: {'lr': 0.0006162556988890762, 'weight_decay': 0.0013097904098180082}. Best is trial 45 with value: 0.7403225806451613.\n"
     ]
    },
    {
     "name": "stdout",
     "output_type": "stream",
     "text": [
      "SVD 수렴 문제 발생: SVD did not converge. 계속 진행합니다.\n"
     ]
    },
    {
     "name": "stderr",
     "output_type": "stream",
     "text": [
      "WARNING: Maximum number of iterations 32 reached. The mean may be inaccurate\n"
     ]
    },
    {
     "name": "stdout",
     "output_type": "stream",
     "text": [
      "SVD 수렴 문제 발생: SVD did not converge. 계속 진행합니다.\n"
     ]
    },
    {
     "name": "stderr",
     "output_type": "stream",
     "text": [
      "[I 2024-10-01 06:48:03,111] Trial 54 finished with value: 0.6446969696969697 and parameters: {'lr': 8.4042282505219e-05, 'weight_decay': 0.00044053158420847264}. Best is trial 45 with value: 0.7403225806451613.\n",
      "WARNING: Maximum number of iterations 32 reached. The mean may be inaccurate\n",
      "[I 2024-10-01 06:53:25,980] Trial 55 finished with value: 0.615909090909091 and parameters: {'lr': 0.0001824983975572642, 'weight_decay': 0.00010957388792114361}. Best is trial 45 with value: 0.7403225806451613.\n"
     ]
    },
    {
     "name": "stdout",
     "output_type": "stream",
     "text": [
      "SVD 수렴 문제 발생: SVD did not converge. 계속 진행합니다.\n"
     ]
    },
    {
     "name": "stderr",
     "output_type": "stream",
     "text": [
      "WARNING: Maximum number of iterations 32 reached. The mean may be inaccurate\n"
     ]
    },
    {
     "name": "stdout",
     "output_type": "stream",
     "text": [
      "SVD 수렴 문제 발생: SVD did not converge. 계속 진행합니다.\n"
     ]
    },
    {
     "name": "stderr",
     "output_type": "stream",
     "text": [
      "[I 2024-10-01 06:58:46,339] Trial 56 finished with value: 0.5885245901639344 and parameters: {'lr': 0.0005442771227458718, 'weight_decay': 0.0002949691188714004}. Best is trial 45 with value: 0.7403225806451613.\n",
      "WARNING: Maximum number of iterations 32 reached. The mean may be inaccurate\n"
     ]
    },
    {
     "name": "stdout",
     "output_type": "stream",
     "text": [
      "SVD 수렴 문제 발생: SVD did not converge. 계속 진행합니다.\n"
     ]
    },
    {
     "name": "stderr",
     "output_type": "stream",
     "text": [
      "[I 2024-10-01 07:04:05,396] Trial 57 finished with value: 0.5371212121212121 and parameters: {'lr': 0.0013263534789981406, 'weight_decay': 0.0005737940298584217}. Best is trial 45 with value: 0.7403225806451613.\n",
      "WARNING: Maximum number of iterations 32 reached. The mean may be inaccurate\n"
     ]
    },
    {
     "name": "stdout",
     "output_type": "stream",
     "text": [
      "SVD 수렴 문제 발생: SVD did not converge. 계속 진행합니다.\n"
     ]
    },
    {
     "name": "stderr",
     "output_type": "stream",
     "text": [
      "[I 2024-10-01 07:09:21,683] Trial 58 finished with value: 0.5454545454545455 and parameters: {'lr': 0.0030102946421403935, 'weight_decay': 0.0004077411369183153}. Best is trial 45 with value: 0.7403225806451613.\n",
      "WARNING: Maximum number of iterations 32 reached. The mean may be inaccurate\n"
     ]
    },
    {
     "name": "stdout",
     "output_type": "stream",
     "text": [
      "SVD 수렴 문제 발생: SVD did not converge. 계속 진행합니다.\n"
     ]
    },
    {
     "name": "stderr",
     "output_type": "stream",
     "text": [
      "[I 2024-10-01 07:14:43,445] Trial 59 finished with value: 0.7053030303030303 and parameters: {'lr': 0.00028975681288045415, 'weight_decay': 1.6543973387019212e-05}. Best is trial 45 with value: 0.7403225806451613.\n",
      "WARNING: Maximum number of iterations 32 reached. The mean may be inaccurate\n"
     ]
    },
    {
     "name": "stdout",
     "output_type": "stream",
     "text": [
      "SVD 수렴 문제 발생: SVD did not converge. 계속 진행합니다.\n"
     ]
    },
    {
     "name": "stderr",
     "output_type": "stream",
     "text": [
      "[I 2024-10-01 07:20:05,244] Trial 60 finished with value: 0.6967418546365914 and parameters: {'lr': 3.948186435380155e-05, 'weight_decay': 0.0012566473465914225}. Best is trial 45 with value: 0.7403225806451613.\n",
      "WARNING: Maximum number of iterations 32 reached. The mean may be inaccurate\n"
     ]
    },
    {
     "name": "stdout",
     "output_type": "stream",
     "text": [
      "SVD 수렴 문제 발생: SVD did not converge. 계속 진행합니다.\n"
     ]
    },
    {
     "name": "stderr",
     "output_type": "stream",
     "text": [
      "[I 2024-10-01 07:25:26,662] Trial 61 finished with value: 0.618923611111111 and parameters: {'lr': 0.00028661501090222947, 'weight_decay': 1.9829865423311104e-05}. Best is trial 45 with value: 0.7403225806451613.\n",
      "WARNING: Maximum number of iterations 32 reached. The mean may be inaccurate\n"
     ]
    },
    {
     "name": "stdout",
     "output_type": "stream",
     "text": [
      "SVD 수렴 문제 발생: SVD did not converge. 계속 진행합니다.\n"
     ]
    },
    {
     "name": "stderr",
     "output_type": "stream",
     "text": [
      "[I 2024-10-01 07:30:48,594] Trial 62 finished with value: 0.6248955722639934 and parameters: {'lr': 0.0005358138037611223, 'weight_decay': 4.9808437310628026e-06}. Best is trial 45 with value: 0.7403225806451613.\n",
      "WARNING: Maximum number of iterations 32 reached. The mean may be inaccurate\n"
     ]
    },
    {
     "name": "stdout",
     "output_type": "stream",
     "text": [
      "SVD 수렴 문제 발생: SVD did not converge. 계속 진행합니다.\n"
     ]
    },
    {
     "name": "stderr",
     "output_type": "stream",
     "text": [
      "[I 2024-10-01 07:36:09,885] Trial 63 finished with value: 0.6904761904761905 and parameters: {'lr': 0.0008463286111378373, 'weight_decay': 0.00021454822391454983}. Best is trial 45 with value: 0.7403225806451613.\n",
      "WARNING: Maximum number of iterations 32 reached. The mean may be inaccurate\n"
     ]
    },
    {
     "name": "stdout",
     "output_type": "stream",
     "text": [
      "SVD 수렴 문제 발생: SVD did not converge. 계속 진행합니다.\n"
     ]
    },
    {
     "name": "stderr",
     "output_type": "stream",
     "text": [
      "[I 2024-10-01 07:41:31,970] Trial 64 finished with value: 0.5909090909090909 and parameters: {'lr': 0.0002052453010810693, 'weight_decay': 7.4999154355646e-06}. Best is trial 45 with value: 0.7403225806451613.\n",
      "WARNING: Maximum number of iterations 32 reached. The mean may be inaccurate\n"
     ]
    },
    {
     "name": "stdout",
     "output_type": "stream",
     "text": [
      "SVD 수렴 문제 발생: SVD did not converge. 계속 진행합니다.\n"
     ]
    },
    {
     "name": "stderr",
     "output_type": "stream",
     "text": [
      "[I 2024-10-01 07:46:54,477] Trial 65 finished with value: 0.6232665639445301 and parameters: {'lr': 0.00012807602348440273, 'weight_decay': 0.00010543939805596662}. Best is trial 45 with value: 0.7403225806451613.\n",
      "WARNING: Maximum number of iterations 32 reached. The mean may be inaccurate\n"
     ]
    },
    {
     "name": "stdout",
     "output_type": "stream",
     "text": [
      "SVD 수렴 문제 발생: SVD did not converge. 계속 진행합니다.\n"
     ]
    },
    {
     "name": "stderr",
     "output_type": "stream",
     "text": [
      "[I 2024-10-01 07:52:16,889] Trial 66 finished with value: 0.6701612903225806 and parameters: {'lr': 0.00035458687078818526, 'weight_decay': 0.000651548720508726}. Best is trial 45 with value: 0.7403225806451613.\n",
      "WARNING: Maximum number of iterations 32 reached. The mean may be inaccurate\n"
     ]
    },
    {
     "name": "stdout",
     "output_type": "stream",
     "text": [
      "SVD 수렴 문제 발생: SVD did not converge. 계속 진행합니다.\n"
     ]
    },
    {
     "name": "stderr",
     "output_type": "stream",
     "text": [
      "[I 2024-10-01 07:57:39,382] Trial 67 finished with value: 0.6690085870413739 and parameters: {'lr': 5.916558670127234e-05, 'weight_decay': 5.0670367783736084e-05}. Best is trial 45 with value: 0.7403225806451613.\n",
      "WARNING: Maximum number of iterations 32 reached. The mean may be inaccurate\n"
     ]
    },
    {
     "name": "stdout",
     "output_type": "stream",
     "text": [
      "SVD 수렴 문제 발생: SVD did not converge. 계속 진행합니다.\n"
     ]
    },
    {
     "name": "stderr",
     "output_type": "stream",
     "text": [
      "[I 2024-10-01 08:02:59,630] Trial 68 finished with value: 0.6669354838709678 and parameters: {'lr': 0.0017198503034946894, 'weight_decay': 1.7553856010901288e-05}. Best is trial 45 with value: 0.7403225806451613.\n",
      "WARNING: Maximum number of iterations 32 reached. The mean may be inaccurate\n"
     ]
    },
    {
     "name": "stdout",
     "output_type": "stream",
     "text": [
      "SVD 수렴 문제 발생: SVD did not converge. 계속 진행합니다.\n"
     ]
    },
    {
     "name": "stderr",
     "output_type": "stream",
     "text": [
      "[I 2024-10-01 08:08:21,872] Trial 69 finished with value: 0.5664160401002506 and parameters: {'lr': 0.000274787236933269, 'weight_decay': 0.0003419509181694383}. Best is trial 45 with value: 0.7403225806451613.\n",
      "WARNING: Maximum number of iterations 32 reached. The mean may be inaccurate\n"
     ]
    },
    {
     "name": "stdout",
     "output_type": "stream",
     "text": [
      "SVD 수렴 문제 발생: SVD did not converge. 계속 진행합니다.\n"
     ]
    },
    {
     "name": "stderr",
     "output_type": "stream",
     "text": [
      "[I 2024-10-01 08:13:44,109] Trial 70 finished with value: 0.6042154566744731 and parameters: {'lr': 0.0007752128485202247, 'weight_decay': 0.00017364488932725648}. Best is trial 45 with value: 0.7403225806451613.\n",
      "WARNING: Maximum number of iterations 32 reached. The mean may be inaccurate\n"
     ]
    },
    {
     "name": "stdout",
     "output_type": "stream",
     "text": [
      "SVD 수렴 문제 발생: SVD did not converge. 계속 진행합니다.\n"
     ]
    },
    {
     "name": "stderr",
     "output_type": "stream",
     "text": [
      "[I 2024-10-01 08:19:04,534] Trial 71 finished with value: 0.6439393939393939 and parameters: {'lr': 0.0020603794488535695, 'weight_decay': 0.00025492176869283906}. Best is trial 45 with value: 0.7403225806451613.\n",
      "WARNING: Maximum number of iterations 32 reached. The mean may be inaccurate\n",
      "[I 2024-10-01 08:24:22,553] Trial 72 finished with value: 0.5 and parameters: {'lr': 0.006107055356513703, 'weight_decay': 0.007700128302289477}. Best is trial 45 with value: 0.7403225806451613.\n"
     ]
    },
    {
     "name": "stdout",
     "output_type": "stream",
     "text": [
      "SVD 수렴 문제 발생: SVD did not converge. 계속 진행합니다.\n"
     ]
    },
    {
     "name": "stderr",
     "output_type": "stream",
     "text": [
      "WARNING: Maximum number of iterations 32 reached. The mean may be inaccurate\n"
     ]
    },
    {
     "name": "stdout",
     "output_type": "stream",
     "text": [
      "SVD 수렴 문제 발생: SVD did not converge. 계속 진행합니다.\n"
     ]
    },
    {
     "name": "stderr",
     "output_type": "stream",
     "text": [
      "[I 2024-10-01 08:29:43,770] Trial 73 finished with value: 0.6720707442888725 and parameters: {'lr': 0.0011090793638067376, 'weight_decay': 0.004751800731572462}. Best is trial 45 with value: 0.7403225806451613.\n",
      "WARNING: Maximum number of iterations 32 reached. The mean may be inaccurate\n"
     ]
    },
    {
     "name": "stdout",
     "output_type": "stream",
     "text": [
      "SVD 수렴 문제 발생: SVD did not converge. 계속 진행합니다.\n"
     ]
    },
    {
     "name": "stderr",
     "output_type": "stream",
     "text": [
      "[I 2024-10-01 08:35:08,049] Trial 74 finished with value: 0.7225806451612902 and parameters: {'lr': 0.0004689745436224188, 'weight_decay': 0.0027363192179286405}. Best is trial 45 with value: 0.7403225806451613.\n",
      "WARNING: Maximum number of iterations 32 reached. The mean may be inaccurate\n"
     ]
    },
    {
     "name": "stdout",
     "output_type": "stream",
     "text": [
      "SVD 수렴 문제 발생: SVD did not converge. 계속 진행합니다.\n"
     ]
    },
    {
     "name": "stderr",
     "output_type": "stream",
     "text": [
