      "[I 2024-10-07 16:17:32,487] Trial 27 finished with value: 0.5484848484848485 and parameters: {'lr': 0.0003402187065759003, 'weight_decay': 3.4967931341276297e-06}. Best is trial 11 with value: 0.8016129032258064.\n",
      "WARNING: Maximum number of iterations 32 reached. The mean may be inaccurate\n"
     ]
    },
    {
     "name": "stdout",
     "output_type": "stream",
     "text": [
      "SVD 수렴 문제 발생: SVD did not converge. 계속 진행합니다.\n"
     ]
    },
    {
     "name": "stderr",
     "output_type": "stream",
     "text": [
      "[I 2024-10-07 16:27:23,838] Trial 28 finished with value: 0.7356060606060607 and parameters: {'lr': 0.00012971431522379678, 'weight_decay': 3.099866064613086e-05}. Best is trial 11 with value: 0.8016129032258064.\n",
      "WARNING: Maximum number of iterations 32 reached. The mean may be inaccurate\n",
      "[I 2024-10-07 16:37:21,013] Trial 29 finished with value: 0.6572989851678376 and parameters: {'lr': 2.0584564575342912e-05, 'weight_decay': 1.9951997985717313e-05}. Best is trial 11 with value: 0.8016129032258064.\n"
     ]
    },
    {
     "name": "stdout",
     "output_type": "stream",
     "text": [
      "SVD 수렴 문제 발생: SVD did not converge. 계속 진행합니다.\n"
     ]
    },
    {
     "name": "stderr",
     "output_type": "stream",
     "text": [
      "WARNING: Maximum number of iterations 32 reached. The mean may be inaccurate\n"
     ]
    },
    {
     "name": "stdout",
     "output_type": "stream",
     "text": [
      "SVD 수렴 문제 발생: SVD did not converge. 계속 진행합니다.\n"
     ]
    },
    {
     "name": "stderr",
     "output_type": "stream",
     "text": [
      "[I 2024-10-07 16:47:15,046] Trial 30 finished with value: 0.5967741935483871 and parameters: {'lr': 0.0001500174874495444, 'weight_decay': 2.349332597484729e-06}. Best is trial 11 with value: 0.8016129032258064.\n",
      "WARNING: Maximum number of iterations 32 reached. The mean may be inaccurate\n"
     ]
    },
    {
     "name": "stdout",
     "output_type": "stream",
     "text": [
      "SVD 수렴 문제 발생: SVD did not converge. 계속 진행합니다.\n"
     ]
    },
    {
     "name": "stderr",
     "output_type": "stream",
     "text": [
      "[I 2024-10-07 16:57:06,191] Trial 31 finished with value: 0.7282986111111112 and parameters: {'lr': 0.0006551014878223376, 'weight_decay': 3.613839641560139e-05}. Best is trial 11 with value: 0.8016129032258064.\n",
      "WARNING: Maximum number of iterations 32 reached. The mean may be inaccurate\n"
     ]
    },
    {
     "name": "stdout",
     "output_type": "stream",
     "text": [
      "SVD 수렴 문제 발생: SVD did not converge. 계속 진행합니다.\n"
     ]
    },
    {
     "name": "stderr",
     "output_type": "stream",
     "text": [
      "[I 2024-10-07 17:06:47,732] Trial 32 finished with value: 0.5630743525480368 and parameters: {'lr': 0.004731907059613907, 'weight_decay': 3.4337527442753576e-05}. Best is trial 11 with value: 0.8016129032258064.\n",
      "WARNING: Maximum number of iterations 32 reached. The mean may be inaccurate\n",
      "[I 2024-10-07 17:16:40,652] Trial 33 finished with value: 0.6595431098010317 and parameters: {'lr': 0.00064426298680293, 'weight_decay': 1.322626176464076e-05}. Best is trial 11 with value: 0.8016129032258064.\n"
     ]
    },
    {
     "name": "stdout",
     "output_type": "stream",
     "text": [
      "SVD 수렴 문제 발생: SVD did not converge. 계속 진행합니다.\n"
     ]
    },
    {
     "name": "stderr",
     "output_type": "stream",
     "text": [
      "WARNING: Maximum number of iterations 32 reached. The mean may be inaccurate\n"
     ]
    },
    {
     "name": "stdout",
     "output_type": "stream",
     "text": [
      "SVD 수렴 문제 발생: SVD did not converge. 계속 진행합니다.\n"
     ]
    },
    {
     "name": "stderr",
     "output_type": "stream",
     "text": [
      "[I 2024-10-07 17:26:32,169] Trial 34 finished with value: 0.6222410865874364 and parameters: {'lr': 0.0016135729651364972, 'weight_decay': 0.00016480575822495964}. Best is trial 11 with value: 0.8016129032258064.\n",
      "WARNING: Maximum number of iterations 32 reached. The mean may be inaccurate\n"
     ]
    },
    {
     "name": "stdout",
     "output_type": "stream",
     "text": [
      "SVD 수렴 문제 발생: SVD did not converge. 계속 진행합니다.\n"
     ]
    },
    {
     "name": "stderr",
     "output_type": "stream",
     "text": [
      "[I 2024-10-07 17:36:19,261] Trial 35 finished with value: 0.5917464996315401 and parameters: {'lr': 0.0075883035105712895, 'weight_decay': 3.3281286031254836e-05}. Best is trial 11 with value: 0.8016129032258064.\n",
      "WARNING: Maximum number of iterations 32 reached. The mean may be inaccurate\n",
      "[I 2024-10-07 17:46:13,824] Trial 36 finished with value: 0.6919354838709678 and parameters: {'lr': 7.697515889587119e-05, 'weight_decay': 9.995162150506214e-05}. Best is trial 11 with value: 0.8016129032258064.\n"
     ]
    },
    {
     "name": "stdout",
     "output_type": "stream",
     "text": [
      "SVD 수렴 문제 발생: SVD did not converge. 계속 진행합니다.\n"
     ]
    },
    {
     "name": "stderr",
     "output_type": "stream",
     "text": [
      "WARNING: Maximum number of iterations 32 reached. The mean may be inaccurate\n"
     ]
    },
    {
     "name": "stdout",
     "output_type": "stream",
     "text": [
      "SVD 수렴 문제 발생: SVD did not converge. 계속 진행합니다.\n"
     ]
    },
    {
     "name": "stderr",
     "output_type": "stream",
     "text": [
      "[I 2024-10-07 17:56:12,298] Trial 37 finished with value: 0.6484848484848486 and parameters: {'lr': 2.3499926215906604e-06, 'weight_decay': 1.2024641915273952e-05}. Best is trial 11 with value: 0.8016129032258064.\n",
      "WARNING: Maximum number of iterations 32 reached. The mean may be inaccurate\n",
      "[I 2024-10-07 18:05:57,793] Trial 38 finished with value: 0.6591478696741854 and parameters: {'lr': 0.0023756077906714225, 'weight_decay': 2.2055700832903567e-05}. Best is trial 11 with value: 0.8016129032258064.\n"
     ]
    },
    {
     "name": "stdout",
     "output_type": "stream",
     "text": [
      "SVD 수렴 문제 발생: SVD did not converge. 계속 진행합니다.\n"
     ]
    },
    {
     "name": "stderr",
     "output_type": "stream",
     "text": [
      "WARNING: Maximum number of iterations 32 reached. The mean may be inaccurate\n"
     ]
    },
    {
     "name": "stdout",
     "output_type": "stream",
     "text": [
      "SVD 수렴 문제 발생: SVD did not converge. 계속 진행합니다.\n"
     ]
    },
    {
     "name": "stderr",
     "output_type": "stream",
     "text": [
      "[I 2024-10-07 18:15:51,760] Trial 39 finished with value: 0.736842105263158 and parameters: {'lr': 1.0881509881191777e-05, 'weight_decay': 0.001302614230116623}. Best is trial 11 with value: 0.8016129032258064.\n",
      "WARNING: Maximum number of iterations 32 reached. The mean may be inaccurate\n"
     ]
    },
    {
     "name": "stdout",
     "output_type": "stream",
     "text": [
      "SVD 수렴 문제 발생: SVD did not converge. 계속 진행합니다.\n"
     ]
    },
    {
     "name": "stderr",
     "output_type": "stream",
     "text": [
      "[I 2024-10-07 18:25:48,880] Trial 40 finished with value: 0.6365079365079366 and parameters: {'lr': 4.657444471927733e-06, 'weight_decay': 0.0029611298825059046}. Best is trial 11 with value: 0.8016129032258064.\n",
      "WARNING: Maximum number of iterations 32 reached. The mean may be inaccurate\n"
     ]
    },
    {
     "name": "stdout",
     "output_type": "stream",
     "text": [
      "SVD 수렴 문제 발생: SVD did not converge. 계속 진행합니다.\n"
     ]
    },
    {
     "name": "stderr",
     "output_type": "stream",
     "text": [
      "[I 2024-10-07 18:35:47,574] Trial 41 finished with value: 0.6135831381733021 and parameters: {'lr': 1.1899292230446123e-05, 'weight_decay': 0.0015324572272284321}. Best is trial 11 with value: 0.8016129032258064.\n",
      "WARNING: Maximum number of iterations 32 reached. The mean may be inaccurate\n"
     ]
    },
    {
     "name": "stdout",
     "output_type": "stream",
     "text": [
      "SVD 수렴 문제 발생: SVD did not converge. 계속 진행합니다.\n"
     ]
    },
    {
     "name": "stderr",
     "output_type": "stream",
     "text": [
      "[I 2024-10-07 18:45:45,565] Trial 42 finished with value: 0.7361436377829821 and parameters: {'lr': 2.3790967087927017e-05, 'weight_decay': 0.0002602407652315599}. Best is trial 11 with value: 0.8016129032258064.\n",
      "WARNING: Maximum number of iterations 32 reached. The mean may be inaccurate\n"
     ]
    },
    {
     "name": "stdout",
     "output_type": "stream",
     "text": [
      "SVD 수렴 문제 발생: SVD did not converge. 계속 진행합니다.\n"
     ]
    },
    {
     "name": "stderr",
     "output_type": "stream",
     "text": [
      "[I 2024-10-07 18:55:42,132] Trial 43 finished with value: 0.6057767369242779 and parameters: {'lr': 4.939555184829398e-06, 'weight_decay': 0.0013274069405159745}. Best is trial 11 with value: 0.8016129032258064.\n",
      "WARNING: Maximum number of iterations 32 reached. The mean may be inaccurate\n",
      "[I 2024-10-07 19:05:39,782] Trial 44 finished with value: 0.5984848484848485 and parameters: {'lr': 1.540819369723912e-05, 'weight_decay': 0.004514530274768657}. Best is trial 11 with value: 0.8016129032258064.\n"
     ]
    },
    {
     "name": "stdout",
     "output_type": "stream",
     "text": [
      "SVD 수렴 문제 발생: SVD did not converge. 계속 진행합니다.\n"
     ]
    },
    {
     "name": "stderr",
     "output_type": "stream",
     "text": [
      "WARNING: Maximum number of iterations 32 reached. The mean may be inaccurate\n"
     ]
    },
    {
     "name": "stdout",
     "output_type": "stream",
     "text": [
      "SVD 수렴 문제 발생: SVD did not converge. 계속 진행합니다.\n"
     ]
    },
    {
     "name": "stderr",
     "output_type": "stream",
     "text": [
      "[I 2024-10-07 19:15:35,750] Trial 45 finished with value: 0.6612021857923497 and parameters: {'lr': 2.5299406420950974e-05, 'weight_decay': 0.0004620758467183385}. Best is trial 11 with value: 0.8016129032258064.\n",
      "WARNING: Maximum number of iterations 32 reached. The mean may be inaccurate\n"
     ]
    },
    {
     "name": "stdout",
     "output_type": "stream",
     "text": [
      "SVD 수렴 문제 발생: SVD did not converge. 계속 진행합니다.\n"
     ]
    },
    {
     "name": "stderr",
     "output_type": "stream",
     "text": [
      "[I 2024-10-07 19:25:32,698] Trial 46 finished with value: 0.6064516129032258 and parameters: {'lr': 6.97457660643321e-06, 'weight_decay': 0.0007803092077963968}. Best is trial 11 with value: 0.8016129032258064.\n",
      "WARNING: Maximum number of iterations 32 reached. The mean may be inaccurate\n"
     ]
    },
    {
     "name": "stdout",
     "output_type": "stream",
     "text": [
      "SVD 수렴 문제 발생: SVD did not converge. 계속 진행합니다.\n"
     ]
    },
    {
     "name": "stderr",
     "output_type": "stream",
     "text": [
      "[I 2024-10-07 19:35:27,042] Trial 47 finished with value: 0.6370967741935483 and parameters: {'lr': 0.00016441579042783717, 'weight_decay': 0.00024161617839184616}. Best is trial 11 with value: 0.8016129032258064.\n",
      "WARNING: Maximum number of iterations 32 reached. The mean may be inaccurate\n"
     ]
    },
    {
     "name": "stdout",
     "output_type": "stream",
     "text": [
      "SVD 수렴 문제 발생: SVD did not converge. 계속 진행합니다.\n"
     ]
    },
    {
     "name": "stderr",
     "output_type": "stream",
     "text": [
      "[I 2024-10-07 19:45:22,333] Trial 48 finished with value: 0.7000835421888054 and parameters: {'lr': 5.787674000553327e-05, 'weight_decay': 9.141372182085755e-06}. Best is trial 11 with value: 0.8016129032258064.\n",
      "WARNING: Maximum number of iterations 32 reached. The mean may be inaccurate\n"
     ]
    },
    {
     "name": "stdout",
     "output_type": "stream",
     "text": [
      "SVD 수렴 문제 발생: SVD did not converge. 계속 진행합니다.\n"
     ]
    },
    {
     "name": "stderr",
     "output_type": "stream",
     "text": [
      "[I 2024-10-07 19:55:22,690] Trial 49 finished with value: 0.7252146760343482 and parameters: {'lr': 1.488253825711749e-06, 'weight_decay': 4.35020102239018e-05}. Best is trial 11 with value: 0.8016129032258064.\n",
      "WARNING: Maximum number of iterations 32 reached. The mean may be inaccurate\n"
     ]
    },
    {
     "name": "stdout",
     "output_type": "stream",
     "text": [
      "SVD 수렴 문제 발생: SVD did not converge. 계속 진행합니다.\n"
     ]
    },
    {
     "name": "stderr",
     "output_type": "stream",
     "text": [
      "[I 2024-10-07 20:05:23,125] Trial 50 finished with value: 0.7153225806451613 and parameters: {'lr': 3.4695644228769376e-05, 'weight_decay': 1.0577238786601252e-06}. Best is trial 11 with value: 0.8016129032258064.\n",
      "WARNING: Maximum number of iterations 32 reached. The mean may be inaccurate\n"
     ]
    },
    {
     "name": "stdout",
     "output_type": "stream",
     "text": [
      "SVD 수렴 문제 발생: SVD did not converge. 계속 진행합니다.\n"
     ]
    },
    {
     "name": "stderr",
     "output_type": "stream",
     "text": [
      "[I 2024-10-07 20:15:19,249] Trial 51 finished with value: 0.5789473684210527 and parameters: {'lr': 1.3311880250474628e-06, 'weight_decay': 3.182753517674272e-05}. Best is trial 11 with value: 0.8016129032258064.\n",
      "WARNING: Maximum number of iterations 32 reached. The mean may be inaccurate\n",
      "[I 2024-10-07 20:25:20,886] Trial 52 finished with value: 0.5931818181818181 and parameters: {'lr': 2.0234811665965008e-06, 'weight_decay': 4.421625744393952e-05}. Best is trial 11 with value: 0.8016129032258064.\n"
     ]
    },
    {
     "name": "stdout",
     "output_type": "stream",
     "text": [
      "SVD 수렴 문제 발생: SVD did not converge. 계속 진행합니다.\n"
     ]
    },
    {
     "name": "stderr",
     "output_type": "stream",
     "text": [
      "WARNING: Maximum number of iterations 32 reached. The mean may be inaccurate\n"
     ]
    },
    {
     "name": "stdout",
     "output_type": "stream",
     "text": [
      "SVD 수렴 문제 발생: SVD did not converge. 계속 진행합니다.\n"
     ]
    },
    {
     "name": "stderr",
     "output_type": "stream",
     "text": [
      "[I 2024-10-07 20:35:25,209] Trial 53 finished with value: 0.7236533957845434 and parameters: {'lr': 3.05910837724843e-06, 'weight_decay': 1.6636527291775037e-05}. Best is trial 11 with value: 0.8016129032258064.\n",
      "WARNING: Maximum number of iterations 32 reached. The mean may be inaccurate\n"
     ]
    },
    {
     "name": "stdout",
     "output_type": "stream",
     "text": [
      "SVD 수렴 문제 발생: SVD did not converge. 계속 진행합니다.\n"
     ]
    },
    {
     "name": "stderr",
     "output_type": "stream",
     "text": [
      "[I 2024-10-07 20:45:27,154] Trial 54 finished with value: 0.639344262295082 and parameters: {'lr': 0.00010587364960466507, 'weight_decay': 7.627892961967086e-05}. Best is trial 11 with value: 0.8016129032258064.\n",
      "WARNING: Maximum number of iterations 32 reached. The mean may be inaccurate\n"
     ]
    },
    {
     "name": "stdout",
     "output_type": "stream",
     "text": [
      "SVD 수렴 문제 발생: SVD did not converge. 계속 진행합니다.\n"
     ]
    },
    {
     "name": "stderr",
     "output_type": "stream",
     "text": [
      "[I 2024-10-07 20:55:28,072] Trial 55 finished with value: 0.6007575757575757 and parameters: {'lr': 6.336334902762693e-06, 'weight_decay': 0.000537973433507068}. Best is trial 11 with value: 0.8016129032258064.\n",
      "WARNING: Maximum number of iterations 32 reached. The mean may be inaccurate\n"
     ]
    },
    {
     "name": "stdout",
     "output_type": "stream",
     "text": [
      "SVD 수렴 문제 발생: SVD did not converge. 계속 진행합니다.\n"
     ]
    },
    {
     "name": "stderr",
     "output_type": "stream",
     "text": [
      "[I 2024-10-07 21:05:24,941] Trial 56 finished with value: 0.578030303030303 and parameters: {'lr': 1.2350988300455253e-06, 'weight_decay': 4.366869965324624e-05}. Best is trial 11 with value: 0.8016129032258064.\n",
      "WARNING: Maximum number of iterations 32 reached. The mean may be inaccurate\n"
     ]
    },
    {
     "name": "stdout",
     "output_type": "stream",
     "text": [
      "SVD 수렴 문제 발생: SVD did not converge. 계속 진행합니다.\n"
     ]
    },
    {
     "name": "stderr",
     "output_type": "stream",
     "text": [
      "[I 2024-10-07 21:15:26,741] Trial 57 finished with value: 0.6432748538011697 and parameters: {'lr': 0.00027766610384116476, 'weight_decay': 0.000175235150971185}. Best is trial 11 with value: 0.8016129032258064.\n",
      "WARNING: Maximum number of iterations 32 reached. The mean may be inaccurate\n"
     ]
    },
    {
     "name": "stdout",
     "output_type": "stream",
     "text": [
      "SVD 수렴 문제 발생: SVD did not converge. 계속 진행합니다.\n"
     ]
    },
    {
     "name": "stderr",
     "output_type": "stream",
     "text": [
      "[I 2024-10-07 21:25:27,114] Trial 58 finished with value: 0.7167919799498748 and parameters: {'lr': 1.0691610583416267e-05, 'weight_decay': 0.00010616289759662777}. Best is trial 11 with value: 0.8016129032258064.\n",
      "WARNING: Maximum number of iterations 32 reached. The mean may be inaccurate\n"
     ]
    },
    {
     "name": "stdout",
     "output_type": "stream",
     "text": [
      "SVD 수렴 문제 발생: SVD did not converge. 계속 진행합니다.\n"
     ]
    },
    {
     "name": "stderr",
     "output_type": "stream",
     "text": [
      "[I 2024-10-07 21:35:26,662] Trial 59 finished with value: 0.6396462785556374 and parameters: {'lr': 0.0005992677291359949, 'weight_decay': 6.851734156236418e-06}. Best is trial 11 with value: 0.8016129032258064.\n",
      "WARNING: Maximum number of iterations 32 reached. The mean may be inaccurate\n"
     ]
    },
    {
     "name": "stdout",
     "output_type": "stream",
     "text": [
      "SVD 수렴 문제 발생: SVD did not converge. 계속 진행합니다.\n"
     ]
    },
    {
     "name": "stderr",
     "output_type": "stream",
     "text": [
      "[I 2024-10-07 21:45:26,378] Trial 60 finished with value: 0.5733870967741934 and parameters: {'lr': 0.0014486802391134729, 'weight_decay': 0.001230138018520323}. Best is trial 11 with value: 0.8016129032258064.\n",
      "WARNING: Maximum number of iterations 32 reached. The mean may be inaccurate\n"
     ]
    },
    {
     "name": "stdout",
     "output_type": "stream",
     "text": [
      "SVD 수렴 문제 발생: SVD did not converge. 계속 진행합니다.\n"
     ]
    },
    {
     "name": "stderr",
     "output_type": "stream",
     "text": [
      "[I 2024-10-07 21:55:26,164] Trial 61 finished with value: 0.6136363636363635 and parameters: {'lr': 3.063287107465592e-06, 'weight_decay': 1.6473144344003343e-05}. Best is trial 11 with value: 0.8016129032258064.\n",
      "WARNING: Maximum number of iterations 32 reached. The mean may be inaccurate\n"
     ]
    },
    {
     "name": "stdout",
     "output_type": "stream",
     "text": [
      "SVD 수렴 문제 발생: SVD did not converge. 계속 진행합니다.\n"
     ]
    },
    {
     "name": "stderr",
     "output_type": "stream",
     "text": [
      "[I 2024-10-07 22:05:28,669] Trial 62 finished with value: 0.6604215456674473 and parameters: {'lr': 1.5992204959483402e-06, 'weight_decay': 2.365681214082406e-05}. Best is trial 11 with value: 0.8016129032258064.\n",
      "WARNING: Maximum number of iterations 32 reached. The mean may be inaccurate\n"
     ]
    },
    {
     "name": "stdout",
     "output_type": "stream",
     "text": [
      "SVD 수렴 문제 발생: SVD did not converge. 계속 진행합니다.\n"
     ]
    },
    {
     "name": "stderr",
     "output_type": "stream",
     "text": [
      "[I 2024-10-07 22:15:28,867] Trial 63 finished with value: 0.5714285714285714 and parameters: {'lr': 3.2879845489958973e-06, 'weight_decay': 9.907622172421037e-06}. Best is trial 11 with value: 0.8016129032258064.\n",
      "WARNING: Maximum number of iterations 32 reached. The mean may be inaccurate\n"
     ]
    },
    {
     "name": "stdout",
     "output_type": "stream",
     "text": [
      "SVD 수렴 문제 발생: SVD did not converge. 계속 진행합니다.\n"
     ]
    },
    {
     "name": "stderr",
     "output_type": "stream",
     "text": [
      "[I 2024-10-07 22:25:27,222] Trial 64 finished with value: 0.5622697126013264 and parameters: {'lr': 2.8456070982093773e-06, 'weight_decay': 1.732043358086521e-05}. Best is trial 11 with value: 0.8016129032258064.\n",
      "WARNING: Maximum number of iterations 32 reached. The mean may be inaccurate\n",
      "[I 2024-10-07 22:35:23,782] Trial 65 finished with value: 0.7017954722872756 and parameters: {'lr': 3.2746265370604134e-05, 'weight_decay': 5.21844118837622e-05}. Best is trial 11 with value: 0.8016129032258064.\n"
     ]
    },
    {
     "name": "stdout",
     "output_type": "stream",
     "text": [
      "SVD 수렴 문제 발생: SVD did not converge. 계속 진행합니다.\n"
     ]
    },
    {
     "name": "stderr",
     "output_type": "stream",
     "text": [
      "WARNING: Maximum number of iterations 32 reached. The mean may be inaccurate\n",
      "[I 2024-10-07 22:45:21,297] Trial 66 finished with value: 0.7103825136612022 and parameters: {'lr': 1.7450786225106162e-05, 'weight_decay': 4.5155044586078335e-06}. Best is trial 11 with value: 0.8016129032258064.\n"
     ]
    },
    {
     "name": "stdout",
     "output_type": "stream",
     "text": [
      "SVD 수렴 문제 발생: SVD did not converge. 계속 진행합니다.\n"
     ]
    },
    {
     "name": "stderr",
     "output_type": "stream",
     "text": [
      "WARNING: Maximum number of iterations 32 reached. The mean may be inaccurate\n"
     ]
    },
    {
     "name": "stdout",
     "output_type": "stream",
     "text": [
      "SVD 수렴 문제 발생: SVD did not converge. 계속 진행합니다.\n"
     ]
    },
    {
     "name": "stderr",
     "output_type": "stream",
     "text": [
